===== CH4/STO-6G FCI PRIMME k=30 =====
Mon Jul  6 23:02:10 CST 2026
gn36
SLURM_JOB_ID=3110952
CUDA_VISIBLE_DEVICES=0
PRIMME_K=30
PRIMME_REPEATS=1
PRIMME_TOL=5e-13
PRIMME_RELATIVE_EIGEN_RESIDUAL_TOL=5e-13
PRIMME_REQUIRED_RELATIVE_EIGEN_RESIDUAL=1e-12
PRIMME_MAX_MATVECS=200000
PRIMME_MAX_BASIS_SIZE=160
PRIMME_MIN_RESTART_SIZE=80
PRIMME_MAX_BLOCK_SIZE=8
PRIMME_LOCKING=1
PRIMME_METHOD=PRIMME_JDQMR_ETol
PRIMME_PRINT_LEVEL=0
IPT_CH4_MATRIX_CACHE=/fs1/home/nudt_liujie/ftt/IPT_C_GPU/results/sparse/CH4_K30_debug/ch4_sto6g_fci_15876_csc.bin
PRIMME_CH4_OUTPUT_DIR=/fs1/home/nudt_liujie/ftt/IPT_C_GPU/results/sparse/CH4_K30_debug/ipt_vs_primme_k30_v1/cluster_fix_auto_final_legacy_force_gpu_20260706/primme_jdqmr_etol
PRIMME_CH4_LOG_DIR=/fs1/home/nudt_liujie/ftt/IPT_C_GPU/logs/sparse/CH4_K30_dubug/ipt_vs_primme_k30_v1/cluster_fix_auto_final_legacy_force_gpu_20260706/primme_jdqmr_etol
PRIMME repeat=1 status=0 returned_k=30 solve=7.802615 sec max_relative_eigen_residual=4.781e-13 index=29
wrote /fs1/home/nudt_liujie/ftt/IPT_C_GPU/results/sparse/CH4_K30_debug/ipt_vs_primme_k30_v1/cluster_fix_auto_final_legacy_force_gpu_20260706/primme_jdqmr_etol/ch4_sto6g_fci_15876_primme_k30_pairs.csv
wrote /fs1/home/nudt_liujie/ftt/IPT_C_GPU/results/sparse/CH4_K30_debug/ipt_vs_primme_k30_v1/cluster_fix_auto_final_legacy_force_gpu_20260706/primme_jdqmr_etol/ch4_sto6g_fci_15876_primme_k30_timing.csv
wrote /fs1/home/nudt_liujie/ftt/IPT_C_GPU/results/sparse/CH4_K30_debug/ipt_vs_primme_k30_v1/cluster_fix_auto_final_legacy_force_gpu_20260706/primme_jdqmr_etol/ch4_sto6g_fci_15876_primme_k30_summary.txt
