===== CH4 k=30 IPT vs PRIMME solve-only comparison =====
Mon Jul  6 23:01:38 CST 2026
gn35
SLURM_JOB_ID=3110950
CUDA_VISIBLE_DEVICES=0
CACHE=/fs1/home/nudt_liujie/ftt/IPT_C_GPU/results/sparse/CH4_K30_debug/ch4_sto6g_fci_15876_csc.bin
RESULT_DIR=/fs1/home/nudt_liujie/ftt/IPT_C_GPU/results/sparse/CH4_K30_debug/ipt_vs_primme_k30_v1/cluster_fix_auto_final_gpu_20260706_run2
LOG_DIR=/fs1/home/nudt_liujie/ftt/IPT_C_GPU/logs/sparse/CH4_K30_dubug/ipt_vs_primme_k30_v1/cluster_fix_auto_final_gpu_20260706_run2
===== IPT: repaired block-active selective Davidson parameters =====
IPT_MAXITER=200
IPT_BLOCK_CLUSTER_OVERSAMPLE=3
IPT_BLOCK_CLUSTER_QR=1
IPT_DAVIDSON_STEPS=30
IPT_DAVIDSON_EXTRA_STEPS=20
IPT_DAVIDSON_AUTO_RITZ_CLUSTER_DISCOVERY=1
IPT_DAVIDSON_AUTO_GAP_ABS_TOL=1e-12
IPT_DAVIDSON_AUTO_GAP_REL_TOL=5e-4
IPT_DAVIDSON_CONVERGED_TOL=1e-12
IPT_DAVIDSON_ACTIVE_MAX=<unset>
IPT_DAVIDSON_ACTIVE_TOL=<removed>
IPT_DAVIDSON_ACTIVE_CLUSTERS=<removed>
IPT_DAVIDSON_CORRECTION_MAX_PER_STEP=<unset>
IPT_DAVIDSON_FORCE_ACTIVE_PAIRS=<unset>
IPT_DAVIDSON_BLOCK_ACTIVE=1
IPT_DAVIDSON_DENOM_CLIP=3e-9
IPT_DAVIDSON_ORTHO_REPEATS=2
IPT_DAVIDSON_USE_BEST_SO_FAR=1
IPT_DAVIDSON_RELAXED_ACCEPT=1
IPT_DAVIDSON_RETRY_ON_REJECT=1
IPT_DAVIDSON_MIN_ACCEPTED_STEPS=12
IPT_DAVIDSON_CLUSTER_AWARE_ACCEPT=1
IPT_DAVIDSON_SOFT_CLUSTER_LOCKING=1
IPT_DAVIDSON_RESTART_EVERY=0
IPT_DAVIDSON_RESTART_KEEP_EXTRA=5
IPT_DAVIDSON_LOCKED_DEGRADE_REL_SLACK=
IPT_DAVIDSON_LOCKED_DEGRADE_ABS_SLACK=1e-12
===== CH4/STO-6G full FCI IPT sparse benchmark =====
Mon Jul  6 23:01:38 CST 2026
gn35
SLURM_JOB_ID=3110950
CUDA_VISIBLE_DEVICES=0
BENCH_BIN=/fs1/home/nudt_liujie/ftt/IPT_C_GPU/test/sparse/CH4/.codex_build/benchmark_ch4_sto6g_fci_15876_ipt_cuda_3110929_4038028
IPT_REPEATS=1
IPT_TOL=1e-12
IPT_MAXITER=200
IPT_K=30
IPT_BLOCK_CLUSTER=1
IPT_BLOCK_CLUSTER_OVERSAMPLE=3
IPT_BLOCK_CLUSTER_QR=1
IPT_BLOCK_CLUSTER_ADAPTIVE=0
IPT_BLOCK_CLUSTER_COUPLING_TAU=0.1
IPT_DAVIDSON_ENRICH=1
IPT_DAVIDSON_STEPS=30
IPT_DAVIDSON_EXTRA_STEPS=20
IPT_DAVIDSON_ACTIVE_MAX=<unset>
IPT_DAVIDSON_SELECT_TOL=1e-12
IPT_DAVIDSON_CONVERGED_TOL=1e-12
IPT_DAVIDSON_FORCE_ACTIVE_PAIRS=<unset>
IPT_DAVIDSON_BLOCK_ACTIVE=1
IPT_DAVIDSON_DENOM_CLIP=3e-9
IPT_DAVIDSON_ACCEPT_ONLY_IF_IMPROVES=1
IPT_DAVIDSON_USE_BEST_SO_FAR=1
IPT_DAVIDSON_RELAXED_ACCEPT=1
IPT_DAVIDSON_ACCEPT_REL_SLACK=1e-12
IPT_DAVIDSON_ACCEPT_ABS_SLACK=1e-15
IPT_DAVIDSON_ACTIVE_PAIR_ACCEPT=1
IPT_DAVIDSON_LOCKED_DEGRADE_SLACK=1e-8
IPT_DAVIDSON_RETRY_ON_REJECT=1
IPT_DAVIDSON_RETRY_DAMPING_LIST=0.5,0.25
IPT_DAVIDSON_RETRY_DENOM_CLIP_MULTS=10,100
IPT_DAVIDSON_MIN_ACCEPTED_STEPS=12
IPT_DAVIDSON_ORTHO_REPEATS=2
IPT_DAVIDSON_PROTECT_TOL=1e-10
IPT_DAVIDSON_LOCKED_TOL=1e-12
IPT_DAVIDSON_RESTART_EVERY=0
IPT_DAVIDSON_RESTART_KEEP_EXTRA=5
IPT_DUMP_RESIDUAL_SUPPORT=0
IPT_RESIDUAL_SUPPORT_PAIR=29
IPT_RESIDUAL_SUPPORT_TOP=100
IPT_JD_LOCAL_CORRECTION=0
IPT_JD_LOCAL_ACTIVE_PAIRS=29
IPT_JD_LOCAL_WINDOW_START=25
IPT_JD_LOCAL_WINDOW_END=40
IPT_JD_LOCAL_DAMPING=1e-8
IPT_JD_LOCAL_MAX_DIM=80
IPT_JD_LOCAL_SET=window
IPT_JD_LOCAL_SUPPORT_TOP=80
IPT_JD_LOCAL_OUTSIDE_CORRECTION=none
IPT_JD_LOCAL_STEPS=1
IPT_JD_ACCEPT_ONLY_IF_IMPROVES=1
IPT_CH4_MATRIX_CACHE=/fs1/home/nudt_liujie/ftt/IPT_C_GPU/results/sparse/CH4_K30_debug/ch4_sto6g_fci_15876_csc.bin
IPT_SAVE_MATRIX=0
IPT_LOAD_MATRIX=1
IPT_DUMP_DIAG_GAPS=0
IPT_DUMP_PAIR_RESIDUALS=1
IPT_DUMP_COUPLING_GAP=0
IPT_RITZ_CHECK_INTERVAL=0
RUN_PRIMME=0
RUN_WARMUP=0
IPT_EST_NNZ_PER_COL=800
Currently Loaded Modulefiles:
 1) GCC/12.2.0   2) CUDA/12.2  
numpy 1.21.5 /fs1/software/hpcsystem/THL7/software/pyscf/2.0.1-py3.8/lib/python3.8/site-packages/numpy/__init__.py
scipy 1.7.3 /fs1/software/hpcsystem/THL7/software/pyscf/2.0.1-py3.8/lib/python3.8/site-packages/scipy/__init__.py
pyscf 2.0.1 /fs1/software/hpcsystem/THL7/software/pyscf/2.0.1-py3.8/lib/python3.8/site-packages/pyscf/__init__.py
nvcc: NVIDIA (R) Cuda compiler driver
Copyright (c) 2005-2023 NVIDIA Corporation
Built on Tue_Jun_13_19:16:58_PDT_2023
Cuda compilation tools, release 12.2, V12.2.91
Build cuda_12.2.r12.2/compiler.32965470_0
Mon Jul  6 23:01:41 2026       
+---------------------------------------------------------------------------------------+
| NVIDIA-SMI 535.104.12             Driver Version: 535.104.12   CUDA Version: 12.2     |
|-----------------------------------------+----------------------+----------------------+
| GPU  Name                 Persistence-M | Bus-Id        Disp.A | Volatile Uncorr. ECC |
| Fan  Temp   Perf          Pwr:Usage/Cap |         Memory-Usage | GPU-Util  Compute M. |
|                                         |                      |               MIG M. |
|=========================================+======================+======================|
|   0  NVIDIA A100 80GB PCIe          Off | 00000000:CA:00.0 Off |                    0 |
| N/A   37C    P0              66W / 300W |      4MiB / 81920MiB |     26%      Default |
|                                         |                      |             Disabled |
+-----------------------------------------+----------------------+----------------------+
                                                                                         
+---------------------------------------------------------------------------------------+
| Processes:                                                                            |
|  GPU   GI   CI        PID   Type   Process name                            GPU Memory |
|        ID   ID                                                             Usage      |
|=======================================================================================|
|  No running processes found                                                           |
+---------------------------------------------------------------------------------------+
===== build =====
IPT_SKIP_BUILD=1; using existing benchmark binary
===== run =====
Loaded fixed CH4 CSC matrix cache from /fs1/home/nudt_liujie/ftt/IPT_C_GPU/results/sparse/CH4_K30_debug/ch4_sto6g_fci_15876_csc.bin
CH4/STO-6G full FCI CSC benchmark: n=15876 nnz=8905697 k=30 repeats=1 tol=1.000e-12 run_primme=0
Matrix/integral generation time 0.000000 sec is excluded from PRIMME/IPT timings.
IPT Davidson automatic Ritz cluster discovery enabled: auto_gap_abs_tol=9.9999999999999998e-13 auto_gap_rel_tol=0.00050000000000000001 converged_tol=9.9999999999999998e-13 active_tol_used=0 active_clusters_env_used=0 active_max_used=0 correction_max_per_step_used=0 preparation_blocks_are_not_ritz_clusters=1
IPT Davidson auto clusters: step=0 count=1 converged_tol=9.9999999999999998e-13 active_max_used=0 correction_max_per_step_used=0
IPT Davidson auto cluster: step=0 cluster=0 source=auto_gap members=28,29 size=2 min_abs_gap=0.011203194043702069 min_rel_gap=0.00028708545473007978 cluster_max_residual=0.00053233269254900073 cluster_fro_residual=0.00053233269254900181 correction_members=28,29 correction_member_count=2 skipped_converged_in_cluster=
IPT Davidson auto clusters: step=1 count=1 converged_tol=9.9999999999999998e-13 active_max_used=0 correction_max_per_step_used=0
IPT Davidson auto cluster: step=1 cluster=0 source=auto_gap members=28,29 size=2 min_abs_gap=0.011203194043702069 min_rel_gap=0.00028708545473007978 cluster_max_residual=0.00053233269254900073 cluster_fro_residual=0.00053233269254900181 correction_members=28,29 correction_member_count=2 skipped_converged_in_cluster=
IPT Davidson active selection: step=1 auto_cluster_mode=1 legacy_force_mode=0 cluster_count=1 correction_members=29,28 correction_member_count=2 fallback_cap=30 active_max_used=0
IPT Davidson cluster trial: step=1 retry=0 cluster=0 source=auto_gap members=28,29 overlap_assignment=28->28;29->29 fro_before=0.00053233269254900181 fro_after=7.0403444048444387e-05 max_before=0.00053233269254900073 max_after=7.0403444048444184e-05 active_ok=1 locked_safe=1 permutation=0
IPT Davidson trial decision: step=1 selected_active_pairs=29,28 accepted=1 global_ok=1 active_ok=1 locked_safe=1 reason=global_ok+active_ok retry_count=0 basis_cols_before=33 basis_cols_trial=35
IPT Davidson auto clusters: step=2 count=1 converged_tol=9.9999999999999998e-13 active_max_used=0 correction_max_per_step_used=0
IPT Davidson auto cluster: step=2 cluster=0 source=auto_gap members=28,29 size=2 min_abs_gap=0.01090362295512648 min_rel_gap=0.00027940884912526552 cluster_max_residual=7.0403444048444184e-05 cluster_fro_residual=7.0403444048444387e-05 correction_members=28,29 correction_member_count=2 skipped_converged_in_cluster=
IPT Davidson active selection: step=2 auto_cluster_mode=1 legacy_force_mode=0 cluster_count=1 correction_members=29,28 correction_member_count=2 fallback_cap=30 active_max_used=0
IPT Davidson cluster trial: step=2 retry=0 cluster=0 source=auto_gap members=28,29 overlap_assignment=28->28;29->29 fro_before=7.0403444048444387e-05 fro_after=5.5499709492587278e-05 max_before=7.0403444048444184e-05 max_after=5.5499709492587035e-05 active_ok=1 locked_safe=1 permutation=0
IPT Davidson trial decision: step=2 selected_active_pairs=29,28 accepted=1 global_ok=1 active_ok=1 locked_safe=1 reason=global_ok+active_ok retry_count=0 basis_cols_before=35 basis_cols_trial=37
IPT Davidson auto clusters: step=3 count=1 converged_tol=9.9999999999999998e-13 active_max_used=0 correction_max_per_step_used=0
IPT Davidson auto cluster: step=3 cluster=0 source=auto_gap members=28,29 size=2 min_abs_gap=0.010892724984778113 min_rel_gap=0.00027912958512600866 cluster_max_residual=5.5499709492587035e-05 cluster_fro_residual=5.5499709492587278e-05 correction_members=28,29 correction_member_count=2 skipped_converged_in_cluster=
IPT Davidson active selection: step=3 auto_cluster_mode=1 legacy_force_mode=0 cluster_count=1 correction_members=29,28 correction_member_count=2 fallback_cap=30 active_max_used=0
IPT Davidson cluster trial: step=3 retry=0 cluster=0 source=auto_gap members=28,29 overlap_assignment=28->28;29->29 fro_before=5.5499709492587278e-05 fro_after=3.1949462004470585e-05 max_before=5.5499709492587035e-05 max_after=3.1949462004470246e-05 active_ok=1 locked_safe=1 permutation=0
IPT Davidson trial decision: step=3 selected_active_pairs=29,28 accepted=1 global_ok=1 active_ok=1 locked_safe=1 reason=global_ok+active_ok retry_count=0 basis_cols_before=37 basis_cols_trial=39
IPT Davidson auto clusters: step=4 count=1 converged_tol=9.9999999999999998e-13 active_max_used=0 correction_max_per_step_used=0
IPT Davidson auto cluster: step=4 cluster=0 source=auto_gap members=28,29 size=2 min_abs_gap=0.010888102000855326 min_rel_gap=0.0002790111196744146 cluster_max_residual=3.1949462004470246e-05 cluster_fro_residual=3.1949462004470585e-05 correction_members=28,29 correction_member_count=2 skipped_converged_in_cluster=
IPT Davidson active selection: step=4 auto_cluster_mode=1 legacy_force_mode=0 cluster_count=1 correction_members=29,28 correction_member_count=2 fallback_cap=30 active_max_used=0
IPT Davidson cluster trial: step=4 retry=0 cluster=0 source=auto_gap members=28,29 overlap_assignment=28->28;29->29 fro_before=3.1949462004470585e-05 fro_after=2.2184794991291178e-05 max_before=3.1949462004470246e-05 max_after=2.2184794991290957e-05 active_ok=1 locked_safe=1 permutation=0
IPT Davidson trial decision: step=4 selected_active_pairs=29,28 accepted=1 global_ok=1 active_ok=1 locked_safe=1 reason=global_ok+active_ok retry_count=0 basis_cols_before=39 basis_cols_trial=41
IPT Davidson auto clusters: step=5 count=1 converged_tol=9.9999999999999998e-13 active_max_used=0 correction_max_per_step_used=0
IPT Davidson auto cluster: step=5 cluster=0 source=auto_gap members=28,29 size=2 min_abs_gap=0.010886338656277417 min_rel_gap=0.00027896593340181937 cluster_max_residual=2.2184794991290957e-05 cluster_fro_residual=2.2184794991291178e-05 correction_members=28,29 correction_member_count=2 skipped_converged_in_cluster=
IPT Davidson active selection: step=5 auto_cluster_mode=1 legacy_force_mode=0 cluster_count=1 correction_members=29,28 correction_member_count=2 fallback_cap=30 active_max_used=0
IPT Davidson cluster trial: step=5 retry=0 cluster=0 source=auto_gap members=28,29 overlap_assignment=28->28;29->29 fro_before=2.2184794991291178e-05 fro_after=9.6460610485414413e-06 max_before=2.2184794991290957e-05 max_after=9.6460610485410042e-06 active_ok=1 locked_safe=1 permutation=0
IPT Davidson trial decision: step=5 selected_active_pairs=29,28 accepted=1 global_ok=1 active_ok=1 locked_safe=1 reason=global_ok+active_ok retry_count=0 basis_cols_before=41 basis_cols_trial=43
IPT Davidson auto clusters: step=6 count=1 converged_tol=9.9999999999999998e-13 active_max_used=0 correction_max_per_step_used=0
IPT Davidson auto cluster: step=6 cluster=0 source=auto_gap members=28,29 size=2 min_abs_gap=0.010885831744822383 min_rel_gap=0.00027895294363256202 cluster_max_residual=9.6460610485410042e-06 cluster_fro_residual=9.6460610485414413e-06 correction_members=28,29 correction_member_count=2 skipped_converged_in_cluster=
IPT Davidson active selection: step=6 auto_cluster_mode=1 legacy_force_mode=0 cluster_count=1 correction_members=29,28 correction_member_count=2 fallback_cap=30 active_max_used=0
IPT Davidson cluster trial: step=6 retry=0 cluster=0 source=auto_gap members=28,29 overlap_assignment=28->28;29->29 fro_before=9.6460610485414413e-06 fro_after=4.4965146092999149e-06 max_before=9.6460610485410042e-06 max_after=4.4965146092993787e-06 active_ok=1 locked_safe=1 permutation=0
IPT Davidson trial decision: step=6 selected_active_pairs=29,28 accepted=1 global_ok=1 active_ok=1 locked_safe=1 reason=global_ok+active_ok retry_count=0 basis_cols_before=43 basis_cols_trial=45
IPT Davidson auto clusters: step=7 count=1 converged_tol=9.9999999999999998e-13 active_max_used=0 correction_max_per_step_used=0
IPT Davidson auto cluster: step=7 cluster=0 source=auto_gap members=28,29 size=2 min_abs_gap=0.010885712240238377 min_rel_gap=0.00027894988128911706 cluster_max_residual=4.4965146092993787e-06 cluster_fro_residual=4.4965146092999149e-06 correction_members=28,29 correction_member_count=2 skipped_converged_in_cluster=
IPT Davidson active selection: step=7 auto_cluster_mode=1 legacy_force_mode=0 cluster_count=1 correction_members=29,28 correction_member_count=2 fallback_cap=30 active_max_used=0
IPT Davidson cluster trial: step=7 retry=0 cluster=0 source=auto_gap members=28,29 overlap_assignment=28->28;29->29 fro_before=4.4965146092999149e-06 fro_after=2.1731090084860767e-06 max_before=4.4965146092993787e-06 max_after=2.1731090084856168e-06 active_ok=1 locked_safe=1 permutation=0
IPT Davidson trial decision: step=7 selected_active_pairs=29,28 accepted=1 global_ok=1 active_ok=1 locked_safe=1 reason=global_ok+active_ok retry_count=0 basis_cols_before=45 basis_cols_trial=47
IPT Davidson auto clusters: step=8 count=1 converged_tol=9.9999999999999998e-13 active_max_used=0 correction_max_per_step_used=0
IPT Davidson auto cluster: step=8 cluster=0 source=auto_gap members=28,29 size=2 min_abs_gap=0.010885688147986627 min_rel_gap=0.00027894926391740829 cluster_max_residual=2.1731090084856168e-06 cluster_fro_residual=2.1731090084860767e-06 correction_members=28,29 correction_member_count=2 skipped_converged_in_cluster=
IPT Davidson active selection: step=8 auto_cluster_mode=1 legacy_force_mode=0 cluster_count=1 correction_members=29,28 correction_member_count=2 fallback_cap=30 active_max_used=0
IPT Davidson cluster trial: step=8 retry=0 cluster=0 source=auto_gap members=28,29 overlap_assignment=28->28;29->29 fro_before=2.1731090084860767e-06 fro_after=1.2770049235621757e-06 max_before=2.1731090084856168e-06 max_after=1.2770049235618526e-06 active_ok=1 locked_safe=1 permutation=0
IPT Davidson trial decision: step=8 selected_active_pairs=29,28 accepted=1 global_ok=1 active_ok=1 locked_safe=1 reason=global_ok+active_ok retry_count=0 basis_cols_before=47 basis_cols_trial=49
IPT Davidson auto clusters: step=9 count=1 converged_tol=9.9999999999999998e-13 active_max_used=0 correction_max_per_step_used=0
IPT Davidson auto cluster: step=9 cluster=0 source=auto_gap members=28,29 size=2 min_abs_gap=0.010885681795976154 min_rel_gap=0.00027894910114509481 cluster_max_residual=1.2770049235618526e-06 cluster_fro_residual=1.2770049235621757e-06 correction_members=29 correction_member_count=1 skipped_converged_in_cluster=28
IPT Davidson active selection: step=9 auto_cluster_mode=1 legacy_force_mode=0 cluster_count=1 correction_members=29 correction_member_count=1 fallback_cap=30 active_max_used=0
IPT Davidson cluster trial: step=9 retry=0 cluster=0 source=auto_gap members=28,29 overlap_assignment=28->28;29->29 fro_before=1.2770049235621757e-06 fro_after=9.8471954644579369e-07 max_before=1.2770049235618526e-06 max_after=9.8471954644536721e-07 active_ok=1 locked_safe=1 permutation=0
IPT Davidson trial decision: step=9 selected_active_pairs=29 accepted=1 global_ok=1 active_ok=1 locked_safe=1 reason=global_ok+active_ok retry_count=0 basis_cols_before=49 basis_cols_trial=50
IPT Davidson auto clusters: step=10 count=1 converged_tol=9.9999999999999998e-13 active_max_used=0 correction_max_per_step_used=0
IPT Davidson auto cluster: step=10 cluster=0 source=auto_gap members=28,29 size=2 min_abs_gap=0.010885678987264669 min_rel_gap=0.00027894902917095852 cluster_max_residual=9.8471954644536721e-07 cluster_fro_residual=9.8471954644579369e-07 correction_members=29 correction_member_count=1 skipped_converged_in_cluster=28
IPT Davidson active selection: step=10 auto_cluster_mode=1 legacy_force_mode=0 cluster_count=1 correction_members=29 correction_member_count=1 fallback_cap=30 active_max_used=0
IPT Davidson cluster trial: step=10 retry=0 cluster=0 source=auto_gap members=28,29 overlap_assignment=28->28;29->29 fro_before=9.8471954644579369e-07 fro_after=7.5425767135748115e-07 max_before=9.8471954644536721e-07 max_after=7.5425767135694106e-07 active_ok=1 locked_safe=1 permutation=0
IPT Davidson trial decision: step=10 selected_active_pairs=29 accepted=1 global_ok=1 active_ok=1 locked_safe=1 reason=global_ok+active_ok retry_count=0 basis_cols_before=50 basis_cols_trial=51
IPT Davidson auto clusters: step=11 count=1 converged_tol=9.9999999999999998e-13 active_max_used=0 correction_max_per_step_used=0
IPT Davidson auto cluster: step=11 cluster=0 source=auto_gap members=28,29 size=2 min_abs_gap=0.010885676909424546 min_rel_gap=0.00027894897592563615 cluster_max_residual=7.5425767135694106e-07 cluster_fro_residual=7.5425767135748115e-07 correction_members=29 correction_member_count=1 skipped_converged_in_cluster=28
IPT Davidson active selection: step=11 auto_cluster_mode=1 legacy_force_mode=0 cluster_count=1 correction_members=29 correction_member_count=1 fallback_cap=30 active_max_used=0
IPT Davidson cluster trial: step=11 retry=0 cluster=0 source=auto_gap members=28,29 overlap_assignment=28->28;29->29 fro_before=7.5425767135748115e-07 fro_after=3.8126240992479657e-07 max_before=7.5425767135694106e-07 max_after=3.8126240992371449e-07 active_ok=1 locked_safe=1 permutation=0
IPT Davidson trial decision: step=11 selected_active_pairs=29 accepted=1 global_ok=1 active_ok=1 locked_safe=1 reason=global_ok+active_ok retry_count=0 basis_cols_before=51 basis_cols_trial=52
IPT Davidson auto clusters: step=12 count=1 converged_tol=9.9999999999999998e-13 active_max_used=0 correction_max_per_step_used=0
IPT Davidson auto cluster: step=12 cluster=0 source=auto_gap members=28,29 size=2 min_abs_gap=0.01088567614342395 min_rel_gap=0.0002789489562966243 cluster_max_residual=3.8126240992371449e-07 cluster_fro_residual=3.8126240992479657e-07 correction_members=29 correction_member_count=1 skipped_converged_in_cluster=28
IPT Davidson active selection: step=12 auto_cluster_mode=1 legacy_force_mode=0 cluster_count=1 correction_members=29 correction_member_count=1 fallback_cap=30 active_max_used=0
IPT Davidson cluster trial: step=12 retry=0 cluster=0 source=auto_gap members=28,29 overlap_assignment=28->28;29->29 fro_before=3.8126240992479657e-07 fro_after=2.2973406529566612e-07 max_before=3.8126240992371449e-07 max_after=2.2973406529385834e-07 active_ok=1 locked_safe=1 permutation=0
IPT Davidson trial decision: step=12 selected_active_pairs=29 accepted=1 global_ok=1 active_ok=1 locked_safe=1 reason=global_ok+active_ok retry_count=0 basis_cols_before=52 basis_cols_trial=53
IPT Davidson auto clusters: step=13 count=1 converged_tol=9.9999999999999998e-13 active_max_used=0 correction_max_per_step_used=0
IPT Davidson auto cluster: step=13 cluster=0 source=auto_gap members=28,29 size=2 min_abs_gap=0.010885675923006488 min_rel_gap=0.00027894895064835593 cluster_max_residual=2.2973406529385834e-07 cluster_fro_residual=2.2973406529566612e-07 correction_members=29 correction_member_count=1 skipped_converged_in_cluster=28
IPT Davidson active selection: step=13 auto_cluster_mode=1 legacy_force_mode=0 cluster_count=1 correction_members=29 correction_member_count=1 fallback_cap=30 active_max_used=0
IPT Davidson cluster trial: step=13 retry=0 cluster=0 source=auto_gap members=28,29 overlap_assignment=28->28;29->29 fro_before=2.2973406529566612e-07 fro_after=1.2684184934118638e-07 max_before=2.2973406529385834e-07 max_after=1.2684184933790651e-07 active_ok=1 locked_safe=1 permutation=0
IPT Davidson trial decision: step=13 selected_active_pairs=29 accepted=1 global_ok=1 active_ok=1 locked_safe=1 reason=global_ok+active_ok retry_count=0 basis_cols_before=53 basis_cols_trial=54
IPT Davidson auto clusters: step=14 count=1 converged_tol=9.9999999999999998e-13 active_max_used=0 correction_max_per_step_used=0
IPT Davidson auto cluster: step=14 cluster=0 source=auto_gap members=28,29 size=2 min_abs_gap=0.010885675836256326 min_rel_gap=0.00027894894842535518 cluster_max_residual=1.2684184933790651e-07 cluster_fro_residual=1.2684184934118638e-07 correction_members=29 correction_member_count=1 skipped_converged_in_cluster=28
IPT Davidson active selection: step=14 auto_cluster_mode=1 legacy_force_mode=0 cluster_count=1 correction_members=29 correction_member_count=1 fallback_cap=30 active_max_used=0
IPT Davidson cluster trial: step=14 retry=0 cluster=0 source=auto_gap members=28,29 overlap_assignment=28->28;29->29 fro_before=1.2684184934118638e-07 fro_after=6.4218233301603416e-08 max_before=1.2684184933790651e-07 max_after=6.4218233295185554e-08 active_ok=1 locked_safe=1 permutation=0
IPT Davidson trial decision: step=14 selected_active_pairs=29 accepted=1 global_ok=1 active_ok=1 locked_safe=1 reason=global_ok+active_ok retry_count=0 basis_cols_before=54 basis_cols_trial=55
IPT Davidson auto clusters: step=15 count=1 converged_tol=9.9999999999999998e-13 active_max_used=0 correction_max_per_step_used=0
IPT Davidson auto cluster: step=15 cluster=0 source=auto_gap members=28,29 size=2 min_abs_gap=0.010885675815046625 min_rel_gap=0.00027894894788184967 cluster_max_residual=6.4218233295185554e-08 cluster_fro_residual=6.4218233301603416e-08 correction_members=29 correction_member_count=1 skipped_converged_in_cluster=28
IPT Davidson active selection: step=15 auto_cluster_mode=1 legacy_force_mode=0 cluster_count=1 correction_members=29 correction_member_count=1 fallback_cap=30 active_max_used=0
IPT Davidson cluster trial: step=15 retry=0 cluster=0 source=auto_gap members=28,29 overlap_assignment=28->28;29->29 fro_before=6.4218233301603416e-08 fro_after=3.3441808038493982e-08 max_before=6.4218233295185554e-08 max_after=3.3441808026585831e-08 active_ok=1 locked_safe=1 permutation=0
IPT Davidson trial decision: step=15 selected_active_pairs=29 accepted=1 global_ok=1 active_ok=1 locked_safe=1 reason=global_ok+active_ok retry_count=0 basis_cols_before=55 basis_cols_trial=56
IPT Davidson auto clusters: step=16 count=1 converged_tol=9.9999999999999998e-13 active_max_used=0 correction_max_per_step_used=0
IPT Davidson auto cluster: step=16 cluster=0 source=auto_gap members=28,29 size=2 min_abs_gap=0.010885675809248596 min_rel_gap=0.00027894894773327342 cluster_max_residual=3.3441808026585831e-08 cluster_fro_residual=3.3441808038493982e-08 correction_members=29 correction_member_count=1 skipped_converged_in_cluster=28
IPT Davidson active selection: step=16 auto_cluster_mode=1 legacy_force_mode=0 cluster_count=1 correction_members=29 correction_member_count=1 fallback_cap=30 active_max_used=0
IPT Davidson cluster trial: step=16 retry=0 cluster=0 source=auto_gap members=28,29 overlap_assignment=28->28;29->29 fro_before=3.3441808038493982e-08 fro_after=2.2450977531140609e-08 max_before=3.3441808026585831e-08 max_after=2.2450977513635865e-08 active_ok=1 locked_safe=1 permutation=0
IPT Davidson trial decision: step=16 selected_active_pairs=29 accepted=1 global_ok=1 active_ok=1 locked_safe=1 reason=global_ok+active_ok retry_count=0 basis_cols_before=56 basis_cols_trial=57
IPT Davidson auto clusters: step=17 count=1 converged_tol=9.9999999999999998e-13 active_max_used=0 correction_max_per_step_used=0
IPT Davidson auto cluster: step=17 cluster=0 source=auto_gap members=28,29 size=2 min_abs_gap=0.010885675807458028 min_rel_gap=0.00027894894768738901 cluster_max_residual=2.2450977513635865e-08 cluster_fro_residual=2.2450977531140609e-08 correction_members=29 correction_member_count=1 skipped_converged_in_cluster=28
IPT Davidson active selection: step=17 auto_cluster_mode=1 legacy_force_mode=0 cluster_count=1 correction_members=29 correction_member_count=1 fallback_cap=30 active_max_used=0
IPT Davidson cluster trial: step=17 retry=0 cluster=0 source=auto_gap members=28,29 overlap_assignment=28->28;29->29 fro_before=2.2450977531140609e-08 fro_after=1.4694291537589735e-08 max_before=2.2450977513635865e-08 max_after=1.4694291511136603e-08 active_ok=1 locked_safe=1 permutation=0
IPT Davidson trial decision: step=17 selected_active_pairs=29 accepted=1 global_ok=1 active_ok=1 locked_safe=1 reason=global_ok+active_ok retry_count=0 basis_cols_before=57 basis_cols_trial=58
IPT Davidson auto clusters: step=18 count=1 converged_tol=9.9999999999999998e-13 active_max_used=0 correction_max_per_step_used=0
IPT Davidson auto cluster: step=18 cluster=0 source=auto_gap members=28,29 size=2 min_abs_gap=0.010885675806626693 min_rel_gap=0.0002789489476660858 cluster_max_residual=1.4694291511136603e-08 cluster_fro_residual=1.4694291537589735e-08 correction_members=29 correction_member_count=1 skipped_converged_in_cluster=28
IPT Davidson active selection: step=18 auto_cluster_mode=1 legacy_force_mode=0 cluster_count=1 correction_members=29 correction_member_count=1 fallback_cap=30 active_max_used=0
IPT Davidson cluster trial: step=18 retry=0 cluster=0 source=auto_gap members=28,29 overlap_assignment=28->28;29->29 fro_before=1.4694291537589735e-08 fro_after=8.0193332822713002e-09 max_before=1.4694291511136603e-08 max_after=8.0193332354605091e-09 active_ok=1 locked_safe=1 permutation=0
IPT Davidson trial decision: step=18 selected_active_pairs=29 accepted=1 global_ok=1 active_ok=1 locked_safe=1 reason=global_ok+active_ok retry_count=0 basis_cols_before=58 basis_cols_trial=59
IPT Davidson auto clusters: step=19 count=1 converged_tol=9.9999999999999998e-13 active_max_used=0 correction_max_per_step_used=0
IPT Davidson auto cluster: step=19 cluster=0 source=auto_gap members=28,29 size=2 min_abs_gap=0.010885675806299844 min_rel_gap=0.0002789489476577105 cluster_max_residual=8.0193332354605091e-09 cluster_fro_residual=8.0193332822713002e-09 correction_members=29 correction_member_count=1 skipped_converged_in_cluster=28
IPT Davidson active selection: step=19 auto_cluster_mode=1 legacy_force_mode=0 cluster_count=1 correction_members=29 correction_member_count=1 fallback_cap=30 active_max_used=0
IPT Davidson cluster trial: step=19 retry=0 cluster=0 source=auto_gap members=28,29 overlap_assignment=28->28;29->29 fro_before=8.0193332822713002e-09 fro_after=4.6287272843796284e-09 max_before=8.0193332354605091e-09 max_after=4.628727204760663e-09 active_ok=1 locked_safe=1 permutation=0
IPT Davidson trial decision: step=19 selected_active_pairs=29 accepted=1 global_ok=1 active_ok=1 locked_safe=1 reason=global_ok+active_ok retry_count=0 basis_cols_before=59 basis_cols_trial=60
IPT Davidson auto clusters: step=20 count=1 converged_tol=9.9999999999999998e-13 active_max_used=0 correction_max_per_step_used=0
IPT Davidson auto cluster: step=20 cluster=0 source=auto_gap members=28,29 size=2 min_abs_gap=0.010885675806200368 min_rel_gap=0.00027894894765516127 cluster_max_residual=4.628727204760663e-09 cluster_fro_residual=4.6287272843796284e-09 correction_members=29 correction_member_count=1 skipped_converged_in_cluster=28
IPT Davidson active selection: step=20 auto_cluster_mode=1 legacy_force_mode=0 cluster_count=1 correction_members=29 correction_member_count=1 fallback_cap=30 active_max_used=0
IPT Davidson cluster trial: step=20 retry=0 cluster=0 source=auto_gap members=28,29 overlap_assignment=28->28;29->29 fro_before=4.6287272843796284e-09 fro_after=2.7846244574664428e-09 max_before=4.628727204760663e-09 max_after=2.784624325681122e-09 active_ok=1 locked_safe=1 permutation=0
IPT Davidson trial decision: step=20 selected_active_pairs=29 accepted=1 global_ok=1 active_ok=1 locked_safe=1 reason=global_ok+active_ok retry_count=0 basis_cols_before=60 basis_cols_trial=61
IPT Davidson auto clusters: step=21 count=1 converged_tol=9.9999999999999998e-13 active_max_used=0 correction_max_per_step_used=0
IPT Davidson auto cluster: step=21 cluster=0 source=auto_gap members=28,29 size=2 min_abs_gap=0.010885675806171946 min_rel_gap=0.00027894894765443295 cluster_max_residual=2.784624325681122e-09 cluster_fro_residual=2.7846244574664428e-09 correction_members=29 correction_member_count=1 skipped_converged_in_cluster=28
IPT Davidson active selection: step=21 auto_cluster_mode=1 legacy_force_mode=0 cluster_count=1 correction_members=29 correction_member_count=1 fallback_cap=30 active_max_used=0
IPT Davidson cluster trial: step=21 retry=0 cluster=0 source=auto_gap members=28,29 overlap_assignment=28->28;29->29 fro_before=2.7846244574664428e-09 fro_after=1.4442192695101143e-09 max_before=2.784624325681122e-09 max_after=1.444219025858998e-09 active_ok=1 locked_safe=1 permutation=0
IPT Davidson trial decision: step=21 selected_active_pairs=29 accepted=1 global_ok=1 active_ok=1 locked_safe=1 reason=global_ok+active_ok retry_count=0 basis_cols_before=61 basis_cols_trial=62
IPT Davidson auto clusters: step=22 count=1 converged_tol=9.9999999999999998e-13 active_max_used=0 correction_max_per_step_used=0
IPT Davidson auto cluster: step=22 cluster=0 source=auto_gap members=28,29 size=2 min_abs_gap=0.010885675806115103 min_rel_gap=0.00027894894765297665 cluster_max_residual=1.444219025858998e-09 cluster_fro_residual=1.4442192695101143e-09 correction_members=29 correction_member_count=1 skipped_converged_in_cluster=28
IPT Davidson active selection: step=22 auto_cluster_mode=1 legacy_force_mode=0 cluster_count=1 correction_members=29 correction_member_count=1 fallback_cap=30 active_max_used=0
IPT Davidson cluster trial: step=22 retry=0 cluster=0 source=auto_gap members=28,29 overlap_assignment=28->28;29->29 fro_before=1.4442192695101143e-09 fro_after=7.2024767875260696e-10 max_before=1.444219025858998e-09 max_after=7.20247204965385e-10 active_ok=1 locked_safe=1 permutation=0
IPT Davidson trial decision: step=22 selected_active_pairs=29 accepted=1 global_ok=1 active_ok=1 locked_safe=1 reason=global_ok+active_ok retry_count=0 basis_cols_before=62 basis_cols_trial=63
IPT Davidson auto clusters: step=23 count=1 converged_tol=9.9999999999999998e-13 active_max_used=0 correction_max_per_step_used=0
IPT Davidson auto cluster: step=23 cluster=0 source=auto_gap members=28,29 size=2 min_abs_gap=0.010885675806157735 min_rel_gap=0.00027894894765406877 cluster_max_residual=7.20247204965385e-10 cluster_fro_residual=7.2024767875260696e-10 correction_members=29 correction_member_count=1 skipped_converged_in_cluster=28
IPT Davidson active selection: step=23 auto_cluster_mode=1 legacy_force_mode=0 cluster_count=1 correction_members=29 correction_member_count=1 fallback_cap=30 active_max_used=0
IPT Davidson cluster trial: step=23 retry=0 cluster=0 source=auto_gap members=28,29 overlap_assignment=28->28;29->29 fro_before=7.2024767875260696e-10 fro_after=4.6295733574248987e-10 max_before=7.20247204965385e-10 max_after=4.6295662362697105e-10 active_ok=1 locked_safe=1 permutation=0
IPT Davidson trial decision: step=23 selected_active_pairs=29 accepted=1 global_ok=1 active_ok=1 locked_safe=1 reason=global_ok+active_ok retry_count=0 basis_cols_before=63 basis_cols_trial=64
IPT Davidson auto clusters: step=24 count=1 converged_tol=9.9999999999999998e-13 active_max_used=0 correction_max_per_step_used=0
IPT Davidson auto cluster: step=24 cluster=0 source=auto_gap members=28,29 size=2 min_abs_gap=0.01088567580607247 min_rel_gap=0.00027894894765188426 cluster_max_residual=4.6295662362697105e-10 cluster_fro_residual=4.6295733574248987e-10 correction_members=29 correction_member_count=1 skipped_converged_in_cluster=28
IPT Davidson active selection: step=24 auto_cluster_mode=1 legacy_force_mode=0 cluster_count=1 correction_members=29 correction_member_count=1 fallback_cap=30 active_max_used=0
IPT Davidson cluster trial: step=24 retry=0 cluster=0 source=auto_gap members=28,29 overlap_assignment=28->28;29->29 fro_before=4.6295733574248987e-10 fro_after=2.6679376620238424e-10 max_before=4.6295662362697105e-10 max_after=2.6679258460230015e-10 active_ok=1 locked_safe=1 permutation=0
IPT Davidson trial decision: step=24 selected_active_pairs=29 accepted=1 global_ok=1 active_ok=1 locked_safe=1 reason=global_ok+active_ok retry_count=0 basis_cols_before=64 basis_cols_trial=65
IPT Davidson auto clusters: step=25 count=1 converged_tol=9.9999999999999998e-13 active_max_used=0 correction_max_per_step_used=0
IPT Davidson auto cluster: step=25 cluster=0 source=auto_gap members=28,29 size=2 min_abs_gap=0.010885675806228789 min_rel_gap=0.00027894894765588931 cluster_max_residual=2.6679258460230015e-10 cluster_fro_residual=2.6679376620238424e-10 correction_members=29 correction_member_count=1 skipped_converged_in_cluster=28
IPT Davidson active selection: step=25 auto_cluster_mode=1 legacy_force_mode=0 cluster_count=1 correction_members=29 correction_member_count=1 fallback_cap=30 active_max_used=0
IPT Davidson cluster trial: step=25 retry=0 cluster=0 source=auto_gap members=28,29 overlap_assignment=28->28;29->29 fro_before=2.6679376620238424e-10 fro_after=1.3370192715956324e-10 max_before=2.6679258460230015e-10 max_after=1.3369962451416306e-10 active_ok=1 locked_safe=1 permutation=0
IPT Davidson trial decision: step=25 selected_active_pairs=29 accepted=1 global_ok=1 active_ok=1 locked_safe=1 reason=global_ok+active_ok retry_count=0 basis_cols_before=65 basis_cols_trial=66
IPT Davidson auto clusters: step=26 count=1 converged_tol=9.9999999999999998e-13 active_max_used=0 correction_max_per_step_used=0
IPT Davidson auto cluster: step=26 cluster=0 source=auto_gap members=28,29 size=2 min_abs_gap=0.010885675806207473 min_rel_gap=0.00027894894765534325 cluster_max_residual=1.3369962451416306e-10 cluster_fro_residual=1.3370192715956324e-10 correction_members=29 correction_member_count=1 skipped_converged_in_cluster=28
IPT Davidson active selection: step=26 auto_cluster_mode=1 legacy_force_mode=0 cluster_count=1 correction_members=29 correction_member_count=1 fallback_cap=30 active_max_used=0
IPT Davidson cluster trial: step=26 retry=0 cluster=0 source=auto_gap members=28,29 overlap_assignment=28->28;29->29 fro_before=1.3370192715956324e-10 fro_after=6.6369244224796829e-11 max_before=1.3369962451416306e-10 max_after=6.6364616138796105e-11 active_ok=1 locked_safe=1 permutation=0
IPT Davidson trial decision: step=26 selected_active_pairs=29 accepted=1 global_ok=1 active_ok=1 locked_safe=1 reason=global_ok+active_ok retry_count=0 basis_cols_before=66 basis_cols_trial=67
IPT Davidson auto clusters: step=27 count=1 converged_tol=9.9999999999999998e-13 active_max_used=0 correction_max_per_step_used=0
IPT Davidson auto cluster: step=27 cluster=0 source=auto_gap members=28,29 size=2 min_abs_gap=0.010885675806193262 min_rel_gap=0.00027894894765497912 cluster_max_residual=6.6364616138796105e-11 cluster_fro_residual=6.6369244224796829e-11 correction_members=29 correction_member_count=1 skipped_converged_in_cluster=28
IPT Davidson active selection: step=27 auto_cluster_mode=1 legacy_force_mode=0 cluster_count=1 correction_members=29 correction_member_count=1 fallback_cap=30 active_max_used=0
IPT Davidson cluster trial: step=27 retry=0 cluster=0 source=auto_gap members=28,29 overlap_assignment=28->28;29->29 fro_before=6.6369244224796829e-11 fro_after=2.9202046306954659e-11 max_before=6.6364616138796105e-11 max_after=2.919163089757088e-11 active_ok=1 locked_safe=1 permutation=0
IPT Davidson trial decision: step=27 selected_active_pairs=29 accepted=1 global_ok=1 active_ok=1 locked_safe=1 reason=global_ok+active_ok retry_count=0 basis_cols_before=67 basis_cols_trial=68
IPT Davidson auto clusters: step=28 count=1 converged_tol=9.9999999999999998e-13 active_max_used=0 correction_max_per_step_used=0
IPT Davidson auto cluster: step=28 cluster=0 source=auto_gap members=28,29 size=2 min_abs_gap=0.01088567580615063 min_rel_gap=0.00027894894765388679 cluster_max_residual=2.919163089757088e-11 cluster_fro_residual=2.9202046306954659e-11 correction_members=29 correction_member_count=1 skipped_converged_in_cluster=28
IPT Davidson active selection: step=28 auto_cluster_mode=1 legacy_force_mode=0 cluster_count=1 correction_members=29 correction_member_count=1 fallback_cap=30 active_max_used=0
IPT Davidson cluster trial: step=28 retry=0 cluster=0 source=auto_gap members=28,29 overlap_assignment=28->28;29->29 fro_before=2.9202046306954659e-11 fro_after=1.3715032680015642e-11 max_before=2.919163089757088e-11 max_after=1.369320875677878e-11 active_ok=1 locked_safe=1 permutation=0
IPT Davidson trial decision: step=28 selected_active_pairs=29 accepted=1 global_ok=1 active_ok=1 locked_safe=1 reason=global_ok+active_ok retry_count=0 basis_cols_before=68 basis_cols_trial=69
IPT Davidson auto clusters: step=29 count=1 converged_tol=9.9999999999999998e-13 active_max_used=0 correction_max_per_step_used=0
IPT Davidson auto cluster: step=29 cluster=0 source=auto_gap members=28,29 size=2 min_abs_gap=0.010885675806157735 min_rel_gap=0.00027894894765406872 cluster_max_residual=1.369320875677878e-11 cluster_fro_residual=1.3715032680015642e-11 correction_members=29 correction_member_count=1 skipped_converged_in_cluster=28
IPT Davidson active selection: step=29 auto_cluster_mode=1 legacy_force_mode=0 cluster_count=1 correction_members=29 correction_member_count=1 fallback_cap=30 active_max_used=0
IPT Davidson cluster trial: step=29 retry=0 cluster=0 source=auto_gap members=28,29 overlap_assignment=28->28;29->29 fro_before=1.3715032680015642e-11 fro_after=5.710692444841635e-12 max_before=1.369320875677878e-11 max_after=5.6580807619840183e-12 active_ok=1 locked_safe=1 permutation=0
IPT Davidson trial decision: step=29 selected_active_pairs=29 accepted=1 global_ok=1 active_ok=1 locked_safe=1 reason=global_ok+active_ok retry_count=0 basis_cols_before=69 basis_cols_trial=70
IPT Davidson auto clusters: step=30 count=1 converged_tol=9.9999999999999998e-13 active_max_used=0 correction_max_per_step_used=0
IPT Davidson auto cluster: step=30 cluster=0 source=auto_gap members=28,29 size=2 min_abs_gap=0.010885675806143524 min_rel_gap=0.00027894894765370486 cluster_max_residual=5.6580807619840183e-12 cluster_fro_residual=5.710692444841635e-12 correction_members=29 correction_member_count=1 skipped_converged_in_cluster=28
IPT Davidson active selection: step=30 auto_cluster_mode=1 legacy_force_mode=0 cluster_count=1 correction_members=29 correction_member_count=1 fallback_cap=30 active_max_used=0
IPT Davidson cluster trial: step=30 retry=0 cluster=0 source=auto_gap members=28,29 overlap_assignment=28->28;29->29 fro_before=5.710692444841635e-12 fro_after=3.3104040706146616e-12 max_before=5.6580807619840183e-12 max_after=3.218737903950336e-12 active_ok=1 locked_safe=1 permutation=0
IPT Davidson trial decision: step=30 selected_active_pairs=29 accepted=1 global_ok=1 active_ok=1 locked_safe=1 reason=global_ok+active_ok retry_count=0 basis_cols_before=70 basis_cols_trial=71
IPT Davidson auto clusters: step=31 count=1 converged_tol=9.9999999999999998e-13 active_max_used=0 correction_max_per_step_used=0
IPT Davidson auto cluster: step=31 cluster=0 source=auto_gap members=28,29 size=2 min_abs_gap=0.010885675806221684 min_rel_gap=0.00027894894765570738 cluster_max_residual=3.218737903950336e-12 cluster_fro_residual=3.3104040706146616e-12 correction_members=29 correction_member_count=1 skipped_converged_in_cluster=28
IPT Davidson active selection: step=31 auto_cluster_mode=1 legacy_force_mode=0 cluster_count=1 correction_members=29 correction_member_count=1 fallback_cap=30 active_max_used=0
IPT Davidson cluster trial: step=31 retry=0 cluster=0 source=auto_gap members=28,29 overlap_assignment=28->28;29->29 fro_before=3.3104040706146616e-12 fro_after=2.515861141720704e-12 max_before=3.218737903950336e-12 max_after=2.3947319917869768e-12 active_ok=1 locked_safe=1 permutation=0
IPT Davidson trial decision: step=31 selected_active_pairs=29 accepted=1 global_ok=1 active_ok=1 locked_safe=1 reason=global_ok+active_ok retry_count=0 basis_cols_before=71 basis_cols_trial=72
IPT Davidson auto clusters: step=32 count=1 converged_tol=9.9999999999999998e-13 active_max_used=0 correction_max_per_step_used=0
IPT Davidson auto cluster: step=32 cluster=0 source=auto_gap members=28,29 size=2 min_abs_gap=0.010885675806235895 min_rel_gap=0.00027894894765607134 cluster_max_residual=2.3947319917869768e-12 cluster_fro_residual=2.515861141720704e-12 correction_members=29 correction_member_count=1 skipped_converged_in_cluster=28
IPT Davidson active selection: step=32 auto_cluster_mode=1 legacy_force_mode=0 cluster_count=1 correction_members=29 correction_member_count=1 fallback_cap=30 active_max_used=0
IPT Davidson cluster trial: step=32 retry=0 cluster=0 source=auto_gap members=28,29 overlap_assignment=28->28;29->29 fro_before=2.515861141720704e-12 fro_after=1.8658986241403525e-12 max_before=2.3947319917869768e-12 max_after=1.6989186137459313e-12 active_ok=1 locked_safe=1 permutation=0
IPT Davidson trial decision: step=32 selected_active_pairs=29 accepted=1 global_ok=1 active_ok=1 locked_safe=1 reason=global_ok+active_ok retry_count=0 basis_cols_before=72 basis_cols_trial=73
IPT Davidson auto clusters: step=33 count=1 converged_tol=9.9999999999999998e-13 active_max_used=0 correction_max_per_step_used=0
IPT Davidson auto cluster: step=33 cluster=0 source=auto_gap members=28,29 size=2 min_abs_gap=0.010885675806271422 min_rel_gap=0.00027894894765698142 cluster_max_residual=1.6989186137459313e-12 cluster_fro_residual=1.8658986241403525e-12 correction_members=29 correction_member_count=1 skipped_converged_in_cluster=28
IPT Davidson active selection: step=33 auto_cluster_mode=1 legacy_force_mode=0 cluster_count=1 correction_members=29 correction_member_count=1 fallback_cap=30 active_max_used=0
IPT Davidson cluster trial: step=33 retry=0 cluster=0 source=auto_gap members=28,29 overlap_assignment=28->28;29->29 fro_before=1.8658986241403525e-12 fro_after=1.3514767261939845e-12 max_before=1.6989186137459313e-12 max_after=1.1096547354992382e-12 active_ok=1 locked_safe=1 permutation=0
IPT Davidson trial decision: step=33 selected_active_pairs=29 accepted=1 global_ok=1 active_ok=1 locked_safe=1 reason=global_ok+active_ok retry_count=0 basis_cols_before=73 basis_cols_trial=74
IPT Davidson auto clusters: step=34 count=1 converged_tol=9.9999999999999998e-13 active_max_used=0 correction_max_per_step_used=0
IPT Davidson auto cluster: step=34 cluster=0 source=auto_gap members=28,29 size=2 min_abs_gap=0.01088567580615063 min_rel_gap=0.00027894894765388689 cluster_max_residual=1.1096547354992382e-12 cluster_fro_residual=1.3514767261939845e-12 correction_members=29 correction_member_count=1 skipped_converged_in_cluster=28
IPT Davidson active selection: step=34 auto_cluster_mode=1 legacy_force_mode=0 cluster_count=1 correction_members=29 correction_member_count=1 fallback_cap=30 active_max_used=0
IPT Davidson cluster trial: step=34 retry=0 cluster=0 source=auto_gap members=28,29 overlap_assignment=28->28;29->29 fro_before=1.3514767261939845e-12 fro_after=9.8638774603329366e-13 max_before=1.1096547354992382e-12 max_after=7.7133167615628224e-13 active_ok=1 locked_safe=1 permutation=0
IPT Davidson trial decision: step=34 selected_active_pairs=29 accepted=1 global_ok=1 active_ok=1 locked_safe=1 reason=global_ok+active_ok retry_count=0 basis_cols_before=74 basis_cols_trial=75
IPT Davidson auto clusters: step=35 count=0 converged_tol=9.9999999999999998e-13 active_max_used=0 correction_max_per_step_used=0
IPT Davidson active selection: step=35 auto_cluster_mode=0 legacy_force_mode=0 cluster_count=0 correction_members=28,29,24,27,25,26,1,13,14,23,22,9,5,6,7,12,21,11,8,4,19,10,3,18,17,15,2,16,20,0 correction_member_count=30 fallback_cap=1 active_max_used=0
repeat 1 IPT_GPU_BLOCK requested_k=30 basis_cols=75 returned_k=30 solve=4.952834e+00 preparation=4.011796e+00 setup=2.186415e+00 iteration=1.187054e+00 rr=3.765779e+00 api_total=2.129201e+01 relative_fixed_point_residual=1.477e+00 max_relative_eigen_residual=7.713e-13 best_so_far_updated=1 best_so_far_step=34 best_so_far_max_residual=7.713e-13 final_returned_from_best_so_far=0 pair28_best_residual=7.712e-13 pair29_best_residual=6.148e-13 relaxed_accept_enabled=1 accepted_steps=34 rejected_steps=1 min_accepted_steps=12 early_jump_to_continuation=0 status=success
wrote /fs1/home/nudt_liujie/ftt/IPT_C_GPU/results/sparse/CH4_K30_debug/ipt_vs_primme_k30_v1/cluster_fix_auto_final_gpu_20260706_run2/ipt_block_active_davidson/ch4_sto6g_fci_15876_ipt_relative_trials.csv
wrote /fs1/home/nudt_liujie/ftt/IPT_C_GPU/results/sparse/CH4_K30_debug/ipt_vs_primme_k30_v1/cluster_fix_auto_final_gpu_20260706_run2/ipt_block_active_davidson/ch4_sto6g_fci_15876_ipt_relative_summary.txt
wrote /fs1/home/nudt_liujie/ftt/IPT_C_GPU/results/sparse/CH4_K30_debug/ipt_vs_primme_k30_v1/cluster_fix_auto_final_gpu_20260706_run2/ipt_block_active_davidson/ch4_sto6g_fci_15876_pair_residuals.csv
wrote /fs1/home/nudt_liujie/ftt/IPT_C_GPU/results/sparse/CH4_K30_debug/ipt_vs_primme_k30_v1/cluster_fix_auto_final_gpu_20260706_run2/ipt_block_active_davidson/ch4_sto6g_fci_15876_davidson_history.csv
wrote /fs1/home/nudt_liujie/ftt/IPT_C_GPU/results/sparse/CH4_K30_debug/ipt_vs_primme_k30_v1/cluster_fix_auto_final_gpu_20260706_run2/ipt_block_active_davidson/ch4_sto6g_fci_15876_davidson_selection_history.csv
wrote /fs1/home/nudt_liujie/ftt/IPT_C_GPU/results/sparse/CH4_K30_debug/ipt_vs_primme_k30_v1/cluster_fix_auto_final_gpu_20260706_run2/ipt_block_active_davidson/ch4_sto6g_fci_15876_davidson_block_history.csv
wrote /fs1/home/nudt_liujie/ftt/IPT_C_GPU/results/sparse/CH4_K30_debug/ipt_vs_primme_k30_v1/cluster_fix_auto_final_gpu_20260706_run2/ipt_block_active_davidson/ch4_sto6g_fci_15876_jd_local_history.csv
===== output files =====
/fs1/home/nudt_liujie/ftt/IPT_C_GPU/logs/sparse/CH4_K30_dubug/ipt_vs_primme_k30_v1/cluster_fix_auto_final_gpu_20260706_run2/ipt_block_active_davidson:
total 44K
-rw-r--r-- 1 nudt_liujie nudt_liujie 45K Jul  6 23:02 ch4_sto6g_fci_15876_ipt_3110950.log
lrwxrwxrwx 1 nudt_liujie nudt_liujie 185 Jul  6 23:01 latest_ch4_sto6g_fci_15876_ipt.log -> /fs1/home/nudt_liujie/ftt/IPT_C_GPU/logs/sparse/CH4_K30_dubug/ipt_vs_primme_k30_v1/cluster_fix_auto_final_gpu_20260706_run2/ipt_block_active_davidson/ch4_sto6g_fci_15876_ipt_3110950.log

/fs1/home/nudt_liujie/ftt/IPT_C_GPU/results/sparse/CH4_K30_debug/ipt_vs_primme_k30_v1/cluster_fix_auto_final_gpu_20260706_run2/ipt_block_active_davidson:
total 3.5K
-rw-r--r-- 1 nudt_liujie nudt_liujie 3.8K Jul  6 23:02 ch4_sto6g_fci_15876_davidson_block_history.csv
-rw-r--r-- 1 nudt_liujie nudt_liujie  22K Jul  6 23:02 ch4_sto6g_fci_15876_davidson_history.csv
-rw-r--r-- 1 nudt_liujie nudt_liujie 6.3K Jul  6 23:02 ch4_sto6g_fci_15876_davidson_selection_history.csv
-rw-r--r-- 1 nudt_liujie nudt_liujie 6.3K Jul  6 23:02 ch4_sto6g_fci_15876_ipt_relative_summary.txt
-rw-r--r-- 1 nudt_liujie nudt_liujie 1015 Jul  6 23:02 ch4_sto6g_fci_15876_ipt_relative_trials.csv
-rw-r--r-- 1 nudt_liujie nudt_liujie  833 Jul  6 23:02 ch4_sto6g_fci_15876_jd_local_history.csv
-rw-r--r-- 1 nudt_liujie nudt_liujie 2.5K Jul  6 23:02 ch4_sto6g_fci_15876_pair_residuals.csv
finished at: Mon Jul  6 23:02:03 CST 2026
IPT exit code: 0
===== PRIMME: JDQMR_ETol relative residual target =====
===== CH4/STO-6G FCI PRIMME k=30 =====
Mon Jul  6 23:02:04 CST 2026
gn35
SLURM_JOB_ID=3110950
CUDA_VISIBLE_DEVICES=0
PRIMME_K=30
PRIMME_REPEATS=1
PRIMME_TOL=5e-13
PRIMME_RELATIVE_EIGEN_RESIDUAL_TOL=5e-13
PRIMME_REQUIRED_RELATIVE_EIGEN_RESIDUAL=1e-12
PRIMME_MAX_MATVECS=200000
PRIMME_MAX_BASIS_SIZE=160
PRIMME_MIN_RESTART_SIZE=80
PRIMME_MAX_BLOCK_SIZE=8
PRIMME_LOCKING=1
PRIMME_METHOD=PRIMME_JDQMR_ETol
PRIMME_PRINT_LEVEL=0
IPT_CH4_MATRIX_CACHE=/fs1/home/nudt_liujie/ftt/IPT_C_GPU/results/sparse/CH4_K30_debug/ch4_sto6g_fci_15876_csc.bin
PRIMME_CH4_OUTPUT_DIR=/fs1/home/nudt_liujie/ftt/IPT_C_GPU/results/sparse/CH4_K30_debug/ipt_vs_primme_k30_v1/cluster_fix_auto_final_gpu_20260706_run2/primme_jdqmr_etol
PRIMME_CH4_LOG_DIR=/fs1/home/nudt_liujie/ftt/IPT_C_GPU/logs/sparse/CH4_K30_dubug/ipt_vs_primme_k30_v1/cluster_fix_auto_final_gpu_20260706_run2/primme_jdqmr_etol
PRIMME repeat=1 status=0 returned_k=30 solve=8.237990 sec max_relative_eigen_residual=4.390e-13 index=24
wrote /fs1/home/nudt_liujie/ftt/IPT_C_GPU/results/sparse/CH4_K30_debug/ipt_vs_primme_k30_v1/cluster_fix_auto_final_gpu_20260706_run2/primme_jdqmr_etol/ch4_sto6g_fci_15876_primme_k30_pairs.csv
wrote /fs1/home/nudt_liujie/ftt/IPT_C_GPU/results/sparse/CH4_K30_debug/ipt_vs_primme_k30_v1/cluster_fix_auto_final_gpu_20260706_run2/primme_jdqmr_etol/ch4_sto6g_fci_15876_primme_k30_timing.csv
wrote /fs1/home/nudt_liujie/ftt/IPT_C_GPU/results/sparse/CH4_K30_debug/ipt_vs_primme_k30_v1/cluster_fix_auto_final_gpu_20260706_run2/primme_jdqmr_etol/ch4_sto6g_fci_15876_primme_k30_summary.txt
PRIMME exit code: 0
method,exit_code,status,requested_k,returned_k,basis_cols,iterations,matvecs,solve_time_sec,solve_time_source,max_relative_eigen_residual,max_relative_eigen_residual_index,relative_fixed_point_residual,best_so_far_updated,best_so_far_step,best_so_far_source,best_so_far_max_residual,final_returned_from_best_so_far,pair28_best_residual,pair29_best_residual,relaxed_accept_enabled,accepted_steps,rejected_steps,min_accepted_steps,early_jump_to_continuation,cluster_aware_accept_enabled,soft_cluster_locking_enabled,gap28_29,relative_gap28_29,cluster_residual_fro,cluster_residual_max,pair28_lock_state,pair29_lock_state,cluster_hard_locked,cluster_soft_locked_count,passed_relative_threshold,result_dir,log_dir
IPT_block_active_selective_Davidson,0,success,30,30,75,200,,4.952834e+00,ipt_log_solve_field,7.7133167615628224e-13,28,1.4769883277794567,1,34,davidson_continuation,7.7133167615628224e-13,0,7.7124313412320453e-13,6.1482373968689715e-13,1,34,1,12,0,1,1,0.010885675806171946,0.0002789489476544329,nan,nan,inactive,inactive,0,0,1,/fs1/home/nudt_liujie/ftt/IPT_C_GPU/results/sparse/CH4_K30_debug/ipt_vs_primme_k30_v1/cluster_fix_auto_final_gpu_20260706_run2/ipt_block_active_davidson,/fs1/home/nudt_liujie/ftt/IPT_C_GPU/logs/sparse/CH4_K30_dubug/ipt_vs_primme_k30_v1/cluster_fix_auto_final_gpu_20260706_run2/ipt_block_active_davidson
PRIMME_JDQMR_ETol,0,success,30,30,,59,3810,8.2379896971397102,primme_timing_csv_solve_time_sec,4.3896832794227244e-13,24,,,,,,,,,,,,,,,,,,,,,,,,1,/fs1/home/nudt_liujie/ftt/IPT_C_GPU/results/sparse/CH4_K30_debug/ipt_vs_primme_k30_v1/cluster_fix_auto_final_gpu_20260706_run2/primme_jdqmr_etol,/fs1/home/nudt_liujie/ftt/IPT_C_GPU/logs/sparse/CH4_K30_dubug/ipt_vs_primme_k30_v1/cluster_fix_auto_final_gpu_20260706_run2/primme_jdqmr_etol

matrix_source=cache
cache_path=/fs1/home/nudt_liujie/ftt/IPT_C_GPU/results/sparse/CH4_K30_debug/ch4_sto6g_fci_15876_csc.bin
requested_k=30
convergence_metric=max_relative_eigen_residual
convergence_threshold=1e-12
timing_metric=solve_time_sec
timing_scope=solver_only_excludes_cache_read_h2d_setup_d2h_residual_recompute
ipt_parameters=iter200_OS3_QR_auto_cluster_Davidson30_forcenone_no_active_tol_no_active_max_no_correction_cap_extra20_clip3e-9_ortho2_restart0_keep5
primme_parameters=JDQMR_ETol_relative_tol5e-13_required1e-12_maxBasis160_minRestart80_block8
method=IPT_block_active_selective_Davidson status=success exit_code=0 returned_k=30 solve_time_sec=4.952834e+00 solve_time_source=ipt_log_solve_field max_relative_eigen_residual=7.7133167615628224e-13 max_relative_eigen_residual_index=28 best_so_far_updated=1 best_so_far_step=34 best_so_far_source=davidson_continuation best_so_far_max_residual=7.7133167615628224e-13 final_returned_from_best_so_far=0 pair28_best_residual=7.7124313412320453e-13 pair29_best_residual=6.1482373968689715e-13 relaxed_accept_enabled=1 accepted_steps=34 rejected_steps=1 min_accepted_steps=12 early_jump_to_continuation=0 cluster_aware_accept_enabled=1 soft_cluster_locking_enabled=1 gap28_29=0.010885675806171946 relative_gap28_29=0.0002789489476544329 cluster_residual_fro=nan cluster_residual_max=nan pair28_lock_state=inactive pair29_lock_state=inactive cluster_hard_locked=0 cluster_soft_locked_count=0 passed_relative_threshold=1
method=PRIMME_JDQMR_ETol status=success exit_code=0 returned_k=30 solve_time_sec=8.2379896971397102 solve_time_source=primme_timing_csv_solve_time_sec max_relative_eigen_residual=4.3896832794227244e-13 max_relative_eigen_residual_index=24 best_so_far_updated= best_so_far_step= best_so_far_source= best_so_far_max_residual= final_returned_from_best_so_far= pair28_best_residual= pair29_best_residual= relaxed_accept_enabled= accepted_steps= rejected_steps= min_accepted_steps= early_jump_to_continuation= cluster_aware_accept_enabled= soft_cluster_locking_enabled= gap28_29= relative_gap28_29= cluster_residual_fro= cluster_residual_max= pair28_lock_state= pair29_lock_state= cluster_hard_locked= cluster_soft_locked_count= passed_relative_threshold=1
primme_speedup_vs_ipt=0.60121876599574531
ipt_solve_log=/fs1/home/nudt_liujie/ftt/IPT_C_GPU/logs/sparse/CH4_K30_dubug/ipt_vs_primme_k30_v1/cluster_fix_auto_final_gpu_20260706_run2/ipt_block_active_davidson/ch4_sto6g_fci_15876_ipt_3110950.log
compare_csv=/fs1/home/nudt_liujie/ftt/IPT_C_GPU/results/sparse/CH4_K30_debug/ipt_vs_primme_k30_v1/cluster_fix_auto_final_gpu_20260706_run2/ch4_k30_ipt_vs_primme_compare.csv
result_dir=/fs1/home/nudt_liujie/ftt/IPT_C_GPU/results/sparse/CH4_K30_debug/ipt_vs_primme_k30_v1/cluster_fix_auto_final_gpu_20260706_run2
log_dir=/fs1/home/nudt_liujie/ftt/IPT_C_GPU/logs/sparse/CH4_K30_dubug/ipt_vs_primme_k30_v1/cluster_fix_auto_final_gpu_20260706_run2

wrote /fs1/home/nudt_liujie/ftt/IPT_C_GPU/results/sparse/CH4_K30_debug/ipt_vs_primme_k30_v1/cluster_fix_auto_final_gpu_20260706_run2/ch4_k30_ipt_vs_primme_compare.csv
wrote /fs1/home/nudt_liujie/ftt/IPT_C_GPU/results/sparse/CH4_K30_debug/ipt_vs_primme_k30_v1/cluster_fix_auto_final_gpu_20260706_run2/ch4_k30_ipt_vs_primme_compare_summary.txt
logs under /fs1/home/nudt_liujie/ftt/IPT_C_GPU/logs/sparse/CH4_K30_dubug/ipt_vs_primme_k30_v1/cluster_fix_auto_final_gpu_20260706_run2
finished at: Mon Jul  6 23:02:28 CST 2026
