===== CH4/STO-6G full FCI IPT sparse benchmark =====
Mon Jul  6 23:00:03 CST 2026
gn35
SLURM_JOB_ID=3110929
CUDA_VISIBLE_DEVICES=0
BENCH_BIN=/fs1/home/nudt_liujie/ftt/IPT_C_GPU/test/sparse/CH4/.codex_build/benchmark_ch4_sto6g_fci_15876_ipt_cuda_3110929_4038028
IPT_REPEATS=1
IPT_TOL=1e-12
IPT_MAXITER=200
IPT_K=30
IPT_BLOCK_CLUSTER=1
IPT_BLOCK_CLUSTER_OVERSAMPLE=3
IPT_BLOCK_CLUSTER_QR=1
IPT_BLOCK_CLUSTER_ADAPTIVE=0
IPT_BLOCK_CLUSTER_COUPLING_TAU=0.1
IPT_DAVIDSON_ENRICH=1
IPT_DAVIDSON_STEPS=30
IPT_DAVIDSON_EXTRA_STEPS=20
IPT_DAVIDSON_ACTIVE_MAX=<unset>
IPT_DAVIDSON_SELECT_TOL=1e-12
IPT_DAVIDSON_CONVERGED_TOL=1e-12
IPT_DAVIDSON_FORCE_ACTIVE_PAIRS=<unset>
IPT_DAVIDSON_BLOCK_ACTIVE=1
IPT_DAVIDSON_DENOM_CLIP=3e-9
IPT_DAVIDSON_ACCEPT_ONLY_IF_IMPROVES=1
IPT_DAVIDSON_USE_BEST_SO_FAR=1
IPT_DAVIDSON_RELAXED_ACCEPT=1
IPT_DAVIDSON_ACCEPT_REL_SLACK=1e-12
IPT_DAVIDSON_ACCEPT_ABS_SLACK=1e-15
IPT_DAVIDSON_ACTIVE_PAIR_ACCEPT=1
IPT_DAVIDSON_LOCKED_DEGRADE_SLACK=1e-8
IPT_DAVIDSON_RETRY_ON_REJECT=1
IPT_DAVIDSON_RETRY_DAMPING_LIST=0.5,0.25
IPT_DAVIDSON_RETRY_DENOM_CLIP_MULTS=10,100
IPT_DAVIDSON_MIN_ACCEPTED_STEPS=12
IPT_DAVIDSON_ORTHO_REPEATS=2
IPT_DAVIDSON_PROTECT_TOL=1e-10
IPT_DAVIDSON_LOCKED_TOL=1e-12
IPT_DAVIDSON_RESTART_EVERY=0
IPT_DAVIDSON_RESTART_KEEP_EXTRA=5
IPT_DUMP_RESIDUAL_SUPPORT=0
IPT_RESIDUAL_SUPPORT_PAIR=29
IPT_RESIDUAL_SUPPORT_TOP=100
IPT_JD_LOCAL_CORRECTION=0
IPT_JD_LOCAL_ACTIVE_PAIRS=29
IPT_JD_LOCAL_WINDOW_START=25
IPT_JD_LOCAL_WINDOW_END=40
IPT_JD_LOCAL_DAMPING=1e-8
IPT_JD_LOCAL_MAX_DIM=80
IPT_JD_LOCAL_SET=window
IPT_JD_LOCAL_SUPPORT_TOP=80
IPT_JD_LOCAL_OUTSIDE_CORRECTION=none
IPT_JD_LOCAL_STEPS=1
IPT_JD_ACCEPT_ONLY_IF_IMPROVES=1
IPT_CH4_MATRIX_CACHE=/fs1/home/nudt_liujie/ftt/IPT_C_GPU/results/sparse/CH4_K30_debug/ch4_sto6g_fci_15876_csc.bin
IPT_SAVE_MATRIX=0
IPT_LOAD_MATRIX=1
IPT_DUMP_DIAG_GAPS=0
IPT_DUMP_PAIR_RESIDUALS=1
IPT_DUMP_COUPLING_GAP=0
IPT_RITZ_CHECK_INTERVAL=0
RUN_PRIMME=0
RUN_WARMUP=0
IPT_EST_NNZ_PER_COL=800
Currently Loaded Modulefiles:
 1) GCC/12.2.0   2) CUDA/12.2  
numpy 1.21.5 /fs1/software/hpcsystem/THL7/software/pyscf/2.0.1-py3.8/lib/python3.8/site-packages/numpy/__init__.py
scipy 1.7.3 /fs1/software/hpcsystem/THL7/software/pyscf/2.0.1-py3.8/lib/python3.8/site-packages/scipy/__init__.py
pyscf 2.0.1 /fs1/software/hpcsystem/THL7/software/pyscf/2.0.1-py3.8/lib/python3.8/site-packages/pyscf/__init__.py
nvcc: NVIDIA (R) Cuda compiler driver
Copyright (c) 2005-2023 NVIDIA Corporation
Built on Tue_Jun_13_19:16:58_PDT_2023
Cuda compilation tools, release 12.2, V12.2.91
Build cuda_12.2.r12.2/compiler.32965470_0
Mon Jul  6 23:00:05 2026       
+---------------------------------------------------------------------------------------+
| NVIDIA-SMI 535.104.12             Driver Version: 535.104.12   CUDA Version: 12.2     |
|-----------------------------------------+----------------------+----------------------+
| GPU  Name                 Persistence-M | Bus-Id        Disp.A | Volatile Uncorr. ECC |
| Fan  Temp   Perf          Pwr:Usage/Cap |         Memory-Usage | GPU-Util  Compute M. |
|                                         |                      |               MIG M. |
|=========================================+======================+======================|
|   0  NVIDIA A100 80GB PCIe          Off | 00000000:CA:00.0 Off |                    0 |
| N/A   37C    P0              65W / 300W |      4MiB / 81920MiB |     25%      Default |
|                                         |                      |             Disabled |
+-----------------------------------------+----------------------+----------------------+
                                                                                         
+---------------------------------------------------------------------------------------+
| Processes:                                                                            |
|  GPU   GI   CI        PID   Type   Process name                            GPU Memory |
|        ID   ID                                                             Usage      |
|=======================================================================================|
|  No running processes found                                                           |
+---------------------------------------------------------------------------------------+
===== build =====
+ nvcc -O3 -std=c++14 -lineinfo -arch=sm_80 -I/fs1/home/nudt_liujie/ftt/primme-3.2.3/include -I/fs1/software/python/3.8_miniconda_4.10.3/include/python3.8 /fs1/home/nudt_liujie/ftt/IPT_C_GPU/test/sparse/CH4/benchmark_ch4_sto6g_fci_15876_ipt.cu /fs1/home/nudt_liujie/ftt/primme-3.2.3/lib/libprimme.a -o /fs1/home/nudt_liujie/ftt/IPT_C_GPU/test/sparse/CH4/.codex_build/benchmark_ch4_sto6g_fci_15876_ipt_cuda_3110929_4038028 -lcublas -lcusparse -lcusolver -lcudart -L/fs1/software/python/3.8_miniconda_4.10.3/lib -lpython3.8 -L/fs1/home/nudt_liujie/ftt/IPT_C_GPU/test/sparse/CH4 -lopenblas -lpthread -ldl -lutil -lrt -Xlinker -rpath -Xlinker /fs1/software/gcc/12.2.0/lib64 -Xlinker -rpath -Xlinker /fs1/software/python/3.8_miniconda_4.10.3/lib -Xlinker -rpath -Xlinker /fs1/software/cp2k/8.1-gcc8.4-openmpi/lib -lgfortran /fs1/software/gcc/12.2.0/lib64/libstdc++.so -lm
/fs1/home/nudt_liujie/ftt/IPT_C_GPU/test/sparse/CH4/benchmark_ch4_sto6g_fci_15876_ipt.cu(942): warning #177-D: function "primme_matvec" was declared but never referenced
  static void primme_matvec(void *x, int64_t *ldx, void *y, int64_t *ldy,
              ^

Remark: The warnings can be suppressed with "-diag-suppress <warning-number>"

+ set +x
===== run =====
Loaded fixed CH4 CSC matrix cache from /fs1/home/nudt_liujie/ftt/IPT_C_GPU/results/sparse/CH4_K30_debug/ch4_sto6g_fci_15876_csc.bin
CH4/STO-6G full FCI CSC benchmark: n=15876 nnz=8905697 k=30 repeats=1 tol=1.000e-12 run_primme=0
Matrix/integral generation time 0.000000 sec is excluded from PRIMME/IPT timings.
IPT Davidson automatic Ritz cluster discovery enabled: auto_gap_abs_tol=9.9999999999999998e-13 auto_gap_rel_tol=0.00050000000000000001 converged_tol=9.9999999999999998e-13 active_tol_used=0 active_clusters_env_used=0 active_max_used=0 correction_max_per_step_used=0 preparation_blocks_are_not_ritz_clusters=1
IPT Davidson auto clusters: step=0 count=1 converged_tol=9.9999999999999998e-13 active_max_used=0 correction_max_per_step_used=0
IPT Davidson auto cluster: step=0 cluster=0 source=auto_gap members=28,29 size=2 min_abs_gap=0.011282307512345824 min_rel_gap=0.00028911276283813089 cluster_max_residual=0.00061183523002194705 cluster_fro_residual=0.00061183523002195127 correction_members=28,29 correction_member_count=2 skipped_converged_in_cluster=
IPT Davidson auto clusters: step=1 count=1 converged_tol=9.9999999999999998e-13 active_max_used=0 correction_max_per_step_used=0
IPT Davidson auto cluster: step=1 cluster=0 source=auto_gap members=28,29 size=2 min_abs_gap=0.011282307512345824 min_rel_gap=0.00028911276283813089 cluster_max_residual=0.00061183523002194705 cluster_fro_residual=0.00061183523002195127 correction_members=28,29 correction_member_count=2 skipped_converged_in_cluster=
IPT Davidson active selection: step=1 auto_cluster_mode=1 legacy_force_mode=0 cluster_count=1 correction_members=29,28 correction_member_count=2 fallback_cap=30 active_max_used=0
IPT Davidson cluster trial: step=1 retry=0 cluster=0 source=auto_gap members=28,29 overlap_assignment=28->28;29->29 fro_before=0.00061183523002195127 fro_after=2.252021270512178e-05 max_before=0.00061183523002194705 max_after=2.2520212705121546e-05 active_ok=1 locked_safe=1 permutation=0
IPT Davidson trial decision: step=1 selected_active_pairs=29,28 accepted=1 global_ok=1 active_ok=1 locked_safe=1 reason=global_ok+active_ok retry_count=0 basis_cols_before=33 basis_cols_trial=35
IPT Davidson auto clusters: step=2 count=1 converged_tol=9.9999999999999998e-13 active_max_used=0 correction_max_per_step_used=0
IPT Davidson auto cluster: step=2 cluster=0 source=auto_gap members=28,29 size=2 min_abs_gap=0.010886881437272677 min_rel_gap=0.00027897984233959467 cluster_max_residual=2.2520212705121546e-05 cluster_fro_residual=2.252021270512178e-05 correction_members=28,29 correction_member_count=2 skipped_converged_in_cluster=
IPT Davidson active selection: step=2 auto_cluster_mode=1 legacy_force_mode=0 cluster_count=1 correction_members=29,28 correction_member_count=2 fallback_cap=30 active_max_used=0
IPT Davidson cluster trial: step=2 retry=0 cluster=0 source=auto_gap members=28,29 overlap_assignment=28->28;29->29 fro_before=2.252021270512178e-05 fro_after=1.0248116645514934e-05 max_before=2.2520212705121546e-05 max_after=1.0248116645514735e-05 active_ok=1 locked_safe=1 permutation=0
IPT Davidson trial decision: step=2 selected_active_pairs=29,28 accepted=1 global_ok=1 active_ok=1 locked_safe=1 reason=global_ok+active_ok retry_count=0 basis_cols_before=35 basis_cols_trial=37
IPT Davidson auto clusters: step=3 count=1 converged_tol=9.9999999999999998e-13 active_max_used=0 correction_max_per_step_used=0
IPT Davidson auto cluster: step=3 cluster=0 source=auto_gap members=28,29 size=2 min_abs_gap=0.01088620871270507 min_rel_gap=0.00027896260355593646 cluster_max_residual=1.0248116645514735e-05 cluster_fro_residual=1.0248116645514934e-05 correction_members=28,29 correction_member_count=2 skipped_converged_in_cluster=
IPT Davidson active selection: step=3 auto_cluster_mode=1 legacy_force_mode=0 cluster_count=1 correction_members=29,28 correction_member_count=2 fallback_cap=30 active_max_used=0
IPT Davidson cluster trial: step=3 retry=0 cluster=0 source=auto_gap members=28,29 overlap_assignment=28->28;29->29 fro_before=1.0248116645514934e-05 fro_after=8.7029098652517948e-06 max_before=1.0248116645514735e-05 max_after=8.7029098652515186e-06 active_ok=1 locked_safe=1 permutation=0
IPT Davidson trial decision: step=3 selected_active_pairs=29,28 accepted=1 global_ok=1 active_ok=1 locked_safe=1 reason=global_ok+active_ok retry_count=0 basis_cols_before=37 basis_cols_trial=39
IPT Davidson auto clusters: step=4 count=1 converged_tol=9.9999999999999998e-13 active_max_used=0 correction_max_per_step_used=0
IPT Davidson auto cluster: step=4 cluster=0 source=auto_gap members=28,29 size=2 min_abs_gap=0.010885996277366417 min_rel_gap=0.00027895715983198075 cluster_max_residual=8.7029098652515186e-06 cluster_fro_residual=8.7029098652517948e-06 correction_members=28,29 correction_member_count=2 skipped_converged_in_cluster=
IPT Davidson active selection: step=4 auto_cluster_mode=1 legacy_force_mode=0 cluster_count=1 correction_members=29,28 correction_member_count=2 fallback_cap=30 active_max_used=0
IPT Davidson cluster trial: step=4 retry=0 cluster=0 source=auto_gap members=28,29 overlap_assignment=28->28;29->29 fro_before=8.7029098652517948e-06 fro_after=6.6986728221387023e-06 max_before=8.7029098652515186e-06 max_after=6.6986728221383169e-06 active_ok=1 locked_safe=1 permutation=0
IPT Davidson trial decision: step=4 selected_active_pairs=29,28 accepted=1 global_ok=1 active_ok=1 locked_safe=1 reason=global_ok+active_ok retry_count=0 basis_cols_before=39 basis_cols_trial=41
IPT Davidson auto clusters: step=5 count=1 converged_tol=9.9999999999999998e-13 active_max_used=0 correction_max_per_step_used=0
IPT Davidson auto cluster: step=5 cluster=0 source=auto_gap members=28,29 size=2 min_abs_gap=0.010885844876433737 min_rel_gap=0.00027895328013433052 cluster_max_residual=6.6986728221383169e-06 cluster_fro_residual=6.6986728221387023e-06 correction_members=28,29 correction_member_count=2 skipped_converged_in_cluster=
IPT Davidson active selection: step=5 auto_cluster_mode=1 legacy_force_mode=0 cluster_count=1 correction_members=29,28 correction_member_count=2 fallback_cap=30 active_max_used=0
IPT Davidson cluster trial: step=5 retry=0 cluster=0 source=auto_gap members=28,29 overlap_assignment=28->28;29->29 fro_before=6.6986728221387023e-06 fro_after=5.2760661971976224e-06 max_before=6.6986728221383169e-06 max_after=5.2760661971974199e-06 active_ok=1 locked_safe=1 permutation=0
IPT Davidson trial decision: step=5 selected_active_pairs=29,28 accepted=1 global_ok=1 active_ok=1 locked_safe=1 reason=global_ok+active_ok retry_count=0 basis_cols_before=41 basis_cols_trial=43
IPT Davidson auto clusters: step=6 count=1 converged_tol=9.9999999999999998e-13 active_max_used=0 correction_max_per_step_used=0
IPT Davidson auto cluster: step=6 cluster=0 source=auto_gap members=28,29 size=2 min_abs_gap=0.010885740246493469 min_rel_gap=0.00027895059895842103 cluster_max_residual=5.2760661971974199e-06 cluster_fro_residual=5.2760661971976224e-06 correction_members=28,29 correction_member_count=2 skipped_converged_in_cluster=
IPT Davidson active selection: step=6 auto_cluster_mode=1 legacy_force_mode=0 cluster_count=1 correction_members=29,28 correction_member_count=2 fallback_cap=30 active_max_used=0
IPT Davidson cluster trial: step=6 retry=0 cluster=0 source=auto_gap members=28,29 overlap_assignment=28->28;29->29 fro_before=5.2760661971976224e-06 fro_after=3.0318840198403031e-06 max_before=5.2760661971974199e-06 max_after=3.0318840198401837e-06 active_ok=1 locked_safe=1 permutation=0
IPT Davidson trial decision: step=6 selected_active_pairs=29,28 accepted=1 global_ok=1 active_ok=1 locked_safe=1 reason=global_ok+active_ok retry_count=0 basis_cols_before=43 basis_cols_trial=45
IPT Davidson auto clusters: step=7 count=1 converged_tol=9.9999999999999998e-13 active_max_used=0 correction_max_per_step_used=0
IPT Davidson auto cluster: step=7 cluster=0 source=auto_gap members=28,29 size=2 min_abs_gap=0.010885697292437158 min_rel_gap=0.00027894949824689721 cluster_max_residual=3.0318840198401837e-06 cluster_fro_residual=3.0318840198403031e-06 correction_members=29 correction_member_count=1 skipped_converged_in_cluster=28
IPT Davidson active selection: step=7 auto_cluster_mode=1 legacy_force_mode=0 cluster_count=1 correction_members=29 correction_member_count=1 fallback_cap=30 active_max_used=0
IPT Davidson cluster trial: step=7 retry=0 cluster=0 source=auto_gap members=28,29 overlap_assignment=28->28;29->29 fro_before=3.0318840198403031e-06 fro_after=1.8441053717175317e-06 max_before=3.0318840198401837e-06 max_after=1.8441053717173748e-06 active_ok=1 locked_safe=1 permutation=0
IPT Davidson trial decision: step=7 selected_active_pairs=29 accepted=1 global_ok=1 active_ok=1 locked_safe=1 reason=global_ok+active_ok retry_count=0 basis_cols_before=45 basis_cols_trial=46
IPT Davidson auto clusters: step=8 count=1 converged_tol=9.9999999999999998e-13 active_max_used=0 correction_max_per_step_used=0
IPT Davidson auto cluster: step=8 cluster=0 source=auto_gap members=28,29 size=2 min_abs_gap=0.01088568523008604 min_rel_gap=0.00027894918914526593 cluster_max_residual=1.8441053717173748e-06 cluster_fro_residual=1.8441053717175317e-06 correction_members=29 correction_member_count=1 skipped_converged_in_cluster=28
IPT Davidson active selection: step=8 auto_cluster_mode=1 legacy_force_mode=0 cluster_count=1 correction_members=29 correction_member_count=1 fallback_cap=30 active_max_used=0
IPT Davidson cluster trial: step=8 retry=0 cluster=0 source=auto_gap members=28,29 overlap_assignment=28->28;29->29 fro_before=1.8441053717175317e-06 fro_after=1.3626842439565514e-06 max_before=1.8441053717173748e-06 max_after=1.3626842439563714e-06 active_ok=1 locked_safe=1 permutation=0
IPT Davidson trial decision: step=8 selected_active_pairs=29 accepted=1 global_ok=1 active_ok=1 locked_safe=1 reason=global_ok+active_ok retry_count=0 basis_cols_before=46 basis_cols_trial=47
IPT Davidson auto clusters: step=9 count=1 converged_tol=9.9999999999999998e-13 active_max_used=0 correction_max_per_step_used=0
IPT Davidson auto cluster: step=9 cluster=0 source=auto_gap members=28,29 size=2 min_abs_gap=0.010885679947946869 min_rel_gap=0.00027894905378874837 cluster_max_residual=1.3626842439563714e-06 cluster_fro_residual=1.3626842439565514e-06 correction_members=29 correction_member_count=1 skipped_converged_in_cluster=28
IPT Davidson active selection: step=9 auto_cluster_mode=1 legacy_force_mode=0 cluster_count=1 correction_members=29 correction_member_count=1 fallback_cap=30 active_max_used=0
IPT Davidson cluster trial: step=9 retry=0 cluster=0 source=auto_gap members=28,29 overlap_assignment=28->28;29->29 fro_before=1.3626842439565514e-06 fro_after=9.3727923516130045e-07 max_before=1.3626842439563714e-06 max_after=9.372792351610708e-07 active_ok=1 locked_safe=1 permutation=0
IPT Davidson trial decision: step=9 selected_active_pairs=29 accepted=1 global_ok=1 active_ok=1 locked_safe=1 reason=global_ok+active_ok retry_count=0 basis_cols_before=47 basis_cols_trial=48
IPT Davidson auto clusters: step=10 count=1 converged_tol=9.9999999999999998e-13 active_max_used=0 correction_max_per_step_used=0
IPT Davidson auto cluster: step=10 cluster=0 source=auto_gap members=28,29 size=2 min_abs_gap=0.010885677244090175 min_rel_gap=0.00027894898450155005 cluster_max_residual=9.372792351610708e-07 cluster_fro_residual=9.3727923516130045e-07 correction_members=29 correction_member_count=1 skipped_converged_in_cluster=28
IPT Davidson active selection: step=10 auto_cluster_mode=1 legacy_force_mode=0 cluster_count=1 correction_members=29 correction_member_count=1 fallback_cap=30 active_max_used=0
IPT Davidson cluster trial: step=10 retry=0 cluster=0 source=auto_gap members=28,29 overlap_assignment=28->28;29->29 fro_before=9.3727923516130045e-07 fro_after=4.847712076866075e-07 max_before=9.372792351610708e-07 max_after=4.8477120768621745e-07 active_ok=1 locked_safe=1 permutation=0
IPT Davidson trial decision: step=10 selected_active_pairs=29 accepted=1 global_ok=1 active_ok=1 locked_safe=1 reason=global_ok+active_ok retry_count=0 basis_cols_before=48 basis_cols_trial=49
IPT Davidson auto clusters: step=11 count=1 converged_tol=9.9999999999999998e-13 active_max_used=0 correction_max_per_step_used=0
IPT Davidson auto cluster: step=11 cluster=0 source=auto_gap members=28,29 size=2 min_abs_gap=0.010885676231069397 min_rel_gap=0.00027894895854256666 cluster_max_residual=4.8477120768621745e-07 cluster_fro_residual=4.847712076866075e-07 correction_members=29 correction_member_count=1 skipped_converged_in_cluster=28
IPT Davidson active selection: step=11 auto_cluster_mode=1 legacy_force_mode=0 cluster_count=1 correction_members=29 correction_member_count=1 fallback_cap=30 active_max_used=0
IPT Davidson cluster trial: step=11 retry=0 cluster=0 source=auto_gap members=28,29 overlap_assignment=28->28;29->29 fro_before=4.847712076866075e-07 fro_after=2.4862897149853172e-07 max_before=4.8477120768621745e-07 max_after=2.4862897149782064e-07 active_ok=1 locked_safe=1 permutation=0
IPT Davidson trial decision: step=11 selected_active_pairs=29 accepted=1 global_ok=1 active_ok=1 locked_safe=1 reason=global_ok+active_ok retry_count=0 basis_cols_before=49 basis_cols_trial=50
IPT Davidson auto clusters: step=12 count=1 converged_tol=9.9999999999999998e-13 active_max_used=0 correction_max_per_step_used=0
IPT Davidson auto cluster: step=12 cluster=0 source=auto_gap members=28,29 size=2 min_abs_gap=0.010885675950504492 min_rel_gap=0.00027894895135300028 cluster_max_residual=2.4862897149782064e-07 cluster_fro_residual=2.4862897149853172e-07 correction_members=29 correction_member_count=1 skipped_converged_in_cluster=28
IPT Davidson active selection: step=12 auto_cluster_mode=1 legacy_force_mode=0 cluster_count=1 correction_members=29 correction_member_count=1 fallback_cap=30 active_max_used=0
IPT Davidson cluster trial: step=12 retry=0 cluster=0 source=auto_gap members=28,29 overlap_assignment=28->28;29->29 fro_before=2.4862897149853172e-07 fro_after=1.5318429035857348e-07 max_before=2.4862897149782064e-07 max_after=1.5318429035747347e-07 active_ok=1 locked_safe=1 permutation=0
IPT Davidson trial decision: step=12 selected_active_pairs=29 accepted=1 global_ok=1 active_ok=1 locked_safe=1 reason=global_ok+active_ok retry_count=0 basis_cols_before=50 basis_cols_trial=51
IPT Davidson auto clusters: step=13 count=1 converged_tol=9.9999999999999998e-13 active_max_used=0 correction_max_per_step_used=0
IPT Davidson auto cluster: step=13 cluster=0 source=auto_gap members=28,29 size=2 min_abs_gap=0.010885675859960031 min_rel_gap=0.00027894894903276953 cluster_max_residual=1.5318429035747347e-07 cluster_fro_residual=1.5318429035857348e-07 correction_members=29 correction_member_count=1 skipped_converged_in_cluster=28
IPT Davidson active selection: step=13 auto_cluster_mode=1 legacy_force_mode=0 cluster_count=1 correction_members=29 correction_member_count=1 fallback_cap=30 active_max_used=0
IPT Davidson cluster trial: step=13 retry=0 cluster=0 source=auto_gap members=28,29 overlap_assignment=28->28;29->29 fro_before=1.5318429035857348e-07 fro_after=9.332110212820858e-08 max_before=1.5318429035747347e-07 max_after=9.3321102126481215e-08 active_ok=1 locked_safe=1 permutation=0
IPT Davidson trial decision: step=13 selected_active_pairs=29 accepted=1 global_ok=1 active_ok=1 locked_safe=1 reason=global_ok+active_ok retry_count=0 basis_cols_before=51 basis_cols_trial=52
IPT Davidson auto clusters: step=14 count=1 converged_tol=9.9999999999999998e-13 active_max_used=0 correction_max_per_step_used=0
IPT Davidson auto cluster: step=14 cluster=0 source=auto_gap members=28,29 size=2 min_abs_gap=0.010885675823701035 min_rel_gap=0.00027894894810362111 cluster_max_residual=9.3321102126481215e-08 cluster_fro_residual=9.332110212820858e-08 correction_members=29 correction_member_count=1 skipped_converged_in_cluster=28
IPT Davidson active selection: step=14 auto_cluster_mode=1 legacy_force_mode=0 cluster_count=1 correction_members=29 correction_member_count=1 fallback_cap=30 active_max_used=0
IPT Davidson cluster trial: step=14 retry=0 cluster=0 source=auto_gap members=28,29 overlap_assignment=28->28;29->29 fro_before=9.332110212820858e-08 fro_after=4.5019457679980928e-08 max_before=9.3321102126481215e-08 max_after=4.5019457676400467e-08 active_ok=1 locked_safe=1 permutation=0
IPT Davidson trial decision: step=14 selected_active_pairs=29 accepted=1 global_ok=1 active_ok=1 locked_safe=1 reason=global_ok+active_ok retry_count=0 basis_cols_before=52 basis_cols_trial=53
IPT Davidson auto clusters: step=15 count=1 converged_tol=9.9999999999999998e-13 active_max_used=0 correction_max_per_step_used=0
IPT Davidson auto cluster: step=15 cluster=0 source=auto_gap members=28,29 size=2 min_abs_gap=0.010885675811607598 min_rel_gap=0.00027894894779372274 cluster_max_residual=4.5019457676400467e-08 cluster_fro_residual=4.5019457679980928e-08 correction_members=29 correction_member_count=1 skipped_converged_in_cluster=28
IPT Davidson active selection: step=15 auto_cluster_mode=1 legacy_force_mode=0 cluster_count=1 correction_members=29 correction_member_count=1 fallback_cap=30 active_max_used=0
IPT Davidson cluster trial: step=15 retry=0 cluster=0 source=auto_gap members=28,29 overlap_assignment=28->28;29->29 fro_before=4.5019457679980928e-08 fro_after=2.7200384370671205e-08 max_before=4.5019457676400467e-08 max_after=2.7200384364743228e-08 active_ok=1 locked_safe=1 permutation=0
IPT Davidson trial decision: step=15 selected_active_pairs=29 accepted=1 global_ok=1 active_ok=1 locked_safe=1 reason=global_ok+active_ok retry_count=0 basis_cols_before=53 basis_cols_trial=54
IPT Davidson auto clusters: step=16 count=1 converged_tol=9.9999999999999998e-13 active_max_used=0 correction_max_per_step_used=0
IPT Davidson auto cluster: step=16 cluster=0 source=auto_gap members=28,29 size=2 min_abs_gap=0.010885675808602002 min_rel_gap=0.00027894894771670351 cluster_max_residual=2.7200384364743228e-08 cluster_fro_residual=2.7200384370671205e-08 correction_members=29 correction_member_count=1 skipped_converged_in_cluster=28
IPT Davidson active selection: step=16 auto_cluster_mode=1 legacy_force_mode=0 cluster_count=1 correction_members=29 correction_member_count=1 fallback_cap=30 active_max_used=0
IPT Davidson cluster trial: step=16 retry=0 cluster=0 source=auto_gap members=28,29 overlap_assignment=28->28;29->29 fro_before=2.7200384370671205e-08 fro_after=2.080875822047863e-08 max_before=2.7200384364743228e-08 max_after=2.0808758212732034e-08 active_ok=1 locked_safe=1 permutation=0
IPT Davidson trial decision: step=16 selected_active_pairs=29 accepted=1 global_ok=1 active_ok=1 locked_safe=1 reason=global_ok+active_ok retry_count=0 basis_cols_before=54 basis_cols_trial=55
IPT Davidson auto clusters: step=17 count=1 converged_tol=9.9999999999999998e-13 active_max_used=0 correction_max_per_step_used=0
IPT Davidson auto cluster: step=17 cluster=0 source=auto_gap members=28,29 size=2 min_abs_gap=0.010885675807266182 min_rel_gap=0.00027894894768247291 cluster_max_residual=2.0808758212732034e-08 cluster_fro_residual=2.080875822047863e-08 correction_members=29 correction_member_count=1 skipped_converged_in_cluster=28
IPT Davidson active selection: step=17 auto_cluster_mode=1 legacy_force_mode=0 cluster_count=1 correction_members=29 correction_member_count=1 fallback_cap=30 active_max_used=0
IPT Davidson cluster trial: step=17 retry=0 cluster=0 source=auto_gap members=28,29 overlap_assignment=28->28;29->29 fro_before=2.080875822047863e-08 fro_after=1.3790435146918169e-08 max_before=2.0808758212732034e-08 max_after=1.3790435135144907e-08 active_ok=1 locked_safe=1 permutation=0
IPT Davidson trial decision: step=17 selected_active_pairs=29 accepted=1 global_ok=1 active_ok=1 locked_safe=1 reason=global_ok+active_ok retry_count=0 basis_cols_before=55 basis_cols_trial=56
IPT Davidson auto clusters: step=18 count=1 converged_tol=9.9999999999999998e-13 active_max_used=0 correction_max_per_step_used=0
IPT Davidson auto cluster: step=18 cluster=0 source=auto_gap members=28,29 size=2 min_abs_gap=0.010885675806576955 min_rel_gap=0.0002789489476648111 cluster_max_residual=1.3790435135144907e-08 cluster_fro_residual=1.3790435146918169e-08 correction_members=29 correction_member_count=1 skipped_converged_in_cluster=28
IPT Davidson active selection: step=18 auto_cluster_mode=1 legacy_force_mode=0 cluster_count=1 correction_members=29 correction_member_count=1 fallback_cap=30 active_max_used=0
IPT Davidson cluster trial: step=18 retry=0 cluster=0 source=auto_gap members=28,29 overlap_assignment=28->28;29->29 fro_before=1.3790435146918169e-08 fro_after=7.9812222702125646e-09 max_before=1.3790435135144907e-08 max_after=7.9812222496711537e-09 active_ok=1 locked_safe=1 permutation=0
IPT Davidson trial decision: step=18 selected_active_pairs=29 accepted=1 global_ok=1 active_ok=1 locked_safe=1 reason=global_ok+active_ok retry_count=0 basis_cols_before=56 basis_cols_trial=57
IPT Davidson auto clusters: step=19 count=1 converged_tol=9.9999999999999998e-13 active_max_used=0 correction_max_per_step_used=0
IPT Davidson auto cluster: step=19 cluster=0 source=auto_gap members=28,29 size=2 min_abs_gap=0.010885675806363793 min_rel_gap=0.00027894894765934845 cluster_max_residual=7.9812222496711537e-09 cluster_fro_residual=7.9812222702125646e-09 correction_members=29 correction_member_count=1 skipped_converged_in_cluster=28
IPT Davidson active selection: step=19 auto_cluster_mode=1 legacy_force_mode=0 cluster_count=1 correction_members=29 correction_member_count=1 fallback_cap=30 active_max_used=0
IPT Davidson cluster trial: step=19 retry=0 cluster=0 source=auto_gap members=28,29 overlap_assignment=28->28;29->29 fro_before=7.9812222702125646e-09 fro_after=4.0407217008599454e-09 max_before=7.9812222496711537e-09 max_after=4.0407216609572986e-09 active_ok=1 locked_safe=1 permutation=0
IPT Davidson trial decision: step=19 selected_active_pairs=29 accepted=1 global_ok=1 active_ok=1 locked_safe=1 reason=global_ok+active_ok retry_count=0 basis_cols_before=57 basis_cols_trial=58
IPT Davidson auto clusters: step=20 count=1 converged_tol=9.9999999999999998e-13 active_max_used=0 correction_max_per_step_used=0
IPT Davidson auto cluster: step=20 cluster=0 source=auto_gap members=28,29 size=2 min_abs_gap=0.010885675806250106 min_rel_gap=0.0002789489476564352 cluster_max_residual=4.0407216609572986e-09 cluster_fro_residual=4.0407217008599454e-09 correction_members=29 correction_member_count=1 skipped_converged_in_cluster=28
IPT Davidson active selection: step=20 auto_cluster_mode=1 legacy_force_mode=0 cluster_count=1 correction_members=29 correction_member_count=1 fallback_cap=30 active_max_used=0
IPT Davidson cluster trial: step=20 retry=0 cluster=0 source=auto_gap members=28,29 overlap_assignment=28->28;29->29 fro_before=4.0407217008599454e-09 fro_after=1.7994844298920411e-09 max_before=4.0407216609572986e-09 max_after=1.7994843421897385e-09 active_ok=1 locked_safe=1 permutation=0
IPT Davidson trial decision: step=20 selected_active_pairs=29 accepted=1 global_ok=1 active_ok=1 locked_safe=1 reason=global_ok+active_ok retry_count=0 basis_cols_before=58 basis_cols_trial=59
IPT Davidson auto clusters: step=21 count=1 converged_tol=9.9999999999999998e-13 active_max_used=0 correction_max_per_step_used=0
IPT Davidson auto cluster: step=21 cluster=0 source=auto_gap members=28,29 size=2 min_abs_gap=0.010885675806200368 min_rel_gap=0.00027894894765516099 cluster_max_residual=1.7994843421897385e-09 cluster_fro_residual=1.7994844298920411e-09 correction_members=29 correction_member_count=1 skipped_converged_in_cluster=28
IPT Davidson active selection: step=21 auto_cluster_mode=1 legacy_force_mode=0 cluster_count=1 correction_members=29 correction_member_count=1 fallback_cap=30 active_max_used=0
IPT Davidson cluster trial: step=21 retry=0 cluster=0 source=auto_gap members=28,29 overlap_assignment=28->28;29->29 fro_before=1.7994844298920411e-09 fro_after=7.5201138105895943e-10 max_before=1.7994843421897385e-09 max_after=7.5201117294753446e-10 active_ok=1 locked_safe=1 permutation=0
IPT Davidson trial decision: step=21 selected_active_pairs=29 accepted=1 global_ok=1 active_ok=1 locked_safe=1 reason=global_ok+active_ok retry_count=0 basis_cols_before=59 basis_cols_trial=60
IPT Davidson auto clusters: step=22 count=1 converged_tol=9.9999999999999998e-13 active_max_used=0 correction_max_per_step_used=0
IPT Davidson auto cluster: step=22 cluster=0 source=auto_gap members=28,29 size=2 min_abs_gap=0.010885675806207473 min_rel_gap=0.00027894894765534298 cluster_max_residual=7.5201117294753446e-10 cluster_fro_residual=7.5201138105895943e-10 correction_members=29 correction_member_count=1 skipped_converged_in_cluster=28
IPT Davidson active selection: step=22 auto_cluster_mode=1 legacy_force_mode=0 cluster_count=1 correction_members=29 correction_member_count=1 fallback_cap=30 active_max_used=0
IPT Davidson cluster trial: step=22 retry=0 cluster=0 source=auto_gap members=28,29 overlap_assignment=28->28;29->29 fro_before=7.5201138105895943e-10 fro_after=3.6748277574946871e-10 max_before=7.5201117294753446e-10 max_after=3.6748234974431959e-10 active_ok=1 locked_safe=1 permutation=0
IPT Davidson trial decision: step=22 selected_active_pairs=29 accepted=1 global_ok=1 active_ok=1 locked_safe=1 reason=global_ok+active_ok retry_count=0 basis_cols_before=60 basis_cols_trial=61
IPT Davidson auto clusters: step=23 count=1 converged_tol=9.9999999999999998e-13 active_max_used=0 correction_max_per_step_used=0
IPT Davidson auto cluster: step=23 cluster=0 source=auto_gap members=28,29 size=2 min_abs_gap=0.010885675806157735 min_rel_gap=0.00027894894765406855 cluster_max_residual=3.6748234974431959e-10 cluster_fro_residual=3.6748277574946871e-10 correction_members=29 correction_member_count=1 skipped_converged_in_cluster=28
IPT Davidson active selection: step=23 auto_cluster_mode=1 legacy_force_mode=0 cluster_count=1 correction_members=29 correction_member_count=1 fallback_cap=30 active_max_used=0
IPT Davidson cluster trial: step=23 retry=0 cluster=0 source=auto_gap members=28,29 overlap_assignment=28->28;29->29 fro_before=3.6748277574946871e-10 fro_after=1.9548528095489901e-10 max_before=3.6748234974431959e-10 max_after=1.9548448013021369e-10 active_ok=1 locked_safe=1 permutation=0
IPT Davidson trial decision: step=23 selected_active_pairs=29 accepted=1 global_ok=1 active_ok=1 locked_safe=1 reason=global_ok+active_ok retry_count=0 basis_cols_before=61 basis_cols_trial=62
IPT Davidson auto clusters: step=24 count=1 converged_tol=9.9999999999999998e-13 active_max_used=0 correction_max_per_step_used=0
IPT Davidson auto cluster: step=24 cluster=0 source=auto_gap members=28,29 size=2 min_abs_gap=0.010885675806193262 min_rel_gap=0.0002789489476549789 cluster_max_residual=1.9548448013021369e-10 cluster_fro_residual=1.9548528095489901e-10 correction_members=29 correction_member_count=1 skipped_converged_in_cluster=28
IPT Davidson active selection: step=24 auto_cluster_mode=1 legacy_force_mode=0 cluster_count=1 correction_members=29 correction_member_count=1 fallback_cap=30 active_max_used=0
IPT Davidson cluster trial: step=24 retry=0 cluster=0 source=auto_gap members=28,29 overlap_assignment=28->28;29->29 fro_before=1.9548528095489901e-10 fro_after=9.0175390536167494e-11 max_before=1.9548448013021369e-10 max_after=9.0173661507606308e-11 active_ok=1 locked_safe=1 permutation=0
IPT Davidson trial decision: step=24 selected_active_pairs=29 accepted=1 global_ok=1 active_ok=1 locked_safe=1 reason=global_ok+active_ok retry_count=0 basis_cols_before=62 basis_cols_trial=63
IPT Davidson auto clusters: step=25 count=1 converged_tol=9.9999999999999998e-13 active_max_used=0 correction_max_per_step_used=0
IPT Davidson auto cluster: step=25 cluster=0 source=auto_gap members=28,29 size=2 min_abs_gap=0.010885675806243 min_rel_gap=0.00027894894765625311 cluster_max_residual=9.0173661507606308e-11 cluster_fro_residual=9.0175390536167494e-11 correction_members=29 correction_member_count=1 skipped_converged_in_cluster=28
IPT Davidson active selection: step=25 auto_cluster_mode=1 legacy_force_mode=0 cluster_count=1 correction_members=29 correction_member_count=1 fallback_cap=30 active_max_used=0
IPT Davidson cluster trial: step=25 retry=0 cluster=0 source=auto_gap members=28,29 overlap_assignment=28->28;29->29 fro_before=9.0175390536167494e-11 fro_after=4.3310925712756694e-11 max_before=9.0173661507606308e-11 max_after=4.3307313213124025e-11 active_ok=1 locked_safe=1 permutation=0
IPT Davidson trial decision: step=25 selected_active_pairs=29 accepted=1 global_ok=1 active_ok=1 locked_safe=1 reason=global_ok+active_ok retry_count=0 basis_cols_before=63 basis_cols_trial=64
IPT Davidson auto clusters: step=26 count=1 converged_tol=9.9999999999999998e-13 active_max_used=0 correction_max_per_step_used=0
IPT Davidson auto cluster: step=26 cluster=0 source=auto_gap members=28,29 size=2 min_abs_gap=0.010885675806228789 min_rel_gap=0.00027894894765588909 cluster_max_residual=4.3307313213124025e-11 cluster_fro_residual=4.3310925712756694e-11 correction_members=29 correction_member_count=1 skipped_converged_in_cluster=28
IPT Davidson active selection: step=26 auto_cluster_mode=1 legacy_force_mode=0 cluster_count=1 correction_members=29 correction_member_count=1 fallback_cap=30 active_max_used=0
IPT Davidson cluster trial: step=26 retry=0 cluster=0 source=auto_gap members=28,29 overlap_assignment=28->28;29->29 fro_before=4.3310925712756694e-11 fro_after=3.0251823892482545e-11 max_before=4.3307313213124025e-11 max_after=3.0246650667064041e-11 active_ok=1 locked_safe=1 permutation=0
IPT Davidson trial decision: step=26 selected_active_pairs=29 accepted=1 global_ok=1 active_ok=1 locked_safe=1 reason=global_ok+active_ok retry_count=0 basis_cols_before=64 basis_cols_trial=65
IPT Davidson auto clusters: step=27 count=1 converged_tol=9.9999999999999998e-13 active_max_used=0 correction_max_per_step_used=0
IPT Davidson auto cluster: step=27 cluster=0 source=auto_gap members=28,29 size=2 min_abs_gap=0.010885675806250106 min_rel_gap=0.00027894894765643542 cluster_max_residual=3.0246650667064041e-11 cluster_fro_residual=3.0251823892482545e-11 correction_members=29 correction_member_count=1 skipped_converged_in_cluster=28
IPT Davidson active selection: step=27 auto_cluster_mode=1 legacy_force_mode=0 cluster_count=1 correction_members=29 correction_member_count=1 fallback_cap=30 active_max_used=0
IPT Davidson cluster trial: step=27 retry=0 cluster=0 source=auto_gap members=28,29 overlap_assignment=28->28;29->29 fro_before=3.0251823892482545e-11 fro_after=1.9607833397334695e-11 max_before=3.0246650667064041e-11 max_after=1.9599849132814916e-11 active_ok=1 locked_safe=1 permutation=0
IPT Davidson trial decision: step=27 selected_active_pairs=29 accepted=1 global_ok=1 active_ok=1 locked_safe=1 reason=global_ok+active_ok retry_count=0 basis_cols_before=65 basis_cols_trial=66
IPT Davidson auto clusters: step=28 count=1 converged_tol=9.9999999999999998e-13 active_max_used=0 correction_max_per_step_used=0
IPT Davidson auto cluster: step=28 cluster=0 source=auto_gap members=28,29 size=2 min_abs_gap=0.010885675806271422 min_rel_gap=0.00027894894765698153 cluster_max_residual=1.9599849132814916e-11 cluster_fro_residual=1.9607833397334695e-11 correction_members=29 correction_member_count=1 skipped_converged_in_cluster=28
IPT Davidson active selection: step=28 auto_cluster_mode=1 legacy_force_mode=0 cluster_count=1 correction_members=29 correction_member_count=1 fallback_cap=30 active_max_used=0
IPT Davidson cluster trial: step=28 retry=0 cluster=0 source=auto_gap members=28,29 overlap_assignment=28->28;29->29 fro_before=1.9607833397334695e-11 fro_after=9.9963699378142508e-12 max_before=1.9599849132814916e-11 max_after=9.9806702010744218e-12 active_ok=1 locked_safe=1 permutation=0
IPT Davidson trial decision: step=28 selected_active_pairs=29 accepted=1 global_ok=1 active_ok=1 locked_safe=1 reason=global_ok+active_ok retry_count=0 basis_cols_before=66 basis_cols_trial=67
IPT Davidson auto clusters: step=29 count=1 converged_tol=9.9999999999999998e-13 active_max_used=0 correction_max_per_step_used=0
IPT Davidson auto cluster: step=29 cluster=0 source=auto_gap members=28,29 size=2 min_abs_gap=0.010885675806264317 min_rel_gap=0.00027894894765679955 cluster_max_residual=9.9806702010744218e-12 cluster_fro_residual=9.9963699378142508e-12 correction_members=29 correction_member_count=1 skipped_converged_in_cluster=28
IPT Davidson active selection: step=29 auto_cluster_mode=1 legacy_force_mode=0 cluster_count=1 correction_members=29 correction_member_count=1 fallback_cap=30 active_max_used=0
IPT Davidson cluster trial: step=29 retry=0 cluster=0 source=auto_gap members=28,29 overlap_assignment=28->28;29->29 fro_before=9.9963699378142508e-12 fro_after=5.0950929907866822e-12 max_before=9.9806702010744218e-12 max_after=5.0643150502057098e-12 active_ok=1 locked_safe=1 permutation=0
IPT Davidson trial decision: step=29 selected_active_pairs=29 accepted=1 global_ok=1 active_ok=1 locked_safe=1 reason=global_ok+active_ok retry_count=0 basis_cols_before=67 basis_cols_trial=68
IPT Davidson auto clusters: step=30 count=1 converged_tol=9.9999999999999998e-13 active_max_used=0 correction_max_per_step_used=0
IPT Davidson auto cluster: step=30 cluster=0 source=auto_gap members=28,29 size=2 min_abs_gap=0.010885675806264317 min_rel_gap=0.00027894894765679944 cluster_max_residual=5.0643150502057098e-12 cluster_fro_residual=5.0950929907866822e-12 correction_members=29 correction_member_count=1 skipped_converged_in_cluster=28
IPT Davidson active selection: step=30 auto_cluster_mode=1 legacy_force_mode=0 cluster_count=1 correction_members=29 correction_member_count=1 fallback_cap=30 active_max_used=0
IPT Davidson cluster trial: step=30 retry=0 cluster=0 source=auto_gap members=28,29 overlap_assignment=28->28;29->29 fro_before=5.0950929907866822e-12 fro_after=2.9529529247895374e-12 max_before=5.0643150502057098e-12 max_after=2.899475234548545e-12 active_ok=1 locked_safe=1 permutation=0
IPT Davidson trial decision: step=30 selected_active_pairs=29 accepted=1 global_ok=1 active_ok=1 locked_safe=1 reason=global_ok+active_ok retry_count=0 basis_cols_before=68 basis_cols_trial=69
IPT Davidson auto clusters: step=31 count=1 converged_tol=9.9999999999999998e-13 active_max_used=0 correction_max_per_step_used=0
IPT Davidson auto cluster: step=31 cluster=0 source=auto_gap members=28,29 size=2 min_abs_gap=0.010885675806264317 min_rel_gap=0.00027894894765679933 cluster_max_residual=2.899475234548545e-12 cluster_fro_residual=2.9529529247895374e-12 correction_members=29 correction_member_count=1 skipped_converged_in_cluster=28
IPT Davidson active selection: step=31 auto_cluster_mode=1 legacy_force_mode=0 cluster_count=1 correction_members=29 correction_member_count=1 fallback_cap=30 active_max_used=0
IPT Davidson cluster trial: step=31 retry=0 cluster=0 source=auto_gap members=28,29 overlap_assignment=28->28;29->29 fro_before=2.9529529247895374e-12 fro_after=1.9773895954134286e-12 max_before=2.899475234548545e-12 max_after=1.8966444296456261e-12 active_ok=1 locked_safe=1 permutation=0
IPT Davidson trial decision: step=31 selected_active_pairs=29 accepted=1 global_ok=1 active_ok=1 locked_safe=1 reason=global_ok+active_ok retry_count=0 basis_cols_before=69 basis_cols_trial=70
IPT Davidson auto clusters: step=32 count=1 converged_tol=9.9999999999999998e-13 active_max_used=0 correction_max_per_step_used=0
IPT Davidson auto cluster: step=32 cluster=0 source=auto_gap members=28,29 size=2 min_abs_gap=0.010885675806299844 min_rel_gap=0.00027894894765770947 cluster_max_residual=1.8966444296456261e-12 cluster_fro_residual=1.9773895954134286e-12 correction_members=29 correction_member_count=1 skipped_converged_in_cluster=28
IPT Davidson active selection: step=32 auto_cluster_mode=1 legacy_force_mode=0 cluster_count=1 correction_members=29 correction_member_count=1 fallback_cap=30 active_max_used=0
IPT Davidson cluster trial: step=32 retry=0 cluster=0 source=auto_gap members=28,29 overlap_assignment=28->28;29->29 fro_before=1.9773895954134286e-12 fro_after=1.2884717554210173e-12 max_before=1.8966444296456261e-12 max_after=1.1605900485233027e-12 active_ok=1 locked_safe=1 permutation=0
IPT Davidson trial decision: step=32 selected_active_pairs=29 accepted=1 global_ok=1 active_ok=1 locked_safe=1 reason=global_ok+active_ok retry_count=0 basis_cols_before=70 basis_cols_trial=71
IPT Davidson auto clusters: step=33 count=1 converged_tol=9.9999999999999998e-13 active_max_used=0 correction_max_per_step_used=0
IPT Davidson auto cluster: step=33 cluster=0 source=auto_gap members=28,29 size=2 min_abs_gap=0.010885675806292738 min_rel_gap=0.00027894894765752765 cluster_max_residual=1.1605900485233027e-12 cluster_fro_residual=1.2884717554210173e-12 correction_members=29 correction_member_count=1 skipped_converged_in_cluster=28
IPT Davidson active selection: step=33 auto_cluster_mode=1 legacy_force_mode=0 cluster_count=1 correction_members=29 correction_member_count=1 fallback_cap=30 active_max_used=0
IPT Davidson cluster trial: step=33 retry=0 cluster=0 source=auto_gap members=28,29 overlap_assignment=28->28;29->29 fro_before=1.2884717554210173e-12 fro_after=8.4912640396756603e-13 max_before=1.1605900485233027e-12 max_after=6.4245871631582439e-13 active_ok=1 locked_safe=1 permutation=0
IPT Davidson trial decision: step=33 selected_active_pairs=29 accepted=1 global_ok=1 active_ok=1 locked_safe=1 reason=global_ok+active_ok retry_count=0 basis_cols_before=71 basis_cols_trial=72
IPT Davidson auto clusters: step=34 count=0 converged_tol=9.9999999999999998e-13 active_max_used=0 correction_max_per_step_used=0
IPT Davidson active selection: step=34 auto_cluster_mode=0 legacy_force_mode=0 cluster_count=0 correction_members=29,28,24,27,25,26,22,14,23,13,19,21,8,9,20,1,7,6,10,5,18,12,15,16,11,3,2,4,17,0 correction_member_count=30 fallback_cap=1 active_max_used=0
repeat 1 IPT_GPU_BLOCK requested_k=30 basis_cols=72 returned_k=30 solve=4.642917e+00 preparation=4.021980e+00 setup=2.195191e+00 iteration=1.187168e+00 rr=3.455749e+00 api_total=2.067245e+01 relative_fixed_point_residual=2.205e+00 max_relative_eigen_residual=6.425e-13 best_so_far_updated=1 best_so_far_step=33 best_so_far_max_residual=6.425e-13 final_returned_from_best_so_far=0 pair28_best_residual=5.552e-13 pair29_best_residual=6.425e-13 relaxed_accept_enabled=1 accepted_steps=33 rejected_steps=1 min_accepted_steps=12 early_jump_to_continuation=0 status=success
wrote /fs1/home/nudt_liujie/ftt/IPT_C_GPU/results/sparse/CH4_K30_debug/ipt_vs_primme_k30_v1/cluster_fix_auto_final_gpu_20260706_run1/ipt_block_active_davidson/ch4_sto6g_fci_15876_ipt_relative_trials.csv
wrote /fs1/home/nudt_liujie/ftt/IPT_C_GPU/results/sparse/CH4_K30_debug/ipt_vs_primme_k30_v1/cluster_fix_auto_final_gpu_20260706_run1/ipt_block_active_davidson/ch4_sto6g_fci_15876_ipt_relative_summary.txt
wrote /fs1/home/nudt_liujie/ftt/IPT_C_GPU/results/sparse/CH4_K30_debug/ipt_vs_primme_k30_v1/cluster_fix_auto_final_gpu_20260706_run1/ipt_block_active_davidson/ch4_sto6g_fci_15876_pair_residuals.csv
wrote /fs1/home/nudt_liujie/ftt/IPT_C_GPU/results/sparse/CH4_K30_debug/ipt_vs_primme_k30_v1/cluster_fix_auto_final_gpu_20260706_run1/ipt_block_active_davidson/ch4_sto6g_fci_15876_davidson_history.csv
wrote /fs1/home/nudt_liujie/ftt/IPT_C_GPU/results/sparse/CH4_K30_debug/ipt_vs_primme_k30_v1/cluster_fix_auto_final_gpu_20260706_run1/ipt_block_active_davidson/ch4_sto6g_fci_15876_davidson_selection_history.csv
wrote /fs1/home/nudt_liujie/ftt/IPT_C_GPU/results/sparse/CH4_K30_debug/ipt_vs_primme_k30_v1/cluster_fix_auto_final_gpu_20260706_run1/ipt_block_active_davidson/ch4_sto6g_fci_15876_davidson_block_history.csv
wrote /fs1/home/nudt_liujie/ftt/IPT_C_GPU/results/sparse/CH4_K30_debug/ipt_vs_primme_k30_v1/cluster_fix_auto_final_gpu_20260706_run1/ipt_block_active_davidson/ch4_sto6g_fci_15876_jd_local_history.csv
===== output files =====
/fs1/home/nudt_liujie/ftt/IPT_C_GPU/logs/sparse/CH4_K30_dubug/ipt_vs_primme_k30_v1/cluster_fix_auto_final_gpu_20260706_run1/ipt_block_active_davidson:
total 44K
-rw-r--r-- 1 nudt_liujie nudt_liujie 45K Jul  6 23:00 ch4_sto6g_fci_15876_ipt_3110929.log
lrwxrwxrwx 1 nudt_liujie nudt_liujie 185 Jul  6 23:00 latest_ch4_sto6g_fci_15876_ipt.log -> /fs1/home/nudt_liujie/ftt/IPT_C_GPU/logs/sparse/CH4_K30_dubug/ipt_vs_primme_k30_v1/cluster_fix_auto_final_gpu_20260706_run1/ipt_block_active_davidson/ch4_sto6g_fci_15876_ipt_3110929.log

/fs1/home/nudt_liujie/ftt/IPT_C_GPU/results/sparse/CH4_K30_debug/ipt_vs_primme_k30_v1/cluster_fix_auto_final_gpu_20260706_run1/ipt_block_active_davidson:
total 3.5K
-rw-r--r-- 1 nudt_liujie nudt_liujie 3.2K Jul  6 23:00 ch4_sto6g_fci_15876_davidson_block_history.csv
-rw-r--r-- 1 nudt_liujie nudt_liujie  21K Jul  6 23:00 ch4_sto6g_fci_15876_davidson_history.csv
-rw-r--r-- 1 nudt_liujie nudt_liujie 6.1K Jul  6 23:00 ch4_sto6g_fci_15876_davidson_selection_history.csv
-rw-r--r-- 1 nudt_liujie nudt_liujie 6.2K Jul  6 23:00 ch4_sto6g_fci_15876_ipt_relative_summary.txt
-rw-r--r-- 1 nudt_liujie nudt_liujie 1014 Jul  6 23:00 ch4_sto6g_fci_15876_ipt_relative_trials.csv
-rw-r--r-- 1 nudt_liujie nudt_liujie  833 Jul  6 23:00 ch4_sto6g_fci_15876_jd_local_history.csv
-rw-r--r-- 1 nudt_liujie nudt_liujie 2.5K Jul  6 23:00 ch4_sto6g_fci_15876_pair_residuals.csv
finished at: Mon Jul  6 23:00:40 CST 2026
