===== CH4/STO-6G full FCI IPT sparse benchmark =====
Thu Jul  2 20:42:26 CST 2026
gsn0
SLURM_JOB_ID=3089711
CUDA_VISIBLE_DEVICES=0
IPT_REPEATS=1
IPT_TOL=1e-12
IPT_MAXITER=200
IPT_K=30
IPT_BLOCK_CLUSTER=1
IPT_BLOCK_CLUSTER_OVERSAMPLE=3
IPT_BLOCK_CLUSTER_QR=1
IPT_BLOCK_CLUSTER_ADAPTIVE=0
IPT_BLOCK_CLUSTER_COUPLING_TAU=0.1
IPT_DAVIDSON_ENRICH=1
IPT_DAVIDSON_STEPS=30
IPT_DAVIDSON_EXTRA_STEPS=20
IPT_DAVIDSON_ACTIVE_MAX=2
IPT_DAVIDSON_SELECT_TOL=1e-12
IPT_DAVIDSON_CONVERGED_TOL=1e-13
IPT_DAVIDSON_ACTIVE_TOL=1e-13
IPT_DAVIDSON_FORCE_ACTIVE_PAIRS=28,29
IPT_DAVIDSON_BLOCK_ACTIVE=1
IPT_DAVIDSON_DENOM_CLIP=1e-8
IPT_DAVIDSON_ACCEPT_ONLY_IF_IMPROVES=1
IPT_DAVIDSON_ORTHO_REPEATS=3
IPT_DAVIDSON_PROTECT_TOL=1e-10
IPT_DAVIDSON_LOCKED_TOL=1e-12
IPT_DAVIDSON_RESTART_EVERY=20
IPT_DAVIDSON_RESTART_KEEP_EXTRA=5
IPT_DUMP_RESIDUAL_SUPPORT=0
IPT_RESIDUAL_SUPPORT_PAIR=29
IPT_RESIDUAL_SUPPORT_TOP=100
IPT_JD_LOCAL_CORRECTION=0
IPT_JD_LOCAL_ACTIVE_PAIRS=29
IPT_JD_LOCAL_WINDOW_START=25
IPT_JD_LOCAL_WINDOW_END=40
IPT_JD_LOCAL_DAMPING=1e-8
IPT_JD_LOCAL_MAX_DIM=80
IPT_JD_LOCAL_SET=window
IPT_JD_LOCAL_SUPPORT_TOP=80
IPT_JD_LOCAL_OUTSIDE_CORRECTION=none
IPT_JD_LOCAL_STEPS=1
IPT_JD_ACCEPT_ONLY_IF_IMPROVES=1
IPT_CH4_MATRIX_CACHE=/fs1/home/nudt_liujie/ftt/IPT_C_GPU/results/sparse/CH4_K30_debug/ch4_sto6g_fci_15876_csc.bin
IPT_SAVE_MATRIX=0
IPT_LOAD_MATRIX=1
IPT_DUMP_DIAG_GAPS=0
IPT_DUMP_PAIR_RESIDUALS=1
IPT_DUMP_COUPLING_GAP=0
IPT_RITZ_CHECK_INTERVAL=0
RUN_PRIMME=0
RUN_WARMUP=0
IPT_EST_NNZ_PER_COL=800
Currently Loaded Modulefiles:
 1) GCC/12.2.0   2) CUDA/12.2  
numpy 1.21.5 /fs1/software/hpcsystem/THL7/software/pyscf/2.0.1-py3.8/lib/python3.8/site-packages/numpy/__init__.py
scipy 1.7.3 /fs1/software/hpcsystem/THL7/software/pyscf/2.0.1-py3.8/lib/python3.8/site-packages/scipy/__init__.py
pyscf 2.0.1 /fs1/software/hpcsystem/THL7/software/pyscf/2.0.1-py3.8/lib/python3.8/site-packages/pyscf/__init__.py
nvcc: NVIDIA (R) Cuda compiler driver
Copyright (c) 2005-2023 NVIDIA Corporation
Built on Tue_Jun_13_19:16:58_PDT_2023
Cuda compilation tools, release 12.2, V12.2.91
Build cuda_12.2.r12.2/compiler.32965470_0
Thu Jul  2 20:42:59 2026       
+---------------------------------------------------------------------------------------+
| NVIDIA-SMI 535.104.12             Driver Version: 535.104.12   CUDA Version: 12.2     |
|-----------------------------------------+----------------------+----------------------+
| GPU  Name                 Persistence-M | Bus-Id        Disp.A | Volatile Uncorr. ECC |
| Fan  Temp   Perf          Pwr:Usage/Cap |         Memory-Usage | GPU-Util  Compute M. |
|                                         |                      |               MIG M. |
|=========================================+======================+======================|
|   0  NVIDIA A100-SXM4-80GB          Off | 00000000:51:00.0 Off |                    0 |
| N/A   29C    P0              58W / 400W |      4MiB / 81920MiB |      0%      Default |
|                                         |                      |             Disabled |
+-----------------------------------------+----------------------+----------------------+
                                                                                         
+---------------------------------------------------------------------------------------+
| Processes:                                                                            |
|  GPU   GI   CI        PID   Type   Process name                            GPU Memory |
|        ID   ID                                                             Usage      |
|=======================================================================================|
|  No running processes found                                                           |
+---------------------------------------------------------------------------------------+
===== build =====
+ nvcc -O3 -std=c++14 -lineinfo -arch=sm_80 -I/fs1/home/nudt_liujie/ftt/primme-3.2.3/include -I/fs1/software/python/3.8_miniconda_4.10.3/include/python3.8 /fs1/home/nudt_liujie/ftt/IPT_C_GPU/test/sparse/CH4/benchmark_ch4_sto6g_fci_15876_ipt.cu /fs1/home/nudt_liujie/ftt/primme-3.2.3/lib/libprimme.a -o /fs1/home/nudt_liujie/ftt/IPT_C_GPU/test/sparse/CH4/benchmark_ch4_sto6g_fci_15876_ipt_cuda -lcublas -lcusparse -lcusolver -lcudart -L/fs1/software/python/3.8_miniconda_4.10.3/lib -lpython3.8 -L/fs1/home/nudt_liujie/ftt/IPT_C_GPU/test/sparse/CH4 -lopenblas -lpthread -ldl -lutil -lrt -Xlinker -rpath -Xlinker /fs1/software/gcc/12.2.0/lib64 -Xlinker -rpath -Xlinker /fs1/software/python/3.8_miniconda_4.10.3/lib -Xlinker -rpath -Xlinker /fs1/software/cp2k/8.1-gcc8.4-openmpi/lib -lgfortran /fs1/software/gcc/12.2.0/lib64/libstdc++.so -lm
/fs1/home/nudt_liujie/ftt/IPT_C_GPU/test/sparse/CH4/benchmark_ch4_sto6g_fci_15876_ipt.cu(916): warning #177-D: function "primme_matvec" was declared but never referenced
  static void primme_matvec(void *x, int64_t *ldx, void *y, int64_t *ldy,
              ^

Remark: The warnings can be suppressed with "-diag-suppress <warning-number>"

+ set +x
===== run =====
Loaded fixed CH4 CSC matrix cache from /fs1/home/nudt_liujie/ftt/IPT_C_GPU/results/sparse/CH4_K30_debug/ch4_sto6g_fci_15876_csc.bin
CH4/STO-6G full FCI CSC benchmark: n=15876 nnz=8905697 k=30 repeats=1 tol=1.000e-12 run_primme=0
Matrix/integral generation time 0.000000 sec is excluded from PRIMME/IPT timings.
repeat 1 IPT_GPU_BLOCK requested_k=30 basis_cols=39 returned_k=30 solve=2.071464e+00 preparation=4.512547e+00 setup=5.068474e-01 iteration=1.212736e+00 rr=8.587275e-01 api_total=9.426291e+00 relative_fixed_point_residual=1.254e+01 max_relative_eigen_residual=4.968e-05 status=failed
wrote /fs1/home/nudt_liujie/ftt/IPT_C_GPU/results/sparse/CH4_K30_debug/ipt_vs_primme_k30_v1/3089711/ipt_block_active_davidson/ch4_sto6g_fci_15876_ipt_relative_trials.csv
wrote /fs1/home/nudt_liujie/ftt/IPT_C_GPU/results/sparse/CH4_K30_debug/ipt_vs_primme_k30_v1/3089711/ipt_block_active_davidson/ch4_sto6g_fci_15876_ipt_relative_summary.txt
wrote /fs1/home/nudt_liujie/ftt/IPT_C_GPU/results/sparse/CH4_K30_debug/ipt_vs_primme_k30_v1/3089711/ipt_block_active_davidson/ch4_sto6g_fci_15876_pair_residuals.csv
wrote /fs1/home/nudt_liujie/ftt/IPT_C_GPU/results/sparse/CH4_K30_debug/ipt_vs_primme_k30_v1/3089711/ipt_block_active_davidson/ch4_sto6g_fci_15876_davidson_history.csv
wrote /fs1/home/nudt_liujie/ftt/IPT_C_GPU/results/sparse/CH4_K30_debug/ipt_vs_primme_k30_v1/3089711/ipt_block_active_davidson/ch4_sto6g_fci_15876_davidson_selection_history.csv
wrote /fs1/home/nudt_liujie/ftt/IPT_C_GPU/results/sparse/CH4_K30_debug/ipt_vs_primme_k30_v1/3089711/ipt_block_active_davidson/ch4_sto6g_fci_15876_davidson_block_history.csv
wrote /fs1/home/nudt_liujie/ftt/IPT_C_GPU/results/sparse/CH4_K30_debug/ipt_vs_primme_k30_v1/3089711/ipt_block_active_davidson/ch4_sto6g_fci_15876_jd_local_history.csv
