===== Rayleigh mixed no-normalize smoke job =====
Mon Jun 15 15:46:00 CST 2026
gsn0
SLURM_JOB_ID=3018415
SLURM_JOB_NODELIST=gsn0
CUDA_VISIBLE_DEVICES=0
IPT_C_ROOT=/fs1/home/nudt_liujie/ftt/IPT_C_GPU
SRC_DIR=/fs1/home/nudt_liujie/ftt/IPT_C_GPU/src/mixed_precision
TEST_DIR=/fs1/home/nudt_liujie/ftt/IPT_C_GPU/test/rayleigh_mixed
IPT_C_RESULTS_DIR=/fs1/home/nudt_liujie/ftt/IPT_C_GPU/results/rayleigh_mixed
IPT_C_LOG_DIR=/fs1/home/nudt_liujie/ftt/IPT_C_GPU/logs/rayleigh_mixed
IPT_SUMMARY_TXT=/fs1/home/nudt_liujie/ftt/IPT_C_GPU/results/rayleigh_mixed/rayleigh_mixed_no_norm_smoke_summary.txt
IPT_SWEEP_NS=4096,8192,16384,26000
IPT_EPSILON_VALUES=0.06
IPT_TF32_TOL=1e-6
IPT_TF32_MAXITER=1000
IPT_TOL=1e-12
IPT_MAXITER=1000
IPT_REPEATS=5
IPT_WARMUP_N=128
IPT_APPEND_RESULTS=false
IPT_SKIP_EXISTING=false
Currently Loaded Modulefiles:
 1) GCC/12.2.0   2) CUDA/12.2  

Mon Jun 15 15:46:00 2026       
+---------------------------------------------------------------------------------------+
| NVIDIA-SMI 535.104.12             Driver Version: 535.104.12   CUDA Version: 12.2     |
|-----------------------------------------+----------------------+----------------------+
| GPU  Name                 Persistence-M | Bus-Id        Disp.A | Volatile Uncorr. ECC |
| Fan  Temp   Perf          Pwr:Usage/Cap |         Memory-Usage | GPU-Util  Compute M. |
|                                         |                      |               MIG M. |
|=========================================+======================+======================|
|   0  NVIDIA A100-SXM4-80GB          Off | 00000000:A4:00.0 Off |                    0 |
| N/A   31C    P0              63W / 400W |      4MiB / 81920MiB |      0%      Default |
|                                         |                      |             Disabled |
+-----------------------------------------+----------------------+----------------------+
                                                                                         
+---------------------------------------------------------------------------------------+
| Processes:                                                                            |
|  GPU   GI   CI        PID   Type   Process name                            GPU Memory |
|        ID   ID                                                             Usage      |
|=======================================================================================|
|  No running processes found                                                           |
+---------------------------------------------------------------------------------------+

===== build =====

===== run =====
===== Rayleigh mixed QR sweep =====
results_dir=/fs1/home/nudt_liujie/ftt/IPT_C_GPU/results/rayleigh_mixed logs_dir=/fs1/home/nudt_liujie/ftt/IPT_C_GPU/logs/rayleigh_mixed summary=/fs1/home/nudt_liujie/ftt/IPT_C_GPU/results/rayleigh_mixed/rayleigh_mixed_no_norm_smoke_summary.txt
N values = 4096, 8192, 16384, 26000
epsilon values = 0.06
tf32_tol=9.9999999999999995e-07 fp64_tol=9.9999999999999998e-13 repeats=5 gpu=NVIDIA A100-SXM4-80GB
CUDA memory at start: free 78.722 GiB / total 79.151 GiB
===== warmup N=128 =====
===== warmup done =====

===== epsilon=0.06 N=4096 =====
CUDA memory before matrix: free 78.722 GiB / total 79.151 GiB
host matrix generated in 0.62997122 s
CUDA memory after matrix: free 78.597 GiB / total 79.151 GiB
Rayleigh mixed QR warmup for N=4096
  rayleigh run 1/5: tf32=0.016580166 s, orth=0.066323741 s, transform=0.016145817 s, fp64=0.032976622 s, back=0.0078948219 s, total=0.13992117 s, tf32_fp=3.9924544e-07, fp64_fp=1.9093667e-15, abs_res=nan, iters=7/3, status=ok
  rayleigh run 2/5: tf32=0.015991559 s, orth=0.066087302 s, transform=0.015875072 s, fp64=0.033019192 s, back=0.007905025 s, total=0.13887815 s, tf32_fp=3.9924544e-07, fp64_fp=1.9093667e-15, abs_res=nan, iters=7/3, status=ok
  rayleigh run 3/5: tf32=0.01506906 s, orth=0.066184106 s, transform=0.015933498 s, fp64=0.032864971 s, back=0.0079512652 s, total=0.1380029 s, tf32_fp=3.9924544e-07, fp64_fp=1.9093667e-15, abs_res=nan, iters=7/3, status=ok
  rayleigh run 4/5: tf32=0.015088957 s, orth=0.065497763 s, transform=0.015860885 s, fp64=0.032775848 s, back=0.0079125632 s, total=0.13713602 s, tf32_fp=3.9924544e-07, fp64_fp=1.9093667e-15, abs_res=nan, iters=7/3, status=ok
  rayleigh run 5/5: tf32=0.015143205 s, orth=0.066128087 s, transform=0.015995222 s, fp64=0.03275121 s, back=0.0078524151 s, total=0.13787014 s, tf32_fp=3.9924544e-07, fp64_fp=1.9093667e-15, abs_res=2.1426921e-09, iters=7/3, status=ok
CUDA memory after cleanup: free 78.722 GiB / total 79.151 GiB

===== epsilon=0.06 N=8192 =====
CUDA memory before matrix: free 78.722 GiB / total 79.151 GiB
host matrix generated in 3.1102803 s
CUDA memory after matrix: free 78.222 GiB / total 79.151 GiB
Rayleigh mixed QR warmup for N=8192
  rayleigh run 1/5: tf32=0.089661305 s, orth=0.24321023 s, transform=0.1238753 s, fp64=0.25783564 s, back=0.061671613 s, total=0.77625409 s, tf32_fp=4.6641011e-07, fp64_fp=2.3042349e-15, abs_res=nan, iters=7/3, status=ok
  rayleigh run 2/5: tf32=0.069224863 s, orth=0.98652595 s, transform=0.12887927 s, fp64=0.45190588 s, back=0.061498076 s, total=1.698034 s, tf32_fp=4.6641011e-07, fp64_fp=2.3042349e-15, abs_res=nan, iters=7/3, status=ok
  rayleigh run 3/5: tf32=0.070312629 s, orth=0.24311963 s, transform=0.12415393 s, fp64=0.25492061 s, back=0.061181563 s, total=0.75368836 s, tf32_fp=4.6641011e-07, fp64_fp=2.3042349e-15, abs_res=nan, iters=7/3, status=ok
  rayleigh run 4/5: tf32=0.069990733 s, orth=0.24337634 s, transform=0.12444015 s, fp64=0.25464113 s, back=0.061503887 s, total=0.75395225 s, tf32_fp=4.6641011e-07, fp64_fp=2.3042349e-15, abs_res=nan, iters=7/3, status=ok
  rayleigh run 5/5: tf32=0.068670612 s, orth=0.24383967 s, transform=0.12455852 s, fp64=0.25251029 s, back=0.06101895 s, total=0.75059804 s, tf32_fp=4.6641011e-07, fp64_fp=2.3042349e-15, abs_res=8.2038316e-09, iters=7/3, status=ok
CUDA memory after cleanup: free 78.722 GiB / total 79.151 GiB

===== epsilon=0.06 N=16384 =====
CUDA memory before matrix: free 78.722 GiB / total 79.151 GiB
host matrix generated in 13.860597 s
CUDA memory after matrix: free 76.722 GiB / total 79.151 GiB
Rayleigh mixed QR warmup for N=16384
  rayleigh run 1/5: tf32=0.51120927 s, orth=1.1358093 s, transform=1.0438291 s, fp64=2.0080433 s, back=0.49661017 s, total=5.1955011 s, tf32_fp=5.3660301e-07, fp64_fp=1.8829013e-15, abs_res=nan, iters=7/3, status=ok
  rayleigh run 2/5: tf32=0.52226062 s, orth=1.13608 s, transform=1.0503472 s, fp64=2.0221383 s, back=0.49788519 s, total=5.2287114 s, tf32_fp=5.3660301e-07, fp64_fp=1.8829013e-15, abs_res=nan, iters=7/3, status=ok
  rayleigh run 3/5: tf32=0.52882941 s, orth=1.1368849 s, transform=1.0498368 s, fp64=2.0114999 s, back=0.49758059 s, total=5.2246316 s, tf32_fp=5.3660301e-07, fp64_fp=1.8829013e-15, abs_res=nan, iters=7/3, status=ok
  rayleigh run 4/5: tf32=0.52225195 s, orth=1.1466284 s, transform=1.054036 s, fp64=2.0254437 s, back=0.49760341 s, total=5.2459634 s, tf32_fp=5.3660301e-07, fp64_fp=1.8829013e-15, abs_res=nan, iters=7/3, status=ok
  rayleigh run 5/5: tf32=0.51865064 s, orth=1.1375821 s, transform=1.0520881 s, fp64=2.036455 s, back=0.49498579 s, total=5.2397616 s, tf32_fp=5.3660301e-07, fp64_fp=1.8829013e-15, abs_res=1.9872696e-08, iters=7/3, status=ok
CUDA memory after cleanup: free 78.722 GiB / total 79.151 GiB

===== epsilon=0.06 N=26000 =====
CUDA memory before matrix: free 78.722 GiB / total 79.151 GiB
host matrix generated in 3.3446635 s
CUDA memory after matrix: free 73.685 GiB / total 79.151 GiB
Rayleigh mixed QR warmup for N=26000
  rayleigh run 1/5: tf32=2.4130316 s, orth=3.7952484 s, transform=4.0134046 s, fp64=8.0511748 s, back=2.017146 s, total=20.290005 s, tf32_fp=5.9965964e-07, fp64_fp=1.8756609e-15, abs_res=nan, iters=7/3, status=ok
  rayleigh run 2/5: tf32=2.5252752 s, orth=3.7846246 s, transform=4.0371599 s, fp64=9.1122783 s, back=2.103652 s, total=21.56299 s, tf32_fp=5.9965964e-07, fp64_fp=1.8756609e-15, abs_res=nan, iters=7/3, status=ok
  rayleigh run 3/5: tf32=3.3988913 s, orth=3.77269 s, transform=4.0370894 s, fp64=8.0994251 s, back=2.0358315 s, total=21.343927 s, tf32_fp=5.9965964e-07, fp64_fp=1.8756609e-15, abs_res=nan, iters=7/3, status=ok
  rayleigh run 4/5: tf32=2.2180488 s, orth=3.7810001 s, transform=4.0480095 s, fp64=8.3016425 s, back=2.0456515 s, total=20.394352 s, tf32_fp=5.9965964e-07, fp64_fp=1.8756609e-15, abs_res=nan, iters=7/3, status=ok
  rayleigh run 5/5: tf32=2.220164 s, orth=3.7852832 s, transform=3.986825 s, fp64=8.0444992 s, back=2.0505524 s, total=20.087324 s, tf32_fp=5.9965964e-07, fp64_fp=1.8756609e-15, abs_res=3.473287e-08, iters=7/3, status=ok
CUDA memory after cleanup: free 78.722 GiB / total 79.151 GiB
===== sweep done failures=0 =====

===== output files =====
/fs1/home/nudt_liujie/ftt/IPT_C_GPU/logs/rayleigh_mixed:
total 372K
lrwxrwxrwx 1 nudt_liujie nudt_liujie   82 Jun 13 20:57 latest_rayleigh_mixed.log -> /fs1/home/nudt_liujie/ftt/IPT_C_GPU/logs/rayleigh_mixed/rayleigh_mixed_3012993.log
lrwxrwxrwx 1 nudt_liujie nudt_liujie   96 Jun 15 15:46 latest_rayleigh_mixed_no_norm_smoke.log -> /fs1/home/nudt_liujie/ftt/IPT_C_GPU/logs/rayleigh_mixed/rayleigh_mixed_no_norm_smoke_3018415.log
lrwxrwxrwx 1 nudt_liujie nudt_liujie   91 Jun 14 20:38 latest_rayleigh_mixed_qr_sweep.log -> /fs1/home/nudt_liujie/ftt/IPT_C_GPU/logs/rayleigh_mixed/rayleigh_mixed_qr_sweep_3015890.log
lrwxrwxrwx 1 nudt_liujie nudt_liujie   88 Jun 14 11:23 latest_rayleigh_vs_cusolver.log -> /fs1/home/nudt_liujie/ftt/IPT_C_GPU/logs/rayleigh_mixed/rayleigh_vs_cusolver_3014579.log
-rw-r--r-- 1 nudt_liujie nudt_liujie    0 Jun 13 20:19 rayleigh_mixed_3012929.err
-rw-r--r-- 1 nudt_liujie nudt_liujie 4.2K Jun 13 20:20 rayleigh_mixed_3012929.log
-rw-r--r-- 1 nudt_liujie nudt_liujie 4.2K Jun 13 20:20 rayleigh_mixed_3012929.out
-rw-r--r-- 1 nudt_liujie nudt_liujie    0 Jun 13 20:24 rayleigh_mixed_3012933.err
-rw-r--r-- 1 nudt_liujie nudt_liujie 4.5K Jun 13 20:25 rayleigh_mixed_3012933.log
-rw-r--r-- 1 nudt_liujie nudt_liujie 4.5K Jun 13 20:25 rayleigh_mixed_3012933.out
-rw-r--r-- 1 nudt_liujie nudt_liujie    0 Jun 13 20:54 rayleigh_mixed_3012981.err
-rw-r--r-- 1 nudt_liujie nudt_liujie 4.8K Jun 13 20:55 rayleigh_mixed_3012981.log
-rw-r--r-- 1 nudt_liujie nudt_liujie 4.8K Jun 13 20:55 rayleigh_mixed_3012981.out
-rw-r--r-- 1 nudt_liujie nudt_liujie    0 Jun 13 20:57 rayleigh_mixed_3012993.err
-rw-r--r-- 1 nudt_liujie nudt_liujie 5.0K Jun 13 20:58 rayleigh_mixed_3012993.log
-rw-r--r-- 1 nudt_liujie nudt_liujie 5.0K Jun 13 20:58 rayleigh_mixed_3012993.out
-rw-r--r-- 1 nudt_liujie nudt_liujie    0 Jun 15 15:41 rayleigh_mixed_no_norm_smoke_3018406.err
-rw-r--r-- 1 nudt_liujie nudt_liujie  15K Jun 15 15:44 rayleigh_mixed_no_norm_smoke_3018406.log
-rw-r--r-- 1 nudt_liujie nudt_liujie  15K Jun 15 15:44 rayleigh_mixed_no_norm_smoke_3018406.out
-rw-r--r-- 1 nudt_liujie nudt_liujie    0 Jun 15 15:46 rayleigh_mixed_no_norm_smoke_3018415.err
-rw-r--r-- 1 nudt_liujie nudt_liujie 8.7K Jun 15 15:49 rayleigh_mixed_no_norm_smoke_3018415.log
-rw-r--r-- 1 nudt_liujie nudt_liujie 8.7K Jun 15 15:49 rayleigh_mixed_no_norm_smoke_3018415.out
-rw-r--r-- 1 nudt_liujie nudt_liujie    0 Jun 13 22:35 rayleigh_mixed_qr_sweep_3013205.err
-rw-r--r-- 1 nudt_liujie nudt_liujie  50K Jun 13 23:01 rayleigh_mixed_qr_sweep_3013205.log
-rw-r--r-- 1 nudt_liujie nudt_liujie  50K Jun 13 23:01 rayleigh_mixed_qr_sweep_3013205.out
-rw-r--r-- 1 nudt_liujie nudt_liujie    0 Jun 14 20:38 rayleigh_mixed_qr_sweep_3015890.err
-rw-r--r-- 1 nudt_liujie nudt_liujie  14K Jun 14 20:39 rayleigh_mixed_qr_sweep_3015890.log
-rw-r--r-- 1 nudt_liujie nudt_liujie  14K Jun 14 20:39 rayleigh_mixed_qr_sweep_3015890.out
-rw-r--r-- 1 nudt_liujie nudt_liujie    0 Jun 14 22:18 rayleigh_mixed_qr_sweep_3016154.err
-rw-r--r-- 1 nudt_liujie nudt_liujie 4.5K Jun 14 22:19 rayleigh_mixed_qr_sweep_3016154.out
-rw-r--r-- 1 nudt_liujie nudt_liujie   80 Jun 14 15:16 rayleigh_vs_cusolver_3014579.err
-rw-r--r-- 1 nudt_liujie nudt_liujie  39K Jun 14 14:43 rayleigh_vs_cusolver_3014579.log
-rw-r--r-- 1 nudt_liujie nudt_liujie  39K Jun 14 14:43 rayleigh_vs_cusolver_3014579.out

/fs1/home/nudt_liujie/ftt/IPT_C_GPU/results/rayleigh_mixed:
total 144K
-rw-r--r-- 1 nudt_liujie nudt_liujie 1.2K Jun 13 20:58 rayleigh_mixed_N16384_epsilon_0_07.csv
-rw-r--r-- 1 nudt_liujie nudt_liujie 1.6K Jun 15 15:49 rayleigh_mixed_no_norm_smoke_epsilon_0_06.csv
-rw-r--r-- 1 nudt_liujie nudt_liujie 4.6K Jun 15 15:49 rayleigh_mixed_no_norm_smoke_summary.txt
-rw-r--r-- 1 nudt_liujie nudt_liujie 2.3K Jun 14 20:39 rayleigh_mixed_qr_N4096_epsilon_0_09_to_0_12_summary.txt
-rw-r--r-- 1 nudt_liujie nudt_liujie 1.6K Jun 13 22:38 rayleigh_mixed_qr_sweep_epsilon_0_01.csv
-rw-r--r-- 1 nudt_liujie nudt_liujie 1.6K Jun 13 22:42 rayleigh_mixed_qr_sweep_epsilon_0_02.csv
-rw-r--r-- 1 nudt_liujie nudt_liujie 1.6K Jun 13 22:45 rayleigh_mixed_qr_sweep_epsilon_0_03.csv
-rw-r--r-- 1 nudt_liujie nudt_liujie 1.6K Jun 13 22:48 rayleigh_mixed_qr_sweep_epsilon_0_04.csv
-rw-r--r-- 1 nudt_liujie nudt_liujie 1.6K Jun 13 22:51 rayleigh_mixed_qr_sweep_epsilon_0_05.csv
-rw-r--r-- 1 nudt_liujie nudt_liujie 1.6K Jun 13 22:55 rayleigh_mixed_qr_sweep_epsilon_0_06.csv
-rw-r--r-- 1 nudt_liujie nudt_liujie 1.6K Jun 13 22:58 rayleigh_mixed_qr_sweep_epsilon_0_07.csv
-rw-r--r-- 1 nudt_liujie nudt_liujie 1.6K Jun 13 23:01 rayleigh_mixed_qr_sweep_epsilon_0_08.csv
-rw-r--r-- 1 nudt_liujie nudt_liujie 1.6K Jun 14 20:39 rayleigh_mixed_qr_sweep_epsilon_0_09.csv
-rw-r--r-- 1 nudt_liujie nudt_liujie 1.6K Jun 14 20:39 rayleigh_mixed_qr_sweep_epsilon_0_1.csv
-rw-r--r-- 1 nudt_liujie nudt_liujie 1.6K Jun 14 20:39 rayleigh_mixed_qr_sweep_epsilon_0_11.csv
-rw-r--r-- 1 nudt_liujie nudt_liujie 1.6K Jun 14 20:54 rayleigh_mixed_qr_sweep_epsilon_0_12.csv
-rw-r--r-- 1 nudt_liujie nudt_liujie 1.3K Jun 14 12:22 rayleigh_mixed_qr_sweep_epsilon_0_13.csv
-rw-r--r-- 1 nudt_liujie nudt_liujie  355 Jun 14 11:24 rayleigh_mixed_qr_sweep_epsilon_0_2.csv
-rw-r--r-- 1 nudt_liujie nudt_liujie  355 Jun 14 11:24 rayleigh_mixed_qr_sweep_epsilon_0_3.csv
-rw-r--r-- 1 nudt_liujie nudt_liujie  355 Jun 14 11:24 rayleigh_mixed_qr_sweep_epsilon_0_4.csv
-rw-r--r-- 1 nudt_liujie nudt_liujie  355 Jun 14 11:24 rayleigh_mixed_qr_sweep_epsilon_0_5.csv
-rw-r--r-- 1 nudt_liujie nudt_liujie  17K Jun 13 23:01 rayleigh_mixed_qr_sweep_summary.txt
-rw-r--r-- 1 nudt_liujie nudt_liujie  14K Jun 14 14:43 rayleigh_mixed_qr_threshold_sweep_3014579.txt
-rw-r--r-- 1 nudt_liujie nudt_liujie 4.4K Jun 14 15:17 rayleigh_vs_cusolver_detail_stopped_3014579.csv
-rw-r--r-- 1 nudt_liujie nudt_liujie    5 Jun 14 15:17 rayleigh_vs_cusolver_missing_threshold_eps_stopped_3014579.txt
-rw-r--r-- 1 nudt_liujie nudt_liujie  686 Jun 14 15:17 rayleigh_vs_cusolver_threshold_stopped_3014579.csv
finished at: Mon Jun 15 15:49:15 CST 2026
