===== H2O/STO-6G FCI k=30 automatic cluster IPT vs PRIMME =====
Tue Jul  7 13:42:03 CST 2026
gn36
SLURM_JOB_ID=3116370
CUDA_VISIBLE_DEVICES=0
BENCH_BIN=/fs1/home/nudt_liujie/ftt/IPT_C_GPU/test/sparse/H2O/.codex_build/benchmark_h20_fci_primme_vs_ipt_cuda_3116370_2730855
RESULTS_DIR=/fs1/home/nudt_liujie/ftt/IPT_C_GPU/results/sparse/H2O_k30/H2O_k30_auto_single_sharedmem_20260707_1348
LOG_DIR=/fs1/home/nudt_liujie/ftt/IPT_C_GPU/logs/sparse/H2O_k30/H2O_k30_auto_single_sharedmem_20260707_1348
MATRIX_CACHE=/fs1/home/nudt_liujie/ftt/IPT_C_GPU/test/sparse/H2O/h2o_sto6g_fci_441_csc.bin
IPT_LOAD_MATRIX=1
IPT_SAVE_MATRIX=1
IPT_K=30
IPT_REPEATS=1
IPT_TOL=1e-12
IPT_MAXITER=200
IPT_MAX_LIFT_BLOCK_SIZE=256
IPT_DAVIDSON_CONVERGED_TOL=1e-12
IPT_DAVIDSON_RESTART_EVERY=0
IPT_DAVIDSON_FORCE_ACTIVE_PAIRS=<unset>
IPT_DAVIDSON_ACTIVE_CLUSTERS=<unset>
IPT_DAVIDSON_ACTIVE_TOL=<unset>
IPT_DAVIDSON_ACTIVE_MAX=<unset>
IPT_DAVIDSON_CORRECTION_MAX_PER_STEP=<unset>
PRIMME_MAX_MATVECS=200000
Currently Loaded Modulefiles:
 1) GCC/12.2.0   2) CUDA/12.2  
numpy 1.21.5 /fs1/software/hpcsystem/THL7/software/pyscf/2.0.1-py3.8/lib/python3.8/site-packages/numpy/__init__.py
scipy 1.7.3 /fs1/software/hpcsystem/THL7/software/pyscf/2.0.1-py3.8/lib/python3.8/site-packages/scipy/__init__.py
pyscf 2.0.1 /fs1/software/hpcsystem/THL7/software/pyscf/2.0.1-py3.8/lib/python3.8/site-packages/pyscf/__init__.py
nvcc: NVIDIA (R) Cuda compiler driver
Copyright (c) 2005-2023 NVIDIA Corporation
Built on Tue_Jun_13_19:16:58_PDT_2023
Cuda compilation tools, release 12.2, V12.2.91
Build cuda_12.2.r12.2/compiler.32965470_0
Tue Jul  7 13:42:07 2026       
+---------------------------------------------------------------------------------------+
| NVIDIA-SMI 535.104.12             Driver Version: 535.104.12   CUDA Version: 12.2     |
|-----------------------------------------+----------------------+----------------------+
| GPU  Name                 Persistence-M | Bus-Id        Disp.A | Volatile Uncorr. ECC |
| Fan  Temp   Perf          Pwr:Usage/Cap |         Memory-Usage | GPU-Util  Compute M. |
|                                         |                      |               MIG M. |
|=========================================+======================+======================|
|   0  NVIDIA A100 80GB PCIe          Off | 00000000:CA:00.0 Off |                    0 |
| N/A   41C    P0              65W / 300W |      4MiB / 81920MiB |     26%      Default |
|                                         |                      |             Disabled |
+-----------------------------------------+----------------------+----------------------+
                                                                                         
+---------------------------------------------------------------------------------------+
| Processes:                                                                            |
|  GPU   GI   CI        PID   Type   Process name                            GPU Memory |
|        ID   ID                                                             Usage      |
|=======================================================================================|
|  No running processes found                                                           |
+---------------------------------------------------------------------------------------+
===== build =====
+ nvcc -O3 -std=c++14 -lineinfo -gencode arch=compute_70,code=sm_70 -gencode arch=compute_80,code=sm_80 -I/fs1/home/nudt_liujie/ftt/primme-3.2.3/include -I/fs1/software/python/3.8_miniconda_4.10.3/include/python3.8 /fs1/home/nudt_liujie/ftt/IPT_C_GPU/test/sparse/H2O/benchmark_h20_fci_primme_vs_ipt.cu /fs1/home/nudt_liujie/ftt/primme-3.2.3/lib/libprimme.a -o /fs1/home/nudt_liujie/ftt/IPT_C_GPU/test/sparse/H2O/.codex_build/benchmark_h20_fci_primme_vs_ipt_cuda_3116370_2730855 -lcublas -lcusparse -lcusolver -lcudart -L/fs1/software/python/3.8_miniconda_4.10.3/lib -lpython3.8 -L/fs1/home/nudt_liujie/ftt/IPT_C_GPU/test/sparse/H2O -lopenblas -lpthread -ldl -lutil -lrt -Xlinker -rpath -Xlinker /fs1/software/gcc/12.2.0/lib64 -Xlinker -rpath -Xlinker /fs1/software/python/3.8_miniconda_4.10.3/lib -Xlinker -rpath -Xlinker /fs1/software/cp2k/8.1-gcc8.4-openmpi/lib -lgfortran /fs1/software/gcc/12.2.0/lib64/libstdc++.so -lm
+ set +x
===== run =====
Loaded H2O CSC matrix cache from /fs1/home/nudt_liujie/ftt/IPT_C_GPU/test/sparse/H2O/h2o_sto6g_fci_441_csc.bin
H2O/sto-6g FCI PySCF CSC benchmark: n=441 nnz=62181 k=30 repeats=1 tol=1.000e-12
Matrix generation time 0.000000 sec is excluded from PRIMME/IPT timings.
Warm up once for each method...
[IPT preparation] union target=1 row=2 gap=1.4210854715202004e-14 gap_floor=7.5248186267446813e-11 coupling=0.038166608447944644 coupling_gap_ratio=507209679.60999131 ratio_tol=0.20000000000000001 allowed_gap=0.19083304223972322
[IPT preparation] union target=2 row=1 gap=1.4210854715202004e-14 gap_floor=7.5248186267446813e-11 coupling=0.038166608447944644 coupling_gap_ratio=507209679.60999131 ratio_tol=0.20000000000000001 allowed_gap=0.19083304223972322
[IPT preparation] union target=3 row=4 gap=0 gap_floor=7.5166445069194996e-11 coupling=0.024365362401672669 coupling_gap_ratio=324152118.39861476 ratio_tol=0.20000000000000001 allowed_gap=0.12182681200836334
[IPT preparation] union target=4 row=3 gap=0 gap_floor=7.5166445069194996e-11 coupling=0.024365362401672669 coupling_gap_ratio=324152118.39861476 ratio_tol=0.20000000000000001 allowed_gap=0.12182681200836334
[IPT preparation] union target=5 row=6 gap=1.4210854715202004e-14 gap_floor=7.5114402862288285e-11 coupling=0.071159322409769132 coupling_gap_ratio=947345911.01296198 ratio_tol=0.20000000000000001 allowed_gap=0.35579661204884566
[IPT preparation] union target=5 row=12 gap=0.30818053633308296 gap_floor=7.5114402862288285e-11 coupling=0.080582186355181301 coupling_gap_ratio=0.26147720850251133 ratio_tol=0.20000000000000001 allowed_gap=0.40291093177590648
[IPT preparation] union target=6 row=5 gap=1.4210854715202004e-14 gap_floor=7.5114402862288285e-11 coupling=0.071159322409769132 coupling_gap_ratio=947345911.01296198 ratio_tol=0.20000000000000001 allowed_gap=0.35579661204884566
[IPT preparation] union target=6 row=11 gap=0.30818053633305453 gap_floor=7.5114402862288272e-11 coupling=0.080582186355181301 coupling_gap_ratio=0.26147720850253547 ratio_tol=0.20000000000000001 allowed_gap=0.40291093177590648
[IPT preparation] union target=7 row=8 gap=1.4210854715202004e-14 gap_floor=7.5042244133935026e-11 coupling=0.06912514136760485 coupling_gap_ratio=921149709.27882493 ratio_tol=0.20000000000000001 allowed_gap=0.34562570683802424
[IPT preparation] union target=7 row=10 gap=0.062751234070290707 gap_floor=7.5042244133935026e-11 coupling=0.045461881914545518 coupling_gap_ratio=0.72447789414980202 ratio_tol=0.20000000000000001 allowed_gap=0.22730940957272758
[IPT preparation] union target=8 row=7 gap=1.4210854715202004e-14 gap_floor=7.5042244133935026e-11 coupling=0.06912514136760485 coupling_gap_ratio=921149709.27882493 ratio_tol=0.20000000000000001 allowed_gap=0.34562570683802424
[IPT preparation] union target=8 row=9 gap=0.062751234070262285 gap_floor=7.5042244133935013e-11 coupling=0.045461881914545518 coupling_gap_ratio=0.72447789415013009 ratio_tol=0.20000000000000001 allowed_gap=0.22730940957272758
[IPT preparation] union target=9 row=8 gap=0.062751234070262285 gap_floor=7.5042244133935013e-11 coupling=0.045461881914545518 coupling_gap_ratio=0.72447789415013009 ratio_tol=0.20000000000000001 allowed_gap=0.22730940957272758
[IPT preparation] union target=9 row=10 gap=1.4210854715202004e-14 gap_floor=7.4979492899864753e-11 coupling=0.071259663435075768 coupling_gap_ratio=950388708.68656278 ratio_tol=0.20000000000000001 allowed_gap=0.3562983171753788
[IPT preparation] union target=10 row=7 gap=0.062751234070290707 gap_floor=7.5042244133935026e-11 coupling=0.045461881914545518 coupling_gap_ratio=0.72447789414980202 ratio_tol=0.20000000000000001 allowed_gap=0.22730940957272758
[IPT preparation] union target=10 row=9 gap=1.4210854715202004e-14 gap_floor=7.4979492899864753e-11 coupling=0.071259663435075768 coupling_gap_ratio=950388708.68656278 ratio_tol=0.20000000000000001 allowed_gap=0.3562983171753788
[IPT preparation] union target=11 row=6 gap=0.30818053633305453 gap_floor=7.5114402862288272e-11 coupling=0.080582186355181301 coupling_gap_ratio=0.26147720850253547 ratio_tol=0.20000000000000001 allowed_gap=0.40291093177590648
[IPT preparation] union target=11 row=12 gap=1.4210854715202004e-14 gap_floor=7.4806222325955213e-11 coupling=0.1533775704605661 coupling_gap_ratio=2050331719.6295488 ratio_tol=0.20000000000000001 allowed_gap=0.76688785230283052
[IPT preparation] union target=12 row=5 gap=0.30818053633308296 gap_floor=7.5114402862288285e-11 coupling=0.080582186355181301 coupling_gap_ratio=0.26147720850251133 ratio_tol=0.20000000000000001 allowed_gap=0.40291093177590648
[IPT preparation] union target=12 row=11 gap=1.4210854715202004e-14 gap_floor=7.4806222325955213e-11 coupling=0.1533775704605661 coupling_gap_ratio=2050331719.6295488 ratio_tol=0.20000000000000001 allowed_gap=0.76688785230283052
[IPT preparation] union target=13 row=14 gap=1.4210854715202004e-14 gap_floor=7.4566967367217664e-11 coupling=0.0043644918565343546 coupling_gap_ratio=58531170.176744282 ratio_tol=0.20000000000000001 allowed_gap=0.02182245928267177
[IPT preparation] union target=13 row=16 gap=0.064125836268516423 gap_floor=7.4566967367217664e-11 coupling=0.024365362401672669 coupling_gap_ratio=0.37996170996736339 ratio_tol=0.20000000000000001 allowed_gap=0.12182681200836334
[IPT preparation] union target=13 row=17 gap=0.064125836268530634 gap_floor=7.4566967367217664e-11 coupling=0.071159322409769132 coupling_gap_ratio=1.1096825640103214 ratio_tol=0.20000000000000001 allowed_gap=0.35579661204884566
[IPT preparation] union target=13 row=22 gap=0.075892901272638369 gap_floor=7.4566967367217664e-11 coupling=0.038166608447944644 coupling_gap_ratio=0.50290090124285225 ratio_tol=0.20000000000000001 allowed_gap=0.19083304223972322
[IPT preparation] union target=13 row=23 gap=0.07589290127265258 gap_floor=7.4566967367217664e-11 coupling=0.06912514136760485 coupling_gap_ratio=0.91082486251600925 ratio_tol=0.20000000000000001 allowed_gap=0.34562570683802424
[IPT preparation] union target=13 row=25 gap=0.085711968657960824 gap_floor=7.4566967367217664e-11 coupling=0.045461881914545518 coupling_gap_ratio=0.53040296036092827 ratio_tol=0.20000000000000001 allowed_gap=0.22730940957272758
[IPT preparation] union target=13 row=44 gap=0.28787559088171122 gap_floor=7.4566967367217664e-11 coupling=0.080582186355181301 coupling_gap_ratio=0.27992017700553401 ratio_tol=0.20000000000000001 allowed_gap=0.40291093177590648
[IPT preparation] union target=13 row=75 gap=0.87502377938609754 gap_floor=7.4566967367217664e-11 coupling=0.21822459282671774 coupling_gap_ratio=0.24939275705149472 ratio_tol=0.20000000000000001 allowed_gap=1.0911229641335887
[IPT preparation] union target=14 row=13 gap=1.4210854715202004e-14 gap_floor=7.4566967367217664e-11 coupling=0.0043644918565343546 coupling_gap_ratio=58531170.176744282 ratio_tol=0.20000000000000001 allowed_gap=0.02182245928267177
[IPT preparation] union target=14 row=16 gap=0.064125836268502212 gap_floor=7.4566967367217651e-11 coupling=0.071159322409769132 coupling_gap_ratio=1.1096825640108132 ratio_tol=0.20000000000000001 allowed_gap=0.35579661204884566
[IPT preparation] union target=14 row=17 gap=0.064125836268516423 gap_floor=7.4566967367217651e-11 coupling=0.024365362401672669 coupling_gap_ratio=0.37996170996736339 ratio_tol=0.20000000000000001 allowed_gap=0.12182681200836334
[IPT preparation] union target=14 row=22 gap=0.075892901272624158 gap_floor=7.4566967367217651e-11 coupling=0.06912514136760485 coupling_gap_ratio=0.91082486251635042 ratio_tol=0.20000000000000001 allowed_gap=0.34562570683802424
[IPT preparation] union target=14 row=23 gap=0.075892901272638369 gap_floor=7.4566967367217651e-11 coupling=0.038166608447944644 coupling_gap_ratio=0.50290090124285225 ratio_tol=0.20000000000000001 allowed_gap=0.19083304223972322
[IPT preparation] union target=14 row=24 gap=0.085711968657946613 gap_floor=7.4566967367217651e-11 coupling=0.045461881914545518 coupling_gap_ratio=0.5304029603610162 ratio_tol=0.20000000000000001 allowed_gap=0.22730940957272758
[IPT preparation] union target=14 row=43 gap=0.2878755908816828 gap_floor=7.4566967367217651e-11 coupling=0.080582186355181301 coupling_gap_ratio=0.27992017700556165 ratio_tol=0.20000000000000001 allowed_gap=0.40291093177590648
[IPT preparation] union target=14 row=76 gap=0.87502377938608333 gap_floor=7.4566967367217651e-11 coupling=0.21822459282671777 coupling_gap_ratio=0.2493927570514988 ratio_tol=0.20000000000000001 allowed_gap=1.0911229641335889
[IPT preparation] union target=15 row=32 gap=0.11502402398009792 gap_floor=7.4515938204443879e-11 coupling=0.11626452955863359 coupling_gap_ratio=1.0107847520510176 ratio_tol=0.20000000000000001 allowed_gap=0.58132264779316789
[IPT preparation] union target=15 row=39 gap=0.18083870129417789 gap_floor=7.4515938204443879e-11 coupling=0.058389970816981857 coupling_gap_ratio=0.32288426315336366 ratio_tol=0.20000000000000001 allowed_gap=0.29194985408490925
[IPT preparation] union target=15 row=40 gap=0.18083870129420632 gap_floor=7.4515938204443879e-11 coupling=0.058389970816981857 coupling_gap_ratio=0.32288426315331287 ratio_tol=0.20000000000000001 allowed_gap=0.29194985408490925
[IPT preparation] union target=15 row=47 gap=0.24106329206631472 gap_floor=7.4515938204443879e-11 coupling=0.055153056525431232 coupling_gap_ratio=0.22879077130606446 ratio_tol=0.20000000000000001 allowed_gap=0.27576528262715616
[IPT preparation] union target=15 row=77 gap=0.82562639294481244 gap_floor=7.4515938204443879e-11 coupling=0.21560180478617352 coupling_gap_ratio=0.26113724879503103 ratio_tol=0.20000000000000001 allowed_gap=1.0780090239308675
[IPT preparation] union target=15 row=78 gap=0.82562639294481244 gap_floor=7.4515938204443879e-11 coupling=0.21560180478617352 coupling_gap_ratio=0.26113724879503103 ratio_tol=0.20000000000000001 allowed_gap=1.0780090239308675
[IPT preparation] union target=16 row=13 gap=0.064125836268516423 gap_floor=7.4566967367217664e-11 coupling=0.024365362401672669 coupling_gap_ratio=0.37996170996736339 ratio_tol=0.20000000000000001 allowed_gap=0.12182681200836334
[IPT preparation] union target=16 row=14 gap=0.064125836268502212 gap_floor=7.4566967367217651e-11 coupling=0.071159322409769132 coupling_gap_ratio=1.1096825640108132 ratio_tol=0.20000000000000001 allowed_gap=0.35579661204884566
[IPT preparation] union target=16 row=17 gap=1.4210854715202004e-14 gap_floor=7.450284153094916e-11 coupling=0.0030506655470559562 coupling_gap_ratio=40946969.060081847 ratio_tol=0.20000000000000001 allowed_gap=0.01525332773527978
[IPT preparation] union target=16 row=19 gap=0.0028103963890231398 gap_floor=7.450284153094916e-11 coupling=0.0030506655470559562 coupling_gap_ratio=1.0854929784891771 ratio_tol=0.20000000000000001 allowed_gap=0.01525332773527978
[IPT preparation] union target=16 row=21 gap=0.0054424650189304202 gap_floor=7.450284153094916e-11 coupling=0.0030506655470559562 coupling_gap_ratio=0.56053011575543166 ratio_tol=0.20000000000000001 allowed_gap=0.01525332773527978
[IPT preparation] union target=16 row=22 gap=0.011767065004121946 gap_floor=7.450284153094916e-11 coupling=0.11626452955863359 coupling_gap_ratio=9.8805037210134117 ratio_tol=0.20000000000000001 allowed_gap=0.58132264779316789
[IPT preparation] union target=16 row=23 gap=0.011767065004136157 gap_floor=7.450284153094916e-11 coupling=0.055153056525431232 coupling_gap_ratio=4.6870699283164301 ratio_tol=0.20000000000000001 allowed_gap=0.27576528262715616
[IPT preparation] union target=16 row=24 gap=0.021586132389444401 gap_floor=7.450284153094916e-11 coupling=0.049200509180729227 coupling_gap_ratio=2.2792646822081122 ratio_tol=0.20000000000000001 allowed_gap=0.24600254590364612
[IPT preparation] union target=17 row=13 gap=0.064125836268530634 gap_floor=7.4566967367217664e-11 coupling=0.071159322409769132 coupling_gap_ratio=1.1096825640103214 ratio_tol=0.20000000000000001 allowed_gap=0.35579661204884566
[IPT preparation] union target=17 row=14 gap=0.064125836268516423 gap_floor=7.4566967367217651e-11 coupling=0.024365362401672669 coupling_gap_ratio=0.37996170996736339 ratio_tol=0.20000000000000001 allowed_gap=0.12182681200836334
[IPT preparation] union target=17 row=16 gap=1.4210854715202004e-14 gap_floor=7.450284153094916e-11 coupling=0.0030506655470559562 coupling_gap_ratio=40946969.060081847 ratio_tol=0.20000000000000001 allowed_gap=0.01525332773527978
[IPT preparation] union target=17 row=18 gap=0.0028103963889947181 gap_floor=7.4502841530949134e-11 coupling=0.0030506655470559571 coupling_gap_ratio=1.085492978500155 ratio_tol=0.20000000000000001 allowed_gap=0.015253327735279786
[IPT preparation] union target=17 row=20 gap=0.0054424650189162094 gap_floor=7.4502841530949134e-11 coupling=0.0030506655470559571 coupling_gap_ratio=0.56053011575689549 ratio_tol=0.20000000000000001 allowed_gap=0.015253327735279786
[IPT preparation] union target=17 row=22 gap=0.011767065004107735 gap_floor=7.4502841530949134e-11 coupling=0.055153056525431232 coupling_gap_ratio=4.6870699283277508 ratio_tol=0.20000000000000001 allowed_gap=0.27576528262715616
[IPT preparation] union target=17 row=23 gap=0.011767065004121946 gap_floor=7.4502841530949134e-11 coupling=0.11626452955863359 coupling_gap_ratio=9.8805037210134117 ratio_tol=0.20000000000000001 allowed_gap=0.58132264779316789
[IPT preparation] union target=17 row=25 gap=0.02158613238943019 gap_floor=7.4502841530949134e-11 coupling=0.049200509180729227 coupling_gap_ratio=2.2792646822096123 ratio_tol=0.20000000000000001 allowed_gap=0.24600254590364612
[IPT preparation] union target=18 row=17 gap=0.0028103963889947181 gap_floor=7.4502841530949134e-11 coupling=0.0030506655470559571 coupling_gap_ratio=1.085492978500155 ratio_tol=0.20000000000000001 allowed_gap=0.015253327735279786
[IPT preparation] union target=18 row=19 gap=1.4210854715202004e-14 gap_floor=7.4500031134560145e-11 coupling=0.11626452955863359 coupling_gap_ratio=1560597060.0017526 ratio_tol=0.20000000000000001 allowed_gap=0.58132264779316789
[IPT preparation] union target=18 row=22 gap=0.008956668615113017 gap_floor=7.4500031134560145e-11 coupling=0.002613217551317994 coupling_gap_ratio=0.29176222361387655 ratio_tol=0.20000000000000001 allowed_gap=0.01306608775658997
[IPT preparation] union target=18 row=42 gap=0.21013128726511354 gap_floor=7.4500031134560145e-11 coupling=0.055153056525431232 coupling_gap_ratio=0.26246951248077116 ratio_tol=0.20000000000000001 allowed_gap=0.27576528262715616
[IPT preparation] union target=18 row=49 gap=0.24500214177913904 gap_floor=7.4500031134560145e-11 coupling=0.058389970816981857 coupling_gap_ratio=0.2383243280771741 ratio_tol=0.20000000000000001 allowed_gap=0.29194985408490925
[IPT preparation] union target=19 row=16 gap=0.0028103963890231398 gap_floor=7.450284153094916e-11 coupling=0.0030506655470559562 coupling_gap_ratio=1.0854929784891771 ratio_tol=0.20000000000000001 allowed_gap=0.01525332773527978
[IPT preparation] target_vs_all_candidates=1838 unions=162 max_coupling_gap_ratio=2050331719.6295488 at target=11 row=12 gap=1.4210854715202004e-14 coupling=0.1533775704605661
[IPT preparation] union log truncated after 64 pairs
IPT block-cluster: clusters=2 basis_cols=89 requested_k=30 basis_target_k=33 oversample=3 adaptive=0 adaptive_tau=1.000e-01 adaptive_added=none maxiter=200 tol=0.000e+00 damping=1.000e+00
IPT block-cluster: block[0]=0:0 size=1
IPT block-cluster: block[1]=1:88 size=88
[IPT preparation] union target=1 row=2 gap=1.4210854715202004e-14 gap_floor=7.5248186267446813e-11 coupling=0.038166608447944644 coupling_gap_ratio=507209679.60999131 ratio_tol=0.20000000000000001 allowed_gap=0.19083304223972322
[IPT preparation] union target=2 row=1 gap=1.4210854715202004e-14 gap_floor=7.5248186267446813e-11 coupling=0.038166608447944644 coupling_gap_ratio=507209679.60999131 ratio_tol=0.20000000000000001 allowed_gap=0.19083304223972322
[IPT preparation] union target=3 row=4 gap=0 gap_floor=7.5166445069194996e-11 coupling=0.024365362401672669 coupling_gap_ratio=324152118.39861476 ratio_tol=0.20000000000000001 allowed_gap=0.12182681200836334
[IPT preparation] union target=4 row=3 gap=0 gap_floor=7.5166445069194996e-11 coupling=0.024365362401672669 coupling_gap_ratio=324152118.39861476 ratio_tol=0.20000000000000001 allowed_gap=0.12182681200836334
[IPT preparation] union target=5 row=6 gap=1.4210854715202004e-14 gap_floor=7.5114402862288285e-11 coupling=0.071159322409769132 coupling_gap_ratio=947345911.01296198 ratio_tol=0.20000000000000001 allowed_gap=0.35579661204884566
[IPT preparation] union target=5 row=12 gap=0.30818053633308296 gap_floor=7.5114402862288285e-11 coupling=0.080582186355181301 coupling_gap_ratio=0.26147720850251133 ratio_tol=0.20000000000000001 allowed_gap=0.40291093177590648
[IPT preparation] union target=6 row=5 gap=1.4210854715202004e-14 gap_floor=7.5114402862288285e-11 coupling=0.071159322409769132 coupling_gap_ratio=947345911.01296198 ratio_tol=0.20000000000000001 allowed_gap=0.35579661204884566
[IPT preparation] union target=6 row=11 gap=0.30818053633305453 gap_floor=7.5114402862288272e-11 coupling=0.080582186355181301 coupling_gap_ratio=0.26147720850253547 ratio_tol=0.20000000000000001 allowed_gap=0.40291093177590648
[IPT preparation] union target=7 row=8 gap=1.4210854715202004e-14 gap_floor=7.5042244133935026e-11 coupling=0.06912514136760485 coupling_gap_ratio=921149709.27882493 ratio_tol=0.20000000000000001 allowed_gap=0.34562570683802424
[IPT preparation] union target=7 row=10 gap=0.062751234070290707 gap_floor=7.5042244133935026e-11 coupling=0.045461881914545518 coupling_gap_ratio=0.72447789414980202 ratio_tol=0.20000000000000001 allowed_gap=0.22730940957272758
[IPT preparation] union target=8 row=7 gap=1.4210854715202004e-14 gap_floor=7.5042244133935026e-11 coupling=0.06912514136760485 coupling_gap_ratio=921149709.27882493 ratio_tol=0.20000000000000001 allowed_gap=0.34562570683802424
[IPT preparation] union target=8 row=9 gap=0.062751234070262285 gap_floor=7.5042244133935013e-11 coupling=0.045461881914545518 coupling_gap_ratio=0.72447789415013009 ratio_tol=0.20000000000000001 allowed_gap=0.22730940957272758
[IPT preparation] union target=9 row=8 gap=0.062751234070262285 gap_floor=7.5042244133935013e-11 coupling=0.045461881914545518 coupling_gap_ratio=0.72447789415013009 ratio_tol=0.20000000000000001 allowed_gap=0.22730940957272758
[IPT preparation] union target=9 row=10 gap=1.4210854715202004e-14 gap_floor=7.4979492899864753e-11 coupling=0.071259663435075768 coupling_gap_ratio=950388708.68656278 ratio_tol=0.20000000000000001 allowed_gap=0.3562983171753788
[IPT preparation] union target=10 row=7 gap=0.062751234070290707 gap_floor=7.5042244133935026e-11 coupling=0.045461881914545518 coupling_gap_ratio=0.72447789414980202 ratio_tol=0.20000000000000001 allowed_gap=0.22730940957272758
[IPT preparation] union target=10 row=9 gap=1.4210854715202004e-14 gap_floor=7.4979492899864753e-11 coupling=0.071259663435075768 coupling_gap_ratio=950388708.68656278 ratio_tol=0.20000000000000001 allowed_gap=0.3562983171753788
[IPT preparation] union target=11 row=6 gap=0.30818053633305453 gap_floor=7.5114402862288272e-11 coupling=0.080582186355181301 coupling_gap_ratio=0.26147720850253547 ratio_tol=0.20000000000000001 allowed_gap=0.40291093177590648
[IPT preparation] union target=11 row=12 gap=1.4210854715202004e-14 gap_floor=7.4806222325955213e-11 coupling=0.1533775704605661 coupling_gap_ratio=2050331719.6295488 ratio_tol=0.20000000000000001 allowed_gap=0.76688785230283052
[IPT preparation] union target=12 row=5 gap=0.30818053633308296 gap_floor=7.5114402862288285e-11 coupling=0.080582186355181301 coupling_gap_ratio=0.26147720850251133 ratio_tol=0.20000000000000001 allowed_gap=0.40291093177590648
[IPT preparation] union target=12 row=11 gap=1.4210854715202004e-14 gap_floor=7.4806222325955213e-11 coupling=0.1533775704605661 coupling_gap_ratio=2050331719.6295488 ratio_tol=0.20000000000000001 allowed_gap=0.76688785230283052
[IPT preparation] union target=13 row=14 gap=1.4210854715202004e-14 gap_floor=7.4566967367217664e-11 coupling=0.0043644918565343546 coupling_gap_ratio=58531170.176744282 ratio_tol=0.20000000000000001 allowed_gap=0.02182245928267177
[IPT preparation] union target=13 row=16 gap=0.064125836268516423 gap_floor=7.4566967367217664e-11 coupling=0.024365362401672669 coupling_gap_ratio=0.37996170996736339 ratio_tol=0.20000000000000001 allowed_gap=0.12182681200836334
[IPT preparation] union target=13 row=17 gap=0.064125836268530634 gap_floor=7.4566967367217664e-11 coupling=0.071159322409769132 coupling_gap_ratio=1.1096825640103214 ratio_tol=0.20000000000000001 allowed_gap=0.35579661204884566
[IPT preparation] union target=13 row=22 gap=0.075892901272638369 gap_floor=7.4566967367217664e-11 coupling=0.038166608447944644 coupling_gap_ratio=0.50290090124285225 ratio_tol=0.20000000000000001 allowed_gap=0.19083304223972322
[IPT preparation] union target=13 row=23 gap=0.07589290127265258 gap_floor=7.4566967367217664e-11 coupling=0.06912514136760485 coupling_gap_ratio=0.91082486251600925 ratio_tol=0.20000000000000001 allowed_gap=0.34562570683802424
[IPT preparation] union target=13 row=25 gap=0.085711968657960824 gap_floor=7.4566967367217664e-11 coupling=0.045461881914545518 coupling_gap_ratio=0.53040296036092827 ratio_tol=0.20000000000000001 allowed_gap=0.22730940957272758
[IPT preparation] union target=13 row=44 gap=0.28787559088171122 gap_floor=7.4566967367217664e-11 coupling=0.080582186355181301 coupling_gap_ratio=0.27992017700553401 ratio_tol=0.20000000000000001 allowed_gap=0.40291093177590648
[IPT preparation] union target=13 row=75 gap=0.87502377938609754 gap_floor=7.4566967367217664e-11 coupling=0.21822459282671774 coupling_gap_ratio=0.24939275705149472 ratio_tol=0.20000000000000001 allowed_gap=1.0911229641335887
[IPT preparation] union target=14 row=13 gap=1.4210854715202004e-14 gap_floor=7.4566967367217664e-11 coupling=0.0043644918565343546 coupling_gap_ratio=58531170.176744282 ratio_tol=0.20000000000000001 allowed_gap=0.02182245928267177
[IPT preparation] union target=14 row=16 gap=0.064125836268502212 gap_floor=7.4566967367217651e-11 coupling=0.071159322409769132 coupling_gap_ratio=1.1096825640108132 ratio_tol=0.20000000000000001 allowed_gap=0.35579661204884566
[IPT preparation] union target=14 row=17 gap=0.064125836268516423 gap_floor=7.4566967367217651e-11 coupling=0.024365362401672669 coupling_gap_ratio=0.37996170996736339 ratio_tol=0.20000000000000001 allowed_gap=0.12182681200836334
[IPT preparation] union target=14 row=22 gap=0.075892901272624158 gap_floor=7.4566967367217651e-11 coupling=0.06912514136760485 coupling_gap_ratio=0.91082486251635042 ratio_tol=0.20000000000000001 allowed_gap=0.34562570683802424
[IPT preparation] union target=14 row=23 gap=0.075892901272638369 gap_floor=7.4566967367217651e-11 coupling=0.038166608447944644 coupling_gap_ratio=0.50290090124285225 ratio_tol=0.20000000000000001 allowed_gap=0.19083304223972322
[IPT preparation] union target=14 row=24 gap=0.085711968657946613 gap_floor=7.4566967367217651e-11 coupling=0.045461881914545518 coupling_gap_ratio=0.5304029603610162 ratio_tol=0.20000000000000001 allowed_gap=0.22730940957272758
[IPT preparation] union target=14 row=43 gap=0.2878755908816828 gap_floor=7.4566967367217651e-11 coupling=0.080582186355181301 coupling_gap_ratio=0.27992017700556165 ratio_tol=0.20000000000000001 allowed_gap=0.40291093177590648
[IPT preparation] union target=14 row=76 gap=0.87502377938608333 gap_floor=7.4566967367217651e-11 coupling=0.21822459282671777 coupling_gap_ratio=0.2493927570514988 ratio_tol=0.20000000000000001 allowed_gap=1.0911229641335889
[IPT preparation] union target=15 row=32 gap=0.11502402398009792 gap_floor=7.4515938204443879e-11 coupling=0.11626452955863359 coupling_gap_ratio=1.0107847520510176 ratio_tol=0.20000000000000001 allowed_gap=0.58132264779316789
[IPT preparation] union target=15 row=39 gap=0.18083870129417789 gap_floor=7.4515938204443879e-11 coupling=0.058389970816981857 coupling_gap_ratio=0.32288426315336366 ratio_tol=0.20000000000000001 allowed_gap=0.29194985408490925
[IPT preparation] union target=15 row=40 gap=0.18083870129420632 gap_floor=7.4515938204443879e-11 coupling=0.058389970816981857 coupling_gap_ratio=0.32288426315331287 ratio_tol=0.20000000000000001 allowed_gap=0.29194985408490925
[IPT preparation] union target=15 row=47 gap=0.24106329206631472 gap_floor=7.4515938204443879e-11 coupling=0.055153056525431232 coupling_gap_ratio=0.22879077130606446 ratio_tol=0.20000000000000001 allowed_gap=0.27576528262715616
[IPT preparation] union target=15 row=77 gap=0.82562639294481244 gap_floor=7.4515938204443879e-11 coupling=0.21560180478617352 coupling_gap_ratio=0.26113724879503103 ratio_tol=0.20000000000000001 allowed_gap=1.0780090239308675
[IPT preparation] union target=15 row=78 gap=0.82562639294481244 gap_floor=7.4515938204443879e-11 coupling=0.21560180478617352 coupling_gap_ratio=0.26113724879503103 ratio_tol=0.20000000000000001 allowed_gap=1.0780090239308675
[IPT preparation] union target=16 row=13 gap=0.064125836268516423 gap_floor=7.4566967367217664e-11 coupling=0.024365362401672669 coupling_gap_ratio=0.37996170996736339 ratio_tol=0.20000000000000001 allowed_gap=0.12182681200836334
[IPT preparation] union target=16 row=14 gap=0.064125836268502212 gap_floor=7.4566967367217651e-11 coupling=0.071159322409769132 coupling_gap_ratio=1.1096825640108132 ratio_tol=0.20000000000000001 allowed_gap=0.35579661204884566
[IPT preparation] union target=16 row=17 gap=1.4210854715202004e-14 gap_floor=7.450284153094916e-11 coupling=0.0030506655470559562 coupling_gap_ratio=40946969.060081847 ratio_tol=0.20000000000000001 allowed_gap=0.01525332773527978
[IPT preparation] union target=16 row=19 gap=0.0028103963890231398 gap_floor=7.450284153094916e-11 coupling=0.0030506655470559562 coupling_gap_ratio=1.0854929784891771 ratio_tol=0.20000000000000001 allowed_gap=0.01525332773527978
[IPT preparation] union target=16 row=21 gap=0.0054424650189304202 gap_floor=7.450284153094916e-11 coupling=0.0030506655470559562 coupling_gap_ratio=0.56053011575543166 ratio_tol=0.20000000000000001 allowed_gap=0.01525332773527978
[IPT preparation] union target=16 row=22 gap=0.011767065004121946 gap_floor=7.450284153094916e-11 coupling=0.11626452955863359 coupling_gap_ratio=9.8805037210134117 ratio_tol=0.20000000000000001 allowed_gap=0.58132264779316789
[IPT preparation] union target=16 row=23 gap=0.011767065004136157 gap_floor=7.450284153094916e-11 coupling=0.055153056525431232 coupling_gap_ratio=4.6870699283164301 ratio_tol=0.20000000000000001 allowed_gap=0.27576528262715616
[IPT preparation] union target=16 row=24 gap=0.021586132389444401 gap_floor=7.450284153094916e-11 coupling=0.049200509180729227 coupling_gap_ratio=2.2792646822081122 ratio_tol=0.20000000000000001 allowed_gap=0.24600254590364612
[IPT preparation] union target=17 row=13 gap=0.064125836268530634 gap_floor=7.4566967367217664e-11 coupling=0.071159322409769132 coupling_gap_ratio=1.1096825640103214 ratio_tol=0.20000000000000001 allowed_gap=0.35579661204884566
[IPT preparation] union target=17 row=14 gap=0.064125836268516423 gap_floor=7.4566967367217651e-11 coupling=0.024365362401672669 coupling_gap_ratio=0.37996170996736339 ratio_tol=0.20000000000000001 allowed_gap=0.12182681200836334
[IPT preparation] union target=17 row=16 gap=1.4210854715202004e-14 gap_floor=7.450284153094916e-11 coupling=0.0030506655470559562 coupling_gap_ratio=40946969.060081847 ratio_tol=0.20000000000000001 allowed_gap=0.01525332773527978
[IPT preparation] union target=17 row=18 gap=0.0028103963889947181 gap_floor=7.4502841530949134e-11 coupling=0.0030506655470559571 coupling_gap_ratio=1.085492978500155 ratio_tol=0.20000000000000001 allowed_gap=0.015253327735279786
[IPT preparation] union target=17 row=20 gap=0.0054424650189162094 gap_floor=7.4502841530949134e-11 coupling=0.0030506655470559571 coupling_gap_ratio=0.56053011575689549 ratio_tol=0.20000000000000001 allowed_gap=0.015253327735279786
[IPT preparation] union target=17 row=22 gap=0.011767065004107735 gap_floor=7.4502841530949134e-11 coupling=0.055153056525431232 coupling_gap_ratio=4.6870699283277508 ratio_tol=0.20000000000000001 allowed_gap=0.27576528262715616
[IPT preparation] union target=17 row=23 gap=0.011767065004121946 gap_floor=7.4502841530949134e-11 coupling=0.11626452955863359 coupling_gap_ratio=9.8805037210134117 ratio_tol=0.20000000000000001 allowed_gap=0.58132264779316789
[IPT preparation] union target=17 row=25 gap=0.02158613238943019 gap_floor=7.4502841530949134e-11 coupling=0.049200509180729227 coupling_gap_ratio=2.2792646822096123 ratio_tol=0.20000000000000001 allowed_gap=0.24600254590364612
[IPT preparation] union target=18 row=17 gap=0.0028103963889947181 gap_floor=7.4502841530949134e-11 coupling=0.0030506655470559571 coupling_gap_ratio=1.085492978500155 ratio_tol=0.20000000000000001 allowed_gap=0.015253327735279786
[IPT preparation] union target=18 row=19 gap=1.4210854715202004e-14 gap_floor=7.4500031134560145e-11 coupling=0.11626452955863359 coupling_gap_ratio=1560597060.0017526 ratio_tol=0.20000000000000001 allowed_gap=0.58132264779316789
[IPT preparation] union target=18 row=22 gap=0.008956668615113017 gap_floor=7.4500031134560145e-11 coupling=0.002613217551317994 coupling_gap_ratio=0.29176222361387655 ratio_tol=0.20000000000000001 allowed_gap=0.01306608775658997
[IPT preparation] union target=18 row=42 gap=0.21013128726511354 gap_floor=7.4500031134560145e-11 coupling=0.055153056525431232 coupling_gap_ratio=0.26246951248077116 ratio_tol=0.20000000000000001 allowed_gap=0.27576528262715616
[IPT preparation] union target=18 row=49 gap=0.24500214177913904 gap_floor=7.4500031134560145e-11 coupling=0.058389970816981857 coupling_gap_ratio=0.2383243280771741 ratio_tol=0.20000000000000001 allowed_gap=0.29194985408490925
[IPT preparation] union target=19 row=16 gap=0.0028103963890231398 gap_floor=7.450284153094916e-11 coupling=0.0030506655470559562 coupling_gap_ratio=1.0854929784891771 ratio_tol=0.20000000000000001 allowed_gap=0.01525332773527978
[IPT preparation] target_vs_all_candidates=1838 unions=162 max_coupling_gap_ratio=2050331719.6295488 at target=11 row=12 gap=1.4210854715202004e-14 coupling=0.1533775704605661
[IPT preparation] union log truncated after 64 pairs
IPT block-cluster: clusters=2 basis_cols=89 requested_k=30 basis_target_k=33 oversample=3 adaptive=0 adaptive_tau=1.000e-01 adaptive_added=none maxiter=200 tol=0.000e+00 damping=1.000e+00
IPT block-cluster: block[0]=0:0 size=1
IPT block-cluster: block[1]=1:88 size=88
repeat 1 PRIMME time=1.242589e+00 residual=9.059e-13; IPT time=nan residual=nan
wrote /fs1/home/nudt_liujie/ftt/IPT_C_GPU/results/sparse/H2O_k30/H2O_k30_auto_single_sharedmem_20260707_1348/h2o_fci_pyscf_441_primme_vs_ipt_trials.csv
wrote /fs1/home/nudt_liujie/ftt/IPT_C_GPU/results/sparse/H2O_k30/H2O_k30_auto_single_sharedmem_20260707_1348/h2o_fci_pyscf_441_primme_vs_ipt_summary.txt
===== output files =====
/fs1/home/nudt_liujie/ftt/IPT_C_GPU/logs/sparse/H2O_k30/H2O_k30_auto_single_sharedmem_20260707_1348:
total 12K
-rw-r--r-- 1 nudt_liujie nudt_liujie 35K Jul  7 13:42 h2o_sto6g_fci_441_ipt_k30_3116370.log
lrwxrwxrwx 1 nudt_liujie nudt_liujie 137 Jul  7 13:42 latest_h2o_sto6g_fci_441_ipt_k30.log -> /fs1/home/nudt_liujie/ftt/IPT_C_GPU/logs/sparse/H2O_k30/H2O_k30_auto_single_sharedmem_20260707_1348/h2o_sto6g_fci_441_ipt_k30_3116370.log

/fs1/home/nudt_liujie/ftt/IPT_C_GPU/results/sparse/H2O_k30/H2O_k30_auto_single_sharedmem_20260707_1348:
total 1.0K
-rw-r--r-- 1 nudt_liujie nudt_liujie 1.1K Jul  7 13:42 h2o_fci_pyscf_441_primme_vs_ipt_summary.txt
-rw-r--r-- 1 nudt_liujie nudt_liujie  311 Jul  7 13:42 h2o_fci_pyscf_441_primme_vs_ipt_trials.csv

/fs1/home/nudt_liujie/ftt/IPT_C_GPU/test/sparse/H2O:
total 24M
-rw-r--r-- 1 nudt_liujie nudt_liujie  36K Jun 22 23:06 benchmark_h20_631g_fc_primme_vs_ipt.cu
-rwxr-xr-x 1 nudt_liujie nudt_liujie 7.6M Jun 22 23:21 benchmark_h20_631g_fc_primme_vs_ipt_cuda
-rw-r--r-- 1 nudt_liujie nudt_liujie  30K Jul  7 13:38 benchmark_h20_fci_primme_vs_ipt.cu
-rwxr-xr-x 1 nudt_liujie nudt_liujie 7.7M Jun 29 15:01 benchmark_h20_fci_primme_vs_ipt_cuda
-rw-r--r-- 1 nudt_liujie nudt_liujie  36K Jun 23 13:14 benchmark_h2o_631g_cas10e10o_primme_vs_ipt.cu
-rwxr-xr-x 1 nudt_liujie nudt_liujie 7.6M Jun 23 13:16 benchmark_h2o_631g_cas10e10o_primme_vs_ipt_cuda
-rw-r--r-- 1 nudt_liujie nudt_liujie 1.6K Jun 22 15:00 commands.txt
-rw-r--r-- 1 nudt_liujie nudt_liujie 731K Jul  7 13:39 h2o_sto6g_fci_441_csc.bin
lrwxrwxrwx 1 nudt_liujie nudt_liujie   58 Jul  7 13:42 libopenblas.so -> /fs1/software/cp2k/8.1-gcc8.4-openmpi/lib/libopenblas.so.0
-rwxr-xr-x 1 nudt_liujie nudt_liujie 4.0K Jun 27 21:23 run_h20_631g_fc_primme_vs_ipt.sh
-rwxr-xr-x 1 nudt_liujie nudt_liujie 4.4K Jun 27 21:23 run_h20_fci_primme_vs_ipt.sh
-rwxr-xr-x 1 nudt_liujie nudt_liujie 4.0K Jun 27 21:23 run_h2o_631g_cas10e10o_primme_vs_ipt.sh
-rwxr-xr-x 1 nudt_liujie nudt_liujie 1.7K Jul  7 13:38 run_h2o_k30_auto_cluster_debug.sh
-rwxr-xr-x 1 nudt_liujie nudt_liujie 7.7K Jul  7 13:38 run_h2o_k30_ipt_auto_cluster.sh
-rwxr-xr-x 1 nudt_liujie nudt_liujie  768 Jun 22 23:06 submit_h20_631g_fc_primme_vs_ipt.sbatch
-rwxr-xr-x 1 nudt_liujie nudt_liujie  752 Jun 22 17:27 submit_h20_fci_primme_vs_ipt.sbatch
-rwxr-xr-x 1 nudt_liujie nudt_liujie  744 Jun 22 17:27 submit_h20_fci_primme_vs_ipt.sbatch.codex_pre_cusparse_20260622_172713
-rwxr-xr-x 1 nudt_liujie nudt_liujie  784 Jun 23 13:14 submit_h2o_631g_cas10e10o_primme_vs_ipt.sbatch
finished at: Tue Jul  7 13:42:27 CST 2026
