===== IPT_C mixed precision FP16 initial + FP64 refine job =====
Wed Jun 10 11:20:46 CST 2026
gsn0
SLURM_JOB_ID=3001511
SLURM_JOB_NODELIST=gsn0
CUDA_VISIBLE_DEVICES=0
IPT_C_ROOT=/fs1/home/nudt_liujie/ftt/IPT_C_GPU
SRC_DIR=/fs1/home/nudt_liujie/ftt/IPT_C_GPU/src/mixed_precision
TEST_DIR=/fs1/home/nudt_liujie/ftt/IPT_C_GPU/test/mixed_precision
IPT_C_RESULTS_DIR=/fs1/home/nudt_liujie/ftt/IPT_C_GPU/results/mixed_precision
IPT_C_LOG_DIR=/fs1/home/nudt_liujie/ftt/IPT_C_GPU/logs/mixed_precision
IPT_RESULT_CSV=/fs1/home/nudt_liujie/ftt/IPT_C_GPU/results/mixed_precision/mixed_precision_fp16_fp64_results.csv
IPT_SUMMARY_TXT=/fs1/home/nudt_liujie/ftt/IPT_C_GPU/results/mixed_precision/mixed_precision_fp16_fp64_summary.txt
IPT_MIXED_N=16384
IPT_EPSILON_VALUES=0.05,0.08,0.1,0.12,0.15
IPT_FP16_TOL=1e-3
IPT_FP16_MAXITER=1000
IPT_TOL=1e-12
IPT_MAXITER=1000
IPT_REPEATS=5
IPT_SEED=20260603
IPT_COMPUTE_RESIDUALS=true
Currently Loaded Modulefiles:
 1) GCC/12.2.0   2) CUDA/12.2  

Wed Jun 10 11:20:46 2026       
+---------------------------------------------------------------------------------------+
| NVIDIA-SMI 535.104.12             Driver Version: 535.104.12   CUDA Version: 12.2     |
|-----------------------------------------+----------------------+----------------------+
| GPU  Name                 Persistence-M | Bus-Id        Disp.A | Volatile Uncorr. ECC |
| Fan  Temp   Perf          Pwr:Usage/Cap |         Memory-Usage | GPU-Util  Compute M. |
|                                         |                      |               MIG M. |
|=========================================+======================+======================|
|   0  NVIDIA A100-SXM4-80GB          Off | 00000000:27:00.0 Off |                    0 |
| N/A   32C    P0              58W / 400W |      4MiB / 81920MiB |      0%      Default |
|                                         |                      |             Disabled |
+-----------------------------------------+----------------------+----------------------+
                                                                                         
+---------------------------------------------------------------------------------------+
| Processes:                                                                            |
|  GPU   GI   CI        PID   Type   Process name                            GPU Memory |
|        ID   ID                                                             Usage      |
|=======================================================================================|
|  No running processes found                                                           |
+---------------------------------------------------------------------------------------+

===== build =====

===== run =====
===== IPT_C mixed precision benchmark =====
ROOT = /fs1/home/nudt_liujie/ftt/IPT_C_GPU
RESULT_DIR = /fs1/home/nudt_liujie/ftt/IPT_C_GPU/results/mixed_precision
RESULT_CSV = /fs1/home/nudt_liujie/ftt/IPT_C_GPU/results/mixed_precision/mixed_precision_fp16_fp64_results.csv
SUMMARY_TXT = /fs1/home/nudt_liujie/ftt/IPT_C_GPU/results/mixed_precision/mixed_precision_fp16_fp64_summary.txt
N = 16384
fp16_tol = 0.001
fp16_maxiter = 1000
fp64_tol = 9.9999999999999998e-13
fp64_maxiter = 1000
timing_repeats = 5
seed = 20260603
epsilon values = 0.050000000000000003, 0.080000000000000002, 0.10000000000000001, 0.12, 0.14999999999999999
compute_residuals = true
gpu_name = NVIDIA A100-SXM4-80GB
CUDA memory at start: free 78.722 GiB / total 79.151 GiB
===== device warmup N=128 =====
===== device warmup done =====

===== N = 16384, epsilon = 0.050000000000000003 =====
CUDA memory before matrix: free 78.716 GiB / total 79.151 GiB
host matrix generated in 15.431834 s
CUDA memory after matrix: free 76.716 GiB / total 79.151 GiB
Mixed precision warmup for N=16384 epsilon=0.050000000000000003
  mixed run 1/5: fp16 = 0.129807 s, fp64 = 6.902754 s, total = 7.0325615 s, fp16_fp = 0.00018490458, fp64_fp = 4.6927125e-13, fp16_iters = 3, fp64_iters = 13, residual = nan, status = ok
  mixed run 2/5: fp16 = 0.13019707 s, fp64 = 6.9021373 s, total = 7.0323352 s, fp16_fp = 0.00018490458, fp64_fp = 4.6927125e-13, fp16_iters = 3, fp64_iters = 13, residual = nan, status = ok
  mixed run 3/5: fp16 = 0.12917416 s, fp64 = 6.9085783 s, total = 7.0377527 s, fp16_fp = 0.00018490458, fp64_fp = 4.6927125e-13, fp16_iters = 3, fp64_iters = 13, residual = nan, status = ok
  mixed run 4/5: fp16 = 0.13005867 s, fp64 = 6.9095978 s, total = 7.0396568 s, fp16_fp = 0.00018490458, fp64_fp = 4.6927125e-13, fp16_iters = 3, fp64_iters = 13, residual = nan, status = ok
  mixed run 5/5: fp16 = 0.13131111 s, fp64 = 6.9280242 s, total = 7.0593356 s, fp16_fp = 0.00018490458, fp64_fp = 4.6927125e-13, fp16_iters = 3, fp64_iters = 13, residual = 1.5588517e-09, status = ok
Mixed average: fp16 = 0.1301096 s, fp64 = 6.9102183 s, total = 7.0403284 s, residual = 1.5588517e-09, fp16_fp = 0.00018490458, fp64_fp = 4.6927125e-13, fp16_iters = 3, fp64_iters = 13, status = ok
CUDA memory after cleanup: free 78.716 GiB / total 79.151 GiB

===== N = 16384, epsilon = 0.080000000000000002 =====
CUDA memory before matrix: free 78.716 GiB / total 79.151 GiB
host matrix generated in 15.408172 s
CUDA memory after matrix: free 76.716 GiB / total 79.151 GiB
Mixed precision warmup for N=16384 epsilon=0.080000000000000002
  mixed run 1/5: fp16 = 0.14617529 s, fp64 = 10.905498 s, total = 11.051674 s, fp16_fp = 0.00075790138, fp64_fp = 6.0088743e-13, fp16_iters = 3, fp64_iters = 21, residual = nan, status = ok
  mixed run 2/5: fp16 = 0.12984319 s, fp64 = 10.908549 s, total = 11.038393 s, fp16_fp = 0.00075790138, fp64_fp = 6.0088743e-13, fp16_iters = 3, fp64_iters = 21, residual = nan, status = ok
  mixed run 3/5: fp16 = 0.13045971 s, fp64 = 10.915753 s, total = 11.046213 s, fp16_fp = 0.00075790138, fp64_fp = 6.0088743e-13, fp16_iters = 3, fp64_iters = 21, residual = nan, status = ok
  mixed run 4/5: fp16 = 0.12954286 s, fp64 = 10.919924 s, total = 11.049467 s, fp16_fp = 0.00075790138, fp64_fp = 6.0088743e-13, fp16_iters = 3, fp64_iters = 21, residual = nan, status = ok
  mixed run 5/5: fp16 = 0.1303876 s, fp64 = 10.910388 s, total = 11.040776 s, fp16_fp = 0.00075790138, fp64_fp = 6.0088743e-13, fp16_iters = 3, fp64_iters = 21, residual = 3.1991038e-09, status = ok
Mixed average: fp16 = 0.13328173 s, fp64 = 10.912023 s, total = 11.045305 s, residual = 3.1991038e-09, fp16_fp = 0.00075790138, fp64_fp = 6.0088743e-13, fp16_iters = 3, fp64_iters = 21, status = ok
CUDA memory after cleanup: free 78.716 GiB / total 79.151 GiB

===== N = 16384, epsilon = 0.10000000000000001 =====
CUDA memory before matrix: free 78.716 GiB / total 79.151 GiB
host matrix generated in 14.989902 s
CUDA memory after matrix: free 76.716 GiB / total 79.151 GiB
Mixed precision warmup for N=16384 epsilon=0.10000000000000001
  mixed run 1/5: fp16 = 0.16717703 s, fp64 = 13.861627 s, total = 14.028805 s, fp16_fp = 0.00035424172, fp64_fp = 8.1798998e-13, fp16_iters = 4, fp64_iters = 27, residual = nan, status = ok
  mixed run 2/5: fp16 = 0.17899416 s, fp64 = 13.875489 s, total = 14.054483 s, fp16_fp = 0.00035424172, fp64_fp = 8.1798998e-13, fp16_iters = 4, fp64_iters = 27, residual = nan, status = ok
  mixed run 3/5: fp16 = 0.16821443 s, fp64 = 13.877617 s, total = 14.045832 s, fp16_fp = 0.00035424172, fp64_fp = 8.1798998e-13, fp16_iters = 4, fp64_iters = 27, residual = nan, status = ok
  mixed run 4/5: fp16 = 0.16930441 s, fp64 = 13.848279 s, total = 14.017584 s, fp16_fp = 0.00035424172, fp64_fp = 8.1798998e-13, fp16_iters = 4, fp64_iters = 27, residual = nan, status = ok
  mixed run 5/5: fp16 = 0.16758313 s, fp64 = 13.891922 s, total = 14.059506 s, fp16_fp = 0.00035424172, fp64_fp = 8.1798998e-13, fp16_iters = 4, fp64_iters = 27, residual = 5.6938075e-09, status = ok
Mixed average: fp16 = 0.17025463 s, fp64 = 13.870987 s, total = 14.041242 s, residual = 5.6938075e-09, fp16_fp = 0.00035424172, fp64_fp = 8.1798998e-13, fp16_iters = 4, fp64_iters = 27, status = ok
CUDA memory after cleanup: free 78.716 GiB / total 79.151 GiB

===== N = 16384, epsilon = 0.12 =====
CUDA memory before matrix: free 78.716 GiB / total 79.151 GiB
host matrix generated in 14.997444 s
CUDA memory after matrix: free 76.716 GiB / total 79.151 GiB
Mixed precision warmup for N=16384 epsilon=0.12
  mixed run 1/5: fp16 = 0.16803478 s, fp64 = 20.30926 s, total = 20.477295 s, fp16_fp = 0.00073290825, fp64_fp = 8.121179e-13, fp16_iters = 4, fp64_iters = 40, residual = nan, status = ok
  mixed run 2/5: fp16 = 0.16683004 s, fp64 = 20.304031 s, total = 20.470861 s, fp16_fp = 0.00073290825, fp64_fp = 8.121179e-13, fp16_iters = 4, fp64_iters = 40, residual = nan, status = ok
  mixed run 3/5: fp16 = 0.16912129 s, fp64 = 20.314473 s, total = 20.483595 s, fp16_fp = 0.00073290825, fp64_fp = 8.121179e-13, fp16_iters = 4, fp64_iters = 40, residual = nan, status = ok
  mixed run 4/5: fp16 = 0.17476953 s, fp64 = 20.360501 s, total = 20.535271 s, fp16_fp = 0.00073290825, fp64_fp = 8.121179e-13, fp16_iters = 4, fp64_iters = 40, residual = nan, status = ok
  mixed run 5/5: fp16 = 0.16836977 s, fp64 = 20.329289 s, total = 20.497659 s, fp16_fp = 0.00073290825, fp64_fp = 8.121179e-13, fp16_iters = 4, fp64_iters = 40, residual = 6.3290717e-09, status = ok
Mixed average: fp16 = 0.16942508 s, fp64 = 20.323511 s, total = 20.492936 s, residual = 6.3290717e-09, fp16_fp = 0.00073290825, fp64_fp = 8.121179e-13, fp16_iters = 4, fp64_iters = 40, status = ok
CUDA memory after cleanup: free 78.716 GiB / total 79.151 GiB

===== N = 16384, epsilon = 0.14999999999999999 =====
CUDA memory before matrix: free 78.716 GiB / total 79.151 GiB
host matrix generated in 14.767808 s
CUDA memory after matrix: free 76.716 GiB / total 79.151 GiB
Mixed precision warmup for N=16384 epsilon=0.14999999999999999
  mixed run 1/5: fp16 = 0.20750402 s, fp64 = 40.661475 s, total = 40.868979 s, fp16_fp = 0.00089483964, fp64_fp = 7.944664e-13, fp16_iters = 5, fp64_iters = 81, residual = nan, status = ok
  mixed run 2/5: fp16 = 0.20686361 s, fp64 = 40.699454 s, total = 40.906318 s, fp16_fp = 0.00089483964, fp64_fp = 7.944664e-13, fp16_iters = 5, fp64_iters = 81, residual = nan, status = ok
  mixed run 3/5: fp16 = 0.20713774 s, fp64 = 40.742291 s, total = 40.949429 s, fp16_fp = 0.00089483964, fp64_fp = 7.944664e-13, fp16_iters = 5, fp64_iters = 81, residual = nan, status = ok
  mixed run 4/5: fp16 = 0.20632661 s, fp64 = 40.701734 s, total = 40.908061 s, fp16_fp = 0.00089483964, fp64_fp = 7.944664e-13, fp16_iters = 5, fp64_iters = 81, residual = nan, status = ok
  mixed run 5/5: fp16 = 0.20668964 s, fp64 = 40.613787 s, total = 40.820477 s, fp16_fp = 0.00089483964, fp64_fp = 7.944664e-13, fp16_iters = 5, fp64_iters = 81, residual = 7.5422666e-09, status = ok
Mixed average: fp16 = 0.20690433 s, fp64 = 40.683748 s, total = 40.890653 s, residual = 7.5422666e-09, fp16_fp = 0.00089483964, fp64_fp = 7.944664e-13, fp16_iters = 5, fp64_iters = 81, status = ok
CUDA memory after cleanup: free 78.716 GiB / total 79.151 GiB
===== mixed benchmark done =====
Results: /fs1/home/nudt_liujie/ftt/IPT_C_GPU/results/mixed_precision/mixed_precision_fp16_fp64_results.csv
Summary: /fs1/home/nudt_liujie/ftt/IPT_C_GPU/results/mixed_precision/mixed_precision_fp16_fp64_summary.txt

===== output files =====
/fs1/home/nudt_liujie/ftt/IPT_C_GPU/logs/mixed_precision:
total 44K
lrwxrwxrwx 1 nudt_liujie nudt_liujie   94 Jun 10 11:20 latest_mixed_precision_fp16_fp64.log -> /fs1/home/nudt_liujie/ftt/IPT_C_GPU/logs/mixed_precision/mixed_precision_fp16_fp64_3001511.log
-rw-r--r-- 1 nudt_liujie nudt_liujie   80 Jun 10 11:15 mixed_precision_fp16_fp64_3001494.err
-rw-r--r-- 1 nudt_liujie nudt_liujie 2.7K Jun 10 11:14 mixed_precision_fp16_fp64_3001494.log
-rw-r--r-- 1 nudt_liujie nudt_liujie 2.7K Jun 10 11:14 mixed_precision_fp16_fp64_3001494.out
-rw-r--r-- 1 nudt_liujie nudt_liujie    0 Jun 10 11:19 mixed_precision_fp16_fp64_3001507.err
-rw-r--r-- 1 nudt_liujie nudt_liujie 4.9K Jun 10 11:19 mixed_precision_fp16_fp64_3001507.out
-rw-r--r-- 1 nudt_liujie nudt_liujie    0 Jun 10 11:20 mixed_precision_fp16_fp64_3001511.err
-rw-r--r-- 1 nudt_liujie nudt_liujie  12K Jun 10 11:31 mixed_precision_fp16_fp64_3001511.log
-rw-r--r-- 1 nudt_liujie nudt_liujie  12K Jun 10 11:31 mixed_precision_fp16_fp64_3001511.out
drwxr-xr-x 2 nudt_liujie nudt_liujie 4.0K Jun 10 11:19 smoke

/fs1/home/nudt_liujie/ftt/IPT_C_GPU/results/mixed_precision:
total 12K
-rw-r--r-- 1 nudt_liujie nudt_liujie 1.4K Jun 10 11:31 mixed_precision_fp16_fp64_results.csv
-rw-r--r-- 1 nudt_liujie nudt_liujie 2.7K Jun 10 11:31 mixed_precision_fp16_fp64_summary.txt
drwxr-xr-x 2 nudt_liujie nudt_liujie 4.0K Jun 10 11:19 smoke
finished at: Wed Jun 10 11:31:30 CST 2026
