===== IPT_C mixed precision FP32 initial + FP64 refine job =====
Wed Jun 10 12:49:28 CST 2026
gsn0
SLURM_JOB_ID=3001716
SLURM_JOB_NODELIST=gsn0
CUDA_VISIBLE_DEVICES=0
IPT_C_ROOT=/fs1/home/nudt_liujie/ftt/IPT_C_GPU
SRC_DIR=/fs1/home/nudt_liujie/ftt/IPT_C_GPU/src/mixed_precision
TEST_DIR=/fs1/home/nudt_liujie/ftt/IPT_C_GPU/test/mixed_precision
IPT_C_RESULTS_DIR=/fs1/home/nudt_liujie/ftt/IPT_C_GPU/results/mixed_precision
IPT_C_LOG_DIR=/fs1/home/nudt_liujie/ftt/IPT_C_GPU/logs/mixed_precision
IPT_RESULT_CSV=/fs1/home/nudt_liujie/ftt/IPT_C_GPU/results/mixed_precision/mixed_precision_fp32_fp64_results.csv
IPT_SUMMARY_TXT=/fs1/home/nudt_liujie/ftt/IPT_C_GPU/results/mixed_precision/mixed_precision_fp32_fp64_summary.txt
IPT_MIXED_N=16384
IPT_EPSILON_VALUES=0.05,0.08,0.1,0.12,0.15
IPT_FP32_TOL=1e-6
IPT_FP32_MAXITER=1000
IPT_TOL=1e-12
IPT_MAXITER=1000
IPT_REPEATS=5
IPT_SEED=20260603
IPT_COMPUTE_RESIDUALS=true
Currently Loaded Modulefiles:
 1) GCC/12.2.0   2) CUDA/12.2  

Wed Jun 10 12:49:28 2026       
+---------------------------------------------------------------------------------------+
| NVIDIA-SMI 535.104.12             Driver Version: 535.104.12   CUDA Version: 12.2     |
|-----------------------------------------+----------------------+----------------------+
| GPU  Name                 Persistence-M | Bus-Id        Disp.A | Volatile Uncorr. ECC |
| Fan  Temp   Perf          Pwr:Usage/Cap |         Memory-Usage | GPU-Util  Compute M. |
|                                         |                      |               MIG M. |
|=========================================+======================+======================|
|   0  NVIDIA A100-SXM4-80GB          Off | 00000000:27:00.0 Off |                    0 |
| N/A   32C    P0              57W / 400W |      4MiB / 81920MiB |      0%      Default |
|                                         |                      |             Disabled |
+-----------------------------------------+----------------------+----------------------+
                                                                                         
+---------------------------------------------------------------------------------------+
| Processes:                                                                            |
|  GPU   GI   CI        PID   Type   Process name                            GPU Memory |
|        ID   ID                                                             Usage      |
|=======================================================================================|
|  No running processes found                                                           |
+---------------------------------------------------------------------------------------+

===== build =====

===== run =====
===== IPT_C mixed precision benchmark =====
ROOT = /fs1/home/nudt_liujie/ftt/IPT_C_GPU
RESULT_DIR = /fs1/home/nudt_liujie/ftt/IPT_C_GPU/results/mixed_precision
RESULT_CSV = /fs1/home/nudt_liujie/ftt/IPT_C_GPU/results/mixed_precision/mixed_precision_fp32_fp64_results.csv
SUMMARY_TXT = /fs1/home/nudt_liujie/ftt/IPT_C_GPU/results/mixed_precision/mixed_precision_fp32_fp64_summary.txt
N = 16384
fp32_tol = 9.9999999999999995e-07
fp32_maxiter = 1000
fp64_tol = 9.9999999999999998e-13
fp64_maxiter = 1000
timing_repeats = 5
seed = 20260603
epsilon values = 0.050000000000000003, 0.080000000000000002, 0.10000000000000001, 0.12, 0.14999999999999999
compute_residuals = true
gpu_name = NVIDIA A100-SXM4-80GB
CUDA memory at start: free 78.722 GiB / total 79.151 GiB
===== device warmup N=128 =====
===== device warmup done =====

===== N = 16384, epsilon = 0.050000000000000003 =====
CUDA memory before matrix: free 78.722 GiB / total 79.151 GiB
host matrix generated in 13.769299 s
CUDA memory after matrix: free 76.722 GiB / total 79.151 GiB
Mixed precision warmup for N=16384 epsilon=0.050000000000000003
  mixed run 1/5: fp32 = 2.832843 s, fp64 = 5.4176859 s, total = 8.2505292 s, fp32_fp = 6.8247851e-07, fp64_fp = 4.6083241e-13, fp32_iters = 6, fp64_iters = 10, residual = nan, status = ok
  mixed run 2/5: fp32 = 2.8320206 s, fp64 = 5.4405364 s, total = 8.2725572 s, fp32_fp = 6.8247851e-07, fp64_fp = 4.6083241e-13, fp32_iters = 6, fp64_iters = 10, residual = nan, status = ok
  mixed run 3/5: fp32 = 2.8330151 s, fp64 = 5.4492729 s, total = 8.2822883 s, fp32_fp = 6.8247851e-07, fp64_fp = 4.6083241e-13, fp32_iters = 6, fp64_iters = 10, residual = nan, status = ok
  mixed run 4/5: fp32 = 2.8328931 s, fp64 = 5.4474932 s, total = 8.2803867 s, fp32_fp = 6.8247851e-07, fp64_fp = 4.6083241e-13, fp32_iters = 6, fp64_iters = 10, residual = nan, status = ok
  mixed run 5/5: fp32 = 2.8354879 s, fp64 = 5.4589401 s, total = 8.2944284 s, fp32_fp = 6.8247851e-07, fp64_fp = 4.6083241e-13, fp32_iters = 6, fp64_iters = 10, residual = 1.5318267e-09, status = ok
Mixed average: fp32 = 2.833252 s, fp64 = 5.4427857 s, total = 8.276038 s, residual = 1.5318267e-09, fp32_fp = 6.8247851e-07, fp64_fp = 4.6083241e-13, fp32_iters = 6, fp64_iters = 10, status = ok
CUDA memory after cleanup: free 78.722 GiB / total 79.151 GiB

===== N = 16384, epsilon = 0.080000000000000002 =====
CUDA memory before matrix: free 78.722 GiB / total 79.151 GiB
host matrix generated in 13.700667 s
CUDA memory after matrix: free 76.722 GiB / total 79.151 GiB
Mixed precision warmup for N=16384 epsilon=0.080000000000000002
  mixed run 1/5: fp32 = 4.2402984 s, fp64 = 7.9266732 s, total = 12.166972 s, fp32_fp = 5.0961782e-07, fp64_fp = 6.0007345e-13, fp32_iters = 9, fp64_iters = 15, residual = nan, status = ok
  mixed run 2/5: fp32 = 4.2355969 s, fp64 = 7.9227496 s, total = 12.158347 s, fp32_fp = 5.0961782e-07, fp64_fp = 6.0007345e-13, fp32_iters = 9, fp64_iters = 15, residual = nan, status = ok
  mixed run 3/5: fp32 = 4.2349972 s, fp64 = 7.9244993 s, total = 12.159497 s, fp32_fp = 5.0961782e-07, fp64_fp = 6.0007345e-13, fp32_iters = 9, fp64_iters = 15, residual = nan, status = ok
  mixed run 4/5: fp32 = 4.2418966 s, fp64 = 7.9353207 s, total = 12.177218 s, fp32_fp = 5.0961782e-07, fp64_fp = 6.0007345e-13, fp32_iters = 9, fp64_iters = 15, residual = nan, status = ok
  mixed run 5/5: fp32 = 4.2384944 s, fp64 = 7.9317977 s, total = 12.170292 s, fp32_fp = 5.0961782e-07, fp64_fp = 6.0007345e-13, fp32_iters = 9, fp64_iters = 15, residual = 3.1951775e-09, status = ok
Mixed average: fp32 = 4.2382567 s, fp64 = 7.9282081 s, total = 12.166465 s, residual = 3.1951775e-09, fp32_fp = 5.0961782e-07, fp64_fp = 6.0007345e-13, fp32_iters = 9, fp64_iters = 15, status = ok
CUDA memory after cleanup: free 78.722 GiB / total 79.151 GiB

===== N = 16384, epsilon = 0.10000000000000001 =====
CUDA memory before matrix: free 78.722 GiB / total 79.151 GiB
host matrix generated in 14.067642 s
CUDA memory after matrix: free 76.722 GiB / total 79.151 GiB
Mixed precision warmup for N=16384 epsilon=0.10000000000000001
  mixed run 1/5: fp32 = 5.1747803 s, fp64 = 10.40645 s, total = 15.58123 s, fp32_fp = 8.4618168e-07, fp64_fp = 8.1857195e-13, fp32_iters = 11, fp64_iters = 20, residual = nan, status = ok
  mixed run 2/5: fp32 = 5.1804873 s, fp64 = 10.421673 s, total = 15.60216 s, fp32_fp = 8.4618168e-07, fp64_fp = 8.1857195e-13, fp32_iters = 11, fp64_iters = 20, residual = nan, status = ok
  mixed run 3/5: fp32 = 5.1743589 s, fp64 = 10.425606 s, total = 15.599966 s, fp32_fp = 8.4618168e-07, fp64_fp = 8.1857195e-13, fp32_iters = 11, fp64_iters = 20, residual = nan, status = ok
  mixed run 4/5: fp32 = 5.1737791 s, fp64 = 10.430633 s, total = 15.604413 s, fp32_fp = 8.4618168e-07, fp64_fp = 8.1857195e-13, fp32_iters = 11, fp64_iters = 20, residual = nan, status = ok
  mixed run 5/5: fp32 = 5.1737977 s, fp64 = 10.43455 s, total = 15.608348 s, fp32_fp = 8.4618168e-07, fp64_fp = 8.1857195e-13, fp32_iters = 11, fp64_iters = 20, residual = 5.7018995e-09, status = ok
Mixed average: fp32 = 5.1754407 s, fp64 = 10.423782 s, total = 15.599223 s, residual = 5.7018995e-09, fp32_fp = 8.4618168e-07, fp64_fp = 8.1857195e-13, fp32_iters = 11, fp64_iters = 20, status = ok
CUDA memory after cleanup: free 78.722 GiB / total 79.151 GiB

===== N = 16384, epsilon = 0.12 =====
CUDA memory before matrix: free 78.722 GiB / total 79.151 GiB
host matrix generated in 12.827676 s
CUDA memory after matrix: free 76.722 GiB / total 79.151 GiB
Mixed precision warmup for N=16384 epsilon=0.12
  mixed run 1/5: fp32 = 7.0457851 s, fp64 = 14.924219 s, total = 21.970005 s, fp32_fp = 8.7484367e-07, fp64_fp = 8.1261452e-13, fp32_iters = 15, fp64_iters = 29, residual = nan, status = ok
  mixed run 2/5: fp32 = 7.0456495 s, fp64 = 14.857415 s, total = 21.903064 s, fp32_fp = 8.7484367e-07, fp64_fp = 8.1261452e-13, fp32_iters = 15, fp64_iters = 29, residual = nan, status = ok
  mixed run 3/5: fp32 = 7.0442384 s, fp64 = 14.871439 s, total = 21.915677 s, fp32_fp = 8.7484367e-07, fp64_fp = 8.1261452e-13, fp32_iters = 15, fp64_iters = 29, residual = nan, status = ok
  mixed run 4/5: fp32 = 7.0447615 s, fp64 = 14.879237 s, total = 21.923998 s, fp32_fp = 8.7484367e-07, fp64_fp = 8.1261452e-13, fp32_iters = 15, fp64_iters = 29, residual = nan, status = ok
  mixed run 5/5: fp32 = 7.0450882 s, fp64 = 14.844652 s, total = 21.889741 s, fp32_fp = 8.7484367e-07, fp64_fp = 8.1261452e-13, fp32_iters = 15, fp64_iters = 29, residual = 6.3344041e-09, status = ok
Mixed average: fp32 = 7.0451045 s, fp64 = 14.875392 s, total = 21.920497 s, residual = 6.3344041e-09, fp32_fp = 8.7484367e-07, fp64_fp = 8.1261452e-13, fp32_iters = 15, fp64_iters = 29, status = ok
CUDA memory after cleanup: free 78.722 GiB / total 79.151 GiB

===== N = 16384, epsilon = 0.14999999999999999 =====
CUDA memory before matrix: free 78.722 GiB / total 79.151 GiB
host matrix generated in 13.711089 s
CUDA memory after matrix: free 76.722 GiB / total 79.151 GiB
Mixed precision warmup for N=16384 epsilon=0.14999999999999999
  mixed run 1/5: fp32 = 13.595705 s, fp64 = 28.795607 s, total = 42.391312 s, fp32_fp = 8.693436e-07, fp64_fp = 7.9511682e-13, fp32_iters = 29, fp64_iters = 57, residual = nan, status = ok
  mixed run 2/5: fp32 = 13.601765 s, fp64 = 28.750921 s, total = 42.352687 s, fp32_fp = 8.693436e-07, fp64_fp = 7.9511682e-13, fp32_iters = 29, fp64_iters = 57, residual = nan, status = ok
  mixed run 3/5: fp32 = 13.593126 s, fp64 = 28.771387 s, total = 42.364515 s, fp32_fp = 8.693436e-07, fp64_fp = 7.9511682e-13, fp32_iters = 29, fp64_iters = 57, residual = nan, status = ok
  mixed run 4/5: fp32 = 13.5952 s, fp64 = 28.747526 s, total = 42.342726 s, fp32_fp = 8.693436e-07, fp64_fp = 7.9511682e-13, fp32_iters = 29, fp64_iters = 57, residual = nan, status = ok
  mixed run 5/5: fp32 = 13.595794 s, fp64 = 28.775807 s, total = 42.371601 s, fp32_fp = 8.693436e-07, fp64_fp = 7.9511682e-13, fp32_iters = 29, fp64_iters = 57, residual = 7.5477236e-09, status = ok
Mixed average: fp32 = 13.596318 s, fp64 = 28.768249 s, total = 42.364568 s, residual = 7.5477236e-09, fp32_fp = 8.693436e-07, fp64_fp = 7.9511682e-13, fp32_iters = 29, fp64_iters = 57, status = ok
CUDA memory after cleanup: free 78.722 GiB / total 79.151 GiB
===== mixed benchmark done =====
Results: /fs1/home/nudt_liujie/ftt/IPT_C_GPU/results/mixed_precision/mixed_precision_fp32_fp64_results.csv
Summary: /fs1/home/nudt_liujie/ftt/IPT_C_GPU/results/mixed_precision/mixed_precision_fp32_fp64_summary.txt

===== output files =====
/fs1/home/nudt_liujie/ftt/IPT_C_GPU/logs/mixed_precision:
total 92K
lrwxrwxrwx 1 nudt_liujie nudt_liujie   94 Jun 10 11:20 latest_mixed_precision_fp16_fp64.log -> /fs1/home/nudt_liujie/ftt/IPT_C_GPU/logs/mixed_precision/mixed_precision_fp16_fp64_3001511.log
lrwxrwxrwx 1 nudt_liujie nudt_liujie   94 Jun 10 12:49 latest_mixed_precision_fp32_fp64.log -> /fs1/home/nudt_liujie/ftt/IPT_C_GPU/logs/mixed_precision/mixed_precision_fp32_fp64_3001716.log
-rw-r--r-- 1 nudt_liujie nudt_liujie   80 Jun 10 11:15 mixed_precision_fp16_fp64_3001494.err
-rw-r--r-- 1 nudt_liujie nudt_liujie 2.7K Jun 10 11:14 mixed_precision_fp16_fp64_3001494.log
-rw-r--r-- 1 nudt_liujie nudt_liujie 2.7K Jun 10 11:14 mixed_precision_fp16_fp64_3001494.out
-rw-r--r-- 1 nudt_liujie nudt_liujie    0 Jun 10 11:19 mixed_precision_fp16_fp64_3001507.err
-rw-r--r-- 1 nudt_liujie nudt_liujie 4.9K Jun 10 11:19 mixed_precision_fp16_fp64_3001507.out
-rw-r--r-- 1 nudt_liujie nudt_liujie    0 Jun 10 11:20 mixed_precision_fp16_fp64_3001511.err
-rw-r--r-- 1 nudt_liujie nudt_liujie  13K Jun 10 11:31 mixed_precision_fp16_fp64_3001511.log
-rw-r--r-- 1 nudt_liujie nudt_liujie  13K Jun 10 11:31 mixed_precision_fp16_fp64_3001511.out
-rw-r--r-- 1 nudt_liujie nudt_liujie    0 Jun 10 12:44 mixed_precision_fp32_fp64_3001705.err
-rw-r--r-- 1 nudt_liujie nudt_liujie 5.0K Jun 10 12:44 mixed_precision_fp32_fp64_3001705.out
-rw-r--r-- 1 nudt_liujie nudt_liujie    0 Jun 10 12:49 mixed_precision_fp32_fp64_3001716.err
-rw-r--r-- 1 nudt_liujie nudt_liujie  12K Jun 10 13:00 mixed_precision_fp32_fp64_3001716.log
-rw-r--r-- 1 nudt_liujie nudt_liujie  12K Jun 10 13:00 mixed_precision_fp32_fp64_3001716.out
drwxr-xr-x 2 nudt_liujie nudt_liujie 4.0K Jun 10 11:19 smoke
drwxr-xr-x 2 nudt_liujie nudt_liujie 4.0K Jun 10 12:44 smoke_fp32

/fs1/home/nudt_liujie/ftt/IPT_C_GPU/results/mixed_precision:
total 24K
-rw-r--r-- 1 nudt_liujie nudt_liujie 1.4K Jun 10 11:31 mixed_precision_fp16_fp64_results.csv
-rw-r--r-- 1 nudt_liujie nudt_liujie 2.7K Jun 10 11:31 mixed_precision_fp16_fp64_summary.txt
-rw-r--r-- 1 nudt_liujie nudt_liujie 1.5K Jun 10 13:00 mixed_precision_fp32_fp64_results.csv
-rw-r--r-- 1 nudt_liujie nudt_liujie 2.7K Jun 10 13:00 mixed_precision_fp32_fp64_summary.txt
drwxr-xr-x 2 nudt_liujie nudt_liujie 4.0K Jun 10 11:19 smoke
drwxr-xr-x 2 nudt_liujie nudt_liujie 4.0K Jun 10 12:44 smoke_fp32
finished at: Wed Jun 10 13:00:46 CST 2026
