===== CH4 k=30 IPT vs PRIMME solve-only comparison =====
Thu Jul  2 20:50:27 CST 2026
gsn0
SLURM_JOB_ID=3089951
CUDA_VISIBLE_DEVICES=0
CACHE=/fs1/home/nudt_liujie/ftt/IPT_C_GPU/results/sparse/CH4_K30_debug/ch4_sto6g_fci_15876_csc.bin
RESULT_DIR=/fs1/home/nudt_liujie/ftt/IPT_C_GPU/results/sparse/CH4_K30_debug/ipt_vs_primme_k30_v1/cmp_1e8_extra10_ortho2_v2
LOG_DIR=/fs1/home/nudt_liujie/ftt/IPT_C_GPU/logs/sparse/CH4_K30_dubug/ipt_vs_primme_k30_v1/cmp_1e8_extra10_ortho2_v2
===== IPT: repaired block-active selective Davidson parameters =====
IPT_MAXITER=200
IPT_BLOCK_CLUSTER_OVERSAMPLE=3
IPT_BLOCK_CLUSTER_QR=1
IPT_DAVIDSON_STEPS=30
IPT_DAVIDSON_EXTRA_STEPS=10
IPT_DAVIDSON_ACTIVE_MAX=2
IPT_DAVIDSON_FORCE_ACTIVE_PAIRS=28,29
IPT_DAVIDSON_BLOCK_ACTIVE=1
IPT_DAVIDSON_DENOM_CLIP=1e-8
IPT_DAVIDSON_ORTHO_REPEATS=2
===== CH4/STO-6G full FCI IPT sparse benchmark =====
Thu Jul  2 20:50:27 CST 2026
gsn0
SLURM_JOB_ID=3089951
CUDA_VISIBLE_DEVICES=0
IPT_REPEATS=1
IPT_TOL=1e-12
IPT_MAXITER=200
IPT_K=30
IPT_BLOCK_CLUSTER=1
IPT_BLOCK_CLUSTER_OVERSAMPLE=3
IPT_BLOCK_CLUSTER_QR=1
IPT_BLOCK_CLUSTER_ADAPTIVE=0
IPT_BLOCK_CLUSTER_COUPLING_TAU=0.1
IPT_DAVIDSON_ENRICH=1
IPT_DAVIDSON_STEPS=30
IPT_DAVIDSON_EXTRA_STEPS=10
IPT_DAVIDSON_ACTIVE_MAX=2
IPT_DAVIDSON_SELECT_TOL=1e-12
IPT_DAVIDSON_CONVERGED_TOL=1e-13
IPT_DAVIDSON_ACTIVE_TOL=1e-13
IPT_DAVIDSON_FORCE_ACTIVE_PAIRS=28,29
IPT_DAVIDSON_BLOCK_ACTIVE=1
IPT_DAVIDSON_DENOM_CLIP=1e-8
IPT_DAVIDSON_ACCEPT_ONLY_IF_IMPROVES=1
IPT_DAVIDSON_ORTHO_REPEATS=2
IPT_DAVIDSON_PROTECT_TOL=1e-10
IPT_DAVIDSON_LOCKED_TOL=1e-12
IPT_DAVIDSON_RESTART_EVERY=20
IPT_DAVIDSON_RESTART_KEEP_EXTRA=5
IPT_DUMP_RESIDUAL_SUPPORT=0
IPT_RESIDUAL_SUPPORT_PAIR=29
IPT_RESIDUAL_SUPPORT_TOP=100
IPT_JD_LOCAL_CORRECTION=0
IPT_JD_LOCAL_ACTIVE_PAIRS=29
IPT_JD_LOCAL_WINDOW_START=25
IPT_JD_LOCAL_WINDOW_END=40
IPT_JD_LOCAL_DAMPING=1e-8
IPT_JD_LOCAL_MAX_DIM=80
IPT_JD_LOCAL_SET=window
IPT_JD_LOCAL_SUPPORT_TOP=80
IPT_JD_LOCAL_OUTSIDE_CORRECTION=none
IPT_JD_LOCAL_STEPS=1
IPT_JD_ACCEPT_ONLY_IF_IMPROVES=1
IPT_CH4_MATRIX_CACHE=/fs1/home/nudt_liujie/ftt/IPT_C_GPU/results/sparse/CH4_K30_debug/ch4_sto6g_fci_15876_csc.bin
IPT_SAVE_MATRIX=0
IPT_LOAD_MATRIX=1
IPT_DUMP_DIAG_GAPS=0
IPT_DUMP_PAIR_RESIDUALS=1
IPT_DUMP_COUPLING_GAP=0
IPT_RITZ_CHECK_INTERVAL=0
RUN_PRIMME=0
RUN_WARMUP=0
IPT_EST_NNZ_PER_COL=800
Currently Loaded Modulefiles:
 1) GCC/12.2.0   2) CUDA/12.2  
numpy 1.21.5 /fs1/software/hpcsystem/THL7/software/pyscf/2.0.1-py3.8/lib/python3.8/site-packages/numpy/__init__.py
scipy 1.7.3 /fs1/software/hpcsystem/THL7/software/pyscf/2.0.1-py3.8/lib/python3.8/site-packages/scipy/__init__.py
pyscf 2.0.1 /fs1/software/hpcsystem/THL7/software/pyscf/2.0.1-py3.8/lib/python3.8/site-packages/pyscf/__init__.py
nvcc: NVIDIA (R) Cuda compiler driver
Copyright (c) 2005-2023 NVIDIA Corporation
Built on Tue_Jun_13_19:16:58_PDT_2023
Cuda compilation tools, release 12.2, V12.2.91
Build cuda_12.2.r12.2/compiler.32965470_0
Thu Jul  2 20:50:28 2026       
+---------------------------------------------------------------------------------------+
| NVIDIA-SMI 535.104.12             Driver Version: 535.104.12   CUDA Version: 12.2     |
|-----------------------------------------+----------------------+----------------------+
| GPU  Name                 Persistence-M | Bus-Id        Disp.A | Volatile Uncorr. ECC |
| Fan  Temp   Perf          Pwr:Usage/Cap |         Memory-Usage | GPU-Util  Compute M. |
|                                         |                      |               MIG M. |
|=========================================+======================+======================|
|   0  NVIDIA A100-SXM4-80GB          Off | 00000000:CA:00.0 Off |                    0 |
| N/A   31C    P0              62W / 400W |      4MiB / 81920MiB |      0%      Default |
|                                         |                      |             Disabled |
+-----------------------------------------+----------------------+----------------------+
                                                                                         
+---------------------------------------------------------------------------------------+
| Processes:                                                                            |
|  GPU   GI   CI        PID   Type   Process name                            GPU Memory |
|        ID   ID                                                             Usage      |
|=======================================================================================|
|  No running processes found                                                           |
+---------------------------------------------------------------------------------------+
===== build =====
IPT_SKIP_BUILD=1; using existing benchmark binary
===== run =====
Loaded fixed CH4 CSC matrix cache from /fs1/home/nudt_liujie/ftt/IPT_C_GPU/results/sparse/CH4_K30_debug/ch4_sto6g_fci_15876_csc.bin
CH4/STO-6G full FCI CSC benchmark: n=15876 nnz=8905697 k=30 repeats=1 tol=1.000e-12 run_primme=0
Matrix/integral generation time 0.000000 sec is excluded from PRIMME/IPT timings.
repeat 1 IPT_GPU_BLOCK requested_k=30 basis_cols=36 returned_k=30 solve=4.858758e+00 preparation=4.735833e+00 setup=5.371273e-01 iteration=1.223974e+00 rr=3.634784e+00 api_total=2.380197e+01 relative_fixed_point_residual=2.329e+00 max_relative_eigen_residual=1.410e-12 status=failed
wrote /fs1/home/nudt_liujie/ftt/IPT_C_GPU/results/sparse/CH4_K30_debug/ipt_vs_primme_k30_v1/cmp_1e8_extra10_ortho2_v2/ipt_block_active_davidson/ch4_sto6g_fci_15876_ipt_relative_trials.csv
wrote /fs1/home/nudt_liujie/ftt/IPT_C_GPU/results/sparse/CH4_K30_debug/ipt_vs_primme_k30_v1/cmp_1e8_extra10_ortho2_v2/ipt_block_active_davidson/ch4_sto6g_fci_15876_ipt_relative_summary.txt
wrote /fs1/home/nudt_liujie/ftt/IPT_C_GPU/results/sparse/CH4_K30_debug/ipt_vs_primme_k30_v1/cmp_1e8_extra10_ortho2_v2/ipt_block_active_davidson/ch4_sto6g_fci_15876_pair_residuals.csv
wrote /fs1/home/nudt_liujie/ftt/IPT_C_GPU/results/sparse/CH4_K30_debug/ipt_vs_primme_k30_v1/cmp_1e8_extra10_ortho2_v2/ipt_block_active_davidson/ch4_sto6g_fci_15876_davidson_history.csv
wrote /fs1/home/nudt_liujie/ftt/IPT_C_GPU/results/sparse/CH4_K30_debug/ipt_vs_primme_k30_v1/cmp_1e8_extra10_ortho2_v2/ipt_block_active_davidson/ch4_sto6g_fci_15876_davidson_selection_history.csv
wrote /fs1/home/nudt_liujie/ftt/IPT_C_GPU/results/sparse/CH4_K30_debug/ipt_vs_primme_k30_v1/cmp_1e8_extra10_ortho2_v2/ipt_block_active_davidson/ch4_sto6g_fci_15876_davidson_block_history.csv
wrote /fs1/home/nudt_liujie/ftt/IPT_C_GPU/results/sparse/CH4_K30_debug/ipt_vs_primme_k30_v1/cmp_1e8_extra10_ortho2_v2/ipt_block_active_davidson/ch4_sto6g_fci_15876_jd_local_history.csv
IPT exit code: 3
===== PRIMME: JDQMR_ETol relative residual target =====
===== CH4/STO-6G FCI PRIMME k=30 =====
Thu Jul  2 20:50:53 CST 2026
gsn0
SLURM_JOB_ID=3089951
CUDA_VISIBLE_DEVICES=0
PRIMME_K=30
PRIMME_REPEATS=1
PRIMME_TOL=5e-13
PRIMME_RELATIVE_EIGEN_RESIDUAL_TOL=5e-13
PRIMME_REQUIRED_RELATIVE_EIGEN_RESIDUAL=1e-12
PRIMME_MAX_MATVECS=200000
PRIMME_MAX_BASIS_SIZE=160
PRIMME_MIN_RESTART_SIZE=80
PRIMME_MAX_BLOCK_SIZE=8
PRIMME_LOCKING=1
PRIMME_METHOD=PRIMME_JDQMR_ETol
PRIMME_PRINT_LEVEL=0
IPT_CH4_MATRIX_CACHE=/fs1/home/nudt_liujie/ftt/IPT_C_GPU/results/sparse/CH4_K30_debug/ch4_sto6g_fci_15876_csc.bin
PRIMME_CH4_OUTPUT_DIR=/fs1/home/nudt_liujie/ftt/IPT_C_GPU/results/sparse/CH4_K30_debug/ipt_vs_primme_k30_v1/cmp_1e8_extra10_ortho2_v2/primme_jdqmr_etol
PRIMME_CH4_LOG_DIR=/fs1/home/nudt_liujie/ftt/IPT_C_GPU/logs/sparse/CH4_K30_dubug/ipt_vs_primme_k30_v1/cmp_1e8_extra10_ortho2_v2/primme_jdqmr_etol
PRIMME repeat=1 status=0 returned_k=30 solve=9.942164 sec max_relative_eigen_residual=4.586e-13 index=12
wrote /fs1/home/nudt_liujie/ftt/IPT_C_GPU/results/sparse/CH4_K30_debug/ipt_vs_primme_k30_v1/cmp_1e8_extra10_ortho2_v2/primme_jdqmr_etol/ch4_sto6g_fci_15876_primme_k30_pairs.csv
wrote /fs1/home/nudt_liujie/ftt/IPT_C_GPU/results/sparse/CH4_K30_debug/ipt_vs_primme_k30_v1/cmp_1e8_extra10_ortho2_v2/primme_jdqmr_etol/ch4_sto6g_fci_15876_primme_k30_timing.csv
wrote /fs1/home/nudt_liujie/ftt/IPT_C_GPU/results/sparse/CH4_K30_debug/ipt_vs_primme_k30_v1/cmp_1e8_extra10_ortho2_v2/primme_jdqmr_etol/ch4_sto6g_fci_15876_primme_k30_summary.txt
PRIMME exit code: 0
method,exit_code,status,requested_k,returned_k,basis_cols,iterations,matvecs,solve_time_sec,solve_time_source,max_relative_eigen_residual,max_relative_eigen_residual_index,relative_fixed_point_residual,passed_relative_threshold,result_dir,log_dir
IPT_block_active_selective_Davidson,3,failed,30,30,36,200,,4.858758e+00,ipt_log_solve_field,1.40996550803623e-12,29,2.3285421879466965,0,/fs1/home/nudt_liujie/ftt/IPT_C_GPU/results/sparse/CH4_K30_debug/ipt_vs_primme_k30_v1/cmp_1e8_extra10_ortho2_v2/ipt_block_active_davidson,/fs1/home/nudt_liujie/ftt/IPT_C_GPU/logs/sparse/CH4_K30_dubug/ipt_vs_primme_k30_v1/cmp_1e8_extra10_ortho2_v2/ipt_block_active_davidson
PRIMME_JDQMR_ETol,0,success,30,30,,58,3807,9.9421641859808005,primme_timing_csv_solve_time_sec,4.5861970965099252e-13,12,,1,/fs1/home/nudt_liujie/ftt/IPT_C_GPU/results/sparse/CH4_K30_debug/ipt_vs_primme_k30_v1/cmp_1e8_extra10_ortho2_v2/primme_jdqmr_etol,/fs1/home/nudt_liujie/ftt/IPT_C_GPU/logs/sparse/CH4_K30_dubug/ipt_vs_primme_k30_v1/cmp_1e8_extra10_ortho2_v2/primme_jdqmr_etol

matrix_source=cache
cache_path=/fs1/home/nudt_liujie/ftt/IPT_C_GPU/results/sparse/CH4_K30_debug/ch4_sto6g_fci_15876_csc.bin
requested_k=30
convergence_metric=max_relative_eigen_residual
convergence_threshold=1e-12
timing_metric=solve_time_sec
timing_scope=solver_only_excludes_cache_read_h2d_setup_d2h_residual_recompute
ipt_parameters=iter200_OS3_QR_selective_Davidson30_force28_29_block_active_extra10_clip1e-8_ortho2_restart20_keep5
primme_parameters=JDQMR_ETol_relative_tol5e-13_required1e-12_maxBasis160_minRestart80_block8
method=IPT_block_active_selective_Davidson status=failed exit_code=3 returned_k=30 solve_time_sec=4.858758e+00 solve_time_source=ipt_log_solve_field max_relative_eigen_residual=1.40996550803623e-12 max_relative_eigen_residual_index=29 passed_relative_threshold=0
method=PRIMME_JDQMR_ETol status=success exit_code=0 returned_k=30 solve_time_sec=9.9421641859808005 solve_time_source=primme_timing_csv_solve_time_sec max_relative_eigen_residual=4.5861970965099252e-13 max_relative_eigen_residual_index=12 passed_relative_threshold=1
primme_speedup_vs_ipt=0.48870224923977962
ipt_solve_log=/fs1/home/nudt_liujie/ftt/IPT_C_GPU/logs/sparse/CH4_K30_dubug/ipt_vs_primme_k30_v1/cmp_1e8_extra10_ortho2_v2/ipt_block_active_davidson/ch4_sto6g_fci_15876_ipt_3089951.log
compare_csv=/fs1/home/nudt_liujie/ftt/IPT_C_GPU/results/sparse/CH4_K30_debug/ipt_vs_primme_k30_v1/cmp_1e8_extra10_ortho2_v2/ch4_k30_ipt_vs_primme_compare.csv
result_dir=/fs1/home/nudt_liujie/ftt/IPT_C_GPU/results/sparse/CH4_K30_debug/ipt_vs_primme_k30_v1/cmp_1e8_extra10_ortho2_v2
log_dir=/fs1/home/nudt_liujie/ftt/IPT_C_GPU/logs/sparse/CH4_K30_dubug/ipt_vs_primme_k30_v1/cmp_1e8_extra10_ortho2_v2

wrote /fs1/home/nudt_liujie/ftt/IPT_C_GPU/results/sparse/CH4_K30_debug/ipt_vs_primme_k30_v1/cmp_1e8_extra10_ortho2_v2/ch4_k30_ipt_vs_primme_compare.csv
wrote /fs1/home/nudt_liujie/ftt/IPT_C_GPU/results/sparse/CH4_K30_debug/ipt_vs_primme_k30_v1/cmp_1e8_extra10_ortho2_v2/ch4_k30_ipt_vs_primme_compare_summary.txt
logs under /fs1/home/nudt_liujie/ftt/IPT_C_GPU/logs/sparse/CH4_K30_dubug/ipt_vs_primme_k30_v1/cmp_1e8_extra10_ortho2_v2
finished at: Thu Jul  2 20:51:04 CST 2026
