===== IPT_C GPU epsilon sweep =====
Tue Jun  9 17:55:19 CST 2026
gsn0
SLURM_JOB_ID=2998950
SLURM_JOB_NODELIST=gsn0
CUDA_VISIBLE_DEVICES=0
ROOT=/fs1/home/nudt_liujie/ftt/IPT_C_GPU
OUT_DIR=/fs1/home/nudt_liujie/ftt/IPT_C_GPU/results/EPSILON_test_smoke
N_VALUES=32
EPS_VALUES=0.01
IPT_TOL=1e-12
IPT_MAXITER=1000
IPT_REPEATS=1
IPT_COMPUTE_RESIDUALS=true
RUN_TIMEOUT_SECONDS=120
Currently Loaded Modulefiles:
 1) GCC/12.2.0   2) CUDA/12.2  

Tue Jun  9 17:55:19 2026       
+---------------------------------------------------------------------------------------+
| NVIDIA-SMI 535.104.12             Driver Version: 535.104.12   CUDA Version: 12.2     |
|-----------------------------------------+----------------------+----------------------+
| GPU  Name                 Persistence-M | Bus-Id        Disp.A | Volatile Uncorr. ECC |
| Fan  Temp   Perf          Pwr:Usage/Cap |         Memory-Usage | GPU-Util  Compute M. |
|                                         |                      |               MIG M. |
|=========================================+======================+======================|
|   0  NVIDIA A100-SXM4-80GB          Off | 00000000:27:00.0 Off |                    0 |
| N/A   32C    P0              57W / 400W |      4MiB / 81920MiB |      0%      Default |
|                                         |                      |             Disabled |
+-----------------------------------------+----------------------+----------------------+
                                                                                         
+---------------------------------------------------------------------------------------+
| Processes:                                                                            |
|  GPU   GI   CI        PID   Type   Process name                            GPU Memory |
|        ID   ID                                                             Usage      |
|=======================================================================================|
|  No running processes found                                                           |
+---------------------------------------------------------------------------------------+


===== N=32 EPSILON=0.01 =====
32,0.01,9.9999999999999998e-13,1000,1,ok,true,true,0.00029429001733660698,0.00086865713819861412,0.33878731250271388,5.7227122671789302e-14,7,9.0169858814099465e-14,2.9925681193454341e-14,NVIDIA A100-SXM4-80GB,/fs1/home/nudt_liujie/ftt/IPT_C_GPU/results/EPSILON_test_smoke/raw/N_32/eps_0_01,/fs1/home/nudt_liujie/ftt/IPT_C_GPU/results/EPSILON_test_smoke/raw/N_32/eps_0_01/run.log

===== epsilon sweep done =====
summary_csv=/fs1/home/nudt_liujie/ftt/IPT_C_GPU/results/EPSILON_test_smoke/epsilon_sweep_summary.csv
thresholds=/fs1/home/nudt_liujie/ftt/IPT_C_GPU/results/EPSILON_test_smoke/epsilon_sweep_thresholds.txt
IPT_C GPU EPSILON sweep thresholds
summary_csv = /fs1/home/nudt_liujie/ftt/IPT_C_GPU/results/EPSILON_test_smoke/epsilon_sweep_summary.csv

N = 32
  largest tested converged epsilon = 0.01 (iters=7, fp=5.7227122671789302e-14, ipt_time=0.00086865713819861412, syevd_time=0.00029429001733660698)
  no non-converged epsilon in tested range
  first tested slower-than-SYEVD epsilon = 0.01 (ipt_time=0.00086865713819861412, syevd_time=0.00029429001733660698, speedup=0.33878731250271388)

