===== IPT_C FP16/TF32 initial sweep vs cuSolver job =====
Sun Jun 14 15:18:56 CST 2026
gsn0
SLURM_JOB_ID=3015195
SLURM_JOB_NODELIST=gsn0
CUDA_VISIBLE_DEVICES=0
IPT_C_ROOT=/fs1/home/nudt_liujie/ftt/IPT_C_GPU
SRC_DIR=/fs1/home/nudt_liujie/ftt/IPT_C_GPU/src/mixed_precision
TEST_DIR=/fs1/home/nudt_liujie/ftt/IPT_C_GPU/test/mixed_precision_tf32
IPT_C_RESULTS_DIR=/fs1/home/nudt_liujie/ftt/IPT_C_GPU/results/mixed_precision_tf32
IPT_C_LOG_DIR=/fs1/home/nudt_liujie/ftt/IPT_C_GPU/logs/mixed_precision_tf32
IPT_SUMMARY_TXT=/fs1/home/nudt_liujie/ftt/IPT_C_GPU/results/mixed_precision_tf32/tf32_cusolver_exact_epsilon_0_13_summary.txt
IPT_SWEEP_NS=8192,16384,26000
IPT_EPSILON_VALUES=0.13
IPT_FP16_TOL=1e-3
IPT_FP16_MAXITER=1000
IPT_TF32_TOL=1e-6
IPT_TF32_MAXITER=1000
IPT_TOL=1e-12
IPT_MAXITER=1000
IPT_REPEATS=5
IPT_SEED=20260603
IPT_COMPUTE_RESIDUALS=true
IPT_WARMUP_N=128
IPT_APPEND_RESULTS=false
IPT_SKIP_EXISTING=false
IPT_RUN_FP16=false
IPT_RUN_TF32=true
Currently Loaded Modulefiles:
 1) GCC/12.2.0   2) CUDA/12.2  

Sun Jun 14 15:18:56 2026       
+---------------------------------------------------------------------------------------+
| NVIDIA-SMI 535.104.12             Driver Version: 535.104.12   CUDA Version: 12.2     |
|-----------------------------------------+----------------------+----------------------+
| GPU  Name                 Persistence-M | Bus-Id        Disp.A | Volatile Uncorr. ECC |
| Fan  Temp   Perf          Pwr:Usage/Cap |         Memory-Usage | GPU-Util  Compute M. |
|                                         |                      |               MIG M. |
|=========================================+======================+======================|
|   0  NVIDIA A100-SXM4-80GB          Off | 00000000:2A:00.0 Off |                    0 |
| N/A   29C    P0              61W / 400W |      4MiB / 81920MiB |      0%      Default |
|                                         |                      |             Disabled |
+-----------------------------------------+----------------------+----------------------+
                                                                                         
+---------------------------------------------------------------------------------------+
| Processes:                                                                            |
|  GPU   GI   CI        PID   Type   Process name                            GPU Memory |
|        ID   ID                                                             Usage      |
|=======================================================================================|
|  No running processes found                                                           |
+---------------------------------------------------------------------------------------+

===== build =====

===== run =====
===== IPT_C mixed precision FP16/TF32 sweep vs cuSolver =====
ROOT = /fs1/home/nudt_liujie/ftt/IPT_C_GPU
RESULT_DIR = /fs1/home/nudt_liujie/ftt/IPT_C_GPU/results/mixed_precision_tf32
SUMMARY_TXT = /fs1/home/nudt_liujie/ftt/IPT_C_GPU/results/mixed_precision_tf32/tf32_cusolver_exact_epsilon_0_13_summary.txt
N values = 8192, 16384, 26000
epsilon values = 0.13
fp16_tol = 0.001
fp16_maxiter = 1000
tf32_tol = 9.9999999999999995e-07
tf32_maxiter = 1000
fp64_tol = 9.9999999999999998e-13
fp64_maxiter = 1000
timing_repeats = 5
seed = 20260603
compute_residuals = true
append_results = false
skip_existing = false
run_fp16 = false
run_tf32 = true
gpu_name = NVIDIA A100-SXM4-80GB
CUDA memory at start: free 78.691 GiB / total 79.151 GiB
===== device warmup N=128 =====
===== device warmup done =====

===== epsilon = 0.13, N = 8192 =====
CUDA memory before matrix: free 78.691 GiB / total 79.151 GiB
host matrix generated in 2.6294029 s
CUDA memory after matrix: free 78.191 GiB / total 79.151 GiB
Running CUSOLVER SYEVD for epsilon=0.13 N=8192
CUSOLVER SYEVD warmup for N=8192
  CUSOLVER SYEVD run 1/5: time = 1.4519766 s, residual = nan, status = ok
  CUSOLVER SYEVD run 2/5: time = 1.4472799 s, residual = nan, status = ok
  CUSOLVER SYEVD run 3/5: time = 1.4511839 s, residual = nan, status = ok
  CUSOLVER SYEVD run 4/5: time = 1.4484882 s, residual = nan, status = ok
  CUSOLVER SYEVD run 5/5: time = 1.4524366 s, residual = 1.5333042e-09, status = ok
Running original IPT for epsilon=0.13 N=8192
Original IPT warmup for N=8192
  original IPT run 1/5: time = 3.0184011 s, fp = 7.1244924e-13, iterations = 47, residual = nan, status = ok
  original IPT run 2/5: time = 3.0220179 s, fp = 7.1244924e-13, iterations = 47, residual = nan, status = ok
  original IPT run 3/5: time = 3.0267919 s, fp = 7.1244924e-13, iterations = 47, residual = nan, status = ok
  original IPT run 4/5: time = 3.0274469 s, fp = 7.1244924e-13, iterations = 47, residual = nan, status = ok
  original IPT run 5/5: time = 3.0286109 s, fp = 7.1244924e-13, iterations = 47, residual = 2.6378052e-09, status = ok
Running mixed TF32->FP64 for epsilon=0.13 N=8192
Mixed TF32->FP64 warmup for N=8192
  mixed run 1/5: tf32 = 8.8697776 s, fp64 = 1.7105741 s, total = 10.580353 s, tf32_fp = 1.2506174e-06, fp64_fp = 9.7170308e-13, tf32_iters = 1000, fp64_iters = 26, residual = nan, status = ok
  mixed run 2/5: tf32 = 8.8735588 s, fp64 = 1.7086071 s, total = 10.582166 s, tf32_fp = 1.2506174e-06, fp64_fp = 9.7170308e-13, tf32_iters = 1000, fp64_iters = 26, residual = nan, status = ok
  mixed run 3/5: tf32 = 8.8802774 s, fp64 = 1.7101433 s, total = 10.590421 s, tf32_fp = 1.2506174e-06, fp64_fp = 9.7170308e-13, tf32_iters = 1000, fp64_iters = 26, residual = nan, status = ok
  mixed run 4/5: tf32 = 8.8877822 s, fp64 = 1.715516 s, total = 10.603299 s, tf32_fp = 1.2506174e-06, fp64_fp = 9.7170308e-13, tf32_iters = 1000, fp64_iters = 26, residual = nan, status = ok
  mixed run 5/5: tf32 = 8.8917481 s, fp64 = 1.7115677 s, total = 10.603316 s, tf32_fp = 1.2506174e-06, fp64_fp = 9.7170308e-13, tf32_iters = 1000, fp64_iters = 26, residual = 3.6070066e-09, status = ok
Averages TF32: syevd = 1.450273 s, original_ipt = 3.0246537 s, mixed_total = 10.591911 s, mixed_residual = 3.6070066e-09, initial_fp = 1.2506174e-06, fp64_fp = 9.7170308e-13, tf32_iters = 1000, fp64_iters = 26, status = ok
CUDA memory after cleanup: free 78.689 GiB / total 79.151 GiB

===== epsilon = 0.13, N = 16384 =====
CUDA memory before matrix: free 78.689 GiB / total 79.151 GiB
host matrix generated in 14.93437 s
CUDA memory after matrix: free 76.689 GiB / total 79.151 GiB
Running CUSOLVER SYEVD for epsilon=0.13 N=16384
CUSOLVER SYEVD warmup for N=16384
  CUSOLVER SYEVD run 1/5: time = 8.8961839 s, residual = nan, status = ok
  CUSOLVER SYEVD run 2/5: time = 8.8918765 s, residual = nan, status = ok
  CUSOLVER SYEVD run 3/5: time = 8.8970474 s, residual = nan, status = ok
  CUSOLVER SYEVD run 4/5: time = 8.8947247 s, residual = nan, status = ok
  CUSOLVER SYEVD run 5/5: time = 8.8937215 s, residual = 5.7260015e-09, status = ok
Running original IPT for epsilon=0.13 N=16384
Original IPT warmup for N=16384
  original IPT run 1/5: time = 28.040949 s, fp = 7.0882008e-13, iterations = 55, residual = nan, status = ok
  original IPT run 2/5: time = 28.068319 s, fp = 7.0882008e-13, iterations = 55, residual = nan, status = ok
  original IPT run 3/5: time = 28.12024 s, fp = 7.0882008e-13, iterations = 55, residual = nan, status = ok
  original IPT run 4/5: time = 28.085723 s, fp = 7.0882008e-13, iterations = 55, residual = nan, status = ok
  original IPT run 5/5: time = 28.064866 s, fp = 7.0882008e-13, iterations = 55, residual = 5.5143762e-09, status = ok
Running mixed TF32->FP64 for epsilon=0.13 N=16384
Mixed TF32->FP64 warmup for N=16384
  mixed run 1/5: tf32 = 72.373559 s, fp64 = 14.591878 s, total = 86.965437 s, tf32_fp = 1.1793642e-06, fp64_fp = 8.4435952e-13, tf32_iters = 1000, fp64_iters = 28, residual = nan, status = ok
  mixed run 2/5: tf32 = 72.415763 s, fp64 = 14.560136 s, total = 86.9759 s, tf32_fp = 1.1793642e-06, fp64_fp = 8.4435952e-13, tf32_iters = 1000, fp64_iters = 28, residual = nan, status = ok
  mixed run 3/5: tf32 = 72.357464 s, fp64 = 14.507512 s, total = 86.864977 s, tf32_fp = 1.1793642e-06, fp64_fp = 8.4435952e-13, tf32_iters = 1000, fp64_iters = 28, residual = nan, status = ok
  mixed run 4/5: tf32 = 72.31998 s, fp64 = 14.608761 s, total = 86.928742 s, tf32_fp = 1.1793642e-06, fp64_fp = 8.4435952e-13, tf32_iters = 1000, fp64_iters = 28, residual = nan, status = ok
  mixed run 5/5: tf32 = 72.320139 s, fp64 = 14.533366 s, total = 86.853506 s, tf32_fp = 1.1793642e-06, fp64_fp = 8.4435952e-13, tf32_iters = 1000, fp64_iters = 28, residual = 6.6702631e-09, status = ok
Averages TF32: syevd = 8.8947108 s, original_ipt = 28.076019 s, mixed_total = 86.917712 s, mixed_residual = 6.6702631e-09, initial_fp = 1.1793642e-06, fp64_fp = 8.4435952e-13, tf32_iters = 1000, fp64_iters = 28, status = ok
CUDA memory after cleanup: free 78.689 GiB / total 79.151 GiB

===== epsilon = 0.13, N = 26000 =====
CUDA memory before matrix: free 78.689 GiB / total 79.151 GiB
host matrix generated in 3.9405268 s
CUDA memory after matrix: free 73.652 GiB / total 79.151 GiB
Running CUSOLVER SYEVD for epsilon=0.13 N=26000
CUSOLVER SYEVD warmup for N=26000
  CUSOLVER SYEVD run 1/5: time = 33.267151 s, residual = nan, status = ok
  CUSOLVER SYEVD run 2/5: time = 33.272409 s, residual = nan, status = ok
  CUSOLVER SYEVD run 3/5: time = 33.269484 s, residual = nan, status = ok
  CUSOLVER SYEVD run 4/5: time = 33.271038 s, residual = nan, status = ok
  CUSOLVER SYEVD run 5/5: time = 33.262415 s, residual = 1.5116446e-08, status = ok
Running original IPT for epsilon=0.13 N=26000
Original IPT warmup for N=26000
  original IPT run 1/5: time = 117.42535 s, fp = 8.5355285e-13, iterations = 58, residual = nan, status = ok
  original IPT run 2/5: time = 117.1664 s, fp = 8.5355285e-13, iterations = 58, residual = nan, status = ok
  original IPT run 3/5: time = 116.76937 s, fp = 8.5355285e-13, iterations = 58, residual = nan, status = ok
  original IPT run 4/5: time = 117.38332 s, fp = 8.5355285e-13, iterations = 58, residual = nan, status = ok
  original IPT run 5/5: time = 117.15195 s, fp = 8.5355285e-13, iterations = 58, residual = 1.1900698e-08, status = ok
Running mixed TF32->FP64 for epsilon=0.13 N=26000
Mixed TF32->FP64 warmup for N=26000
  mixed run 1/5: tf32 = 313.07352 s, fp64 = 64.096291 s, total = 377.16981 s, tf32_fp = 1.2878027e-06, fp64_fp = 7.3583012e-13, tf32_iters = 1000, fp64_iters = 31, residual = nan, status = ok
  mixed run 2/5: tf32 = 313.13103 s, fp64 = 63.668221 s, total = 376.79925 s, tf32_fp = 1.2878027e-06, fp64_fp = 7.3583012e-13, tf32_iters = 1000, fp64_iters = 31, residual = nan, status = ok
  mixed run 3/5: tf32 = 313.06174 s, fp64 = 63.419386 s, total = 376.48112 s, tf32_fp = 1.2878027e-06, fp64_fp = 7.3583012e-13, tf32_iters = 1000, fp64_iters = 31, residual = nan, status = ok
  mixed run 4/5: tf32 = 313.12372 s, fp64 = 63.464452 s, total = 376.58817 s, tf32_fp = 1.2878027e-06, fp64_fp = 7.3583012e-13, tf32_iters = 1000, fp64_iters = 31, residual = nan, status = ok
  mixed run 5/5: tf32 = 313.85165 s, fp64 = 64.088034 s, total = 377.93969 s, tf32_fp = 1.2878027e-06, fp64_fp = 7.3583012e-13, tf32_iters = 1000, fp64_iters = 31, residual = 1.0251488e-08, status = ok
Averages TF32: syevd = 33.268499 s, original_ipt = 117.17928 s, mixed_total = 376.99561 s, mixed_residual = 1.0251488e-08, initial_fp = 1.2878027e-06, fp64_fp = 7.3583012e-13, tf32_iters = 1000, fp64_iters = 31, status = ok
CUDA memory after cleanup: free 78.689 GiB / total 79.151 GiB
===== sweep done =====
Results dir: /fs1/home/nudt_liujie/ftt/IPT_C_GPU/results/mixed_precision_tf32
Summary: /fs1/home/nudt_liujie/ftt/IPT_C_GPU/results/mixed_precision_tf32/tf32_cusolver_exact_epsilon_0_13_summary.txt

===== output files =====
/fs1/home/nudt_liujie/ftt/IPT_C_GPU/logs/mixed_precision_tf32:
total 424K
lrwxrwxrwx 1 nudt_liujie nudt_liujie 101 Jun 14 15:20 latest_tf32_initial_cusolver_sweep.log -> /fs1/home/nudt_liujie/ftt/IPT_C_GPU/logs/mixed_precision_tf32/tf32_initial_cusolver_sweep_3015200.log
lrwxrwxrwx 1 nudt_liujie nudt_liujie  88 Jun 13 16:39 latest_tf32_tol_e7_e8.log -> /fs1/home/nudt_liujie/ftt/IPT_C_GPU/logs/mixed_precision_tf32/tf32_tol_e7_e8_3012405.log
-rw-r--r-- 1 nudt_liujie nudt_liujie   0 Jun 12 16:57 tf32_initial_cusolver_sweep_3009377.err
-rw-r--r-- 1 nudt_liujie nudt_liujie 72K Jun 12 19:56 tf32_initial_cusolver_sweep_3009377.log
-rw-r--r-- 1 nudt_liujie nudt_liujie 72K Jun 12 19:56 tf32_initial_cusolver_sweep_3009377.out
-rw-r--r-- 1 nudt_liujie nudt_liujie   0 Jun 13 12:24 tf32_initial_cusolver_sweep_3011437.err
-rw-r--r-- 1 nudt_liujie nudt_liujie 37K Jun 13 12:27 tf32_initial_cusolver_sweep_3011437.log
-rw-r--r-- 1 nudt_liujie nudt_liujie 37K Jun 13 12:27 tf32_initial_cusolver_sweep_3011437.out
-rw-r--r-- 1 nudt_liujie nudt_liujie   0 Jun 13 15:57 tf32_initial_cusolver_sweep_3012323.err
-rw-r--r-- 1 nudt_liujie nudt_liujie 17K Jun 13 15:58 tf32_initial_cusolver_sweep_3012323.log
-rw-r--r-- 1 nudt_liujie nudt_liujie 17K Jun 13 15:58 tf32_initial_cusolver_sweep_3012323.out
-rw-r--r-- 1 nudt_liujie nudt_liujie   0 Jun 13 16:02 tf32_initial_cusolver_sweep_3012333.err
-rw-r--r-- 1 nudt_liujie nudt_liujie 23K Jun 13 17:08 tf32_initial_cusolver_sweep_3012333.log
-rw-r--r-- 1 nudt_liujie nudt_liujie 23K Jun 13 17:08 tf32_initial_cusolver_sweep_3012333.out
-rw-r--r-- 1 nudt_liujie nudt_liujie   0 Jun 14 15:18 tf32_initial_cusolver_sweep_3015195.err
-rw-r--r-- 1 nudt_liujie nudt_liujie 12K Jun 14 16:27 tf32_initial_cusolver_sweep_3015195.log
-rw-r--r-- 1 nudt_liujie nudt_liujie 12K Jun 14 16:27 tf32_initial_cusolver_sweep_3015195.out
-rw-r--r-- 1 nudt_liujie nudt_liujie   0 Jun 14 15:20 tf32_initial_cusolver_sweep_3015200.err
-rw-r--r-- 1 nudt_liujie nudt_liujie 16K Jun 14 15:46 tf32_initial_cusolver_sweep_3015200.log
-rw-r--r-- 1 nudt_liujie nudt_liujie 16K Jun 14 15:46 tf32_initial_cusolver_sweep_3015200.out
-rw-r--r-- 1 nudt_liujie nudt_liujie   0 Jun 13 16:39 tf32_tol_e7_e8_3012405.err
-rw-r--r-- 1 nudt_liujie nudt_liujie 12K Jun 13 18:03 tf32_tol_e7_e8_3012405.log
-rw-r--r-- 1 nudt_liujie nudt_liujie 12K Jun 13 18:03 tf32_tol_e7_e8_3012405.out

/fs1/home/nudt_liujie/ftt/IPT_C_GPU/results/mixed_precision_tf32:
total 124K
-rw-r--r-- 1 nudt_liujie nudt_liujie  809 Jun 13 17:21 e-7.csv
-rw-r--r-- 1 nudt_liujie nudt_liujie 1.6K Jun 13 17:21 e-7_summary_3012405.txt
-rw-r--r-- 1 nudt_liujie nudt_liujie  792 Jun 13 18:03 e-8.csv
-rw-r--r-- 1 nudt_liujie nudt_liujie 1.6K Jun 13 18:03 e-8_summary_3012405.txt
-rw-r--r-- 1 nudt_liujie nudt_liujie 3.1K Jun 14 15:46 tf32_cusolver_exact_epsilon_0_12_summary.txt
-rw-r--r-- 1 nudt_liujie nudt_liujie 3.1K Jun 14 16:27 tf32_cusolver_exact_epsilon_0_13_summary.txt
-rw-r--r-- 1 nudt_liujie nudt_liujie 3.8K Jun 13 15:58 tf32_initial_cusolver_sweep_append_4090_8192_eps_0_07_0_08_summary.txt
-rw-r--r-- 1 nudt_liujie nudt_liujie 9.6K Jun 13 12:27 tf32_initial_cusolver_sweep_append_4090_8192_summary.txt
-rw-r--r-- 1 nudt_liujie nudt_liujie 3.2K Jun 13 12:25 tf32_initial_cusolver_sweep_epsilon_0_01.csv
-rw-r--r-- 1 nudt_liujie nudt_liujie 3.2K Jun 13 12:25 tf32_initial_cusolver_sweep_epsilon_0_02.csv
-rw-r--r-- 1 nudt_liujie nudt_liujie 3.2K Jun 13 12:26 tf32_initial_cusolver_sweep_epsilon_0_03.csv
-rw-r--r-- 1 nudt_liujie nudt_liujie 3.2K Jun 13 12:26 tf32_initial_cusolver_sweep_epsilon_0_04.csv
-rw-r--r-- 1 nudt_liujie nudt_liujie 3.2K Jun 13 12:27 tf32_initial_cusolver_sweep_epsilon_0_05.csv
-rw-r--r-- 1 nudt_liujie nudt_liujie 3.2K Jun 13 12:27 tf32_initial_cusolver_sweep_epsilon_0_06.csv
-rw-r--r-- 1 nudt_liujie nudt_liujie 2.2K Jun 13 16:34 tf32_initial_cusolver_sweep_epsilon_0_07.csv
-rw-r--r-- 1 nudt_liujie nudt_liujie 6.0K Jun 13 17:08 tf32_initial_cusolver_sweep_epsilon_0_07_0_08_summary.txt
-rw-r--r-- 1 nudt_liujie nudt_liujie 2.2K Jun 13 17:08 tf32_initial_cusolver_sweep_epsilon_0_08.csv
-rw-r--r-- 1 nudt_liujie nudt_liujie 1.5K Jun 14 15:46 tf32_initial_cusolver_sweep_epsilon_0_12.csv
-rw-r--r-- 1 nudt_liujie nudt_liujie 1.5K Jun 14 16:27 tf32_initial_cusolver_sweep_epsilon_0_13.csv
-rw-r--r-- 1 nudt_liujie nudt_liujie  26K Jun 12 19:55 tf32_initial_cusolver_sweep_summary.txt
drwxr-xr-x 4 nudt_liujie nudt_liujie 4.0K Jun 13 17:21 tf32_tol_tmp_3012405
finished at: Sun Jun 14 16:27:58 CST 2026
