===== CH4/STO-6G full FCI IPT sparse benchmark =====
Sun Jun 28 23:02:13 CST 2026
gn32
SLURM_JOB_ID=3071015
CUDA_VISIBLE_DEVICES=0
IPT_REPEATS=1
IPT_TOL=1e-12
IPT_MAXITER=1000
IPT_K=30
RUN_PRIMME=0
RUN_WARMUP=0
IPT_EST_NNZ_PER_COL=800
Currently Loaded Modulefiles:
 1) GCC/12.2.0   2) CUDA/12.2  
numpy 1.21.5 /fs1/software/hpcsystem/THL7/software/pyscf/2.0.1-py3.8/lib/python3.8/site-packages/numpy/__init__.py
scipy 1.7.3 /fs1/software/hpcsystem/THL7/software/pyscf/2.0.1-py3.8/lib/python3.8/site-packages/scipy/__init__.py
pyscf 2.0.1 /fs1/software/hpcsystem/THL7/software/pyscf/2.0.1-py3.8/lib/python3.8/site-packages/pyscf/__init__.py
nvcc: NVIDIA (R) Cuda compiler driver
Copyright (c) 2005-2023 NVIDIA Corporation
Built on Tue_Jun_13_19:16:58_PDT_2023
Cuda compilation tools, release 12.2, V12.2.91
Build cuda_12.2.r12.2/compiler.32965470_0
Sun Jun 28 23:02:25 2026       
+---------------------------------------------------------------------------------------+
| NVIDIA-SMI 535.104.12             Driver Version: 535.104.12   CUDA Version: 12.2     |
|-----------------------------------------+----------------------+----------------------+
| GPU  Name                 Persistence-M | Bus-Id        Disp.A | Volatile Uncorr. ECC |
| Fan  Temp   Perf          Pwr:Usage/Cap |         Memory-Usage | GPU-Util  Compute M. |
|                                         |                      |               MIG M. |
|=========================================+======================+======================|
|   0  NVIDIA A100 80GB PCIe          Off | 00000000:31:00.0 Off |                    0 |
| N/A   43C    P0              63W / 300W |      4MiB / 81920MiB |     25%      Default |
|                                         |                      |             Disabled |
+-----------------------------------------+----------------------+----------------------+
                                                                                         
+---------------------------------------------------------------------------------------+
| Processes:                                                                            |
|  GPU   GI   CI        PID   Type   Process name                            GPU Memory |
|        ID   ID                                                             Usage      |
|=======================================================================================|
|  No running processes found                                                           |
+---------------------------------------------------------------------------------------+
===== build =====
+ nvcc -O3 -std=c++14 -lineinfo -arch=sm_80 -I/fs1/home/nudt_liujie/ftt/primme-3.2.3/include -I/fs1/software/python/3.8_miniconda_4.10.3/include/python3.8 /fs1/home/nudt_liujie/ftt/IPT_C_GPU/test/sparse/CH4/benchmark_ch4_sto6g_fci_15876_ipt.cu /fs1/home/nudt_liujie/ftt/primme-3.2.3/lib/libprimme.a -o /fs1/home/nudt_liujie/ftt/IPT_C_GPU/test/sparse/CH4/benchmark_ch4_sto6g_fci_15876_ipt_cuda -lcublas -lcusparse -lcusolver -lcudart -L/fs1/software/python/3.8_miniconda_4.10.3/lib -lpython3.8 -L/fs1/home/nudt_liujie/ftt/IPT_C_GPU/test/sparse/CH4 -lopenblas -lpthread -ldl -lutil -lrt -Xlinker -rpath -Xlinker /fs1/software/gcc/12.2.0/lib64 -Xlinker -rpath -Xlinker /fs1/software/python/3.8_miniconda_4.10.3/lib -Xlinker -rpath -Xlinker /fs1/software/cp2k/8.1-gcc8.4-openmpi/lib -lgfortran /fs1/software/gcc/12.2.0/lib64/libstdc++.so -lm
/fs1/home/nudt_liujie/ftt/IPT_C_GPU/test/sparse/CH4/benchmark_ch4_sto6g_fci_15876_ipt.cu(845): warning #177-D: function "primme_matvec" was declared but never referenced
  static void primme_matvec(void *x, int64_t *ldx, void *y, int64_t *ldy,
              ^

Remark: The warnings can be suppressed with "-diag-suppress <warning-number>"

+ set +x
===== run =====
Generating CH4/STO-6G full FCI integrals with PySCF...
PYSCF_SITE_PACKAGES=/fs1/software/hpcsystem/THL7/software/pyscf/2.0.1-py3.8/lib/python3.8/site-packages
Generated CI strings: na=126 nb=126 n=15876
Link counts per string: one=25 two=600
CSC generation progress 5000/15876 columns nnz=2802120 elapsed=0.45 sec
CSC generation progress 10000/15876 columns nnz=5605042 elapsed=0.94 sec
CSC generation progress 15000/15876 columns nnz=8408013 elapsed=1.38 sec
CSC generation progress 15876/15876 columns nnz=8899267 elapsed=1.45 sec
CH4/STO-6G full FCI CSC benchmark: n=15876 nnz=8899267 k=30 repeats=1 tol=1.000e-12 run_primme=0
Matrix/integral generation time 2.726978 sec is excluded from PRIMME/IPT timings.
[IPT preparation] union target=1 row=2 gap=0 gap_floor=3.9309408411822794e-11 coupling=0.042683226865967337 coupling_gap_ratio=1085827250.789402 ratio_tol=0.20000000000000001 allowed_gap=0.21341613432983667
[IPT preparation] union target=1 row=3 gap=0.0017315933503780911 gap_floor=3.9309408411822794e-11 coupling=0.00072680800687576104 coupling_gap_ratio=0.41973365554739711 ratio_tol=0.20000000000000001 allowed_gap=0.0036340400343788052
[IPT preparation] union target=1 row=4 gap=0.0017315933503851966 gap_floor=3.9309408411822794e-11 coupling=0.019762732747054562 coupling_gap_ratio=11.413033402246723 ratio_tol=0.20000000000000001 allowed_gap=0.098813663735272811
[IPT preparation] union target=1 row=5 gap=0.0019206369571591608 gap_floor=3.9309408411822794e-11 coupling=0.025933524526446865 coupling_gap_ratio=13.502564568373963 ratio_tol=0.20000000000000001 allowed_gap=0.1296676226322343
[IPT preparation] union target=1 row=6 gap=0.0019206369571804771 gap_floor=3.9309408411822794e-11 coupling=0.0033904475489843315 coupling_gap_ratio=1.7652724718790986 ratio_tol=0.20000000000000001 allowed_gap=0.016952237744921658
[IPT preparation] union target=1 row=7 gap=0.0036522303075727791 gap_floor=3.9309408411822794e-11 coupling=0.0011186518285450262 coupling_gap_ratio=0.3062927949054961 ratio_tol=0.20000000000000001 allowed_gap=0.0055932591427251309
[IPT preparation] union target=1 row=8 gap=0.0036522303076012008 gap_floor=3.9309408411822794e-11 coupling=0.0029746919099761715 coupling_gap_ratio=0.81448639856722527 ratio_tol=0.20000000000000001 allowed_gap=0.014873459549880856
[IPT preparation] union target=1 row=9 gap=0.0072555575927992777 gap_floor=3.9309408411822794e-11 coupling=0.0025101089991386195 coupling_gap_ratio=0.34595673275748756 ratio_tol=0.20000000000000001 allowed_gap=0.012550544995693098
[IPT preparation] union target=1 row=10 gap=0.0072555575927992777 gap_floor=3.9309408411822794e-11 coupling=0.010180106736613027 coupling_gap_ratio=1.4030771041933698 ratio_tol=0.20000000000000001 allowed_gap=0.05090053368306513
[IPT preparation] union target=1 row=12 gap=0.0073340381151467682 gap_floor=3.9309408411822794e-11 coupling=0.014785448595588103 coupling_gap_ratio=2.0160037844706808 ratio_tol=0.20000000000000001 allowed_gap=0.07392724297794051
[IPT preparation] union target=1 row=13 gap=0.0089871509432271068 gap_floor=3.9309408411822794e-11 coupling=0.015859439790124327 coupling_gap_ratio=1.7646793617143275 ratio_tol=0.20000000000000001 allowed_gap=0.079297198950621622
[IPT preparation] union target=1 row=16 gap=0.0092546750723911941 gap_floor=3.9309408411822794e-11 coupling=0.016749657398106861 coupling_gap_ratio=1.8098590460593162 ratio_tol=0.20000000000000001 allowed_gap=0.083748286990534299
[IPT preparation] union target=1 row=20 gap=0.051167013979316778 gap_floor=3.9309408411822794e-11 coupling=0.012296296430777712 coupling_gap_ratio=0.24031686577896141 ratio_tol=0.20000000000000001 allowed_gap=0.061481482153888559
[IPT preparation] union target=1 row=22 gap=0.051167013979330989 gap_floor=3.9309408411822794e-11 coupling=0.014541617804035241 coupling_gap_ratio=0.28419907032115171 ratio_tol=0.20000000000000001 allowed_gap=0.072708089020176198
[IPT preparation] union target=1 row=23 gap=0.051167013979330989 gap_floor=3.9309408411822794e-11 coupling=0.023483537250849978 coupling_gap_ratio=0.45895852473111287 ratio_tol=0.20000000000000001 allowed_gap=0.11741768625424989
[IPT preparation] union target=1 row=24 gap=0.051167013979352305 gap_floor=3.9309408411822794e-11 coupling=0.019857524738377628 coupling_gap_ratio=0.38809231170673436 ratio_tol=0.20000000000000001 allowed_gap=0.099287623691888136
[IPT preparation] union target=2 row=1 gap=0 gap_floor=3.9309408411822794e-11 coupling=0.042683226865967337 coupling_gap_ratio=1085827250.789402 ratio_tol=0.20000000000000001 allowed_gap=0.21341613432983667
[IPT preparation] union target=2 row=3 gap=0.0017315933503780911 gap_floor=3.9309408411822794e-11 coupling=0.019762732747054548 coupling_gap_ratio=11.413033402293548 ratio_tol=0.20000000000000001 allowed_gap=0.098813663735272741
[IPT preparation] union target=2 row=4 gap=0.0017315933503851966 gap_floor=3.9309408411822794e-11 coupling=0.00072680800687576104 coupling_gap_ratio=0.41973365554567477 ratio_tol=0.20000000000000001 allowed_gap=0.0036340400343788052
[IPT preparation] union target=2 row=5 gap=0.0019206369571591608 gap_floor=3.9309408411822794e-11 coupling=0.0033904475489843315 coupling_gap_ratio=1.7652724718986907 ratio_tol=0.20000000000000001 allowed_gap=0.016952237744921658
[IPT preparation] union target=2 row=6 gap=0.0019206369571804771 gap_floor=3.9309408411822794e-11 coupling=0.025933524526446872 coupling_gap_ratio=13.502564568224107 ratio_tol=0.20000000000000001 allowed_gap=0.12966762263223436
[IPT preparation] union target=2 row=7 gap=0.0036522303075727791 gap_floor=3.9309408411822794e-11 coupling=0.0029746919099761619 coupling_gap_ratio=0.81448639857356098 ratio_tol=0.20000000000000001 allowed_gap=0.01487345954988081
[IPT preparation] union target=2 row=8 gap=0.0036522303076012008 gap_floor=3.9309408411822794e-11 coupling=0.0011186518285448159 coupling_gap_ratio=0.30629279490305494 ratio_tol=0.20000000000000001 allowed_gap=0.0055932591427240788
[IPT preparation] union target=2 row=9 gap=0.0072555575927992777 gap_floor=3.9309408411822794e-11 coupling=0.010180106736613022 coupling_gap_ratio=1.403077104193369 ratio_tol=0.20000000000000001 allowed_gap=0.050900533683065109
[IPT preparation] union target=2 row=10 gap=0.0072555575927992777 gap_floor=3.9309408411822794e-11 coupling=0.0025101089991386195 coupling_gap_ratio=0.34595673275748756 ratio_tol=0.20000000000000001 allowed_gap=0.012550544995693098
[IPT preparation] union target=2 row=11 gap=0.0073340381151396628 gap_floor=3.9309408411822794e-11 coupling=0.014785448595588101 coupling_gap_ratio=2.0160037844726335 ratio_tol=0.20000000000000001 allowed_gap=0.073927242977940497
[IPT preparation] union target=2 row=14 gap=0.0089871509432342123 gap_floor=3.9309408411822794e-11 coupling=0.015859439790124313 coupling_gap_ratio=1.7646793617129306 ratio_tol=0.20000000000000001 allowed_gap=0.079297198950621553
[IPT preparation] union target=2 row=15 gap=0.0092546750723414561 gap_floor=3.9309408411822794e-11 coupling=0.016749657398106837 coupling_gap_ratio=1.8098590460690405 ratio_tol=0.20000000000000001 allowed_gap=0.083748286990534174
[IPT preparation] union target=2 row=20 gap=0.051167013979316778 gap_floor=3.9309408411822794e-11 coupling=0.014541617804035276 coupling_gap_ratio=0.28419907032123132 ratio_tol=0.20000000000000001 allowed_gap=0.072708089020176378
[IPT preparation] union target=2 row=22 gap=0.051167013979330989 gap_floor=3.9309408411822794e-11 coupling=0.012296296430777721 coupling_gap_ratio=0.24031686577889483 ratio_tol=0.20000000000000001 allowed_gap=0.0614814821538886
[IPT preparation] union target=2 row=23 gap=0.051167013979330989 gap_floor=3.9309408411822794e-11 coupling=0.019857524738377642 coupling_gap_ratio=0.38809231170689629 ratio_tol=0.20000000000000001 allowed_gap=0.099287623691888205
[IPT preparation] union target=2 row=24 gap=0.051167013979352305 gap_floor=3.9309408411822794e-11 coupling=0.023483537250849982 coupling_gap_ratio=0.45895852473092169 ratio_tol=0.20000000000000001 allowed_gap=0.11741768625424991
[IPT preparation] union target=3 row=1 gap=0.0017315933503780911 gap_floor=3.9309408411822794e-11 coupling=0.00072680800687576104 coupling_gap_ratio=0.41973365554739711 ratio_tol=0.20000000000000001 allowed_gap=0.0036340400343788052
[IPT preparation] union target=3 row=2 gap=0.0017315933503780911 gap_floor=3.9309408411822794e-11 coupling=0.019762732747054548 coupling_gap_ratio=11.413033402293548 ratio_tol=0.20000000000000001 allowed_gap=0.098813663735272741
[IPT preparation] union target=3 row=4 gap=7.1054273576010019e-15 gap_floor=3.9307676818472417e-11 coupling=0.048081884157663256 coupling_gap_ratio=1223218669.9740915 ratio_tol=0.20000000000000001 allowed_gap=0.24040942078831626
[IPT preparation] union target=3 row=5 gap=0.00018904360678106968 gap_floor=3.9307676818472417e-11 coupling=0.011223409567301635 coupling_gap_ratio=59.3694214705679 ratio_tol=0.20000000000000001 allowed_gap=0.056117047836508172
[IPT preparation] union target=3 row=6 gap=0.00018904360680238597 gap_floor=3.9307676818472417e-11 coupling=0.0021874214402891811 coupling_gap_ratio=11.570988711486926 ratio_tol=0.20000000000000001 allowed_gap=0.010937107201445905
[IPT preparation] union target=3 row=7 gap=0.001920636957194688 gap_floor=3.9307676818472417e-11 coupling=0.005668798656768741 coupling_gap_ratio=2.9515201379071012 ratio_tol=0.20000000000000001 allowed_gap=0.028343993283843703
[IPT preparation] union target=3 row=8 gap=0.0019206369572231097 gap_floor=3.9307676818472417e-11 coupling=0.019472371806332482 coupling_gap_ratio=10.138496884120139 ratio_tol=0.20000000000000001 allowed_gap=0.097361859031662404
[IPT preparation] union target=3 row=9 gap=0.0055239642424211866 gap_floor=3.9307676818472417e-11 coupling=0.0027942356726072017 coupling_gap_ratio=0.5058388414517454 ratio_tol=0.20000000000000001 allowed_gap=0.013971178363036008
[IPT preparation] union target=3 row=10 gap=0.0055239642424211866 gap_floor=3.9307676818472417e-11 coupling=0.022756941935708059 coupling_gap_ratio=4.11967582283508 ratio_tol=0.20000000000000001 allowed_gap=0.11378470967854029
[IPT preparation] union target=3 row=11 gap=0.0056024447647615716 gap_floor=3.9307676818472417e-11 coupling=0.002562849065904412 coupling_gap_ratio=0.45745191135561003 ratio_tol=0.20000000000000001 allowed_gap=0.012814245329522059
[IPT preparation] union target=3 row=12 gap=0.005602444764768677 gap_floor=3.9307676818472417e-11 coupling=0.016711302929151614 coupling_gap_ratio=2.9828590250887763 ratio_tol=0.20000000000000001 allowed_gap=0.08355651464575807
[IPT preparation] union target=3 row=13 gap=0.0072555575928490157 gap_floor=3.9307676818472417e-11 coupling=0.0077991883384716182 coupling_gap_ratio=1.0749261154178416 ratio_tol=0.20000000000000001 allowed_gap=0.038995941692358087
[IPT preparation] union target=3 row=14 gap=0.0072555575928561211 gap_floor=3.9307676818472417e-11 coupling=0.0044252113273623786 coupling_gap_ratio=0.60990644354053181 ratio_tol=0.20000000000000001 allowed_gap=0.022126056636811893
[IPT preparation] union target=3 row=15 gap=0.007523081721963365 gap_floor=3.9307676818472417e-11 coupling=0.0020374417948240131 coupling_gap_ratio=0.27082542369249762 ratio_tol=0.20000000000000001 allowed_gap=0.010187208974120066
[IPT preparation] union target=3 row=16 gap=0.007523081722013103 gap_floor=3.9307676818472417e-11 coupling=0.029690931616298235 coupling_gap_ratio=3.9466448343130893 ratio_tol=0.20000000000000001 allowed_gap=0.14845465808149116
[IPT preparation] union target=3 row=17 gap=0.012858002357596376 gap_floor=3.9307676818472417e-11 coupling=0.0058765539191644872 coupling_gap_ratio=0.45703475203460975 ratio_tol=0.20000000000000001 allowed_gap=0.029382769595822436
[IPT preparation] union target=3 row=18 gap=0.012858002357596376 gap_floor=3.9307676818472417e-11 coupling=0.0092835143367975027 coupling_gap_ratio=0.72200284916831559 ratio_tol=0.20000000000000001 allowed_gap=0.04641757168398751
[IPT preparation] union target=3 row=19 gap=0.049435420628938687 gap_floor=3.9307676818472417e-11 coupling=0.025337271711790385 coupling_gap_ratio=0.5125327425040328 ratio_tol=0.20000000000000001 allowed_gap=0.12668635855895191
[IPT preparation] union target=3 row=21 gap=0.049435420628938687 gap_floor=3.9307676818472417e-11 coupling=0.021425030413662723 coupling_gap_ratio=0.43339431810398837 ratio_tol=0.20000000000000001 allowed_gap=0.10712515206831361
[IPT preparation] union target=4 row=1 gap=0.0017315933503851966 gap_floor=3.9309408411822794e-11 coupling=0.019762732747054562 coupling_gap_ratio=11.413033402246723 ratio_tol=0.20000000000000001 allowed_gap=0.098813663735272811
[IPT preparation] union target=4 row=2 gap=0.0017315933503851966 gap_floor=3.9309408411822794e-11 coupling=0.00072680800687576104 coupling_gap_ratio=0.41973365554567477 ratio_tol=0.20000000000000001 allowed_gap=0.0036340400343788052
[IPT preparation] union target=4 row=3 gap=7.1054273576010019e-15 gap_floor=3.9307676818472417e-11 coupling=0.048081884157663256 coupling_gap_ratio=1223218669.9740915 ratio_tol=0.20000000000000001 allowed_gap=0.24040942078831626
[IPT preparation] union target=4 row=5 gap=0.00018904360677396426 gap_floor=3.9307676818472411e-11 coupling=0.0021874214402892939 coupling_gap_ratio=11.570988713227161 ratio_tol=0.20000000000000001 allowed_gap=0.010937107201446469
[IPT preparation] union target=4 row=6 gap=0.00018904360679528054 gap_floor=3.9307676818472411e-11 coupling=0.011223409567301635 coupling_gap_ratio=59.369421466104967 ratio_tol=0.20000000000000001 allowed_gap=0.056117047836508172
[IPT preparation] union target=4 row=7 gap=0.0019206369571875825 gap_floor=3.9307676818472411e-11 coupling=0.019472371806332493 coupling_gap_ratio=10.138496884307681 ratio_tol=0.20000000000000001 allowed_gap=0.097361859031662459
[IPT preparation] union target=4 row=8 gap=0.0019206369572160042 gap_floor=3.9307676818472411e-11 coupling=0.0056687986567687393 coupling_gap_ratio=2.951520137874343 ratio_tol=0.20000000000000001 allowed_gap=0.028343993283843696
[IPT preparation] union target=4 row=9 gap=0.0055239642424140811 gap_floor=3.9307676818472411e-11 coupling=0.022756941935708049 coupling_gap_ratio=4.1196758228403771 ratio_tol=0.20000000000000001 allowed_gap=0.11378470967854024
[IPT preparation] union target=4 row=10 gap=0.0055239642424140811 gap_floor=3.9307676818472411e-11 coupling=0.0027942356726072784 coupling_gap_ratio=0.50583884145240998 ratio_tol=0.20000000000000001 allowed_gap=0.013971178363036392
[IPT preparation] union target=4 row=11 gap=0.0056024447647544662 gap_floor=3.9307676818472411e-11 coupling=0.016711302929151631 coupling_gap_ratio=2.9828590250963454 ratio_tol=0.20000000000000001 allowed_gap=0.083556514645758154
[IPT preparation] union target=4 row=12 gap=0.0056024447647615716 gap_floor=3.9307676818472411e-11 coupling=0.0025628490659044111 coupling_gap_ratio=0.45745191135560986 ratio_tol=0.20000000000000001 allowed_gap=0.012814245329522056
[IPT preparation] union target=4 row=13 gap=0.0072555575928419103 gap_floor=3.9307676818472411e-11 coupling=0.0044252113273623786 coupling_gap_ratio=0.60990644354172641 ratio_tol=0.20000000000000001 allowed_gap=0.022126056636811893
[IPT preparation] union target=4 row=14 gap=0.0072555575928490157 gap_floor=3.9307676818472411e-11 coupling=0.0077991883384716095 coupling_gap_ratio=1.0749261154178404 ratio_tol=0.20000000000000001 allowed_gap=0.038995941692358045
[IPT preparation] target_vs_all_candidates=885 unions=461 max_coupling_gap_ratio=2014258903.9973323 at target=13 row=14 gap=7.1054273576010019e-15 coupling=0.079161223455572735
[IPT preparation] union log truncated after 64 pairs
IPT block-cluster: clusters=2 basis_cols=31 maxiter=100 tol=1.000e-12 damping=1.000e+00
IPT block-cluster: block[0]=0:0 size=1
IPT block-cluster: block[1]=1:30 size=30
repeat 1 IPT_GPU_BLOCK k=30 solve=7.977621e-01 preparation=5.585550e+00 setup=2.409401e+00 iteration=7.440036e-01 rr=5.375842e-02 api_total=8.806459e+00 fp_residual=1.404e+00 max_residual=2.328e-02 first_eigenvalue=-40.1907762526007 status=0
wrote /fs1/home/nudt_liujie/ftt/IPT_C_GPU/results/sparse/ch4_k30_ipt_debug/ch4_sto6g_fci_15876_ipt_trials.csv
wrote /fs1/home/nudt_liujie/ftt/IPT_C_GPU/results/sparse/ch4_k30_ipt_debug/ch4_sto6g_fci_15876_ipt_summary.txt
===== output files =====
/fs1/home/nudt_liujie/ftt/IPT_C_GPU/logs/sparse:
total 3.8M
-rw-r--r-- 1 nudt_liujie nudt_liujie    0 Jun 23 14:54 ch4_sto6g_fci_15876_ipt_3049212.err
-rw-r--r-- 1 nudt_liujie nudt_liujie 7.3K Jun 23 14:54 ch4_sto6g_fci_15876_ipt_3049212.log
-rw-r--r-- 1 nudt_liujie nudt_liujie 7.3K Jun 23 14:54 ch4_sto6g_fci_15876_ipt_3049212.out
-rw-r--r-- 1 nudt_liujie nudt_liujie    0 Jun 23 14:57 ch4_sto6g_fci_15876_ipt_3049229.err
-rw-r--r-- 1 nudt_liujie nudt_liujie  12K Jun 23 14:57 ch4_sto6g_fci_15876_ipt_3049229.log
-rw-r--r-- 1 nudt_liujie nudt_liujie  12K Jun 23 14:57 ch4_sto6g_fci_15876_ipt_3049229.out
-rw-r--r-- 1 nudt_liujie nudt_liujie    0 Jun 23 14:58 ch4_sto6g_fci_15876_ipt_3049237.err
-rw-r--r-- 1 nudt_liujie nudt_liujie  20K Jun 23 14:59 ch4_sto6g_fci_15876_ipt_3049237.log
-rw-r--r-- 1 nudt_liujie nudt_liujie  20K Jun 23 14:59 ch4_sto6g_fci_15876_ipt_3049237.out
-rw-r--r-- 1 nudt_liujie nudt_liujie    0 Jun 28 19:57 ch4_sto6g_fci_15876_ipt_3070461.err
-rw-r--r-- 1 nudt_liujie nudt_liujie  27K Jun 28 19:57 ch4_sto6g_fci_15876_ipt_3070461.log
-rw-r--r-- 1 nudt_liujie nudt_liujie  27K Jun 28 19:57 ch4_sto6g_fci_15876_ipt_3070461.out
-rw-r--r-- 1 nudt_liujie nudt_liujie    0 Jun 28 20:00 ch4_sto6g_fci_15876_ipt_3070476.err
-rw-r--r-- 1 nudt_liujie nudt_liujie  28K Jun 28 20:01 ch4_sto6g_fci_15876_ipt_3070476.log
-rw-r--r-- 1 nudt_liujie nudt_liujie  28K Jun 28 20:01 ch4_sto6g_fci_15876_ipt_3070476.out
-rw-r--r-- 1 nudt_liujie nudt_liujie    0 Jun 28 20:13 ch4_sto6g_fci_15876_ipt_3070522.err
-rw-r--r-- 1 nudt_liujie nudt_liujie  28K Jun 28 20:14 ch4_sto6g_fci_15876_ipt_3070522.log
-rw-r--r-- 1 nudt_liujie nudt_liujie  28K Jun 28 20:14 ch4_sto6g_fci_15876_ipt_3070522.out
-rw-r--r-- 1 nudt_liujie nudt_liujie    0 Jun 28 20:13 ch4_sto6g_fci_15876_ipt_3070525.err
-rw-r--r-- 1 nudt_liujie nudt_liujie  30K Jun 28 20:14 ch4_sto6g_fci_15876_ipt_3070525.log
-rw-r--r-- 1 nudt_liujie nudt_liujie  30K Jun 28 20:14 ch4_sto6g_fci_15876_ipt_3070525.out
-rw-r--r-- 1 nudt_liujie nudt_liujie    0 Jun 28 20:39 ch4_sto6g_fci_15876_ipt_3070595.err
-rw-r--r-- 1 nudt_liujie nudt_liujie 104K Jun 28 20:40 ch4_sto6g_fci_15876_ipt_3070595.log
-rw-r--r-- 1 nudt_liujie nudt_liujie 104K Jun 28 20:40 ch4_sto6g_fci_15876_ipt_3070595.out
-rw-rw-r-- 1 nudt_liujie nudt_liujie    0 Jun 28 20:54 ch4_sto6g_fci_15876_ipt_3070722.err
-rw-rw-r-- 1 nudt_liujie nudt_liujie  30K Jun 28 20:54 ch4_sto6g_fci_15876_ipt_3070722.log
-rw-rw-r-- 1 nudt_liujie nudt_liujie  30K Jun 28 20:54 ch4_sto6g_fci_15876_ipt_3070722.out
-rw-rw-r-- 1 nudt_liujie nudt_liujie    0 Jun 28 20:57 ch4_sto6g_fci_15876_ipt_3070731.err
-rw-rw-r-- 1 nudt_liujie nudt_liujie  31K Jun 28 20:58 ch4_sto6g_fci_15876_ipt_3070731.log
-rw-rw-r-- 1 nudt_liujie nudt_liujie  31K Jun 28 20:58 ch4_sto6g_fci_15876_ipt_3070731.out
-rw-rw-r-- 1 nudt_liujie nudt_liujie    0 Jun 28 21:11 ch4_sto6g_fci_15876_ipt_3070753.err
-rw-rw-r-- 1 nudt_liujie nudt_liujie  31K Jun 28 21:11 ch4_sto6g_fci_15876_ipt_3070753.log
-rw-rw-r-- 1 nudt_liujie nudt_liujie  31K Jun 28 21:11 ch4_sto6g_fci_15876_ipt_3070753.out
-rw-rw-r-- 1 nudt_liujie nudt_liujie    0 Jun 28 21:11 ch4_sto6g_fci_15876_ipt_3070754.err
-rw-rw-r-- 1 nudt_liujie nudt_liujie  31K Jun 28 21:12 ch4_sto6g_fci_15876_ipt_3070754.log
-rw-rw-r-- 1 nudt_liujie nudt_liujie  31K Jun 28 21:12 ch4_sto6g_fci_15876_ipt_3070754.out
-rw-rw-r-- 1 nudt_liujie nudt_liujie    0 Jun 28 21:18 ch4_sto6g_fci_15876_ipt_3070766.err
-rw-rw-r-- 1 nudt_liujie nudt_liujie  31K Jun 28 21:20 ch4_sto6g_fci_15876_ipt_3070766.log
-rw-rw-r-- 1 nudt_liujie nudt_liujie  31K Jun 28 21:20 ch4_sto6g_fci_15876_ipt_3070766.out
-rw-rw-r-- 1 nudt_liujie nudt_liujie    0 Jun 28 21:21 ch4_sto6g_fci_15876_ipt_3070772.err
-rw-rw-r-- 1 nudt_liujie nudt_liujie  31K Jun 28 21:22 ch4_sto6g_fci_15876_ipt_3070772.log
-rw-rw-r-- 1 nudt_liujie nudt_liujie  31K Jun 28 21:22 ch4_sto6g_fci_15876_ipt_3070772.out
-rw-r--r-- 1 nudt_liujie nudt_liujie    0 Jun 28 22:25 ch4_sto6g_fci_15876_ipt_3070890.err
-rw-r--r-- 1 nudt_liujie nudt_liujie  45K Jun 28 22:26 ch4_sto6g_fci_15876_ipt_3070890.log
-rw-r--r-- 1 nudt_liujie nudt_liujie  45K Jun 28 22:26 ch4_sto6g_fci_15876_ipt_3070890.out
-rw-r--r-- 1 nudt_liujie nudt_liujie    0 Jun 28 22:27 ch4_sto6g_fci_15876_ipt_3070896.err
-rw-r--r-- 1 nudt_liujie nudt_liujie  45K Jun 28 22:27 ch4_sto6g_fci_15876_ipt_3070896.log
-rw-r--r-- 1 nudt_liujie nudt_liujie  45K Jun 28 22:27 ch4_sto6g_fci_15876_ipt_3070896.out
-rw-rw-r-- 1 nudt_liujie nudt_liujie    0 Jun 28 22:32 ch4_sto6g_fci_15876_ipt_3070911.err
-rw-rw-r-- 1 nudt_liujie nudt_liujie  32K Jun 28 22:34 ch4_sto6g_fci_15876_ipt_3070911.log
-rw-rw-r-- 1 nudt_liujie nudt_liujie  32K Jun 28 22:34 ch4_sto6g_fci_15876_ipt_3070911.out
-rw-r--r-- 1 nudt_liujie nudt_liujie    0 Jun 28 23:02 ch4_sto6g_fci_15876_ipt_3071015.err
-rw-r--r-- 1 nudt_liujie nudt_liujie  20K Jun 28 23:02 ch4_sto6g_fci_15876_ipt_3071015.log
-rw-r--r-- 1 nudt_liujie nudt_liujie  20K Jun 28 23:02 ch4_sto6g_fci_15876_ipt_3071015.out
-rw-r--r-- 1 nudt_liujie nudt_liujie    0 Jun 23 14:54 co_sto6g_fci_14400_ipt_3049214.err
-rw-r--r-- 1 nudt_liujie nudt_liujie 7.3K Jun 23 14:54 co_sto6g_fci_14400_ipt_3049214.log
-rw-r--r-- 1 nudt_liujie nudt_liujie 7.3K Jun 23 14:54 co_sto6g_fci_14400_ipt_3049214.out
-rw-r--r-- 1 nudt_liujie nudt_liujie    0 Jun 23 14:57 co_sto6g_fci_14400_ipt_3049231.err
-rw-r--r-- 1 nudt_liujie nudt_liujie 3.8K Jun 23 14:57 co_sto6g_fci_14400_ipt_3049231.log
-rw-r--r-- 1 nudt_liujie nudt_liujie 4.0K Jun 23 14:57 co_sto6g_fci_14400_ipt_3049231.out
-rw-r--r-- 1 nudt_liujie nudt_liujie    0 Jun 23 14:58 co_sto6g_fci_14400_ipt_3049239.err
-rw-r--r-- 1 nudt_liujie nudt_liujie  20K Jun 23 14:59 co_sto6g_fci_14400_ipt_3049239.log
-rw-r--r-- 1 nudt_liujie nudt_liujie  20K Jun 23 14:59 co_sto6g_fci_14400_ipt_3049239.out
-rw-r--r-- 1 nudt_liujie nudt_liujie    0 Jun 28 19:57 co_sto6g_fci_14400_ipt_3070463.err
-rw-r--r-- 1 nudt_liujie nudt_liujie  27K Jun 28 19:57 co_sto6g_fci_14400_ipt_3070463.log
-rw-r--r-- 1 nudt_liujie nudt_liujie  27K Jun 28 19:57 co_sto6g_fci_14400_ipt_3070463.out
-rw-r--r-- 1 nudt_liujie nudt_liujie    0 Jun 28 20:13 co_sto6g_fci_14400_ipt_3070524.err
-rw-r--r-- 1 nudt_liujie nudt_liujie  28K Jun 28 20:13 co_sto6g_fci_14400_ipt_3070524.log
-rw-r--r-- 1 nudt_liujie nudt_liujie  28K Jun 28 20:13 co_sto6g_fci_14400_ipt_3070524.out
drwxr-xr-x 2 nudt_liujie nudt_liujie 4.0K Jun 24 15:32 debug
-rw-r--r-- 1 nudt_liujie nudt_liujie    0 Jun 22 12:45 h20_fci_primme_vs_ipt_3044994.err
-rw-r--r-- 1 nudt_liujie nudt_liujie 7.8K Jun 22 12:45 h20_fci_primme_vs_ipt_3044994.log
-rw-r--r-- 1 nudt_liujie nudt_liujie 7.8K Jun 22 12:45 h20_fci_primme_vs_ipt_3044994.out
-rw-r--r-- 1 nudt_liujie nudt_liujie    0 Jun 23 13:14 h2o_631g_cas10e10o_fci_63504_primme_vs_ipt_3048878.err
-rw-r--r-- 1 nudt_liujie nudt_liujie  16K Jun 23 13:15 h2o_631g_cas10e10o_fci_63504_primme_vs_ipt_3048878.log
-rw-r--r-- 1 nudt_liujie nudt_liujie  16K Jun 23 13:15 h2o_631g_cas10e10o_fci_63504_primme_vs_ipt_3048878.out
-rw-r--r-- 1 nudt_liujie nudt_liujie    0 Jun 23 13:16 h2o_631g_cas10e10o_fci_63504_primme_vs_ipt_3048880.err
-rw-r--r-- 1 nudt_liujie nudt_liujie  16K Jun 23 13:16 h2o_631g_cas10e10o_fci_63504_primme_vs_ipt_3048880.log
-rw-r--r-- 1 nudt_liujie nudt_liujie  16K Jun 23 13:16 h2o_631g_cas10e10o_fci_63504_primme_vs_ipt_3048880.out
-rw-r--r-- 1 nudt_liujie nudt_liujie    0 Jun 22 23:11 h2o_631g_fc_fci_245025_primme_vs_ipt_3046899.err
-rw-r--r-- 1 nudt_liujie nudt_liujie  17K Jun 22 23:13 h2o_631g_fc_fci_245025_primme_vs_ipt_3046899.log
-rw-r--r-- 1 nudt_liujie nudt_liujie  17K Jun 22 23:13 h2o_631g_fc_fci_245025_primme_vs_ipt_3046899.out
-rw-r--r-- 1 nudt_liujie nudt_liujie    0 Jun 22 23:17 h2o_631g_fc_fci_245025_primme_vs_ipt_3046908.err
-rw-r--r-- 1 nudt_liujie nudt_liujie  18K Jun 22 23:18 h2o_631g_fc_fci_245025_primme_vs_ipt_3046908.log
-rw-r--r-- 1 nudt_liujie nudt_liujie  18K Jun 22 23:18 h2o_631g_fc_fci_245025_primme_vs_ipt_3046908.out
-rw-r--r-- 1 nudt_liujie nudt_liujie    0 Jun 22 23:21 h2o_631g_fc_fci_245025_primme_vs_ipt_3046918.err
-rw-r--r-- 1 nudt_liujie nudt_liujie  18K Jun 22 23:22 h2o_631g_fc_fci_245025_primme_vs_ipt_3046918.log
-rw-r--r-- 1 nudt_liujie nudt_liujie  18K Jun 22 23:22 h2o_631g_fc_fci_245025_primme_vs_ipt_3046918.out
-rw-r--r-- 1 nudt_liujie nudt_liujie    0 Jun 22 23:21 h2o_631g_fc_fci_245025_primme_vs_ipt_3046919.err
-rw-r--r-- 1 nudt_liujie nudt_liujie  18K Jun 22 23:22 h2o_631g_fc_fci_245025_primme_vs_ipt_3046919.log
-rw-r--r-- 1 nudt_liujie nudt_liujie  18K Jun 22 23:22 h2o_631g_fc_fci_245025_primme_vs_ipt_3046919.out
-rw-r--r-- 1 nudt_liujie nudt_liujie 6.7K Jun 22 23:10 h2o_631g_fc_fci_245025_primme_vs_ipt_manual.log
-rw-r--r-- 1 nudt_liujie nudt_liujie    0 Jun 22 14:57 h2o_fci_pyscf_441_primme_vs_ipt_3045534.err
-rw-r--r-- 1 nudt_liujie nudt_liujie 4.0K Jun 22 14:57 h2o_fci_pyscf_441_primme_vs_ipt_3045534.log
-rw-r--r-- 1 nudt_liujie nudt_liujie 4.0K Jun 22 14:57 h2o_fci_pyscf_441_primme_vs_ipt_3045534.out
-rw-r--r-- 1 nudt_liujie nudt_liujie    0 Jun 22 14:58 h2o_fci_pyscf_441_primme_vs_ipt_3045539.err
-rw-r--r-- 1 nudt_liujie nudt_liujie 9.7K Jun 22 14:58 h2o_fci_pyscf_441_primme_vs_ipt_3045539.log
-rw-r--r-- 1 nudt_liujie nudt_liujie 9.7K Jun 22 14:58 h2o_fci_pyscf_441_primme_vs_ipt_3045539.out
-rw-r--r-- 1 nudt_liujie nudt_liujie    0 Jun 22 17:32 h2o_fci_pyscf_441_primme_vs_ipt_3046000.err
-rw-r--r-- 1 nudt_liujie nudt_liujie  12K Jun 22 17:32 h2o_fci_pyscf_441_primme_vs_ipt_3046000.log
-rw-r--r-- 1 nudt_liujie nudt_liujie  12K Jun 22 17:32 h2o_fci_pyscf_441_primme_vs_ipt_3046000.out
-rw-r--r-- 1 nudt_liujie nudt_liujie    0 Jun 22 17:34 h2o_fci_pyscf_441_primme_vs_ipt_3046008.err
-rw-r--r-- 1 nudt_liujie nudt_liujie  11K Jun 22 17:34 h2o_fci_pyscf_441_primme_vs_ipt_3046008.log
-rw-r--r-- 1 nudt_liujie nudt_liujie  11K Jun 22 17:34 h2o_fci_pyscf_441_primme_vs_ipt_3046008.out
-rw-r--r-- 1 nudt_liujie nudt_liujie    0 Jun 22 19:37 h2o_fci_pyscf_441_primme_vs_ipt_3046277.err
-rw-r--r-- 1 nudt_liujie nudt_liujie  11K Jun 22 19:38 h2o_fci_pyscf_441_primme_vs_ipt_3046277.log
-rw-r--r-- 1 nudt_liujie nudt_liujie  11K Jun 22 19:38 h2o_fci_pyscf_441_primme_vs_ipt_3046277.out
-rw-r--r-- 1 nudt_liujie nudt_liujie    0 Jun 22 21:11 h2o_fci_pyscf_441_primme_vs_ipt_3046551.err
-rw-r--r-- 1 nudt_liujie nudt_liujie  12K Jun 22 21:11 h2o_fci_pyscf_441_primme_vs_ipt_3046551.log
-rw-r--r-- 1 nudt_liujie nudt_liujie  12K Jun 22 21:11 h2o_fci_pyscf_441_primme_vs_ipt_3046551.out
-rw-r--r-- 1 nudt_liujie nudt_liujie    0 Jun 24 14:50 h2o_fci_pyscf_441_primme_vs_ipt_3052571.err
-rw-r--r-- 1 nudt_liujie nudt_liujie  26K Jun 24 14:50 h2o_fci_pyscf_441_primme_vs_ipt_3052571.log
-rw-r--r-- 1 nudt_liujie nudt_liujie  26K Jun 24 14:50 h2o_fci_pyscf_441_primme_vs_ipt_3052571.out
-rw-r--r-- 1 nudt_liujie nudt_liujie    0 Jun 24 14:51 h2o_fci_pyscf_441_primme_vs_ipt_3052577.err
-rw-r--r-- 1 nudt_liujie nudt_liujie  26K Jun 24 14:51 h2o_fci_pyscf_441_primme_vs_ipt_3052577.log
-rw-r--r-- 1 nudt_liujie nudt_liujie  26K Jun 24 14:51 h2o_fci_pyscf_441_primme_vs_ipt_3052577.out
-rw-r--r-- 1 nudt_liujie nudt_liujie  21K Jun 24 15:42 h2o_fci_pyscf_441_primme_vs_ipt_manual.log
lrwxrwxrwx 1 nudt_liujie nudt_liujie   83 Jun 28 23:02 latest_ch4_sto6g_fci_15876_ipt.log -> /fs1/home/nudt_liujie/ftt/IPT_C_GPU/logs/sparse/ch4_sto6g_fci_15876_ipt_3071015.log
lrwxrwxrwx 1 nudt_liujie nudt_liujie   82 Jun 28 20:13 latest_co_sto6g_fci_14400_ipt.log -> /fs1/home/nudt_liujie/ftt/IPT_C_GPU/logs/sparse/co_sto6g_fci_14400_ipt_3070524.log
lrwxrwxrwx 1 nudt_liujie nudt_liujie   81 Jun 22 12:45 latest_h20_fci_primme_vs_ipt.log -> /fs1/home/nudt_liujie/ftt/IPT_C_GPU/logs/sparse/h20_fci_primme_vs_ipt_3044994.log
lrwxrwxrwx 1 nudt_liujie nudt_liujie  102 Jun 23 13:16 latest_h2o_631g_cas10e10o_fci_63504_primme_vs_ipt.log -> /fs1/home/nudt_liujie/ftt/IPT_C_GPU/logs/sparse/h2o_631g_cas10e10o_fci_63504_primme_vs_ipt_3048880.log
lrwxrwxrwx 1 nudt_liujie nudt_liujie   96 Jun 22 23:21 latest_h2o_631g_fc_fci_245025_primme_vs_ipt.log -> /fs1/home/nudt_liujie/ftt/IPT_C_GPU/logs/sparse/h2o_631g_fc_fci_245025_primme_vs_ipt_3046919.log
lrwxrwxrwx 1 nudt_liujie nudt_liujie   90 Jun 24 15:41 latest_h2o_fci_pyscf_441_primme_vs_ipt.log -> /fs1/home/nudt_liujie/ftt/IPT_C_GPU/logs/sparse/h2o_fci_pyscf_441_primme_vs_ipt_manual.log
lrwxrwxrwx 1 nudt_liujie nudt_liujie   82 Jun 28 20:13 latest_n2_sto6g_fci_14400_ipt.log -> /fs1/home/nudt_liujie/ftt/IPT_C_GPU/logs/sparse/n2_sto6g_fci_14400_ipt_3070523.log
lrwxrwxrwx 1 nudt_liujie nudt_liujie   82 Jun 28 17:41 latest_nh3_sto6g_fci_3136_ipt.log -> /fs1/home/nudt_liujie/ftt/IPT_C_GPU/logs/sparse/nh3_sto6g_fci_3136_ipt_3069863.log
lrwxrwxrwx 1 nudt_liujie nudt_liujie   80 Jun 22 10:56 latest_primme_vs_ipt_sparse.log -> /fs1/home/nudt_liujie/ftt/IPT_C_GPU/logs/sparse/primme_vs_ipt_sparse_3044611.log
lrwxrwxrwx 1 nudt_liujie nudt_liujie   72 Jun 22 21:11 latest_sparse_tests.log -> /fs1/home/nudt_liujie/ftt/IPT_C_GPU/logs/sparse/sparse_tests_3046550.log
-rw-r--r-- 1 nudt_liujie nudt_liujie    0 Jun 23 14:54 n2_sto6g_fci_14400_ipt_3049213.err
-rw-r--r-- 1 nudt_liujie nudt_liujie 7.3K Jun 23 14:54 n2_sto6g_fci_14400_ipt_3049213.log
-rw-r--r-- 1 nudt_liujie nudt_liujie 7.3K Jun 23 14:54 n2_sto6g_fci_14400_ipt_3049213.out
-rw-r--r-- 1 nudt_liujie nudt_liujie    0 Jun 23 14:57 n2_sto6g_fci_14400_ipt_3049230.err
-rw-r--r-- 1 nudt_liujie nudt_liujie  12K Jun 23 14:57 n2_sto6g_fci_14400_ipt_3049230.log
-rw-r--r-- 1 nudt_liujie nudt_liujie  12K Jun 23 14:57 n2_sto6g_fci_14400_ipt_3049230.out
-rw-r--r-- 1 nudt_liujie nudt_liujie    0 Jun 23 14:58 n2_sto6g_fci_14400_ipt_3049238.err
-rw-r--r-- 1 nudt_liujie nudt_liujie  20K Jun 23 14:59 n2_sto6g_fci_14400_ipt_3049238.log
-rw-r--r-- 1 nudt_liujie nudt_liujie  20K Jun 23 14:59 n2_sto6g_fci_14400_ipt_3049238.out
-rw-r--r-- 1 nudt_liujie nudt_liujie    0 Jun 28 19:57 n2_sto6g_fci_14400_ipt_3070462.err
-rw-r--r-- 1 nudt_liujie nudt_liujie  27K Jun 28 19:57 n2_sto6g_fci_14400_ipt_3070462.log
-rw-r--r-- 1 nudt_liujie nudt_liujie  27K Jun 28 19:57 n2_sto6g_fci_14400_ipt_3070462.out
-rw-r--r-- 1 nudt_liujie nudt_liujie    0 Jun 28 20:13 n2_sto6g_fci_14400_ipt_3070523.err
-rw-r--r-- 1 nudt_liujie nudt_liujie  29K Jun 28 20:14 n2_sto6g_fci_14400_ipt_3070523.log
-rw-r--r-- 1 nudt_liujie nudt_liujie  29K Jun 28 20:14 n2_sto6g_fci_14400_ipt_3070523.out
-rw-r--r-- 1 nudt_liujie nudt_liujie    0 Jun 23 14:54 nh3_sto6g_fci_3136_ipt_3049211.err
-rw-r--r-- 1 nudt_liujie nudt_liujie 7.3K Jun 23 14:54 nh3_sto6g_fci_3136_ipt_3049211.log
-rw-r--r-- 1 nudt_liujie nudt_liujie 7.3K Jun 23 14:54 nh3_sto6g_fci_3136_ipt_3049211.out
-rw-r--r-- 1 nudt_liujie nudt_liujie    0 Jun 23 14:57 nh3_sto6g_fci_3136_ipt_3049228.err
-rw-r--r-- 1 nudt_liujie nudt_liujie  12K Jun 23 14:57 nh3_sto6g_fci_3136_ipt_3049228.log
-rw-r--r-- 1 nudt_liujie nudt_liujie  12K Jun 23 14:57 nh3_sto6g_fci_3136_ipt_3049228.out
-rw-r--r-- 1 nudt_liujie nudt_liujie    0 Jun 23 14:58 nh3_sto6g_fci_3136_ipt_3049236.err
-rw-r--r-- 1 nudt_liujie nudt_liujie  20K Jun 23 14:59 nh3_sto6g_fci_3136_ipt_3049236.log
-rw-r--r-- 1 nudt_liujie nudt_liujie  20K Jun 23 14:59 nh3_sto6g_fci_3136_ipt_3049236.out
-rw-r--r-- 1 nudt_liujie nudt_liujie    0 Jun 23 16:10 nh3_sto6g_fci_3136_ipt_3049472.err
-rw-r--r-- 1 nudt_liujie nudt_liujie  20K Jun 23 16:11 nh3_sto6g_fci_3136_ipt_3049472.log
-rw-r--r-- 1 nudt_liujie nudt_liujie  20K Jun 23 16:11 nh3_sto6g_fci_3136_ipt_3049472.out
-rw-r--r-- 1 nudt_liujie nudt_liujie    0 Jun 23 16:41 nh3_sto6g_fci_3136_ipt_3049583.err
-rw-r--r-- 1 nudt_liujie nudt_liujie  22K Jun 23 16:42 nh3_sto6g_fci_3136_ipt_3049583.log
-rw-r--r-- 1 nudt_liujie nudt_liujie  22K Jun 23 16:42 nh3_sto6g_fci_3136_ipt_3049583.out
-rw-r--r-- 1 nudt_liujie nudt_liujie    0 Jun 23 16:43 nh3_sto6g_fci_3136_ipt_3049587.err
-rw-r--r-- 1 nudt_liujie nudt_liujie  23K Jun 23 16:43 nh3_sto6g_fci_3136_ipt_3049587.log
-rw-r--r-- 1 nudt_liujie nudt_liujie  23K Jun 23 16:43 nh3_sto6g_fci_3136_ipt_3049587.out
-rw-r--r-- 1 nudt_liujie nudt_liujie    0 Jun 23 16:45 nh3_sto6g_fci_3136_ipt_3049597.err
-rw-r--r-- 1 nudt_liujie nudt_liujie  24K Jun 23 16:45 nh3_sto6g_fci_3136_ipt_3049597.log
-rw-r--r-- 1 nudt_liujie nudt_liujie  24K Jun 23 16:45 nh3_sto6g_fci_3136_ipt_3049597.out
-rw-r--r-- 1 nudt_liujie nudt_liujie    0 Jun 24 14:04 nh3_sto6g_fci_3136_ipt_3052140.err
-rw-r--r-- 1 nudt_liujie nudt_liujie  24K Jun 24 14:05 nh3_sto6g_fci_3136_ipt_3052140.log
-rw-r--r-- 1 nudt_liujie nudt_liujie  24K Jun 24 14:05 nh3_sto6g_fci_3136_ipt_3052140.out
-rw-r--r-- 1 nudt_liujie nudt_liujie    0 Jun 27 21:16 nh3_sto6g_fci_3136_ipt_3066052.err
-rw-r--r-- 1 nudt_liujie nudt_liujie  24K Jun 27 21:17 nh3_sto6g_fci_3136_ipt_3066052.log
-rw-r--r-- 1 nudt_liujie nudt_liujie  24K Jun 27 21:17 nh3_sto6g_fci_3136_ipt_3066052.out
-rw-r--r-- 1 nudt_liujie nudt_liujie    0 Jun 27 21:17 nh3_sto6g_fci_3136_ipt_3066056.err
-rw-r--r-- 1 nudt_liujie nudt_liujie  25K Jun 27 21:17 nh3_sto6g_fci_3136_ipt_3066056.log
-rw-r--r-- 1 nudt_liujie nudt_liujie  25K Jun 27 21:17 nh3_sto6g_fci_3136_ipt_3066056.out
-rw-r--r-- 1 nudt_liujie nudt_liujie    0 Jun 27 21:19 nh3_sto6g_fci_3136_ipt_3066064.err
-rw-r--r-- 1 nudt_liujie nudt_liujie  25K Jun 27 21:19 nh3_sto6g_fci_3136_ipt_3066064.log
-rw-r--r-- 1 nudt_liujie nudt_liujie  25K Jun 27 21:19 nh3_sto6g_fci_3136_ipt_3066064.out
-rw-r--r-- 1 nudt_liujie nudt_liujie    0 Jun 27 21:20 nh3_sto6g_fci_3136_ipt_3066077.err
-rw-r--r-- 1 nudt_liujie nudt_liujie  25K Jun 27 21:20 nh3_sto6g_fci_3136_ipt_3066077.log
-rw-r--r-- 1 nudt_liujie nudt_liujie  25K Jun 27 21:20 nh3_sto6g_fci_3136_ipt_3066077.out
-rw-r--r-- 1 nudt_liujie nudt_liujie    0 Jun 27 22:09 nh3_sto6g_fci_3136_ipt_3066324.err
-rw-r--r-- 1 nudt_liujie nudt_liujie  30K Jun 27 22:09 nh3_sto6g_fci_3136_ipt_3066324.log
-rw-r--r-- 1 nudt_liujie nudt_liujie  30K Jun 27 22:09 nh3_sto6g_fci_3136_ipt_3066324.out
-rw-r--r-- 1 nudt_liujie nudt_liujie    0 Jun 27 22:12 nh3_sto6g_fci_3136_ipt_3066327.err
-rw-r--r-- 1 nudt_liujie nudt_liujie  30K Jun 27 22:13 nh3_sto6g_fci_3136_ipt_3066327.log
-rw-r--r-- 1 nudt_liujie nudt_liujie  30K Jun 27 22:13 nh3_sto6g_fci_3136_ipt_3066327.out
-rw-r--r-- 1 nudt_liujie nudt_liujie    0 Jun 27 22:13 nh3_sto6g_fci_3136_ipt_3066340.err
-rw-r--r-- 1 nudt_liujie nudt_liujie  30K Jun 27 22:14 nh3_sto6g_fci_3136_ipt_3066340.log
-rw-r--r-- 1 nudt_liujie nudt_liujie  30K Jun 27 22:14 nh3_sto6g_fci_3136_ipt_3066340.out
-rw-r--r-- 1 nudt_liujie nudt_liujie    0 Jun 27 22:15 nh3_sto6g_fci_3136_ipt_3066355.err
-rw-r--r-- 1 nudt_liujie nudt_liujie  31K Jun 27 22:16 nh3_sto6g_fci_3136_ipt_3066355.log
-rw-r--r-- 1 nudt_liujie nudt_liujie  31K Jun 27 22:16 nh3_sto6g_fci_3136_ipt_3066355.out
-rw-r--r-- 1 nudt_liujie nudt_liujie    0 Jun 28 12:44 nh3_sto6g_fci_3136_ipt_3068790.err
-rw-r--r-- 1 nudt_liujie nudt_liujie  31K Jun 28 12:46 nh3_sto6g_fci_3136_ipt_3068790.log
-rw-r--r-- 1 nudt_liujie nudt_liujie  31K Jun 28 12:46 nh3_sto6g_fci_3136_ipt_3068790.out
-rw-r--r-- 1 nudt_liujie nudt_liujie    0 Jun 28 12:48 nh3_sto6g_fci_3136_ipt_3068796.err
-rw-r--r-- 1 nudt_liujie nudt_liujie  33K Jun 28 12:48 nh3_sto6g_fci_3136_ipt_3068796.log
-rw-r--r-- 1 nudt_liujie nudt_liujie  33K Jun 28 12:48 nh3_sto6g_fci_3136_ipt_3068796.out
-rw-r--r-- 1 nudt_liujie nudt_liujie    0 Jun 28 12:50 nh3_sto6g_fci_3136_ipt_3068807.err
-rw-r--r-- 1 nudt_liujie nudt_liujie  32K Jun 28 12:50 nh3_sto6g_fci_3136_ipt_3068807.log
-rw-r--r-- 1 nudt_liujie nudt_liujie  32K Jun 28 12:50 nh3_sto6g_fci_3136_ipt_3068807.out
-rw-r--r-- 1 nudt_liujie nudt_liujie    0 Jun 28 12:51 nh3_sto6g_fci_3136_ipt_3068809.err
-rw-r--r-- 1 nudt_liujie nudt_liujie  32K Jun 28 12:52 nh3_sto6g_fci_3136_ipt_3068809.log
-rw-r--r-- 1 nudt_liujie nudt_liujie  32K Jun 28 12:52 nh3_sto6g_fci_3136_ipt_3068809.out
-rw-r--r-- 1 nudt_liujie nudt_liujie    0 Jun 28 12:53 nh3_sto6g_fci_3136_ipt_3068812.err
-rw-r--r-- 1 nudt_liujie nudt_liujie  32K Jun 28 12:53 nh3_sto6g_fci_3136_ipt_3068812.log
-rw-r--r-- 1 nudt_liujie nudt_liujie  32K Jun 28 12:53 nh3_sto6g_fci_3136_ipt_3068812.out
-rw-r--r-- 1 nudt_liujie nudt_liujie    0 Jun 28 12:59 nh3_sto6g_fci_3136_ipt_3068829.err
-rw-r--r-- 1 nudt_liujie nudt_liujie  32K Jun 28 13:00 nh3_sto6g_fci_3136_ipt_3068829.log
-rw-r--r-- 1 nudt_liujie nudt_liujie  32K Jun 28 13:00 nh3_sto6g_fci_3136_ipt_3068829.out
-rw-r--r-- 1 nudt_liujie nudt_liujie    0 Jun 28 13:17 nh3_sto6g_fci_3136_ipt_3068934.err
-rw-r--r-- 1 nudt_liujie nudt_liujie  32K Jun 28 13:17 nh3_sto6g_fci_3136_ipt_3068934.log
-rw-r--r-- 1 nudt_liujie nudt_liujie  32K Jun 28 13:17 nh3_sto6g_fci_3136_ipt_3068934.out
-rw-r--r-- 1 nudt_liujie nudt_liujie    0 Jun 28 13:19 nh3_sto6g_fci_3136_ipt_3068946.err
-rw-r--r-- 1 nudt_liujie nudt_liujie  29K Jun 28 13:20 nh3_sto6g_fci_3136_ipt_3068946.log
-rw-r--r-- 1 nudt_liujie nudt_liujie  29K Jun 28 13:20 nh3_sto6g_fci_3136_ipt_3068946.out
-rw-r--r-- 1 nudt_liujie nudt_liujie    0 Jun 28 13:22 nh3_sto6g_fci_3136_ipt_3068954.err
-rw-r--r-- 1 nudt_liujie nudt_liujie  28K Jun 28 13:22 nh3_sto6g_fci_3136_ipt_3068954.log
-rw-r--r-- 1 nudt_liujie nudt_liujie  28K Jun 28 13:22 nh3_sto6g_fci_3136_ipt_3068954.out
-rw-r--r-- 1 nudt_liujie nudt_liujie    0 Jun 28 13:24 nh3_sto6g_fci_3136_ipt_3068962.err
-rw-r--r-- 1 nudt_liujie nudt_liujie  29K Jun 28 13:24 nh3_sto6g_fci_3136_ipt_3068962.log
-rw-r--r-- 1 nudt_liujie nudt_liujie  29K Jun 28 13:24 nh3_sto6g_fci_3136_ipt_3068962.out
-rw-r--r-- 1 nudt_liujie nudt_liujie    0 Jun 28 17:41 nh3_sto6g_fci_3136_ipt_3069863.err
-rw-r--r-- 1 nudt_liujie nudt_liujie  53K Jun 28 17:42 nh3_sto6g_fci_3136_ipt_3069863.log
-rw-r--r-- 1 nudt_liujie nudt_liujie  53K Jun 28 17:42 nh3_sto6g_fci_3136_ipt_3069863.out
-rw-r--r-- 1 nudt_liujie nudt_liujie  22K Jun 27 21:13 nh3_sto6g_fci_3136_ipt_manual.log
-rw-r--r-- 1 nudt_liujie nudt_liujie    0 Jun 22 09:53 primme_vs_ipt_sparse_3043135.err
-rw-r--r-- 1 nudt_liujie nudt_liujie 3.0K Jun 22 09:53 primme_vs_ipt_sparse_3043135.log
-rw-r--r-- 1 nudt_liujie nudt_liujie 3.0K Jun 22 09:53 primme_vs_ipt_sparse_3043135.out
-rw-rw-r-- 1 nudt_liujie nudt_liujie    0 Jun 22 10:39 primme_vs_ipt_sparse_3044569.err
-rw-rw-r-- 1 nudt_liujie nudt_liujie  128 Jun 22 10:39 primme_vs_ipt_sparse_3044569.log
-rw-rw-r-- 1 nudt_liujie nudt_liujie  128 Jun 22 10:39 primme_vs_ipt_sparse_3044569.out
-rw-rw-r-- 1 nudt_liujie nudt_liujie    0 Jun 22 10:40 primme_vs_ipt_sparse_3044570.err
-rw-rw-r-- 1 nudt_liujie nudt_liujie  128 Jun 22 10:40 primme_vs_ipt_sparse_3044570.log
-rw-rw-r-- 1 nudt_liujie nudt_liujie  128 Jun 22 10:40 primme_vs_ipt_sparse_3044570.out
-rw-rw-r-- 1 nudt_liujie nudt_liujie    0 Jun 22 10:42 primme_vs_ipt_sparse_3044572.err
-rw-rw-r-- 1 nudt_liujie nudt_liujie  128 Jun 22 10:42 primme_vs_ipt_sparse_3044572.log
-rw-rw-r-- 1 nudt_liujie nudt_liujie  128 Jun 22 10:42 primme_vs_ipt_sparse_3044572.out
-rw-rw-r-- 1 nudt_liujie nudt_liujie    0 Jun 22 10:42 primme_vs_ipt_sparse_3044574.err
-rw-rw-r-- 1 nudt_liujie nudt_liujie  128 Jun 22 10:42 primme_vs_ipt_sparse_3044574.log
-rw-rw-r-- 1 nudt_liujie nudt_liujie  128 Jun 22 10:42 primme_vs_ipt_sparse_3044574.out
-rw-rw-r-- 1 nudt_liujie nudt_liujie    0 Jun 22 10:42 primme_vs_ipt_sparse_3044575.err
-rw-rw-r-- 1 nudt_liujie nudt_liujie  128 Jun 22 10:42 primme_vs_ipt_sparse_3044575.log
-rw-rw-r-- 1 nudt_liujie nudt_liujie  128 Jun 22 10:42 primme_vs_ipt_sparse_3044575.out
-rw-rw-r-- 1 nudt_liujie nudt_liujie    0 Jun 22 10:53 primme_vs_ipt_sparse_3044594.err
-rw-rw-r-- 1 nudt_liujie nudt_liujie  128 Jun 22 10:53 primme_vs_ipt_sparse_3044594.log
-rw-rw-r-- 1 nudt_liujie nudt_liujie  128 Jun 22 10:53 primme_vs_ipt_sparse_3044594.out
-rw-rw-r-- 1 nudt_liujie nudt_liujie    0 Jun 22 10:56 primme_vs_ipt_sparse_3044611.err
-rw-rw-r-- 1 nudt_liujie nudt_liujie    0 Jun 22 10:56 primme_vs_ipt_sparse_3044611.log
-rw-rw-r-- 1 nudt_liujie nudt_liujie  128 Jun 22 10:56 primme_vs_ipt_sparse_3044611.out
-rw-r--r-- 1 nudt_liujie nudt_liujie  103 Jun 22 21:14 q_gpu_test_3046563.err
-rw-r--r-- 1 nudt_liujie nudt_liujie    0 Jun 22 21:14 q_gpu_test_3046563.out
-rw-r--r-- 1 nudt_liujie nudt_liujie  102 Jun 22 21:15 q_gpu_test_3046565.err
-rw-r--r-- 1 nudt_liujie nudt_liujie    0 Jun 22 21:15 q_gpu_test_3046565.out
-rw-r--r-- 1 nudt_liujie nudt_liujie  141 Jun 22 21:16 q_gpu_test_3046570.err
-rw-r--r-- 1 nudt_liujie nudt_liujie    0 Jun 22 21:16 q_gpu_test_3046570.out
-rw-r--r-- 1 nudt_liujie nudt_liujie    0 Jun 22 21:17 q_gpu_test_3046575.err
-rw-r--r-- 1 nudt_liujie nudt_liujie  185 Jun 22 21:17 q_gpu_test_3046575.out
-rw-r--r-- 1 nudt_liujie nudt_liujie    0 Jun 21 14:27 sparse_tests_3041618.err
-rw-r--r-- 1 nudt_liujie nudt_liujie 3.7K Jun 21 14:27 sparse_tests_3041618.log
-rw-r--r-- 1 nudt_liujie nudt_liujie 3.7K Jun 21 14:27 sparse_tests_3041618.out
-rw-r--r-- 1 nudt_liujie nudt_liujie    0 Jun 21 14:28 sparse_tests_3041620.err
-rw-r--r-- 1 nudt_liujie nudt_liujie 3.3K Jun 21 14:29 sparse_tests_3041620.log
-rw-r--r-- 1 nudt_liujie nudt_liujie 3.3K Jun 21 14:29 sparse_tests_3041620.out
-rw-r--r-- 1 nudt_liujie nudt_liujie    0 Jun 21 14:29 sparse_tests_3041621.err
-rw-r--r-- 1 nudt_liujie nudt_liujie 4.2K Jun 21 14:29 sparse_tests_3041621.log
-rw-r--r-- 1 nudt_liujie nudt_liujie 4.2K Jun 21 14:29 sparse_tests_3041621.out
-rw-r--r-- 1 nudt_liujie nudt_liujie    0 Jun 22 17:35 sparse_tests_3046009.err
-rw-r--r-- 1 nudt_liujie nudt_liujie 9.0K Jun 22 17:35 sparse_tests_3046009.log
-rw-r--r-- 1 nudt_liujie nudt_liujie 9.0K Jun 22 17:35 sparse_tests_3046009.out
-rw-r--r-- 1 nudt_liujie nudt_liujie    0 Jun 22 19:36 sparse_tests_3046276.err
-rw-r--r-- 1 nudt_liujie nudt_liujie 9.3K Jun 22 19:36 sparse_tests_3046276.log
-rw-r--r-- 1 nudt_liujie nudt_liujie 9.3K Jun 22 19:36 sparse_tests_3046276.out
-rw-r--r-- 1 nudt_liujie nudt_liujie    0 Jun 22 21:11 sparse_tests_3046550.err
-rw-r--r-- 1 nudt_liujie nudt_liujie  11K Jun 22 21:11 sparse_tests_3046550.log
-rw-r--r-- 1 nudt_liujie nudt_liujie  11K Jun 22 21:11 sparse_tests_3046550.out
-rw-r--r-- 1 nudt_liujie nudt_liujie  977 Jun 22 21:07 sparse_tests_manual.log

/fs1/home/nudt_liujie/ftt/IPT_C_GPU/results/sparse/ch4_k30_ipt_debug:
total 1.0K
-rw-r--r-- 1 nudt_liujie nudt_liujie 1.4K Jun 28 23:02 ch4_sto6g_fci_15876_ipt_summary.txt
-rw-r--r-- 1 nudt_liujie nudt_liujie  561 Jun 28 23:02 ch4_sto6g_fci_15876_ipt_trials.csv
finished at: Sun Jun 28 23:02:55 CST 2026
