===== CH4/STO-6G full FCI IPT sparse benchmark =====
Mon Jun 29 00:17:10 CST 2026
gn33
SLURM_JOB_ID=3071331
CUDA_VISIBLE_DEVICES=0
IPT_REPEATS=1
IPT_TOL=1e-12
IPT_MAXITER=1000
IPT_K=30
RUN_PRIMME=0
RUN_WARMUP=0
IPT_EST_NNZ_PER_COL=800
Currently Loaded Modulefiles:
 1) GCC/12.2.0   2) CUDA/12.2  
numpy 1.21.5 /fs1/software/hpcsystem/THL7/software/pyscf/2.0.1-py3.8/lib/python3.8/site-packages/numpy/__init__.py
scipy 1.7.3 /fs1/software/hpcsystem/THL7/software/pyscf/2.0.1-py3.8/lib/python3.8/site-packages/scipy/__init__.py
pyscf 2.0.1 /fs1/software/hpcsystem/THL7/software/pyscf/2.0.1-py3.8/lib/python3.8/site-packages/pyscf/__init__.py
nvcc: NVIDIA (R) Cuda compiler driver
Copyright (c) 2005-2023 NVIDIA Corporation
Built on Tue_Jun_13_19:16:58_PDT_2023
Cuda compilation tools, release 12.2, V12.2.91
Build cuda_12.2.r12.2/compiler.32965470_0
Mon Jun 29 00:17:12 2026       
+---------------------------------------------------------------------------------------+
| NVIDIA-SMI 535.104.12             Driver Version: 535.104.12   CUDA Version: 12.2     |
|-----------------------------------------+----------------------+----------------------+
| GPU  Name                 Persistence-M | Bus-Id        Disp.A | Volatile Uncorr. ECC |
| Fan  Temp   Perf          Pwr:Usage/Cap |         Memory-Usage | GPU-Util  Compute M. |
|                                         |                      |               MIG M. |
|=========================================+======================+======================|
|   0  NVIDIA A100 80GB PCIe          Off | 00000000:4B:00.0 Off |                    0 |
| N/A   41C    P0              65W / 300W |      4MiB / 81920MiB |     25%      Default |
|                                         |                      |             Disabled |
+-----------------------------------------+----------------------+----------------------+
                                                                                         
+---------------------------------------------------------------------------------------+
| Processes:                                                                            |
|  GPU   GI   CI        PID   Type   Process name                            GPU Memory |
|        ID   ID                                                             Usage      |
|=======================================================================================|
|  No running processes found                                                           |
+---------------------------------------------------------------------------------------+
===== build =====
+ nvcc -O3 -std=c++14 -lineinfo -arch=sm_80 -I/fs1/home/nudt_liujie/ftt/primme-3.2.3/include -I/fs1/software/python/3.8_miniconda_4.10.3/include/python3.8 /fs1/home/nudt_liujie/ftt/IPT_C_GPU/test/sparse/CH4/benchmark_ch4_sto6g_fci_15876_ipt.cu /fs1/home/nudt_liujie/ftt/primme-3.2.3/lib/libprimme.a -o /fs1/home/nudt_liujie/ftt/IPT_C_GPU/test/sparse/CH4/benchmark_ch4_sto6g_fci_15876_ipt_cuda -lcublas -lcusparse -lcusolver -lcudart -L/fs1/software/python/3.8_miniconda_4.10.3/lib -lpython3.8 -L/fs1/home/nudt_liujie/ftt/IPT_C_GPU/test/sparse/CH4 -lopenblas -lpthread -ldl -lutil -lrt -Xlinker -rpath -Xlinker /fs1/software/gcc/12.2.0/lib64 -Xlinker -rpath -Xlinker /fs1/software/python/3.8_miniconda_4.10.3/lib -Xlinker -rpath -Xlinker /fs1/software/cp2k/8.1-gcc8.4-openmpi/lib -lgfortran /fs1/software/gcc/12.2.0/lib64/libstdc++.so -lm
/fs1/home/nudt_liujie/ftt/IPT_C_GPU/test/sparse/CH4/benchmark_ch4_sto6g_fci_15876_ipt.cu(845): warning #177-D: function "primme_matvec" was declared but never referenced
  static void primme_matvec(void *x, int64_t *ldx, void *y, int64_t *ldy,
              ^

Remark: The warnings can be suppressed with "-diag-suppress <warning-number>"

+ set +x
===== run =====
Generating CH4/STO-6G full FCI integrals with PySCF...
PYSCF_SITE_PACKAGES=/fs1/software/hpcsystem/THL7/software/pyscf/2.0.1-py3.8/lib/python3.8/site-packages
Generated CI strings: na=126 nb=126 n=15876
Link counts per string: one=25 two=600
CSC generation progress 5000/15876 columns nnz=2803476 elapsed=0.44 sec
CSC generation progress 10000/15876 columns nnz=5607130 elapsed=0.87 sec
CSC generation progress 15000/15876 columns nnz=8410715 elapsed=1.31 sec
CSC generation progress 15876/15876 columns nnz=8901864 elapsed=1.39 sec
CH4/STO-6G full FCI CSC benchmark: n=15876 nnz=8901864 k=30 repeats=1 tol=1.000e-12 run_primme=0
Matrix/integral generation time 0.498174 sec is excluded from PRIMME/IPT timings.
[IPT preparation] union target=1 row=2 gap=4.9737991503207013e-14 gap_floor=3.9310092650336932e-11 coupling=0.04678311387125806 coupling_gap_ratio=1190104390.9357734 ratio_tol=0.20000000000000001 allowed_gap=0.23391556935629029
[IPT preparation] union target=1 row=3 gap=0.0027291175297676773 gap_floor=3.9310092650336932e-11 coupling=0.0019075723004081026 coupling_gap_ratio=0.69897037397670791 ratio_tol=0.20000000000000001 allowed_gap=0.0095378615020405132
[IPT preparation] union target=1 row=4 gap=0.0027291175297747827 gap_floor=3.9310092650336932e-11 coupling=0.027516276173777419 coupling_gap_ratio=10.082481195321833 ratio_tol=0.20000000000000001 allowed_gap=0.13758138086888708
[IPT preparation] union target=1 row=5 gap=0.004812219516928451 gap_floor=3.9310092650336932e-11 coupling=0.0022898677392699379 coupling_gap_ratio=0.47584440635233477 ratio_tol=0.20000000000000001 allowed_gap=0.01144933869634969
[IPT preparation] union target=1 row=6 gap=0.0048122195169497672 gap_floor=3.9310092650336932e-11 coupling=0.01892026699468205 coupling_gap_ratio=3.9317131997076249 ratio_tol=0.20000000000000001 allowed_gap=0.09460133497341025
[IPT preparation] union target=1 row=8 gap=0.0060273456940365122 gap_floor=3.9310092650336932e-11 coupling=0.0210505004643733 coupling_gap_ratio=3.4924992746310828 ratio_tol=0.20000000000000001 allowed_gap=0.10525250232186649
[IPT preparation] union target=1 row=9 gap=0.0067258588172123268 gap_floor=3.9310092650336932e-11 coupling=0.018194437697927918 coupling_gap_ratio=2.7051471332353931 ratio_tol=0.20000000000000001 allowed_gap=0.090972188489639588
[IPT preparation] union target=1 row=10 gap=0.0067258588172407485 gap_floor=3.9310092650336932e-11 coupling=0.0024871668029272809 coupling_gap_ratio=0.36979170549221091 ratio_tol=0.20000000000000001 allowed_gap=0.012435834014636405
[IPT preparation] union target=1 row=14 gap=0.0094549763469800041 gap_floor=3.9310092650336932e-11 coupling=0.0079434759198325593 coupling_gap_ratio=0.84013704829306846 ratio_tol=0.20000000000000001 allowed_gap=0.039717379599162793
[IPT preparation] union target=1 row=15 gap=0.010839565210943647 gap_floor=3.9310092650336932e-11 coupling=0.0044189649074157199 coupling_gap_ratio=0.40766994076056889 ratio_tol=0.20000000000000001 allowed_gap=0.022094824537078599
[IPT preparation] union target=1 row=20 gap=0.051851252493456457 gap_floor=3.9310092650336932e-11 coupling=0.029697181436423446 coupling_gap_ratio=0.57273797658351999 ratio_tol=0.20000000000000001 allowed_gap=0.14848590718211721
[IPT preparation] union target=1 row=24 gap=0.051851252493477773 gap_floor=3.9310092650336932e-11 coupling=0.025111741418451183 coupling_gap_ratio=0.48430346830310261 ratio_tol=0.20000000000000001 allowed_gap=0.12555870709225592
[IPT preparation] union target=2 row=1 gap=4.9737991503207013e-14 gap_floor=3.9310092650336932e-11 coupling=0.04678311387125806 coupling_gap_ratio=1190104390.9357734 ratio_tol=0.20000000000000001 allowed_gap=0.23391556935629029
[IPT preparation] union target=2 row=3 gap=0.0027291175297179393 gap_floor=3.931009265033688e-11 coupling=0.027516276173777401 coupling_gap_ratio=10.082481195531829 ratio_tol=0.20000000000000001 allowed_gap=0.13758138086888699
[IPT preparation] union target=2 row=4 gap=0.0027291175297250447 gap_floor=3.931009265033688e-11 coupling=0.0019075723004081026 coupling_gap_ratio=0.69897037398762674 ratio_tol=0.20000000000000001 allowed_gap=0.0095378615020405132
[IPT preparation] union target=2 row=5 gap=0.004812219516878713 gap_floor=3.931009265033688e-11 coupling=0.018920266994682036 coupling_gap_ratio=3.9317131997656753 ratio_tol=0.20000000000000001 allowed_gap=0.094601334973410181
[IPT preparation] union target=2 row=6 gap=0.0048122195169000292 gap_floor=3.931009265033688e-11 coupling=0.0022898677392699397 coupling_gap_ratio=0.47584440635514552 ratio_tol=0.20000000000000001 allowed_gap=0.011449338696349698
[IPT preparation] union target=2 row=7 gap=0.0060273456939796688 gap_floor=3.931009265033688e-11 coupling=0.02105050046437331 coupling_gap_ratio=3.4924992746640222 ratio_tol=0.20000000000000001 allowed_gap=0.10525250232186655
[IPT preparation] union target=2 row=9 gap=0.0067258588171625888 gap_floor=3.931009265033688e-11 coupling=0.0024871668029272809 coupling_gap_ratio=0.36979170549650819 ratio_tol=0.20000000000000001 allowed_gap=0.012435834014636405
[IPT preparation] union target=2 row=10 gap=0.0067258588171910105 gap_floor=3.931009265033688e-11 coupling=0.018194437697927942 coupling_gap_ratio=2.7051471332439703 ratio_tol=0.20000000000000001 allowed_gap=0.090972188489639699
[IPT preparation] union target=2 row=13 gap=0.0094549763469089498 gap_floor=3.931009265033688e-11 coupling=0.0079434759198325888 coupling_gap_ratio=0.84013704829938518 ratio_tol=0.20000000000000001 allowed_gap=0.039717379599162939
[IPT preparation] union target=2 row=16 gap=0.010839565210922331 gap_floor=3.931009265033688e-11 coupling=0.0044189649074157346 coupling_gap_ratio=0.40766994076137192 ratio_tol=0.20000000000000001 allowed_gap=0.022094824537078672
[IPT preparation] union target=2 row=20 gap=0.051851252493406719 gap_floor=3.931009265033688e-11 coupling=0.025111741418451176 coupling_gap_ratio=0.48430346830376614 ratio_tol=0.20000000000000001 allowed_gap=0.12555870709225586
[IPT preparation] union target=2 row=24 gap=0.051851252493428035 gap_floor=3.931009265033688e-11 coupling=0.029697181436423584 coupling_gap_ratio=0.57273797658383663 ratio_tol=0.20000000000000001 allowed_gap=0.1484859071821179
[IPT preparation] union target=3 row=1 gap=0.0027291175297676773 gap_floor=3.9310092650336932e-11 coupling=0.0019075723004081026 coupling_gap_ratio=0.69897037397670791 ratio_tol=0.20000000000000001 allowed_gap=0.0095378615020405132
[IPT preparation] union target=3 row=2 gap=0.0027291175297179393 gap_floor=3.931009265033688e-11 coupling=0.027516276173777401 coupling_gap_ratio=10.082481195531829 ratio_tol=0.20000000000000001 allowed_gap=0.13758138086888699
[IPT preparation] union target=3 row=4 gap=7.1054273576010019e-15 gap_floor=3.9307363532807164e-11 coupling=0.04835866040514554 coupling_gap_ratio=1230269752.5053768 ratio_tol=0.20000000000000001 allowed_gap=0.24179330202572769
[IPT preparation] union target=3 row=5 gap=0.0020831019871607737 gap_floor=3.9307363532807164e-11 coupling=0.0019909318052574038 coupling_gap_ratio=0.95575339927115333 ratio_tol=0.20000000000000001 allowed_gap=0.0099546590262870188
[IPT preparation] union target=3 row=6 gap=0.0020831019871820899 gap_floor=3.9307363532807164e-11 coupling=0.018188636796455222 coupling_gap_ratio=8.7315152634748561 ratio_tol=0.20000000000000001 allowed_gap=0.090943183982276105
[IPT preparation] union target=3 row=7 gap=0.0032982281642617295 gap_floor=3.9307363532807164e-11 coupling=0.0022512574748055712 coupling_gap_ratio=0.68256571792069742 ratio_tol=0.20000000000000001 allowed_gap=0.011256287374027856
[IPT preparation] union target=3 row=8 gap=0.0032982281642688349 gap_floor=3.9307363532807164e-11 coupling=0.024995945495763915 coupling_gap_ratio=7.5785980383516378 ratio_tol=0.20000000000000001 allowed_gap=0.12497972747881957
[IPT preparation] union target=3 row=9 gap=0.0039967412874446495 gap_floor=3.9307363532807164e-11 coupling=0.0042818822730403558 coupling_gap_ratio=1.0713433682814164 ratio_tol=0.20000000000000001 allowed_gap=0.021409411365201778
[IPT preparation] union target=3 row=10 gap=0.0039967412874730712 gap_floor=3.9307363532807164e-11 coupling=0.0044661420770340981 coupling_gap_ratio=1.117445877978708 ratio_tol=0.20000000000000001 allowed_gap=0.022330710385170489
[IPT preparation] union target=3 row=11 gap=0.0048122195169426618 gap_floor=3.9307363532807164e-11 coupling=0.0058274784797095313 coupling_gap_ratio=1.2109751974514853 ratio_tol=0.20000000000000001 allowed_gap=0.029137392398547655
[IPT preparation] union target=3 row=12 gap=0.0048122195169426618 gap_floor=3.9307363532807164e-11 coupling=0.0049190180762161365 coupling_gap_ratio=1.0221932018889544 ratio_tol=0.20000000000000001 allowed_gap=0.024595090381080681
[IPT preparation] union target=3 row=13 gap=0.0067258588171910105 gap_floor=3.9307363532807164e-11 coupling=0.0046856398885261547 coupling_gap_ratio=0.69666045866884052 ratio_tol=0.20000000000000001 allowed_gap=0.023428199442630773
[IPT preparation] union target=3 row=14 gap=0.0067258588172123268 gap_floor=3.9307363532807164e-11 coupling=0.0028537420682072153 coupling_gap_ratio=0.42429407838655891 ratio_tol=0.20000000000000001 allowed_gap=0.014268710341036077
[IPT preparation] union target=3 row=15 gap=0.0081104476811759696 gap_floor=3.9307363532807164e-11 coupling=0.0083880483561039401 coupling_gap_ratio=1.0342275403085666 ratio_tol=0.20000000000000001 allowed_gap=0.041940241780519701
[IPT preparation] union target=3 row=16 gap=0.0081104476812043913 gap_floor=3.9307363532807164e-11 coupling=0.0055746553202135982 coupling_gap_ratio=0.68734249197274511 ratio_tol=0.20000000000000001 allowed_gap=0.027873276601067989
[IPT preparation] union target=3 row=17 gap=0.010024086981474056 gap_floor=3.9307363532807164e-11 coupling=0.031306889660472036 coupling_gap_ratio=3.1231662014038424 ratio_tol=0.20000000000000001 allowed_gap=0.15653444830236016
[IPT preparation] union target=3 row=18 gap=0.010024086981481162 gap_floor=3.9307363532807164e-11 coupling=0.0034075568232828993 coupling_gap_ratio=0.33993687700217839 ratio_tol=0.20000000000000001 allowed_gap=0.017037784116414496
[IPT preparation] union target=3 row=20 gap=0.049122134963688779 gap_floor=3.9307363532807164e-11 coupling=0.016135857766807576 coupling_gap_ratio=0.32848445570892321 ratio_tol=0.20000000000000001 allowed_gap=0.080679288834037868
[IPT preparation] union target=3 row=21 gap=0.04912213496370299 gap_floor=3.9307363532807164e-11 coupling=0.018086469740860943 coupling_gap_ratio=0.36819388559201022 ratio_tol=0.20000000000000001 allowed_gap=0.090432348704304708
[IPT preparation] union target=3 row=23 gap=0.04912213496370299 gap_floor=3.9307363532807164e-11 coupling=0.021389085069347787 coupling_gap_ratio=0.43542661745366873 ratio_tol=0.20000000000000001 allowed_gap=0.10694542534673893
[IPT preparation] union target=3 row=24 gap=0.049122134963710096 gap_floor=3.9307363532807164e-11 coupling=0.013644375264111133 coupling_gap_ratio=0.27776429656795604 ratio_tol=0.20000000000000001 allowed_gap=0.068221876320555652
[IPT preparation] union target=4 row=1 gap=0.0027291175297747827 gap_floor=3.9310092650336932e-11 coupling=0.027516276173777419 coupling_gap_ratio=10.082481195321833 ratio_tol=0.20000000000000001 allowed_gap=0.13758138086888708
[IPT preparation] union target=4 row=2 gap=0.0027291175297250447 gap_floor=3.931009265033688e-11 coupling=0.0019075723004081026 coupling_gap_ratio=0.69897037398762674 ratio_tol=0.20000000000000001 allowed_gap=0.0095378615020405132
[IPT preparation] union target=4 row=3 gap=7.1054273576010019e-15 gap_floor=3.9307363532807164e-11 coupling=0.04835866040514554 coupling_gap_ratio=1230269752.5053768 ratio_tol=0.20000000000000001 allowed_gap=0.24179330202572769
[IPT preparation] union target=4 row=5 gap=0.0020831019871536682 gap_floor=3.9307363532807157e-11 coupling=0.018188636796455247 coupling_gap_ratio=8.7315152635939999 ratio_tol=0.20000000000000001 allowed_gap=0.090943183982276229
[IPT preparation] union target=4 row=6 gap=0.0020831019871749845 gap_floor=3.9307363532807157e-11 coupling=0.0019909318052575911 coupling_gap_ratio=0.95575339926472314 ratio_tol=0.20000000000000001 allowed_gap=0.0099546590262879556
[IPT preparation] union target=4 row=7 gap=0.0032982281642546241 gap_floor=3.9307363532807157e-11 coupling=0.024995945495763953 coupling_gap_ratio=7.5785980383843023 ratio_tol=0.20000000000000001 allowed_gap=0.12497972747881976
[IPT preparation] union target=4 row=8 gap=0.0032982281642617295 gap_floor=3.9307363532807157e-11 coupling=0.0022512574748055712 coupling_gap_ratio=0.68256571792069742 ratio_tol=0.20000000000000001 allowed_gap=0.011256287374027856
[IPT preparation] union target=4 row=9 gap=0.0039967412874375441 gap_floor=3.9307363532807157e-11 coupling=0.0044661420770341007 coupling_gap_ratio=1.1174458779886418 ratio_tol=0.20000000000000001 allowed_gap=0.022330710385170503
[IPT preparation] union target=4 row=10 gap=0.0039967412874659658 gap_floor=3.9307363532807157e-11 coupling=0.0042818822730403541 coupling_gap_ratio=1.0713433682757021 ratio_tol=0.20000000000000001 allowed_gap=0.021409411365201768
[IPT preparation] union target=4 row=11 gap=0.0048122195169355564 gap_floor=3.9307363532807157e-11 coupling=0.0049190180762161365 coupling_gap_ratio=1.0221932018904636 ratio_tol=0.20000000000000001 allowed_gap=0.024595090381080681
[IPT preparation] union target=4 row=12 gap=0.0048122195169355564 gap_floor=3.9307363532807157e-11 coupling=0.00582747847970954 coupling_gap_ratio=1.2109751974532752 ratio_tol=0.20000000000000001 allowed_gap=0.0291373923985477
[IPT preparation] union target=4 row=13 gap=0.0067258588171839051 gap_floor=3.9307363532807157e-11 coupling=0.0028537420682072426 coupling_gap_ratio=0.42429407838835592 ratio_tol=0.20000000000000001 allowed_gap=0.014268710341036212
[IPT preparation] union target=4 row=14 gap=0.0067258588172052214 gap_floor=3.9307363532807157e-11 coupling=0.0046856398885261547 coupling_gap_ratio=0.69666045866736859 ratio_tol=0.20000000000000001 allowed_gap=0.023428199442630773
[IPT preparation] union target=4 row=15 gap=0.0081104476811688642 gap_floor=3.9307363532807157e-11 coupling=0.0055746553202135679 coupling_gap_ratio=0.68734249197575215 ratio_tol=0.20000000000000001 allowed_gap=0.027873276601067837
[IPT preparation] union target=4 row=16 gap=0.0081104476811972859 gap_floor=3.9307363532807157e-11 coupling=0.0083880483561039332 coupling_gap_ratio=1.0342275403058474 ratio_tol=0.20000000000000001 allowed_gap=0.041940241780519666
[IPT preparation] union target=4 row=17 gap=0.010024086981466951 gap_floor=3.9307363532807157e-11 coupling=0.0034075568232829778 coupling_gap_ratio=0.33993687700266811 ratio_tol=0.20000000000000001 allowed_gap=0.017037784116414888
[IPT preparation] union target=4 row=18 gap=0.010024086981474056 gap_floor=3.9307363532807157e-11 coupling=0.031306889660472015 coupling_gap_ratio=3.1231662014038402 ratio_tol=0.20000000000000001 allowed_gap=0.15653444830236007
[IPT preparation] union target=4 row=20 gap=0.049122134963681674 gap_floor=3.9307363532807157e-11 coupling=0.013644375264111113 coupling_gap_ratio=0.27776429656811635 ratio_tol=0.20000000000000001 allowed_gap=0.068221876320555569
[IPT preparation] union target=4 row=21 gap=0.049122134963695885 gap_floor=3.9307363532807157e-11 coupling=0.021389085069347662 coupling_gap_ratio=0.43542661745372918 ratio_tol=0.20000000000000001 allowed_gap=0.1069454253467383
[IPT preparation] target_vs_all_candidates=1180 unions=472 max_coupling_gap_ratio=2022693607.5329752 at target=17 row=18 gap=7.1054273576010019e-15 coupling=0.079486477290125063
[IPT preparation] union log truncated after 64 pairs
IPT block-cluster: clusters=2 basis_cols=33 k=30 basis_target_k=33 oversample=3 maxiter=1000 tol=1.000e-12 damping=1.000e+00
IPT block-cluster: block[0]=0:0 size=1
IPT block-cluster: block[1]=1:32 size=32
repeat 1 IPT_GPU_BLOCK k=30 solve=5.534637e+00 preparation=3.973004e+00 setup=2.186574e+00 iteration=5.510114e+00 rr=2.452281e-02 api_total=1.170736e+01 fp_residual=4.076e+00 max_abs_residual=2.377e-01 first_eigenvalue=-40.1907762526006 status=0
wrote /fs1/home/nudt_liujie/ftt/IPT_C_GPU/results/sparse/ch4_k30_oversample3_iter1000_qr_abs/ch4_sto6g_fci_15876_ipt_trials.csv
wrote /fs1/home/nudt_liujie/ftt/IPT_C_GPU/results/sparse/ch4_k30_oversample3_iter1000_qr_abs/ch4_sto6g_fci_15876_ipt_summary.txt
===== output files =====
/fs1/home/nudt_liujie/ftt/IPT_C_GPU/logs/sparse:
total 5.0M
-rw-r--r-- 1 nudt_liujie nudt_liujie    0 Jun 23 14:54 ch4_sto6g_fci_15876_ipt_3049212.err
-rw-r--r-- 1 nudt_liujie nudt_liujie 7.3K Jun 23 14:54 ch4_sto6g_fci_15876_ipt_3049212.log
-rw-r--r-- 1 nudt_liujie nudt_liujie 7.3K Jun 23 14:54 ch4_sto6g_fci_15876_ipt_3049212.out
-rw-r--r-- 1 nudt_liujie nudt_liujie    0 Jun 23 14:57 ch4_sto6g_fci_15876_ipt_3049229.err
-rw-r--r-- 1 nudt_liujie nudt_liujie  12K Jun 23 14:57 ch4_sto6g_fci_15876_ipt_3049229.log
-rw-r--r-- 1 nudt_liujie nudt_liujie  12K Jun 23 14:57 ch4_sto6g_fci_15876_ipt_3049229.out
-rw-r--r-- 1 nudt_liujie nudt_liujie    0 Jun 23 14:58 ch4_sto6g_fci_15876_ipt_3049237.err
-rw-r--r-- 1 nudt_liujie nudt_liujie  20K Jun 23 14:59 ch4_sto6g_fci_15876_ipt_3049237.log
-rw-r--r-- 1 nudt_liujie nudt_liujie  20K Jun 23 14:59 ch4_sto6g_fci_15876_ipt_3049237.out
-rw-r--r-- 1 nudt_liujie nudt_liujie    0 Jun 28 19:57 ch4_sto6g_fci_15876_ipt_3070461.err
-rw-r--r-- 1 nudt_liujie nudt_liujie  27K Jun 28 19:57 ch4_sto6g_fci_15876_ipt_3070461.log
-rw-r--r-- 1 nudt_liujie nudt_liujie  27K Jun 28 19:57 ch4_sto6g_fci_15876_ipt_3070461.out
-rw-r--r-- 1 nudt_liujie nudt_liujie    0 Jun 28 20:00 ch4_sto6g_fci_15876_ipt_3070476.err
-rw-r--r-- 1 nudt_liujie nudt_liujie  28K Jun 28 20:01 ch4_sto6g_fci_15876_ipt_3070476.log
-rw-r--r-- 1 nudt_liujie nudt_liujie  28K Jun 28 20:01 ch4_sto6g_fci_15876_ipt_3070476.out
-rw-r--r-- 1 nudt_liujie nudt_liujie    0 Jun 28 20:13 ch4_sto6g_fci_15876_ipt_3070522.err
-rw-r--r-- 1 nudt_liujie nudt_liujie  28K Jun 28 20:14 ch4_sto6g_fci_15876_ipt_3070522.log
-rw-r--r-- 1 nudt_liujie nudt_liujie  28K Jun 28 20:14 ch4_sto6g_fci_15876_ipt_3070522.out
-rw-r--r-- 1 nudt_liujie nudt_liujie    0 Jun 28 20:13 ch4_sto6g_fci_15876_ipt_3070525.err
-rw-r--r-- 1 nudt_liujie nudt_liujie  30K Jun 28 20:14 ch4_sto6g_fci_15876_ipt_3070525.log
-rw-r--r-- 1 nudt_liujie nudt_liujie  30K Jun 28 20:14 ch4_sto6g_fci_15876_ipt_3070525.out
-rw-r--r-- 1 nudt_liujie nudt_liujie    0 Jun 28 20:39 ch4_sto6g_fci_15876_ipt_3070595.err
-rw-r--r-- 1 nudt_liujie nudt_liujie 104K Jun 28 20:40 ch4_sto6g_fci_15876_ipt_3070595.log
-rw-r--r-- 1 nudt_liujie nudt_liujie 104K Jun 28 20:40 ch4_sto6g_fci_15876_ipt_3070595.out
-rw-rw-r-- 1 nudt_liujie nudt_liujie    0 Jun 28 20:54 ch4_sto6g_fci_15876_ipt_3070722.err
-rw-rw-r-- 1 nudt_liujie nudt_liujie  30K Jun 28 20:54 ch4_sto6g_fci_15876_ipt_3070722.log
-rw-rw-r-- 1 nudt_liujie nudt_liujie  30K Jun 28 20:54 ch4_sto6g_fci_15876_ipt_3070722.out
-rw-rw-r-- 1 nudt_liujie nudt_liujie    0 Jun 28 20:57 ch4_sto6g_fci_15876_ipt_3070731.err
-rw-rw-r-- 1 nudt_liujie nudt_liujie  31K Jun 28 20:58 ch4_sto6g_fci_15876_ipt_3070731.log
-rw-rw-r-- 1 nudt_liujie nudt_liujie  31K Jun 28 20:58 ch4_sto6g_fci_15876_ipt_3070731.out
-rw-rw-r-- 1 nudt_liujie nudt_liujie    0 Jun 28 21:11 ch4_sto6g_fci_15876_ipt_3070753.err
-rw-rw-r-- 1 nudt_liujie nudt_liujie  31K Jun 28 21:11 ch4_sto6g_fci_15876_ipt_3070753.log
-rw-rw-r-- 1 nudt_liujie nudt_liujie  31K Jun 28 21:11 ch4_sto6g_fci_15876_ipt_3070753.out
-rw-rw-r-- 1 nudt_liujie nudt_liujie    0 Jun 28 21:11 ch4_sto6g_fci_15876_ipt_3070754.err
-rw-rw-r-- 1 nudt_liujie nudt_liujie  31K Jun 28 21:12 ch4_sto6g_fci_15876_ipt_3070754.log
-rw-rw-r-- 1 nudt_liujie nudt_liujie  31K Jun 28 21:12 ch4_sto6g_fci_15876_ipt_3070754.out
-rw-rw-r-- 1 nudt_liujie nudt_liujie    0 Jun 28 21:18 ch4_sto6g_fci_15876_ipt_3070766.err
-rw-rw-r-- 1 nudt_liujie nudt_liujie  31K Jun 28 21:20 ch4_sto6g_fci_15876_ipt_3070766.log
-rw-rw-r-- 1 nudt_liujie nudt_liujie  31K Jun 28 21:20 ch4_sto6g_fci_15876_ipt_3070766.out
-rw-rw-r-- 1 nudt_liujie nudt_liujie    0 Jun 28 21:21 ch4_sto6g_fci_15876_ipt_3070772.err
-rw-rw-r-- 1 nudt_liujie nudt_liujie  31K Jun 28 21:22 ch4_sto6g_fci_15876_ipt_3070772.log
-rw-rw-r-- 1 nudt_liujie nudt_liujie  31K Jun 28 21:22 ch4_sto6g_fci_15876_ipt_3070772.out
-rw-r--r-- 1 nudt_liujie nudt_liujie    0 Jun 28 22:25 ch4_sto6g_fci_15876_ipt_3070890.err
-rw-r--r-- 1 nudt_liujie nudt_liujie  45K Jun 28 22:26 ch4_sto6g_fci_15876_ipt_3070890.log
-rw-r--r-- 1 nudt_liujie nudt_liujie  45K Jun 28 22:26 ch4_sto6g_fci_15876_ipt_3070890.out
-rw-r--r-- 1 nudt_liujie nudt_liujie    0 Jun 28 22:27 ch4_sto6g_fci_15876_ipt_3070896.err
-rw-r--r-- 1 nudt_liujie nudt_liujie  45K Jun 28 22:27 ch4_sto6g_fci_15876_ipt_3070896.log
-rw-r--r-- 1 nudt_liujie nudt_liujie  45K Jun 28 22:27 ch4_sto6g_fci_15876_ipt_3070896.out
-rw-rw-r-- 1 nudt_liujie nudt_liujie    0 Jun 28 22:32 ch4_sto6g_fci_15876_ipt_3070911.err
-rw-rw-r-- 1 nudt_liujie nudt_liujie  32K Jun 28 22:34 ch4_sto6g_fci_15876_ipt_3070911.log
-rw-rw-r-- 1 nudt_liujie nudt_liujie  32K Jun 28 22:34 ch4_sto6g_fci_15876_ipt_3070911.out
-rw-r--r-- 1 nudt_liujie nudt_liujie    0 Jun 28 23:02 ch4_sto6g_fci_15876_ipt_3071015.err
-rw-r--r-- 1 nudt_liujie nudt_liujie  46K Jun 28 23:02 ch4_sto6g_fci_15876_ipt_3071015.log
-rw-r--r-- 1 nudt_liujie nudt_liujie  46K Jun 28 23:02 ch4_sto6g_fci_15876_ipt_3071015.out
-rw-rw-r-- 1 nudt_liujie nudt_liujie    0 Jun 28 23:15 ch4_sto6g_fci_15876_ipt_3071109.err
-rw-rw-r-- 1 nudt_liujie nudt_liujie  46K Jun 28 23:15 ch4_sto6g_fci_15876_ipt_3071109.log
-rw-rw-r-- 1 nudt_liujie nudt_liujie  46K Jun 28 23:15 ch4_sto6g_fci_15876_ipt_3071109.out
-rw-rw-r-- 1 nudt_liujie nudt_liujie    0 Jun 28 23:17 ch4_sto6g_fci_15876_ipt_3071116.err
-rw-rw-r-- 1 nudt_liujie nudt_liujie  46K Jun 28 23:18 ch4_sto6g_fci_15876_ipt_3071116.log
-rw-rw-r-- 1 nudt_liujie nudt_liujie  46K Jun 28 23:18 ch4_sto6g_fci_15876_ipt_3071116.out
-rw-rw-r-- 1 nudt_liujie nudt_liujie    0 Jun 28 23:19 ch4_sto6g_fci_15876_ipt_3071125.err
-rw-rw-r-- 1 nudt_liujie nudt_liujie  47K Jun 28 23:20 ch4_sto6g_fci_15876_ipt_3071125.log
-rw-rw-r-- 1 nudt_liujie nudt_liujie  47K Jun 28 23:20 ch4_sto6g_fci_15876_ipt_3071125.out
-rw-rw-r-- 1 nudt_liujie nudt_liujie    0 Jun 28 23:28 ch4_sto6g_fci_15876_ipt_3071153.err
-rw-rw-r-- 1 nudt_liujie nudt_liujie  47K Jun 28 23:28 ch4_sto6g_fci_15876_ipt_3071153.log
-rw-rw-r-- 1 nudt_liujie nudt_liujie  47K Jun 28 23:28 ch4_sto6g_fci_15876_ipt_3071153.out
-rw-r--r-- 1 nudt_liujie nudt_liujie    0 Jun 28 23:59 ch4_sto6g_fci_15876_ipt_3071204.err
-rw-r--r-- 1 nudt_liujie nudt_liujie  47K Jun 28 23:59 ch4_sto6g_fci_15876_ipt_3071204.log
-rw-r--r-- 1 nudt_liujie nudt_liujie  47K Jun 28 23:59 ch4_sto6g_fci_15876_ipt_3071204.out
-rw-rw-r-- 1 nudt_liujie nudt_liujie    0 Jun 29 00:03 ch4_sto6g_fci_15876_ipt_3071279.err
-rw-rw-r-- 1 nudt_liujie nudt_liujie  47K Jun 29 00:03 ch4_sto6g_fci_15876_ipt_3071279.log
-rw-rw-r-- 1 nudt_liujie nudt_liujie  47K Jun 29 00:03 ch4_sto6g_fci_15876_ipt_3071279.out
-rw-r--r-- 1 nudt_liujie nudt_liujie    0 Jun 29 00:10 ch4_sto6g_fci_15876_ipt_3071303.err
-rw-r--r-- 1 nudt_liujie nudt_liujie  47K Jun 29 00:11 ch4_sto6g_fci_15876_ipt_3071303.log
-rw-r--r-- 1 nudt_liujie nudt_liujie  47K Jun 29 00:11 ch4_sto6g_fci_15876_ipt_3071303.out
-rw-r--r-- 1 nudt_liujie nudt_liujie    0 Jun 29 00:11 ch4_sto6g_fci_15876_ipt_3071307.err
-rw-r--r-- 1 nudt_liujie nudt_liujie  48K Jun 29 00:11 ch4_sto6g_fci_15876_ipt_3071307.log
-rw-r--r-- 1 nudt_liujie nudt_liujie  48K Jun 29 00:11 ch4_sto6g_fci_15876_ipt_3071307.out
-rw-r--r-- 1 nudt_liujie nudt_liujie    0 Jun 29 00:12 ch4_sto6g_fci_15876_ipt_3071308.err
-rw-r--r-- 1 nudt_liujie nudt_liujie  48K Jun 29 00:13 ch4_sto6g_fci_15876_ipt_3071308.log
-rw-r--r-- 1 nudt_liujie nudt_liujie  48K Jun 29 00:13 ch4_sto6g_fci_15876_ipt_3071308.out
-rw-r--r-- 1 nudt_liujie nudt_liujie    0 Jun 29 00:13 ch4_sto6g_fci_15876_ipt_3071316.err
-rw-r--r-- 1 nudt_liujie nudt_liujie  48K Jun 29 00:14 ch4_sto6g_fci_15876_ipt_3071316.log
-rw-r--r-- 1 nudt_liujie nudt_liujie  48K Jun 29 00:14 ch4_sto6g_fci_15876_ipt_3071316.out
-rw-r--r-- 1 nudt_liujie nudt_liujie    0 Jun 29 00:15 ch4_sto6g_fci_15876_ipt_3071320.err
-rw-r--r-- 1 nudt_liujie nudt_liujie  49K Jun 29 00:15 ch4_sto6g_fci_15876_ipt_3071320.log
-rw-r--r-- 1 nudt_liujie nudt_liujie  49K Jun 29 00:15 ch4_sto6g_fci_15876_ipt_3071320.out
-rw-r--r-- 1 nudt_liujie nudt_liujie    0 Jun 29 00:16 ch4_sto6g_fci_15876_ipt_3071322.err
-rw-r--r-- 1 nudt_liujie nudt_liujie  49K Jun 29 00:16 ch4_sto6g_fci_15876_ipt_3071322.log
-rw-r--r-- 1 nudt_liujie nudt_liujie  49K Jun 29 00:16 ch4_sto6g_fci_15876_ipt_3071322.out
-rw-r--r-- 1 nudt_liujie nudt_liujie    0 Jun 29 00:17 ch4_sto6g_fci_15876_ipt_3071331.err
-rw-r--r-- 1 nudt_liujie nudt_liujie  20K Jun 29 00:17 ch4_sto6g_fci_15876_ipt_3071331.log
-rw-r--r-- 1 nudt_liujie nudt_liujie  20K Jun 29 00:17 ch4_sto6g_fci_15876_ipt_3071331.out
-rw-r--r-- 1 nudt_liujie nudt_liujie    0 Jun 23 14:54 co_sto6g_fci_14400_ipt_3049214.err
-rw-r--r-- 1 nudt_liujie nudt_liujie 7.3K Jun 23 14:54 co_sto6g_fci_14400_ipt_3049214.log
-rw-r--r-- 1 nudt_liujie nudt_liujie 7.3K Jun 23 14:54 co_sto6g_fci_14400_ipt_3049214.out
-rw-r--r-- 1 nudt_liujie nudt_liujie    0 Jun 23 14:57 co_sto6g_fci_14400_ipt_3049231.err
-rw-r--r-- 1 nudt_liujie nudt_liujie 3.8K Jun 23 14:57 co_sto6g_fci_14400_ipt_3049231.log
-rw-r--r-- 1 nudt_liujie nudt_liujie 4.0K Jun 23 14:57 co_sto6g_fci_14400_ipt_3049231.out
-rw-r--r-- 1 nudt_liujie nudt_liujie    0 Jun 23 14:58 co_sto6g_fci_14400_ipt_3049239.err
-rw-r--r-- 1 nudt_liujie nudt_liujie  20K Jun 23 14:59 co_sto6g_fci_14400_ipt_3049239.log
-rw-r--r-- 1 nudt_liujie nudt_liujie  20K Jun 23 14:59 co_sto6g_fci_14400_ipt_3049239.out
-rw-r--r-- 1 nudt_liujie nudt_liujie    0 Jun 28 19:57 co_sto6g_fci_14400_ipt_3070463.err
-rw-r--r-- 1 nudt_liujie nudt_liujie  27K Jun 28 19:57 co_sto6g_fci_14400_ipt_3070463.log
-rw-r--r-- 1 nudt_liujie nudt_liujie  27K Jun 28 19:57 co_sto6g_fci_14400_ipt_3070463.out
-rw-r--r-- 1 nudt_liujie nudt_liujie    0 Jun 28 20:13 co_sto6g_fci_14400_ipt_3070524.err
-rw-r--r-- 1 nudt_liujie nudt_liujie  28K Jun 28 20:13 co_sto6g_fci_14400_ipt_3070524.log
-rw-r--r-- 1 nudt_liujie nudt_liujie  28K Jun 28 20:13 co_sto6g_fci_14400_ipt_3070524.out
drwxr-xr-x 2 nudt_liujie nudt_liujie 4.0K Jun 24 15:32 debug
-rw-r--r-- 1 nudt_liujie nudt_liujie    0 Jun 22 12:45 h20_fci_primme_vs_ipt_3044994.err
-rw-r--r-- 1 nudt_liujie nudt_liujie 7.8K Jun 22 12:45 h20_fci_primme_vs_ipt_3044994.log
-rw-r--r-- 1 nudt_liujie nudt_liujie 7.8K Jun 22 12:45 h20_fci_primme_vs_ipt_3044994.out
-rw-r--r-- 1 nudt_liujie nudt_liujie    0 Jun 23 13:14 h2o_631g_cas10e10o_fci_63504_primme_vs_ipt_3048878.err
-rw-r--r-- 1 nudt_liujie nudt_liujie  16K Jun 23 13:15 h2o_631g_cas10e10o_fci_63504_primme_vs_ipt_3048878.log
-rw-r--r-- 1 nudt_liujie nudt_liujie  16K Jun 23 13:15 h2o_631g_cas10e10o_fci_63504_primme_vs_ipt_3048878.out
-rw-r--r-- 1 nudt_liujie nudt_liujie    0 Jun 23 13:16 h2o_631g_cas10e10o_fci_63504_primme_vs_ipt_3048880.err
-rw-r--r-- 1 nudt_liujie nudt_liujie  16K Jun 23 13:16 h2o_631g_cas10e10o_fci_63504_primme_vs_ipt_3048880.log
-rw-r--r-- 1 nudt_liujie nudt_liujie  16K Jun 23 13:16 h2o_631g_cas10e10o_fci_63504_primme_vs_ipt_3048880.out
-rw-r--r-- 1 nudt_liujie nudt_liujie    0 Jun 22 23:11 h2o_631g_fc_fci_245025_primme_vs_ipt_3046899.err
-rw-r--r-- 1 nudt_liujie nudt_liujie  17K Jun 22 23:13 h2o_631g_fc_fci_245025_primme_vs_ipt_3046899.log
-rw-r--r-- 1 nudt_liujie nudt_liujie  17K Jun 22 23:13 h2o_631g_fc_fci_245025_primme_vs_ipt_3046899.out
-rw-r--r-- 1 nudt_liujie nudt_liujie    0 Jun 22 23:17 h2o_631g_fc_fci_245025_primme_vs_ipt_3046908.err
-rw-r--r-- 1 nudt_liujie nudt_liujie  18K Jun 22 23:18 h2o_631g_fc_fci_245025_primme_vs_ipt_3046908.log
-rw-r--r-- 1 nudt_liujie nudt_liujie  18K Jun 22 23:18 h2o_631g_fc_fci_245025_primme_vs_ipt_3046908.out
-rw-r--r-- 1 nudt_liujie nudt_liujie    0 Jun 22 23:21 h2o_631g_fc_fci_245025_primme_vs_ipt_3046918.err
-rw-r--r-- 1 nudt_liujie nudt_liujie  18K Jun 22 23:22 h2o_631g_fc_fci_245025_primme_vs_ipt_3046918.log
-rw-r--r-- 1 nudt_liujie nudt_liujie  18K Jun 22 23:22 h2o_631g_fc_fci_245025_primme_vs_ipt_3046918.out
-rw-r--r-- 1 nudt_liujie nudt_liujie    0 Jun 22 23:21 h2o_631g_fc_fci_245025_primme_vs_ipt_3046919.err
-rw-r--r-- 1 nudt_liujie nudt_liujie  18K Jun 22 23:22 h2o_631g_fc_fci_245025_primme_vs_ipt_3046919.log
-rw-r--r-- 1 nudt_liujie nudt_liujie  18K Jun 22 23:22 h2o_631g_fc_fci_245025_primme_vs_ipt_3046919.out
-rw-r--r-- 1 nudt_liujie nudt_liujie 6.7K Jun 22 23:10 h2o_631g_fc_fci_245025_primme_vs_ipt_manual.log
-rw-r--r-- 1 nudt_liujie nudt_liujie    0 Jun 22 14:57 h2o_fci_pyscf_441_primme_vs_ipt_3045534.err
-rw-r--r-- 1 nudt_liujie nudt_liujie 4.0K Jun 22 14:57 h2o_fci_pyscf_441_primme_vs_ipt_3045534.log
-rw-r--r-- 1 nudt_liujie nudt_liujie 4.0K Jun 22 14:57 h2o_fci_pyscf_441_primme_vs_ipt_3045534.out
-rw-r--r-- 1 nudt_liujie nudt_liujie    0 Jun 22 14:58 h2o_fci_pyscf_441_primme_vs_ipt_3045539.err
-rw-r--r-- 1 nudt_liujie nudt_liujie 9.7K Jun 22 14:58 h2o_fci_pyscf_441_primme_vs_ipt_3045539.log
-rw-r--r-- 1 nudt_liujie nudt_liujie 9.7K Jun 22 14:58 h2o_fci_pyscf_441_primme_vs_ipt_3045539.out
-rw-r--r-- 1 nudt_liujie nudt_liujie    0 Jun 22 17:32 h2o_fci_pyscf_441_primme_vs_ipt_3046000.err
-rw-r--r-- 1 nudt_liujie nudt_liujie  12K Jun 22 17:32 h2o_fci_pyscf_441_primme_vs_ipt_3046000.log
-rw-r--r-- 1 nudt_liujie nudt_liujie  12K Jun 22 17:32 h2o_fci_pyscf_441_primme_vs_ipt_3046000.out
-rw-r--r-- 1 nudt_liujie nudt_liujie    0 Jun 22 17:34 h2o_fci_pyscf_441_primme_vs_ipt_3046008.err
-rw-r--r-- 1 nudt_liujie nudt_liujie  11K Jun 22 17:34 h2o_fci_pyscf_441_primme_vs_ipt_3046008.log
-rw-r--r-- 1 nudt_liujie nudt_liujie  11K Jun 22 17:34 h2o_fci_pyscf_441_primme_vs_ipt_3046008.out
-rw-r--r-- 1 nudt_liujie nudt_liujie    0 Jun 22 19:37 h2o_fci_pyscf_441_primme_vs_ipt_3046277.err
-rw-r--r-- 1 nudt_liujie nudt_liujie  11K Jun 22 19:38 h2o_fci_pyscf_441_primme_vs_ipt_3046277.log
-rw-r--r-- 1 nudt_liujie nudt_liujie  11K Jun 22 19:38 h2o_fci_pyscf_441_primme_vs_ipt_3046277.out
-rw-r--r-- 1 nudt_liujie nudt_liujie    0 Jun 22 21:11 h2o_fci_pyscf_441_primme_vs_ipt_3046551.err
-rw-r--r-- 1 nudt_liujie nudt_liujie  12K Jun 22 21:11 h2o_fci_pyscf_441_primme_vs_ipt_3046551.log
-rw-r--r-- 1 nudt_liujie nudt_liujie  12K Jun 22 21:11 h2o_fci_pyscf_441_primme_vs_ipt_3046551.out
-rw-r--r-- 1 nudt_liujie nudt_liujie    0 Jun 24 14:50 h2o_fci_pyscf_441_primme_vs_ipt_3052571.err
-rw-r--r-- 1 nudt_liujie nudt_liujie  26K Jun 24 14:50 h2o_fci_pyscf_441_primme_vs_ipt_3052571.log
-rw-r--r-- 1 nudt_liujie nudt_liujie  26K Jun 24 14:50 h2o_fci_pyscf_441_primme_vs_ipt_3052571.out
-rw-r--r-- 1 nudt_liujie nudt_liujie    0 Jun 24 14:51 h2o_fci_pyscf_441_primme_vs_ipt_3052577.err
-rw-r--r-- 1 nudt_liujie nudt_liujie  26K Jun 24 14:51 h2o_fci_pyscf_441_primme_vs_ipt_3052577.log
-rw-r--r-- 1 nudt_liujie nudt_liujie  26K Jun 24 14:51 h2o_fci_pyscf_441_primme_vs_ipt_3052577.out
-rw-r--r-- 1 nudt_liujie nudt_liujie  21K Jun 24 15:42 h2o_fci_pyscf_441_primme_vs_ipt_manual.log
lrwxrwxrwx 1 nudt_liujie nudt_liujie   83 Jun 29 00:17 latest_ch4_sto6g_fci_15876_ipt.log -> /fs1/home/nudt_liujie/ftt/IPT_C_GPU/logs/sparse/ch4_sto6g_fci_15876_ipt_3071331.log
lrwxrwxrwx 1 nudt_liujie nudt_liujie   82 Jun 28 20:13 latest_co_sto6g_fci_14400_ipt.log -> /fs1/home/nudt_liujie/ftt/IPT_C_GPU/logs/sparse/co_sto6g_fci_14400_ipt_3070524.log
lrwxrwxrwx 1 nudt_liujie nudt_liujie   81 Jun 22 12:45 latest_h20_fci_primme_vs_ipt.log -> /fs1/home/nudt_liujie/ftt/IPT_C_GPU/logs/sparse/h20_fci_primme_vs_ipt_3044994.log
lrwxrwxrwx 1 nudt_liujie nudt_liujie  102 Jun 23 13:16 latest_h2o_631g_cas10e10o_fci_63504_primme_vs_ipt.log -> /fs1/home/nudt_liujie/ftt/IPT_C_GPU/logs/sparse/h2o_631g_cas10e10o_fci_63504_primme_vs_ipt_3048880.log
lrwxrwxrwx 1 nudt_liujie nudt_liujie   96 Jun 22 23:21 latest_h2o_631g_fc_fci_245025_primme_vs_ipt.log -> /fs1/home/nudt_liujie/ftt/IPT_C_GPU/logs/sparse/h2o_631g_fc_fci_245025_primme_vs_ipt_3046919.log
lrwxrwxrwx 1 nudt_liujie nudt_liujie   90 Jun 24 15:41 latest_h2o_fci_pyscf_441_primme_vs_ipt.log -> /fs1/home/nudt_liujie/ftt/IPT_C_GPU/logs/sparse/h2o_fci_pyscf_441_primme_vs_ipt_manual.log
lrwxrwxrwx 1 nudt_liujie nudt_liujie   82 Jun 28 20:13 latest_n2_sto6g_fci_14400_ipt.log -> /fs1/home/nudt_liujie/ftt/IPT_C_GPU/logs/sparse/n2_sto6g_fci_14400_ipt_3070523.log
lrwxrwxrwx 1 nudt_liujie nudt_liujie   82 Jun 28 17:41 latest_nh3_sto6g_fci_3136_ipt.log -> /fs1/home/nudt_liujie/ftt/IPT_C_GPU/logs/sparse/nh3_sto6g_fci_3136_ipt_3069863.log
lrwxrwxrwx 1 nudt_liujie nudt_liujie   80 Jun 22 10:56 latest_primme_vs_ipt_sparse.log -> /fs1/home/nudt_liujie/ftt/IPT_C_GPU/logs/sparse/primme_vs_ipt_sparse_3044611.log
lrwxrwxrwx 1 nudt_liujie nudt_liujie   72 Jun 22 21:11 latest_sparse_tests.log -> /fs1/home/nudt_liujie/ftt/IPT_C_GPU/logs/sparse/sparse_tests_3046550.log
-rw-r--r-- 1 nudt_liujie nudt_liujie    0 Jun 23 14:54 n2_sto6g_fci_14400_ipt_3049213.err
-rw-r--r-- 1 nudt_liujie nudt_liujie 7.3K Jun 23 14:54 n2_sto6g_fci_14400_ipt_3049213.log
-rw-r--r-- 1 nudt_liujie nudt_liujie 7.3K Jun 23 14:54 n2_sto6g_fci_14400_ipt_3049213.out
-rw-r--r-- 1 nudt_liujie nudt_liujie    0 Jun 23 14:57 n2_sto6g_fci_14400_ipt_3049230.err
-rw-r--r-- 1 nudt_liujie nudt_liujie  12K Jun 23 14:57 n2_sto6g_fci_14400_ipt_3049230.log
-rw-r--r-- 1 nudt_liujie nudt_liujie  12K Jun 23 14:57 n2_sto6g_fci_14400_ipt_3049230.out
-rw-r--r-- 1 nudt_liujie nudt_liujie    0 Jun 23 14:58 n2_sto6g_fci_14400_ipt_3049238.err
-rw-r--r-- 1 nudt_liujie nudt_liujie  20K Jun 23 14:59 n2_sto6g_fci_14400_ipt_3049238.log
-rw-r--r-- 1 nudt_liujie nudt_liujie  20K Jun 23 14:59 n2_sto6g_fci_14400_ipt_3049238.out
-rw-r--r-- 1 nudt_liujie nudt_liujie    0 Jun 28 19:57 n2_sto6g_fci_14400_ipt_3070462.err
-rw-r--r-- 1 nudt_liujie nudt_liujie  27K Jun 28 19:57 n2_sto6g_fci_14400_ipt_3070462.log
-rw-r--r-- 1 nudt_liujie nudt_liujie  27K Jun 28 19:57 n2_sto6g_fci_14400_ipt_3070462.out
-rw-r--r-- 1 nudt_liujie nudt_liujie    0 Jun 28 20:13 n2_sto6g_fci_14400_ipt_3070523.err
-rw-r--r-- 1 nudt_liujie nudt_liujie  29K Jun 28 20:14 n2_sto6g_fci_14400_ipt_3070523.log
-rw-r--r-- 1 nudt_liujie nudt_liujie  29K Jun 28 20:14 n2_sto6g_fci_14400_ipt_3070523.out
-rw-r--r-- 1 nudt_liujie nudt_liujie    0 Jun 23 14:54 nh3_sto6g_fci_3136_ipt_3049211.err
-rw-r--r-- 1 nudt_liujie nudt_liujie 7.3K Jun 23 14:54 nh3_sto6g_fci_3136_ipt_3049211.log
-rw-r--r-- 1 nudt_liujie nudt_liujie 7.3K Jun 23 14:54 nh3_sto6g_fci_3136_ipt_3049211.out
-rw-r--r-- 1 nudt_liujie nudt_liujie    0 Jun 23 14:57 nh3_sto6g_fci_3136_ipt_3049228.err
-rw-r--r-- 1 nudt_liujie nudt_liujie  12K Jun 23 14:57 nh3_sto6g_fci_3136_ipt_3049228.log
-rw-r--r-- 1 nudt_liujie nudt_liujie  12K Jun 23 14:57 nh3_sto6g_fci_3136_ipt_3049228.out
-rw-r--r-- 1 nudt_liujie nudt_liujie    0 Jun 23 14:58 nh3_sto6g_fci_3136_ipt_3049236.err
-rw-r--r-- 1 nudt_liujie nudt_liujie  20K Jun 23 14:59 nh3_sto6g_fci_3136_ipt_3049236.log
-rw-r--r-- 1 nudt_liujie nudt_liujie  20K Jun 23 14:59 nh3_sto6g_fci_3136_ipt_3049236.out
-rw-r--r-- 1 nudt_liujie nudt_liujie    0 Jun 23 16:10 nh3_sto6g_fci_3136_ipt_3049472.err
-rw-r--r-- 1 nudt_liujie nudt_liujie  20K Jun 23 16:11 nh3_sto6g_fci_3136_ipt_3049472.log
-rw-r--r-- 1 nudt_liujie nudt_liujie  20K Jun 23 16:11 nh3_sto6g_fci_3136_ipt_3049472.out
-rw-r--r-- 1 nudt_liujie nudt_liujie    0 Jun 23 16:41 nh3_sto6g_fci_3136_ipt_3049583.err
-rw-r--r-- 1 nudt_liujie nudt_liujie  22K Jun 23 16:42 nh3_sto6g_fci_3136_ipt_3049583.log
-rw-r--r-- 1 nudt_liujie nudt_liujie  22K Jun 23 16:42 nh3_sto6g_fci_3136_ipt_3049583.out
-rw-r--r-- 1 nudt_liujie nudt_liujie    0 Jun 23 16:43 nh3_sto6g_fci_3136_ipt_3049587.err
-rw-r--r-- 1 nudt_liujie nudt_liujie  23K Jun 23 16:43 nh3_sto6g_fci_3136_ipt_3049587.log
-rw-r--r-- 1 nudt_liujie nudt_liujie  23K Jun 23 16:43 nh3_sto6g_fci_3136_ipt_3049587.out
-rw-r--r-- 1 nudt_liujie nudt_liujie    0 Jun 23 16:45 nh3_sto6g_fci_3136_ipt_3049597.err
-rw-r--r-- 1 nudt_liujie nudt_liujie  24K Jun 23 16:45 nh3_sto6g_fci_3136_ipt_3049597.log
-rw-r--r-- 1 nudt_liujie nudt_liujie  24K Jun 23 16:45 nh3_sto6g_fci_3136_ipt_3049597.out
-rw-r--r-- 1 nudt_liujie nudt_liujie    0 Jun 24 14:04 nh3_sto6g_fci_3136_ipt_3052140.err
-rw-r--r-- 1 nudt_liujie nudt_liujie  24K Jun 24 14:05 nh3_sto6g_fci_3136_ipt_3052140.log
-rw-r--r-- 1 nudt_liujie nudt_liujie  24K Jun 24 14:05 nh3_sto6g_fci_3136_ipt_3052140.out
-rw-r--r-- 1 nudt_liujie nudt_liujie    0 Jun 27 21:16 nh3_sto6g_fci_3136_ipt_3066052.err
-rw-r--r-- 1 nudt_liujie nudt_liujie  24K Jun 27 21:17 nh3_sto6g_fci_3136_ipt_3066052.log
-rw-r--r-- 1 nudt_liujie nudt_liujie  24K Jun 27 21:17 nh3_sto6g_fci_3136_ipt_3066052.out
-rw-r--r-- 1 nudt_liujie nudt_liujie    0 Jun 27 21:17 nh3_sto6g_fci_3136_ipt_3066056.err
-rw-r--r-- 1 nudt_liujie nudt_liujie  25K Jun 27 21:17 nh3_sto6g_fci_3136_ipt_3066056.log
-rw-r--r-- 1 nudt_liujie nudt_liujie  25K Jun 27 21:17 nh3_sto6g_fci_3136_ipt_3066056.out
-rw-r--r-- 1 nudt_liujie nudt_liujie    0 Jun 27 21:19 nh3_sto6g_fci_3136_ipt_3066064.err
-rw-r--r-- 1 nudt_liujie nudt_liujie  25K Jun 27 21:19 nh3_sto6g_fci_3136_ipt_3066064.log
-rw-r--r-- 1 nudt_liujie nudt_liujie  25K Jun 27 21:19 nh3_sto6g_fci_3136_ipt_3066064.out
-rw-r--r-- 1 nudt_liujie nudt_liujie    0 Jun 27 21:20 nh3_sto6g_fci_3136_ipt_3066077.err
-rw-r--r-- 1 nudt_liujie nudt_liujie  25K Jun 27 21:20 nh3_sto6g_fci_3136_ipt_3066077.log
-rw-r--r-- 1 nudt_liujie nudt_liujie  25K Jun 27 21:20 nh3_sto6g_fci_3136_ipt_3066077.out
-rw-r--r-- 1 nudt_liujie nudt_liujie    0 Jun 27 22:09 nh3_sto6g_fci_3136_ipt_3066324.err
-rw-r--r-- 1 nudt_liujie nudt_liujie  30K Jun 27 22:09 nh3_sto6g_fci_3136_ipt_3066324.log
-rw-r--r-- 1 nudt_liujie nudt_liujie  30K Jun 27 22:09 nh3_sto6g_fci_3136_ipt_3066324.out
-rw-r--r-- 1 nudt_liujie nudt_liujie    0 Jun 27 22:12 nh3_sto6g_fci_3136_ipt_3066327.err
-rw-r--r-- 1 nudt_liujie nudt_liujie  30K Jun 27 22:13 nh3_sto6g_fci_3136_ipt_3066327.log
-rw-r--r-- 1 nudt_liujie nudt_liujie  30K Jun 27 22:13 nh3_sto6g_fci_3136_ipt_3066327.out
-rw-r--r-- 1 nudt_liujie nudt_liujie    0 Jun 27 22:13 nh3_sto6g_fci_3136_ipt_3066340.err
-rw-r--r-- 1 nudt_liujie nudt_liujie  30K Jun 27 22:14 nh3_sto6g_fci_3136_ipt_3066340.log
-rw-r--r-- 1 nudt_liujie nudt_liujie  30K Jun 27 22:14 nh3_sto6g_fci_3136_ipt_3066340.out
-rw-r--r-- 1 nudt_liujie nudt_liujie    0 Jun 27 22:15 nh3_sto6g_fci_3136_ipt_3066355.err
-rw-r--r-- 1 nudt_liujie nudt_liujie  31K Jun 27 22:16 nh3_sto6g_fci_3136_ipt_3066355.log
-rw-r--r-- 1 nudt_liujie nudt_liujie  31K Jun 27 22:16 nh3_sto6g_fci_3136_ipt_3066355.out
-rw-r--r-- 1 nudt_liujie nudt_liujie    0 Jun 28 12:44 nh3_sto6g_fci_3136_ipt_3068790.err
-rw-r--r-- 1 nudt_liujie nudt_liujie  31K Jun 28 12:46 nh3_sto6g_fci_3136_ipt_3068790.log
-rw-r--r-- 1 nudt_liujie nudt_liujie  31K Jun 28 12:46 nh3_sto6g_fci_3136_ipt_3068790.out
-rw-r--r-- 1 nudt_liujie nudt_liujie    0 Jun 28 12:48 nh3_sto6g_fci_3136_ipt_3068796.err
-rw-r--r-- 1 nudt_liujie nudt_liujie  33K Jun 28 12:48 nh3_sto6g_fci_3136_ipt_3068796.log
-rw-r--r-- 1 nudt_liujie nudt_liujie  33K Jun 28 12:48 nh3_sto6g_fci_3136_ipt_3068796.out
-rw-r--r-- 1 nudt_liujie nudt_liujie    0 Jun 28 12:50 nh3_sto6g_fci_3136_ipt_3068807.err
-rw-r--r-- 1 nudt_liujie nudt_liujie  32K Jun 28 12:50 nh3_sto6g_fci_3136_ipt_3068807.log
-rw-r--r-- 1 nudt_liujie nudt_liujie  32K Jun 28 12:50 nh3_sto6g_fci_3136_ipt_3068807.out
-rw-r--r-- 1 nudt_liujie nudt_liujie    0 Jun 28 12:51 nh3_sto6g_fci_3136_ipt_3068809.err
-rw-r--r-- 1 nudt_liujie nudt_liujie  32K Jun 28 12:52 nh3_sto6g_fci_3136_ipt_3068809.log
-rw-r--r-- 1 nudt_liujie nudt_liujie  32K Jun 28 12:52 nh3_sto6g_fci_3136_ipt_3068809.out
-rw-r--r-- 1 nudt_liujie nudt_liujie    0 Jun 28 12:53 nh3_sto6g_fci_3136_ipt_3068812.err
-rw-r--r-- 1 nudt_liujie nudt_liujie  32K Jun 28 12:53 nh3_sto6g_fci_3136_ipt_3068812.log
-rw-r--r-- 1 nudt_liujie nudt_liujie  32K Jun 28 12:53 nh3_sto6g_fci_3136_ipt_3068812.out
-rw-r--r-- 1 nudt_liujie nudt_liujie    0 Jun 28 12:59 nh3_sto6g_fci_3136_ipt_3068829.err
-rw-r--r-- 1 nudt_liujie nudt_liujie  32K Jun 28 13:00 nh3_sto6g_fci_3136_ipt_3068829.log
-rw-r--r-- 1 nudt_liujie nudt_liujie  32K Jun 28 13:00 nh3_sto6g_fci_3136_ipt_3068829.out
-rw-r--r-- 1 nudt_liujie nudt_liujie    0 Jun 28 13:17 nh3_sto6g_fci_3136_ipt_3068934.err
-rw-r--r-- 1 nudt_liujie nudt_liujie  32K Jun 28 13:17 nh3_sto6g_fci_3136_ipt_3068934.log
-rw-r--r-- 1 nudt_liujie nudt_liujie  32K Jun 28 13:17 nh3_sto6g_fci_3136_ipt_3068934.out
-rw-r--r-- 1 nudt_liujie nudt_liujie    0 Jun 28 13:19 nh3_sto6g_fci_3136_ipt_3068946.err
-rw-r--r-- 1 nudt_liujie nudt_liujie  29K Jun 28 13:20 nh3_sto6g_fci_3136_ipt_3068946.log
-rw-r--r-- 1 nudt_liujie nudt_liujie  29K Jun 28 13:20 nh3_sto6g_fci_3136_ipt_3068946.out
-rw-r--r-- 1 nudt_liujie nudt_liujie    0 Jun 28 13:22 nh3_sto6g_fci_3136_ipt_3068954.err
-rw-r--r-- 1 nudt_liujie nudt_liujie  28K Jun 28 13:22 nh3_sto6g_fci_3136_ipt_3068954.log
-rw-r--r-- 1 nudt_liujie nudt_liujie  28K Jun 28 13:22 nh3_sto6g_fci_3136_ipt_3068954.out
-rw-r--r-- 1 nudt_liujie nudt_liujie    0 Jun 28 13:24 nh3_sto6g_fci_3136_ipt_3068962.err
-rw-r--r-- 1 nudt_liujie nudt_liujie  29K Jun 28 13:24 nh3_sto6g_fci_3136_ipt_3068962.log
-rw-r--r-- 1 nudt_liujie nudt_liujie  29K Jun 28 13:24 nh3_sto6g_fci_3136_ipt_3068962.out
-rw-r--r-- 1 nudt_liujie nudt_liujie    0 Jun 28 17:41 nh3_sto6g_fci_3136_ipt_3069863.err
-rw-r--r-- 1 nudt_liujie nudt_liujie  53K Jun 28 17:42 nh3_sto6g_fci_3136_ipt_3069863.log
-rw-r--r-- 1 nudt_liujie nudt_liujie  53K Jun 28 17:42 nh3_sto6g_fci_3136_ipt_3069863.out
-rw-r--r-- 1 nudt_liujie nudt_liujie  22K Jun 27 21:13 nh3_sto6g_fci_3136_ipt_manual.log
-rw-r--r-- 1 nudt_liujie nudt_liujie    0 Jun 22 09:53 primme_vs_ipt_sparse_3043135.err
-rw-r--r-- 1 nudt_liujie nudt_liujie 3.0K Jun 22 09:53 primme_vs_ipt_sparse_3043135.log
-rw-r--r-- 1 nudt_liujie nudt_liujie 3.0K Jun 22 09:53 primme_vs_ipt_sparse_3043135.out
-rw-rw-r-- 1 nudt_liujie nudt_liujie    0 Jun 22 10:39 primme_vs_ipt_sparse_3044569.err
-rw-rw-r-- 1 nudt_liujie nudt_liujie  128 Jun 22 10:39 primme_vs_ipt_sparse_3044569.log
-rw-rw-r-- 1 nudt_liujie nudt_liujie  128 Jun 22 10:39 primme_vs_ipt_sparse_3044569.out
-rw-rw-r-- 1 nudt_liujie nudt_liujie    0 Jun 22 10:40 primme_vs_ipt_sparse_3044570.err
-rw-rw-r-- 1 nudt_liujie nudt_liujie  128 Jun 22 10:40 primme_vs_ipt_sparse_3044570.log
-rw-rw-r-- 1 nudt_liujie nudt_liujie  128 Jun 22 10:40 primme_vs_ipt_sparse_3044570.out
-rw-rw-r-- 1 nudt_liujie nudt_liujie    0 Jun 22 10:42 primme_vs_ipt_sparse_3044572.err
-rw-rw-r-- 1 nudt_liujie nudt_liujie  128 Jun 22 10:42 primme_vs_ipt_sparse_3044572.log
-rw-rw-r-- 1 nudt_liujie nudt_liujie  128 Jun 22 10:42 primme_vs_ipt_sparse_3044572.out
-rw-rw-r-- 1 nudt_liujie nudt_liujie    0 Jun 22 10:42 primme_vs_ipt_sparse_3044574.err
-rw-rw-r-- 1 nudt_liujie nudt_liujie  128 Jun 22 10:42 primme_vs_ipt_sparse_3044574.log
-rw-rw-r-- 1 nudt_liujie nudt_liujie  128 Jun 22 10:42 primme_vs_ipt_sparse_3044574.out
-rw-rw-r-- 1 nudt_liujie nudt_liujie    0 Jun 22 10:42 primme_vs_ipt_sparse_3044575.err
-rw-rw-r-- 1 nudt_liujie nudt_liujie  128 Jun 22 10:42 primme_vs_ipt_sparse_3044575.log
-rw-rw-r-- 1 nudt_liujie nudt_liujie  128 Jun 22 10:42 primme_vs_ipt_sparse_3044575.out
-rw-rw-r-- 1 nudt_liujie nudt_liujie    0 Jun 22 10:53 primme_vs_ipt_sparse_3044594.err
-rw-rw-r-- 1 nudt_liujie nudt_liujie  128 Jun 22 10:53 primme_vs_ipt_sparse_3044594.log
-rw-rw-r-- 1 nudt_liujie nudt_liujie  128 Jun 22 10:53 primme_vs_ipt_sparse_3044594.out
-rw-rw-r-- 1 nudt_liujie nudt_liujie    0 Jun 22 10:56 primme_vs_ipt_sparse_3044611.err
-rw-rw-r-- 1 nudt_liujie nudt_liujie    0 Jun 22 10:56 primme_vs_ipt_sparse_3044611.log
-rw-rw-r-- 1 nudt_liujie nudt_liujie  128 Jun 22 10:56 primme_vs_ipt_sparse_3044611.out
-rw-r--r-- 1 nudt_liujie nudt_liujie  103 Jun 22 21:14 q_gpu_test_3046563.err
-rw-r--r-- 1 nudt_liujie nudt_liujie    0 Jun 22 21:14 q_gpu_test_3046563.out
-rw-r--r-- 1 nudt_liujie nudt_liujie  102 Jun 22 21:15 q_gpu_test_3046565.err
-rw-r--r-- 1 nudt_liujie nudt_liujie    0 Jun 22 21:15 q_gpu_test_3046565.out
-rw-r--r-- 1 nudt_liujie nudt_liujie  141 Jun 22 21:16 q_gpu_test_3046570.err
-rw-r--r-- 1 nudt_liujie nudt_liujie    0 Jun 22 21:16 q_gpu_test_3046570.out
-rw-r--r-- 1 nudt_liujie nudt_liujie    0 Jun 22 21:17 q_gpu_test_3046575.err
-rw-r--r-- 1 nudt_liujie nudt_liujie  185 Jun 22 21:17 q_gpu_test_3046575.out
-rw-r--r-- 1 nudt_liujie nudt_liujie    0 Jun 21 14:27 sparse_tests_3041618.err
-rw-r--r-- 1 nudt_liujie nudt_liujie 3.7K Jun 21 14:27 sparse_tests_3041618.log
-rw-r--r-- 1 nudt_liujie nudt_liujie 3.7K Jun 21 14:27 sparse_tests_3041618.out
-rw-r--r-- 1 nudt_liujie nudt_liujie    0 Jun 21 14:28 sparse_tests_3041620.err
-rw-r--r-- 1 nudt_liujie nudt_liujie 3.3K Jun 21 14:29 sparse_tests_3041620.log
-rw-r--r-- 1 nudt_liujie nudt_liujie 3.3K Jun 21 14:29 sparse_tests_3041620.out
-rw-r--r-- 1 nudt_liujie nudt_liujie    0 Jun 21 14:29 sparse_tests_3041621.err
-rw-r--r-- 1 nudt_liujie nudt_liujie 4.2K Jun 21 14:29 sparse_tests_3041621.log
-rw-r--r-- 1 nudt_liujie nudt_liujie 4.2K Jun 21 14:29 sparse_tests_3041621.out
-rw-r--r-- 1 nudt_liujie nudt_liujie    0 Jun 22 17:35 sparse_tests_3046009.err
-rw-r--r-- 1 nudt_liujie nudt_liujie 9.0K Jun 22 17:35 sparse_tests_3046009.log
-rw-r--r-- 1 nudt_liujie nudt_liujie 9.0K Jun 22 17:35 sparse_tests_3046009.out
-rw-r--r-- 1 nudt_liujie nudt_liujie    0 Jun 22 19:36 sparse_tests_3046276.err
-rw-r--r-- 1 nudt_liujie nudt_liujie 9.3K Jun 22 19:36 sparse_tests_3046276.log
-rw-r--r-- 1 nudt_liujie nudt_liujie 9.3K Jun 22 19:36 sparse_tests_3046276.out
-rw-r--r-- 1 nudt_liujie nudt_liujie    0 Jun 22 21:11 sparse_tests_3046550.err
-rw-r--r-- 1 nudt_liujie nudt_liujie  11K Jun 22 21:11 sparse_tests_3046550.log
-rw-r--r-- 1 nudt_liujie nudt_liujie  11K Jun 22 21:11 sparse_tests_3046550.out
-rw-r--r-- 1 nudt_liujie nudt_liujie  977 Jun 22 21:07 sparse_tests_manual.log

/fs1/home/nudt_liujie/ftt/IPT_C_GPU/results/sparse/ch4_k30_oversample3_iter1000_qr_abs:
total 1.0K
-rw-r--r-- 1 nudt_liujie nudt_liujie 1.4K Jun 29 00:17 ch4_sto6g_fci_15876_ipt_summary.txt
-rw-r--r-- 1 nudt_liujie nudt_liujie  551 Jun 29 00:17 ch4_sto6g_fci_15876_ipt_trials.csv
finished at: Mon Jun 29 00:17:35 CST 2026
