===== CH4/STO-6G full FCI IPT sparse benchmark =====
Tue Jun 23 14:58:32 CST 2026
gsn0
SLURM_JOB_ID=3049237
CUDA_VISIBLE_DEVICES=0
IPT_REPEATS=1
IPT_TOL=1e-12
IPT_MAXITER=1000
RUN_PRIMME=0
RUN_WARMUP=0
IPT_EST_NNZ_PER_COL=800
Currently Loaded Modulefiles:
 1) GCC/12.2.0   2) CUDA/12.2  
numpy 1.21.5 /fs1/software/hpcsystem/THL7/software/pyscf/2.0.1-py3.8/lib/python3.8/site-packages/numpy/__init__.py
scipy 1.7.3 /fs1/software/hpcsystem/THL7/software/pyscf/2.0.1-py3.8/lib/python3.8/site-packages/scipy/__init__.py
pyscf 2.0.1 /fs1/software/hpcsystem/THL7/software/pyscf/2.0.1-py3.8/lib/python3.8/site-packages/pyscf/__init__.py
nvcc: NVIDIA (R) Cuda compiler driver
Copyright (c) 2005-2023 NVIDIA Corporation
Built on Tue_Jun_13_19:16:58_PDT_2023
Cuda compilation tools, release 12.2, V12.2.91
Build cuda_12.2.r12.2/compiler.32965470_0
Tue Jun 23 14:58:33 2026       
+---------------------------------------------------------------------------------------+
| NVIDIA-SMI 535.104.12             Driver Version: 535.104.12   CUDA Version: 12.2     |
|-----------------------------------------+----------------------+----------------------+
| GPU  Name                 Persistence-M | Bus-Id        Disp.A | Volatile Uncorr. ECC |
| Fan  Temp   Perf          Pwr:Usage/Cap |         Memory-Usage | GPU-Util  Compute M. |
|                                         |                      |               MIG M. |
|=========================================+======================+======================|
|   0  NVIDIA A100-SXM4-80GB          Off | 00000000:C7:00.0 Off |                    0 |
| N/A   28C    P0              59W / 400W |      4MiB / 81920MiB |      0%      Default |
|                                         |                      |             Disabled |
+-----------------------------------------+----------------------+----------------------+
                                                                                         
+---------------------------------------------------------------------------------------+
| Processes:                                                                            |
|  GPU   GI   CI        PID   Type   Process name                            GPU Memory |
|        ID   ID                                                             Usage      |
|=======================================================================================|
|  No running processes found                                                           |
+---------------------------------------------------------------------------------------+
===== build =====
+ nvcc -O3 -std=c++14 -lineinfo -arch=sm_80 -I/fs1/home/nudt_liujie/ftt/primme-3.2.3/include -I/fs1/software/python/3.8_miniconda_4.10.3/include/python3.8 /fs1/home/nudt_liujie/ftt/IPT_C_GPU/test/sparse/CH4/benchmark_ch4_sto6g_fci_15876_ipt.cu /fs1/home/nudt_liujie/ftt/primme-3.2.3/lib/libprimme.a -o /fs1/home/nudt_liujie/ftt/IPT_C_GPU/test/sparse/CH4/benchmark_ch4_sto6g_fci_15876_ipt_cuda -lcublas -lcusparse -lcudart -L/fs1/software/python/3.8_miniconda_4.10.3/lib -lpython3.8 -L/fs1/home/nudt_liujie/ftt/IPT_C_GPU/test/sparse/CH4 -lopenblas -lpthread -ldl -lutil -lrt -Xlinker -rpath -Xlinker /fs1/software/gcc/12.2.0/lib64 -Xlinker -rpath -Xlinker /fs1/software/python/3.8_miniconda_4.10.3/lib -Xlinker -rpath -Xlinker /fs1/software/cp2k/8.1-gcc8.4-openmpi/lib -lgfortran /fs1/software/gcc/12.2.0/lib64/libstdc++.so -lm
+ set +x
===== run =====
Generating CH4/STO-6G full FCI integrals with PySCF...
PYSCF_SITE_PACKAGES=/fs1/software/hpcsystem/THL7/software/pyscf/2.0.1-py3.8/lib/python3.8/site-packages
Generated CI strings: na=126 nb=126 n=15876
Link counts per string: one=25 two=600
CSC generation progress 5000/15876 columns nnz=2803440 elapsed=0.51 sec
CSC generation progress 10000/15876 columns nnz=5606826 elapsed=1.01 sec
CSC generation progress 15000/15876 columns nnz=8410557 elapsed=1.52 sec
CSC generation progress 15876/15876 columns nnz=8901790 elapsed=1.61 sec
CH4/STO-6G full FCI FCI CSC benchmark: n=15876 nnz=8901790 repeats=1 tol=1.000e-12 run_primme=0
Matrix/integral generation time 0.975960 sec is excluded from PRIMME/IPT timings.
repeat 1 IPT time=1.540976e+00 residual=1.628e-03 eigenvalue=-40.1907762526007
wrote /fs1/home/nudt_liujie/ftt/IPT_C_GPU/results/sparse/ch4_sto6g_fci_15876_ipt_trials.csv
wrote /fs1/home/nudt_liujie/ftt/IPT_C_GPU/results/sparse/ch4_sto6g_fci_15876_ipt_summary.txt
===== output files =====
/fs1/home/nudt_liujie/ftt/IPT_C_GPU/logs/sparse:
total 796K
-rw-r--r-- 1 nudt_liujie nudt_liujie    0 Jun 23 14:54 ch4_sto6g_fci_15876_ipt_3049212.err
-rw-r--r-- 1 nudt_liujie nudt_liujie 7.3K Jun 23 14:54 ch4_sto6g_fci_15876_ipt_3049212.log
-rw-r--r-- 1 nudt_liujie nudt_liujie 7.3K Jun 23 14:54 ch4_sto6g_fci_15876_ipt_3049212.out
-rw-r--r-- 1 nudt_liujie nudt_liujie    0 Jun 23 14:57 ch4_sto6g_fci_15876_ipt_3049229.err
-rw-r--r-- 1 nudt_liujie nudt_liujie  12K Jun 23 14:57 ch4_sto6g_fci_15876_ipt_3049229.log
-rw-r--r-- 1 nudt_liujie nudt_liujie  12K Jun 23 14:57 ch4_sto6g_fci_15876_ipt_3049229.out
-rw-r--r-- 1 nudt_liujie nudt_liujie    0 Jun 23 14:58 ch4_sto6g_fci_15876_ipt_3049237.err
-rw-r--r-- 1 nudt_liujie nudt_liujie 4.4K Jun 23 14:59 ch4_sto6g_fci_15876_ipt_3049237.log
-rw-r--r-- 1 nudt_liujie nudt_liujie 4.4K Jun 23 14:59 ch4_sto6g_fci_15876_ipt_3049237.out
-rw-r--r-- 1 nudt_liujie nudt_liujie    0 Jun 23 14:54 co_sto6g_fci_14400_ipt_3049214.err
-rw-r--r-- 1 nudt_liujie nudt_liujie 7.3K Jun 23 14:54 co_sto6g_fci_14400_ipt_3049214.log
-rw-r--r-- 1 nudt_liujie nudt_liujie 7.3K Jun 23 14:54 co_sto6g_fci_14400_ipt_3049214.out
-rw-r--r-- 1 nudt_liujie nudt_liujie    0 Jun 23 14:57 co_sto6g_fci_14400_ipt_3049231.err
-rw-r--r-- 1 nudt_liujie nudt_liujie 3.8K Jun 23 14:57 co_sto6g_fci_14400_ipt_3049231.log
-rw-r--r-- 1 nudt_liujie nudt_liujie 4.0K Jun 23 14:57 co_sto6g_fci_14400_ipt_3049231.out
-rw-r--r-- 1 nudt_liujie nudt_liujie    0 Jun 23 14:58 co_sto6g_fci_14400_ipt_3049239.err
-rw-r--r-- 1 nudt_liujie nudt_liujie  20K Jun 23 14:59 co_sto6g_fci_14400_ipt_3049239.log
-rw-r--r-- 1 nudt_liujie nudt_liujie  20K Jun 23 14:59 co_sto6g_fci_14400_ipt_3049239.out
-rw-r--r-- 1 nudt_liujie nudt_liujie    0 Jun 22 12:45 h20_fci_primme_vs_ipt_3044994.err
-rw-r--r-- 1 nudt_liujie nudt_liujie 7.8K Jun 22 12:45 h20_fci_primme_vs_ipt_3044994.log
-rw-r--r-- 1 nudt_liujie nudt_liujie 7.8K Jun 22 12:45 h20_fci_primme_vs_ipt_3044994.out
-rw-r--r-- 1 nudt_liujie nudt_liujie    0 Jun 23 13:14 h2o_631g_cas10e10o_fci_63504_primme_vs_ipt_3048878.err
-rw-r--r-- 1 nudt_liujie nudt_liujie  16K Jun 23 13:15 h2o_631g_cas10e10o_fci_63504_primme_vs_ipt_3048878.log
-rw-r--r-- 1 nudt_liujie nudt_liujie  16K Jun 23 13:15 h2o_631g_cas10e10o_fci_63504_primme_vs_ipt_3048878.out
-rw-r--r-- 1 nudt_liujie nudt_liujie    0 Jun 23 13:16 h2o_631g_cas10e10o_fci_63504_primme_vs_ipt_3048880.err
-rw-r--r-- 1 nudt_liujie nudt_liujie  16K Jun 23 13:16 h2o_631g_cas10e10o_fci_63504_primme_vs_ipt_3048880.log
-rw-r--r-- 1 nudt_liujie nudt_liujie  16K Jun 23 13:16 h2o_631g_cas10e10o_fci_63504_primme_vs_ipt_3048880.out
-rw-r--r-- 1 nudt_liujie nudt_liujie    0 Jun 22 23:11 h2o_631g_fc_fci_245025_primme_vs_ipt_3046899.err
-rw-r--r-- 1 nudt_liujie nudt_liujie  17K Jun 22 23:13 h2o_631g_fc_fci_245025_primme_vs_ipt_3046899.log
-rw-r--r-- 1 nudt_liujie nudt_liujie  17K Jun 22 23:13 h2o_631g_fc_fci_245025_primme_vs_ipt_3046899.out
-rw-r--r-- 1 nudt_liujie nudt_liujie    0 Jun 22 23:17 h2o_631g_fc_fci_245025_primme_vs_ipt_3046908.err
-rw-r--r-- 1 nudt_liujie nudt_liujie  18K Jun 22 23:18 h2o_631g_fc_fci_245025_primme_vs_ipt_3046908.log
-rw-r--r-- 1 nudt_liujie nudt_liujie  18K Jun 22 23:18 h2o_631g_fc_fci_245025_primme_vs_ipt_3046908.out
-rw-r--r-- 1 nudt_liujie nudt_liujie    0 Jun 22 23:21 h2o_631g_fc_fci_245025_primme_vs_ipt_3046918.err
-rw-r--r-- 1 nudt_liujie nudt_liujie  18K Jun 22 23:22 h2o_631g_fc_fci_245025_primme_vs_ipt_3046918.log
-rw-r--r-- 1 nudt_liujie nudt_liujie  18K Jun 22 23:22 h2o_631g_fc_fci_245025_primme_vs_ipt_3046918.out
-rw-r--r-- 1 nudt_liujie nudt_liujie    0 Jun 22 23:21 h2o_631g_fc_fci_245025_primme_vs_ipt_3046919.err
-rw-r--r-- 1 nudt_liujie nudt_liujie  18K Jun 22 23:22 h2o_631g_fc_fci_245025_primme_vs_ipt_3046919.log
-rw-r--r-- 1 nudt_liujie nudt_liujie  18K Jun 22 23:22 h2o_631g_fc_fci_245025_primme_vs_ipt_3046919.out
-rw-r--r-- 1 nudt_liujie nudt_liujie 6.7K Jun 22 23:10 h2o_631g_fc_fci_245025_primme_vs_ipt_manual.log
-rw-r--r-- 1 nudt_liujie nudt_liujie    0 Jun 22 14:57 h2o_fci_pyscf_441_primme_vs_ipt_3045534.err
-rw-r--r-- 1 nudt_liujie nudt_liujie 4.0K Jun 22 14:57 h2o_fci_pyscf_441_primme_vs_ipt_3045534.log
-rw-r--r-- 1 nudt_liujie nudt_liujie 4.0K Jun 22 14:57 h2o_fci_pyscf_441_primme_vs_ipt_3045534.out
-rw-r--r-- 1 nudt_liujie nudt_liujie    0 Jun 22 14:58 h2o_fci_pyscf_441_primme_vs_ipt_3045539.err
-rw-r--r-- 1 nudt_liujie nudt_liujie 9.7K Jun 22 14:58 h2o_fci_pyscf_441_primme_vs_ipt_3045539.log
-rw-r--r-- 1 nudt_liujie nudt_liujie 9.7K Jun 22 14:58 h2o_fci_pyscf_441_primme_vs_ipt_3045539.out
-rw-r--r-- 1 nudt_liujie nudt_liujie    0 Jun 22 17:32 h2o_fci_pyscf_441_primme_vs_ipt_3046000.err
-rw-r--r-- 1 nudt_liujie nudt_liujie  12K Jun 22 17:32 h2o_fci_pyscf_441_primme_vs_ipt_3046000.log
-rw-r--r-- 1 nudt_liujie nudt_liujie  12K Jun 22 17:32 h2o_fci_pyscf_441_primme_vs_ipt_3046000.out
-rw-r--r-- 1 nudt_liujie nudt_liujie    0 Jun 22 17:34 h2o_fci_pyscf_441_primme_vs_ipt_3046008.err
-rw-r--r-- 1 nudt_liujie nudt_liujie  11K Jun 22 17:34 h2o_fci_pyscf_441_primme_vs_ipt_3046008.log
-rw-r--r-- 1 nudt_liujie nudt_liujie  11K Jun 22 17:34 h2o_fci_pyscf_441_primme_vs_ipt_3046008.out
-rw-r--r-- 1 nudt_liujie nudt_liujie    0 Jun 22 19:37 h2o_fci_pyscf_441_primme_vs_ipt_3046277.err
-rw-r--r-- 1 nudt_liujie nudt_liujie  11K Jun 22 19:38 h2o_fci_pyscf_441_primme_vs_ipt_3046277.log
-rw-r--r-- 1 nudt_liujie nudt_liujie  11K Jun 22 19:38 h2o_fci_pyscf_441_primme_vs_ipt_3046277.out
-rw-r--r-- 1 nudt_liujie nudt_liujie    0 Jun 22 21:11 h2o_fci_pyscf_441_primme_vs_ipt_3046551.err
-rw-r--r-- 1 nudt_liujie nudt_liujie  12K Jun 22 21:11 h2o_fci_pyscf_441_primme_vs_ipt_3046551.log
-rw-r--r-- 1 nudt_liujie nudt_liujie  12K Jun 22 21:11 h2o_fci_pyscf_441_primme_vs_ipt_3046551.out
-rw-r--r-- 1 nudt_liujie nudt_liujie 8.3K Jun 22 17:31 h2o_fci_pyscf_441_primme_vs_ipt_manual.log
lrwxrwxrwx 1 nudt_liujie nudt_liujie   83 Jun 23 14:58 latest_ch4_sto6g_fci_15876_ipt.log -> /fs1/home/nudt_liujie/ftt/IPT_C_GPU/logs/sparse/ch4_sto6g_fci_15876_ipt_3049237.log
lrwxrwxrwx 1 nudt_liujie nudt_liujie   82 Jun 23 14:58 latest_co_sto6g_fci_14400_ipt.log -> /fs1/home/nudt_liujie/ftt/IPT_C_GPU/logs/sparse/co_sto6g_fci_14400_ipt_3049239.log
lrwxrwxrwx 1 nudt_liujie nudt_liujie   81 Jun 22 12:45 latest_h20_fci_primme_vs_ipt.log -> /fs1/home/nudt_liujie/ftt/IPT_C_GPU/logs/sparse/h20_fci_primme_vs_ipt_3044994.log
lrwxrwxrwx 1 nudt_liujie nudt_liujie  102 Jun 23 13:16 latest_h2o_631g_cas10e10o_fci_63504_primme_vs_ipt.log -> /fs1/home/nudt_liujie/ftt/IPT_C_GPU/logs/sparse/h2o_631g_cas10e10o_fci_63504_primme_vs_ipt_3048880.log
lrwxrwxrwx 1 nudt_liujie nudt_liujie   96 Jun 22 23:21 latest_h2o_631g_fc_fci_245025_primme_vs_ipt.log -> /fs1/home/nudt_liujie/ftt/IPT_C_GPU/logs/sparse/h2o_631g_fc_fci_245025_primme_vs_ipt_3046919.log
lrwxrwxrwx 1 nudt_liujie nudt_liujie   91 Jun 22 21:11 latest_h2o_fci_pyscf_441_primme_vs_ipt.log -> /fs1/home/nudt_liujie/ftt/IPT_C_GPU/logs/sparse/h2o_fci_pyscf_441_primme_vs_ipt_3046551.log
lrwxrwxrwx 1 nudt_liujie nudt_liujie   82 Jun 23 14:58 latest_n2_sto6g_fci_14400_ipt.log -> /fs1/home/nudt_liujie/ftt/IPT_C_GPU/logs/sparse/n2_sto6g_fci_14400_ipt_3049238.log
lrwxrwxrwx 1 nudt_liujie nudt_liujie   82 Jun 23 14:58 latest_nh3_sto6g_fci_3136_ipt.log -> /fs1/home/nudt_liujie/ftt/IPT_C_GPU/logs/sparse/nh3_sto6g_fci_3136_ipt_3049236.log
lrwxrwxrwx 1 nudt_liujie nudt_liujie   80 Jun 22 10:56 latest_primme_vs_ipt_sparse.log -> /fs1/home/nudt_liujie/ftt/IPT_C_GPU/logs/sparse/primme_vs_ipt_sparse_3044611.log
lrwxrwxrwx 1 nudt_liujie nudt_liujie   72 Jun 22 21:11 latest_sparse_tests.log -> /fs1/home/nudt_liujie/ftt/IPT_C_GPU/logs/sparse/sparse_tests_3046550.log
-rw-r--r-- 1 nudt_liujie nudt_liujie    0 Jun 23 14:54 n2_sto6g_fci_14400_ipt_3049213.err
-rw-r--r-- 1 nudt_liujie nudt_liujie 7.3K Jun 23 14:54 n2_sto6g_fci_14400_ipt_3049213.log
-rw-r--r-- 1 nudt_liujie nudt_liujie 7.3K Jun 23 14:54 n2_sto6g_fci_14400_ipt_3049213.out
-rw-r--r-- 1 nudt_liujie nudt_liujie    0 Jun 23 14:57 n2_sto6g_fci_14400_ipt_3049230.err
-rw-r--r-- 1 nudt_liujie nudt_liujie  12K Jun 23 14:57 n2_sto6g_fci_14400_ipt_3049230.log
-rw-r--r-- 1 nudt_liujie nudt_liujie  12K Jun 23 14:57 n2_sto6g_fci_14400_ipt_3049230.out
-rw-r--r-- 1 nudt_liujie nudt_liujie    0 Jun 23 14:58 n2_sto6g_fci_14400_ipt_3049238.err
-rw-r--r-- 1 nudt_liujie nudt_liujie  20K Jun 23 14:59 n2_sto6g_fci_14400_ipt_3049238.log
-rw-r--r-- 1 nudt_liujie nudt_liujie  20K Jun 23 14:59 n2_sto6g_fci_14400_ipt_3049238.out
-rw-r--r-- 1 nudt_liujie nudt_liujie    0 Jun 23 14:54 nh3_sto6g_fci_3136_ipt_3049211.err
-rw-r--r-- 1 nudt_liujie nudt_liujie 7.3K Jun 23 14:54 nh3_sto6g_fci_3136_ipt_3049211.log
-rw-r--r-- 1 nudt_liujie nudt_liujie 7.3K Jun 23 14:54 nh3_sto6g_fci_3136_ipt_3049211.out
-rw-r--r-- 1 nudt_liujie nudt_liujie    0 Jun 23 14:57 nh3_sto6g_fci_3136_ipt_3049228.err
-rw-r--r-- 1 nudt_liujie nudt_liujie  12K Jun 23 14:57 nh3_sto6g_fci_3136_ipt_3049228.log
-rw-r--r-- 1 nudt_liujie nudt_liujie  12K Jun 23 14:57 nh3_sto6g_fci_3136_ipt_3049228.out
-rw-r--r-- 1 nudt_liujie nudt_liujie    0 Jun 23 14:58 nh3_sto6g_fci_3136_ipt_3049236.err
-rw-r--r-- 1 nudt_liujie nudt_liujie  20K Jun 23 14:59 nh3_sto6g_fci_3136_ipt_3049236.log
-rw-r--r-- 1 nudt_liujie nudt_liujie  20K Jun 23 14:59 nh3_sto6g_fci_3136_ipt_3049236.out
-rw-r--r-- 1 nudt_liujie nudt_liujie    0 Jun 22 09:53 primme_vs_ipt_sparse_3043135.err
-rw-r--r-- 1 nudt_liujie nudt_liujie 3.0K Jun 22 09:53 primme_vs_ipt_sparse_3043135.log
-rw-r--r-- 1 nudt_liujie nudt_liujie 3.0K Jun 22 09:53 primme_vs_ipt_sparse_3043135.out
-rw-rw-r-- 1 nudt_liujie nudt_liujie    0 Jun 22 10:39 primme_vs_ipt_sparse_3044569.err
-rw-rw-r-- 1 nudt_liujie nudt_liujie  128 Jun 22 10:39 primme_vs_ipt_sparse_3044569.log
-rw-rw-r-- 1 nudt_liujie nudt_liujie  128 Jun 22 10:39 primme_vs_ipt_sparse_3044569.out
-rw-rw-r-- 1 nudt_liujie nudt_liujie    0 Jun 22 10:40 primme_vs_ipt_sparse_3044570.err
-rw-rw-r-- 1 nudt_liujie nudt_liujie  128 Jun 22 10:40 primme_vs_ipt_sparse_3044570.log
-rw-rw-r-- 1 nudt_liujie nudt_liujie  128 Jun 22 10:40 primme_vs_ipt_sparse_3044570.out
-rw-rw-r-- 1 nudt_liujie nudt_liujie    0 Jun 22 10:42 primme_vs_ipt_sparse_3044572.err
-rw-rw-r-- 1 nudt_liujie nudt_liujie  128 Jun 22 10:42 primme_vs_ipt_sparse_3044572.log
-rw-rw-r-- 1 nudt_liujie nudt_liujie  128 Jun 22 10:42 primme_vs_ipt_sparse_3044572.out
-rw-rw-r-- 1 nudt_liujie nudt_liujie    0 Jun 22 10:42 primme_vs_ipt_sparse_3044574.err
-rw-rw-r-- 1 nudt_liujie nudt_liujie  128 Jun 22 10:42 primme_vs_ipt_sparse_3044574.log
-rw-rw-r-- 1 nudt_liujie nudt_liujie  128 Jun 22 10:42 primme_vs_ipt_sparse_3044574.out
-rw-rw-r-- 1 nudt_liujie nudt_liujie    0 Jun 22 10:42 primme_vs_ipt_sparse_3044575.err
-rw-rw-r-- 1 nudt_liujie nudt_liujie  128 Jun 22 10:42 primme_vs_ipt_sparse_3044575.log
-rw-rw-r-- 1 nudt_liujie nudt_liujie  128 Jun 22 10:42 primme_vs_ipt_sparse_3044575.out
-rw-rw-r-- 1 nudt_liujie nudt_liujie    0 Jun 22 10:53 primme_vs_ipt_sparse_3044594.err
-rw-rw-r-- 1 nudt_liujie nudt_liujie  128 Jun 22 10:53 primme_vs_ipt_sparse_3044594.log
-rw-rw-r-- 1 nudt_liujie nudt_liujie  128 Jun 22 10:53 primme_vs_ipt_sparse_3044594.out
-rw-rw-r-- 1 nudt_liujie nudt_liujie    0 Jun 22 10:56 primme_vs_ipt_sparse_3044611.err
-rw-rw-r-- 1 nudt_liujie nudt_liujie    0 Jun 22 10:56 primme_vs_ipt_sparse_3044611.log
-rw-rw-r-- 1 nudt_liujie nudt_liujie  128 Jun 22 10:56 primme_vs_ipt_sparse_3044611.out
-rw-r--r-- 1 nudt_liujie nudt_liujie  103 Jun 22 21:14 q_gpu_test_3046563.err
-rw-r--r-- 1 nudt_liujie nudt_liujie    0 Jun 22 21:14 q_gpu_test_3046563.out
-rw-r--r-- 1 nudt_liujie nudt_liujie  102 Jun 22 21:15 q_gpu_test_3046565.err
-rw-r--r-- 1 nudt_liujie nudt_liujie    0 Jun 22 21:15 q_gpu_test_3046565.out
-rw-r--r-- 1 nudt_liujie nudt_liujie  141 Jun 22 21:16 q_gpu_test_3046570.err
-rw-r--r-- 1 nudt_liujie nudt_liujie    0 Jun 22 21:16 q_gpu_test_3046570.out
-rw-r--r-- 1 nudt_liujie nudt_liujie    0 Jun 22 21:17 q_gpu_test_3046575.err
-rw-r--r-- 1 nudt_liujie nudt_liujie  185 Jun 22 21:17 q_gpu_test_3046575.out
-rw-r--r-- 1 nudt_liujie nudt_liujie    0 Jun 21 14:27 sparse_tests_3041618.err
-rw-r--r-- 1 nudt_liujie nudt_liujie 3.7K Jun 21 14:27 sparse_tests_3041618.log
-rw-r--r-- 1 nudt_liujie nudt_liujie 3.7K Jun 21 14:27 sparse_tests_3041618.out
-rw-r--r-- 1 nudt_liujie nudt_liujie    0 Jun 21 14:28 sparse_tests_3041620.err
-rw-r--r-- 1 nudt_liujie nudt_liujie 3.3K Jun 21 14:29 sparse_tests_3041620.log
-rw-r--r-- 1 nudt_liujie nudt_liujie 3.3K Jun 21 14:29 sparse_tests_3041620.out
-rw-r--r-- 1 nudt_liujie nudt_liujie    0 Jun 21 14:29 sparse_tests_3041621.err
-rw-r--r-- 1 nudt_liujie nudt_liujie 4.2K Jun 21 14:29 sparse_tests_3041621.log
-rw-r--r-- 1 nudt_liujie nudt_liujie 4.2K Jun 21 14:29 sparse_tests_3041621.out
-rw-r--r-- 1 nudt_liujie nudt_liujie    0 Jun 22 17:35 sparse_tests_3046009.err
-rw-r--r-- 1 nudt_liujie nudt_liujie 9.0K Jun 22 17:35 sparse_tests_3046009.log
-rw-r--r-- 1 nudt_liujie nudt_liujie 9.0K Jun 22 17:35 sparse_tests_3046009.out
-rw-r--r-- 1 nudt_liujie nudt_liujie    0 Jun 22 19:36 sparse_tests_3046276.err
-rw-r--r-- 1 nudt_liujie nudt_liujie 9.3K Jun 22 19:36 sparse_tests_3046276.log
-rw-r--r-- 1 nudt_liujie nudt_liujie 9.3K Jun 22 19:36 sparse_tests_3046276.out
-rw-r--r-- 1 nudt_liujie nudt_liujie    0 Jun 22 21:11 sparse_tests_3046550.err
-rw-r--r-- 1 nudt_liujie nudt_liujie  11K Jun 22 21:11 sparse_tests_3046550.log
-rw-r--r-- 1 nudt_liujie nudt_liujie  11K Jun 22 21:11 sparse_tests_3046550.out
-rw-r--r-- 1 nudt_liujie nudt_liujie  977 Jun 22 21:07 sparse_tests_manual.log

/fs1/home/nudt_liujie/ftt/IPT_C_GPU/results/sparse:
total 48K
-rw-r--r-- 1 nudt_liujie nudt_liujie  717 Jun 23 14:59 ch4_sto6g_fci_15876_ipt_summary.txt
-rw-r--r-- 1 nudt_liujie nudt_liujie  212 Jun 23 14:59 ch4_sto6g_fci_15876_ipt_trials.csv
-rw-r--r-- 1 nudt_liujie nudt_liujie  680 Jun 23 14:59 co_sto6g_fci_14400_ipt_summary.txt
-rw-r--r-- 1 nudt_liujie nudt_liujie  192 Jun 23 14:59 co_sto6g_fci_14400_ipt_trials.csv
-rw-r--r-- 1 nudt_liujie nudt_liujie  784 Jun 22 12:45 h20_fci_primme_vs_ipt_summary.txt
-rw-r--r-- 1 nudt_liujie nudt_liujie 1.3K Jun 22 12:45 h20_fci_primme_vs_ipt_trials.csv
-rw-r--r-- 1 nudt_liujie nudt_liujie  838 Jun 23 13:16 h2o_631g_cas10e10o_fci_63504_primme_vs_ipt_summary.txt
-rw-r--r-- 1 nudt_liujie nudt_liujie  199 Jun 23 13:16 h2o_631g_cas10e10o_fci_63504_primme_vs_ipt_trials.csv
-rw-r--r-- 1 nudt_liujie nudt_liujie  846 Jun 22 23:22 h2o_631g_fc_fci_245025_primme_vs_ipt_summary.txt
-rw-r--r-- 1 nudt_liujie nudt_liujie  192 Jun 22 23:22 h2o_631g_fc_fci_245025_primme_vs_ipt_trials.csv
-rw-r--r-- 1 nudt_liujie nudt_liujie 1.1K Jun 22 21:11 h2o_fci_pyscf_441_primme_vs_ipt_summary.txt
-rw-r--r-- 1 nudt_liujie nudt_liujie  332 Jun 22 21:11 h2o_fci_pyscf_441_primme_vs_ipt_trials.csv
-rw-r--r-- 1 nudt_liujie nudt_liujie  679 Jun 23 14:59 n2_sto6g_fci_14400_ipt_summary.txt
-rw-r--r-- 1 nudt_liujie nudt_liujie  190 Jun 23 14:59 n2_sto6g_fci_14400_ipt_trials.csv
-rw-r--r-- 1 nudt_liujie nudt_liujie  714 Jun 23 14:59 nh3_sto6g_fci_3136_ipt_summary.txt
-rw-r--r-- 1 nudt_liujie nudt_liujie  213 Jun 23 14:59 nh3_sto6g_fci_3136_ipt_trials.csv
-rw-r--r-- 1 nudt_liujie nudt_liujie  322 Jun 22 21:11 sparse_runtests_summary.csv
-rw-r--r-- 1 nudt_liujie nudt_liujie  277 Jun 22 21:11 sparse_runtests_summary.txt
finished at: Tue Jun 23 14:59:12 CST 2026
