===== CH4/STO-6G full FCI IPT sparse benchmark =====
Sun Jun 28 23:17:41 CST 2026
gn37
SLURM_JOB_ID=3071116
CUDA_VISIBLE_DEVICES=0
IPT_REPEATS=1
IPT_TOL=1e-12
IPT_MAXITER=1000
IPT_K=30
RUN_PRIMME=0
RUN_WARMUP=0
IPT_EST_NNZ_PER_COL=800
Currently Loaded Modulefiles:
 1) GCC/12.2.0   2) CUDA/12.2  
numpy 1.21.5 /fs1/software/hpcsystem/THL7/software/pyscf/2.0.1-py3.8/lib/python3.8/site-packages/numpy/__init__.py
scipy 1.7.3 /fs1/software/hpcsystem/THL7/software/pyscf/2.0.1-py3.8/lib/python3.8/site-packages/scipy/__init__.py
pyscf 2.0.1 /fs1/software/hpcsystem/THL7/software/pyscf/2.0.1-py3.8/lib/python3.8/site-packages/pyscf/__init__.py
nvcc: NVIDIA (R) Cuda compiler driver
Copyright (c) 2005-2023 NVIDIA Corporation
Built on Tue_Jun_13_19:16:58_PDT_2023
Cuda compilation tools, release 12.2, V12.2.91
Build cuda_12.2.r12.2/compiler.32965470_0
Sun Jun 28 23:17:44 2026       
+---------------------------------------------------------------------------------------+
| NVIDIA-SMI 535.104.12             Driver Version: 535.104.12   CUDA Version: 12.2     |
|-----------------------------------------+----------------------+----------------------+
| GPU  Name                 Persistence-M | Bus-Id        Disp.A | Volatile Uncorr. ECC |
| Fan  Temp   Perf          Pwr:Usage/Cap |         Memory-Usage | GPU-Util  Compute M. |
|                                         |                      |               MIG M. |
|=========================================+======================+======================|
|   0  NVIDIA A100 80GB PCIe          Off | 00000000:CA:00.0 Off |                    0 |
| N/A   41C    P0              66W / 300W |      4MiB / 81920MiB |     26%      Default |
|                                         |                      |             Disabled |
+-----------------------------------------+----------------------+----------------------+
                                                                                         
+---------------------------------------------------------------------------------------+
| Processes:                                                                            |
|  GPU   GI   CI        PID   Type   Process name                            GPU Memory |
|        ID   ID                                                             Usage      |
|=======================================================================================|
|  No running processes found                                                           |
+---------------------------------------------------------------------------------------+
===== build =====
+ nvcc -O3 -std=c++14 -lineinfo -arch=sm_80 -I/fs1/home/nudt_liujie/ftt/primme-3.2.3/include -I/fs1/software/python/3.8_miniconda_4.10.3/include/python3.8 /fs1/home/nudt_liujie/ftt/IPT_C_GPU/test/sparse/CH4/benchmark_ch4_sto6g_fci_15876_ipt.cu /fs1/home/nudt_liujie/ftt/primme-3.2.3/lib/libprimme.a -o /fs1/home/nudt_liujie/ftt/IPT_C_GPU/test/sparse/CH4/benchmark_ch4_sto6g_fci_15876_ipt_cuda -lcublas -lcusparse -lcusolver -lcudart -L/fs1/software/python/3.8_miniconda_4.10.3/lib -lpython3.8 -L/fs1/home/nudt_liujie/ftt/IPT_C_GPU/test/sparse/CH4 -lopenblas -lpthread -ldl -lutil -lrt -Xlinker -rpath -Xlinker /fs1/software/gcc/12.2.0/lib64 -Xlinker -rpath -Xlinker /fs1/software/python/3.8_miniconda_4.10.3/lib -Xlinker -rpath -Xlinker /fs1/software/cp2k/8.1-gcc8.4-openmpi/lib -lgfortran /fs1/software/gcc/12.2.0/lib64/libstdc++.so -lm
/fs1/home/nudt_liujie/ftt/IPT_C_GPU/test/sparse/CH4/benchmark_ch4_sto6g_fci_15876_ipt.cu(845): warning #177-D: function "primme_matvec" was declared but never referenced
  static void primme_matvec(void *x, int64_t *ldx, void *y, int64_t *ldy,
              ^

Remark: The warnings can be suppressed with "-diag-suppress <warning-number>"

+ set +x
===== run =====
Generating CH4/STO-6G full FCI integrals with PySCF...
PYSCF_SITE_PACKAGES=/fs1/software/hpcsystem/THL7/software/pyscf/2.0.1-py3.8/lib/python3.8/site-packages
Generated CI strings: na=126 nb=126 n=15876
Link counts per string: one=25 two=600
CSC generation progress 5000/15876 columns nnz=2803856 elapsed=0.45 sec
CSC generation progress 10000/15876 columns nnz=5607749 elapsed=0.88 sec
CSC generation progress 15000/15876 columns nnz=8411815 elapsed=1.32 sec
CSC generation progress 15876/15876 columns nnz=8903125 elapsed=1.40 sec
CH4/STO-6G full FCI CSC benchmark: n=15876 nnz=8903125 k=30 repeats=1 tol=1.000e-12 run_primme=0
Matrix/integral generation time 0.527274 sec is excluded from PRIMME/IPT timings.
[IPT preparation] union target=1 row=2 gap=1.4210854715202004e-14 gap_floor=3.9307629536836811e-11 coupling=0.052057748738643224 coupling_gap_ratio=1324367542.6893332 ratio_tol=0.20000000000000001 allowed_gap=0.26028874369321608
[IPT preparation] union target=1 row=3 gap=0.0006816036507757417 gap_floor=3.9307629536836811e-11 coupling=0.0014930102627424956 coupling_gap_ratio=2.1904375967518392 ratio_tol=0.20000000000000001 allowed_gap=0.0074650513137124782
[IPT preparation] union target=1 row=4 gap=0.00068160365078284713 gap_floor=3.9307629536836811e-11 coupling=0.015466825695209175 coupling_gap_ratio=22.691817565010034 ratio_tol=0.20000000000000001 allowed_gap=0.077334128476045871
[IPT preparation] union target=1 row=5 gap=0.0010115422691612252 gap_floor=3.9307629536836811e-11 coupling=0.0011912314281294903 coupling_gap_ratio=1.1776388040781172 ratio_tol=0.20000000000000001 allowed_gap=0.0059561571406474513
[IPT preparation] union target=1 row=6 gap=0.0010115422691754361 gap_floor=3.9307629536836811e-11 coupling=0.012448403569267449 coupling_gap_ratio=12.306360246729808 ratio_tol=0.20000000000000001 allowed_gap=0.062242017846337247
[IPT preparation] union target=1 row=7 gap=0.0024729157877203534 gap_floor=3.9307629536836811e-11 coupling=0.016585338461377573 coupling_gap_ratio=6.7067946849361562 ratio_tol=0.20000000000000001 allowed_gap=0.082926692306887859
[IPT preparation] union target=1 row=8 gap=0.0024729157877274588 gap_floor=3.9307629536836811e-11 coupling=0.0056982506446616524 coupling_gap_ratio=2.3042639271991496 ratio_tol=0.20000000000000001 allowed_gap=0.028491253223308262
[IPT preparation] union target=1 row=9 gap=0.0031545194385032005 gap_floor=3.9307629536836811e-11 coupling=0.021196792335834335 coupling_gap_ratio=6.7194996731077614 ratio_tol=0.20000000000000001 allowed_gap=0.10598396167917166
[IPT preparation] union target=1 row=10 gap=0.0031545194385174113 gap_floor=3.9307629536836811e-11 coupling=0.0021714011103131326 coupling_gap_ratio=0.68834608650681406 ratio_tol=0.20000000000000001 allowed_gap=0.010857005551565662
[IPT preparation] union target=1 row=11 gap=0.0034844580569100003 gap_floor=3.9307629536836811e-11 coupling=0.0025771187406353059 coupling_gap_ratio=0.73960389206713018 ratio_tol=0.20000000000000001 allowed_gap=0.012885593703176528
[IPT preparation] union target=1 row=12 gap=0.0034844580569171058 gap_floor=3.9307629536836811e-11 coupling=0.013952708812099339 coupling_gap_ratio=4.0042694112507347 ratio_tol=0.20000000000000001 allowed_gap=0.069763544060496688
[IPT preparation] union target=1 row=14 gap=0.0087391393499913761 gap_floor=3.9307629536836811e-11 coupling=0.0068231748486086326 coupling_gap_ratio=0.78076050459309421 ratio_tol=0.20000000000000001 allowed_gap=0.034115874243043159
[IPT preparation] union target=1 row=15 gap=0.0094207430007386961 gap_floor=3.9307629536836811e-11 coupling=0.017081003685137625 coupling_gap_ratio=1.8131270202146768 ratio_tol=0.20000000000000001 allowed_gap=0.085405018425688123
[IPT preparation] union target=1 row=16 gap=0.0094207430007671178 gap_floor=3.9307629536836811e-11 coupling=0.0052757704354931311 coupling_gap_ratio=0.56001638459551784 ratio_tol=0.20000000000000001 allowed_gap=0.026378852177465655
[IPT preparation] union target=1 row=17 gap=0.0097506816191383905 gap_floor=3.9307629536836811e-11 coupling=0.036240040064717545 coupling_gap_ratio=3.7166673551915093 ratio_tol=0.20000000000000001 allowed_gap=0.18120020032358772
[IPT preparation] union target=1 row=18 gap=0.0097506816191881285 gap_floor=3.9307629536836811e-11 coupling=0.0027217459965752579 coupling_gap_ratio=0.27913392138855198 ratio_tol=0.20000000000000001 allowed_gap=0.013608729982876289
[IPT preparation] union target=1 row=19 gap=0.049388138993336383 gap_floor=3.9307629536836811e-11 coupling=0.01890931924315559 coupling_gap_ratio=0.382871669768867 ratio_tol=0.20000000000000001 allowed_gap=0.094546596215777948
[IPT preparation] union target=1 row=20 gap=0.049388138993350594 gap_floor=3.9307629536836811e-11 coupling=0.022362188071539821 coupling_gap_ratio=0.4527845860835244 ratio_tol=0.20000000000000001 allowed_gap=0.1118109403576991
[IPT preparation] union target=1 row=21 gap=0.049388138993350594 gap_floor=3.9307629536836811e-11 coupling=0.016397740409230081 coupling_gap_ratio=0.33201778288179279 ratio_tol=0.20000000000000001 allowed_gap=0.0819887020461504
[IPT preparation] union target=1 row=22 gap=0.0493881389933577 gap_floor=3.9307629536836811e-11 coupling=0.013865821505151253 coupling_gap_ratio=0.28075205480036597 ratio_tol=0.20000000000000001 allowed_gap=0.069329107525756259
[IPT preparation] union target=2 row=1 gap=1.4210854715202004e-14 gap_floor=3.9307629536836811e-11 coupling=0.052057748738643224 coupling_gap_ratio=1324367542.6893332 ratio_tol=0.20000000000000001 allowed_gap=0.26028874369321608
[IPT preparation] union target=2 row=3 gap=0.00068160365076153084 gap_floor=3.9307629536836798e-11 coupling=0.01546682569520914 coupling_gap_ratio=22.691817565719639 ratio_tol=0.20000000000000001 allowed_gap=0.077334128476045691
[IPT preparation] union target=2 row=4 gap=0.00068160365076863627 gap_floor=3.9307629536836798e-11 coupling=0.0014930102627424956 coupling_gap_ratio=2.1904375967746739 ratio_tol=0.20000000000000001 allowed_gap=0.0074650513137124782
[IPT preparation] union target=2 row=5 gap=0.0010115422691470144 gap_floor=3.9307629536836798e-11 coupling=0.012448403569267423 coupling_gap_ratio=12.306360247075558 ratio_tol=0.20000000000000001 allowed_gap=0.062242017846337115
[IPT preparation] union target=2 row=6 gap=0.0010115422691612252 gap_floor=3.9307629536836798e-11 coupling=0.001191231428129492 coupling_gap_ratio=1.1776388040781189 ratio_tol=0.20000000000000001 allowed_gap=0.0059561571406474599
[IPT preparation] union target=2 row=7 gap=0.0024729157877061425 gap_floor=3.9307629536836798e-11 coupling=0.0056982506446616524 coupling_gap_ratio=2.304263927219012 ratio_tol=0.20000000000000001 allowed_gap=0.028491253223308262
[IPT preparation] union target=2 row=8 gap=0.0024729157877132479 gap_floor=3.9307629536836798e-11 coupling=0.016585338461377566 coupling_gap_ratio=6.7067946849554234 ratio_tol=0.20000000000000001 allowed_gap=0.082926692306887831
[IPT preparation] union target=2 row=9 gap=0.0031545194384889896 gap_floor=3.9307629536836798e-11 coupling=0.00217140111031316 coupling_gap_ratio=0.68834608651302465 ratio_tol=0.20000000000000001 allowed_gap=0.010857005551565799
[IPT preparation] union target=2 row=10 gap=0.0031545194385032005 gap_floor=3.9307629536836798e-11 coupling=0.021196792335834321 coupling_gap_ratio=6.719499673107757 ratio_tol=0.20000000000000001 allowed_gap=0.1059839616791716
[IPT preparation] union target=2 row=11 gap=0.0034844580568957895 gap_floor=3.9307629536836798e-11 coupling=0.013952708812099358 coupling_gap_ratio=4.0042694112752368 ratio_tol=0.20000000000000001 allowed_gap=0.069763544060496785
[IPT preparation] union target=2 row=12 gap=0.0034844580569028949 gap_floor=3.9307629536836798e-11 coupling=0.0025771187406351116 coupling_gap_ratio=0.73960389206858257 ratio_tol=0.20000000000000001 allowed_gap=0.012885593703175557
[IPT preparation] union target=2 row=13 gap=0.0087391393499629544 gap_floor=3.9307629536836798e-11 coupling=0.0068231748486086326 coupling_gap_ratio=0.78076050459563351 ratio_tol=0.20000000000000001 allowed_gap=0.034115874243043159
[IPT preparation] union target=2 row=15 gap=0.0094207430007244852 gap_floor=3.9307629536836798e-11 coupling=0.0052757704354932594 coupling_gap_ratio=0.5600163845980658 ratio_tol=0.20000000000000001 allowed_gap=0.026378852177466296
[IPT preparation] union target=2 row=16 gap=0.0094207430007529069 gap_floor=3.9307629536836798e-11 coupling=0.017081003685137611 coupling_gap_ratio=1.8131270202119403 ratio_tol=0.20000000000000001 allowed_gap=0.085405018425688053
[IPT preparation] union target=2 row=17 gap=0.0097506816191241796 gap_floor=3.9307629536836798e-11 coupling=0.002721745996575195 coupling_gap_ratio=0.27913392139037624 ratio_tol=0.20000000000000001 allowed_gap=0.013608729982875975
[IPT preparation] union target=2 row=18 gap=0.0097506816191739176 gap_floor=3.9307629536836798e-11 coupling=0.036240040064717587 coupling_gap_ratio=3.7166673551779716 ratio_tol=0.20000000000000001 allowed_gap=0.18120020032358791
[IPT preparation] union target=2 row=19 gap=0.049388138993322173 gap_floor=3.9307629536836798e-11 coupling=0.022362188071539935 coupling_gap_ratio=0.4527845860837873 ratio_tol=0.20000000000000001 allowed_gap=0.11181094035769967
[IPT preparation] union target=2 row=20 gap=0.049388138993336383 gap_floor=3.9307629536836798e-11 coupling=0.018909319243155615 coupling_gap_ratio=0.3828716697688675 ratio_tol=0.20000000000000001 allowed_gap=0.094546596215778073
[IPT preparation] union target=2 row=21 gap=0.049388138993336383 gap_floor=3.9307629536836798e-11 coupling=0.013865821505151268 coupling_gap_ratio=0.28075205480048748 ratio_tol=0.20000000000000001 allowed_gap=0.069329107525756342
[IPT preparation] union target=2 row=22 gap=0.049388138993343489 gap_floor=3.9307629536836798e-11 coupling=0.016397740409230081 coupling_gap_ratio=0.33201778288184053 ratio_tol=0.20000000000000001 allowed_gap=0.0819887020461504
[IPT preparation] union target=3 row=1 gap=0.0006816036507757417 gap_floor=3.9307629536836811e-11 coupling=0.0014930102627424956 coupling_gap_ratio=2.1904375967518392 ratio_tol=0.20000000000000001 allowed_gap=0.0074650513137124782
[IPT preparation] union target=3 row=2 gap=0.00068160365076153084 gap_floor=3.9307629536836798e-11 coupling=0.01546682569520914 coupling_gap_ratio=22.691817565719639 ratio_tol=0.20000000000000001 allowed_gap=0.077334128476045691
[IPT preparation] union target=3 row=4 gap=7.1054273576010019e-15 gap_floor=3.9306947933186037e-11 coupling=0.043040085924428526 coupling_gap_ratio=1094973997.9198608 ratio_tol=0.20000000000000001 allowed_gap=0.21520042962214261
[IPT preparation] union target=3 row=6 gap=0.00032993861839969441 gap_floor=3.9306947933186037e-11 coupling=0.021970930366643059 coupling_gap_ratio=66.59096311068086 ratio_tol=0.20000000000000001 allowed_gap=0.10985465183321529
[IPT preparation] union target=3 row=7 gap=0.0017913121369446117 gap_floor=3.9306947933186037e-11 coupling=0.024533849696072182 coupling_gap_ratio=13.69602158667827 ratio_tol=0.20000000000000001 allowed_gap=0.12266924848036091
[IPT preparation] union target=3 row=8 gap=0.0017913121369517171 gap_floor=3.9306947933186037e-11 coupling=0.0016052227527844753 coupling_gap_ratio=0.89611560133572765 ratio_tol=0.20000000000000001 allowed_gap=0.0080261137639223764
[IPT preparation] union target=3 row=9 gap=0.0024729157877274588 gap_floor=3.9306947933186037e-11 coupling=0.0070476930750839181 coupling_gap_ratio=2.8499527198055348 ratio_tol=0.20000000000000001 allowed_gap=0.035238465375419588
[IPT preparation] union target=3 row=10 gap=0.0024729157877416696 gap_floor=3.9306947933186037e-11 coupling=0.004156204567004931 coupling_gap_ratio=1.6806898915067723 ratio_tol=0.20000000000000001 allowed_gap=0.020781022835024653
[IPT preparation] union target=3 row=11 gap=0.0028028544061342586 gap_floor=3.9306947933186037e-11 coupling=0.0041131163587085177 coupling_gap_ratio=1.4674741398292583 ratio_tol=0.20000000000000001 allowed_gap=0.020565581793542589
[IPT preparation] union target=3 row=12 gap=0.0028028544061413641 gap_floor=3.9306947933186037e-11 coupling=0.00123222338138324 coupling_gap_ratio=0.43963160508205573 ratio_tol=0.20000000000000001 allowed_gap=0.0061611169069161996
[IPT preparation] union target=3 row=13 gap=0.0080575356992014235 gap_floor=3.9306947933186037e-11 coupling=0.012372850032475138 coupling_gap_ratio=1.5355625459656856 ratio_tol=0.20000000000000001 allowed_gap=0.061864250162375692
[IPT preparation] union target=3 row=14 gap=0.0080575356992156344 gap_floor=3.9306947933186037e-11 coupling=0.0054567448641862394 coupling_gap_ratio=0.67722254891373668 ratio_tol=0.20000000000000001 allowed_gap=0.027283724320931197
[IPT preparation] union target=3 row=15 gap=0.0087391393499629544 gap_floor=3.9306947933186037e-11 coupling=0.0017699932259854958 coupling_gap_ratio=0.20253633168041874 ratio_tol=0.20000000000000001 allowed_gap=0.0088499661299274793
[IPT preparation] union target=3 row=16 gap=0.0087391393499913761 gap_floor=3.9306947933186037e-11 coupling=0.0059473232497866697 coupling_gap_ratio=0.68053878209328911 ratio_tol=0.20000000000000001 allowed_gap=0.029736616248933347
[IPT preparation] union target=3 row=17 gap=0.0090690779683626488 gap_floor=3.9306947933186037e-11 coupling=0.033400459424045133 coupling_gap_ratio=3.6828947265159884 ratio_tol=0.20000000000000001 allowed_gap=0.16700229712022566
[IPT preparation] union target=3 row=18 gap=0.0090690779684123868 gap_floor=3.9306947933186037e-11 coupling=0.0026196039285526791 coupling_gap_ratio=0.28885008351199137 ratio_tol=0.20000000000000001 allowed_gap=0.013098019642763395
[IPT preparation] union target=3 row=19 gap=0.048706535342560642 gap_floor=3.9306947933186037e-11 coupling=0.012549713522812117 coupling_gap_ratio=0.25765974595704721 ratio_tol=0.20000000000000001 allowed_gap=0.062748567614060585
[IPT preparation] union target=3 row=20 gap=0.048706535342574853 gap_floor=3.9306947933186037e-11 coupling=0.014841309220722815 coupling_gap_ratio=0.30470878530647372 ratio_tol=0.20000000000000001 allowed_gap=0.074206546103614074
[IPT preparation] union target=3 row=21 gap=0.048706535342574853 gap_floor=3.9306947933186037e-11 coupling=0.01653115308546696 coupling_gap_ratio=0.33940318212321952 ratio_tol=0.20000000000000001 allowed_gap=0.082655765427334799
[IPT preparation] union target=3 row=22 gap=0.048706535342581958 gap_floor=3.9306947933186037e-11 coupling=0.013978634387232021 coupling_gap_ratio=0.28699709985347949 ratio_tol=0.20000000000000001 allowed_gap=0.069893171936160098
[IPT preparation] union target=3 row=23 gap=0.048706535342581958 gap_floor=3.9306947933186037e-11 coupling=0.010008714564731373 coupling_gap_ratio=0.20549017692049221 ratio_tol=0.20000000000000001 allowed_gap=0.050043572823656859
[IPT preparation] union target=4 row=1 gap=0.00068160365078284713 gap_floor=3.9307629536836811e-11 coupling=0.015466825695209175 coupling_gap_ratio=22.691817565010034 ratio_tol=0.20000000000000001 allowed_gap=0.077334128476045871
[IPT preparation] union target=4 row=2 gap=0.00068160365076863627 gap_floor=3.9307629536836798e-11 coupling=0.0014930102627424956 coupling_gap_ratio=2.1904375967746739 ratio_tol=0.20000000000000001 allowed_gap=0.0074650513137124782
[IPT preparation] union target=4 row=3 gap=7.1054273576010019e-15 gap_floor=3.9306947933186037e-11 coupling=0.043040085924428526 coupling_gap_ratio=1094973997.9198608 ratio_tol=0.20000000000000001 allowed_gap=0.21520042962214261
[IPT preparation] target_vs_all_candidates=1259 unions=513 max_coupling_gap_ratio=2420216835.2606025 at target=13 row=14 gap=1.4210854715202004e-14 coupling=0.095111836147058856
[IPT preparation] union log truncated after 64 pairs
IPT block-cluster: clusters=2 basis_cols=31 maxiter=300 tol=1.000e-12 damping=1.000e+00
IPT block-cluster: block[0]=0:0 size=1
IPT block-cluster: block[1]=1:30 size=30
repeat 1 IPT_GPU_BLOCK k=30 solve=1.632179e+00 preparation=5.559737e+00 setup=2.217208e+00 iteration=1.580419e+00 rr=5.176023e-02 api_total=9.422406e+00 fp_residual=1.518e+00 max_abs_residual=9.840e-01 first_eigenvalue=-40.1907762526009 status=0
wrote /fs1/home/nudt_liujie/ftt/IPT_C_GPU/results/sparse/ch4_k30_ipt_iter500_abs/ch4_sto6g_fci_15876_ipt_trials.csv
wrote /fs1/home/nudt_liujie/ftt/IPT_C_GPU/results/sparse/ch4_k30_ipt_iter500_abs/ch4_sto6g_fci_15876_ipt_summary.txt
===== output files =====
/fs1/home/nudt_liujie/ftt/IPT_C_GPU/logs/sparse:
total 4.0M
-rw-r--r-- 1 nudt_liujie nudt_liujie    0 Jun 23 14:54 ch4_sto6g_fci_15876_ipt_3049212.err
-rw-r--r-- 1 nudt_liujie nudt_liujie 7.3K Jun 23 14:54 ch4_sto6g_fci_15876_ipt_3049212.log
-rw-r--r-- 1 nudt_liujie nudt_liujie 7.3K Jun 23 14:54 ch4_sto6g_fci_15876_ipt_3049212.out
-rw-r--r-- 1 nudt_liujie nudt_liujie    0 Jun 23 14:57 ch4_sto6g_fci_15876_ipt_3049229.err
-rw-r--r-- 1 nudt_liujie nudt_liujie  12K Jun 23 14:57 ch4_sto6g_fci_15876_ipt_3049229.log
-rw-r--r-- 1 nudt_liujie nudt_liujie  12K Jun 23 14:57 ch4_sto6g_fci_15876_ipt_3049229.out
-rw-r--r-- 1 nudt_liujie nudt_liujie    0 Jun 23 14:58 ch4_sto6g_fci_15876_ipt_3049237.err
-rw-r--r-- 1 nudt_liujie nudt_liujie  20K Jun 23 14:59 ch4_sto6g_fci_15876_ipt_3049237.log
-rw-r--r-- 1 nudt_liujie nudt_liujie  20K Jun 23 14:59 ch4_sto6g_fci_15876_ipt_3049237.out
-rw-r--r-- 1 nudt_liujie nudt_liujie    0 Jun 28 19:57 ch4_sto6g_fci_15876_ipt_3070461.err
-rw-r--r-- 1 nudt_liujie nudt_liujie  27K Jun 28 19:57 ch4_sto6g_fci_15876_ipt_3070461.log
-rw-r--r-- 1 nudt_liujie nudt_liujie  27K Jun 28 19:57 ch4_sto6g_fci_15876_ipt_3070461.out
-rw-r--r-- 1 nudt_liujie nudt_liujie    0 Jun 28 20:00 ch4_sto6g_fci_15876_ipt_3070476.err
-rw-r--r-- 1 nudt_liujie nudt_liujie  28K Jun 28 20:01 ch4_sto6g_fci_15876_ipt_3070476.log
-rw-r--r-- 1 nudt_liujie nudt_liujie  28K Jun 28 20:01 ch4_sto6g_fci_15876_ipt_3070476.out
-rw-r--r-- 1 nudt_liujie nudt_liujie    0 Jun 28 20:13 ch4_sto6g_fci_15876_ipt_3070522.err
-rw-r--r-- 1 nudt_liujie nudt_liujie  28K Jun 28 20:14 ch4_sto6g_fci_15876_ipt_3070522.log
-rw-r--r-- 1 nudt_liujie nudt_liujie  28K Jun 28 20:14 ch4_sto6g_fci_15876_ipt_3070522.out
-rw-r--r-- 1 nudt_liujie nudt_liujie    0 Jun 28 20:13 ch4_sto6g_fci_15876_ipt_3070525.err
-rw-r--r-- 1 nudt_liujie nudt_liujie  30K Jun 28 20:14 ch4_sto6g_fci_15876_ipt_3070525.log
-rw-r--r-- 1 nudt_liujie nudt_liujie  30K Jun 28 20:14 ch4_sto6g_fci_15876_ipt_3070525.out
-rw-r--r-- 1 nudt_liujie nudt_liujie    0 Jun 28 20:39 ch4_sto6g_fci_15876_ipt_3070595.err
-rw-r--r-- 1 nudt_liujie nudt_liujie 104K Jun 28 20:40 ch4_sto6g_fci_15876_ipt_3070595.log
-rw-r--r-- 1 nudt_liujie nudt_liujie 104K Jun 28 20:40 ch4_sto6g_fci_15876_ipt_3070595.out
-rw-rw-r-- 1 nudt_liujie nudt_liujie    0 Jun 28 20:54 ch4_sto6g_fci_15876_ipt_3070722.err
-rw-rw-r-- 1 nudt_liujie nudt_liujie  30K Jun 28 20:54 ch4_sto6g_fci_15876_ipt_3070722.log
-rw-rw-r-- 1 nudt_liujie nudt_liujie  30K Jun 28 20:54 ch4_sto6g_fci_15876_ipt_3070722.out
-rw-rw-r-- 1 nudt_liujie nudt_liujie    0 Jun 28 20:57 ch4_sto6g_fci_15876_ipt_3070731.err
-rw-rw-r-- 1 nudt_liujie nudt_liujie  31K Jun 28 20:58 ch4_sto6g_fci_15876_ipt_3070731.log
-rw-rw-r-- 1 nudt_liujie nudt_liujie  31K Jun 28 20:58 ch4_sto6g_fci_15876_ipt_3070731.out
-rw-rw-r-- 1 nudt_liujie nudt_liujie    0 Jun 28 21:11 ch4_sto6g_fci_15876_ipt_3070753.err
-rw-rw-r-- 1 nudt_liujie nudt_liujie  31K Jun 28 21:11 ch4_sto6g_fci_15876_ipt_3070753.log
-rw-rw-r-- 1 nudt_liujie nudt_liujie  31K Jun 28 21:11 ch4_sto6g_fci_15876_ipt_3070753.out
-rw-rw-r-- 1 nudt_liujie nudt_liujie    0 Jun 28 21:11 ch4_sto6g_fci_15876_ipt_3070754.err
-rw-rw-r-- 1 nudt_liujie nudt_liujie  31K Jun 28 21:12 ch4_sto6g_fci_15876_ipt_3070754.log
-rw-rw-r-- 1 nudt_liujie nudt_liujie  31K Jun 28 21:12 ch4_sto6g_fci_15876_ipt_3070754.out
-rw-rw-r-- 1 nudt_liujie nudt_liujie    0 Jun 28 21:18 ch4_sto6g_fci_15876_ipt_3070766.err
-rw-rw-r-- 1 nudt_liujie nudt_liujie  31K Jun 28 21:20 ch4_sto6g_fci_15876_ipt_3070766.log
-rw-rw-r-- 1 nudt_liujie nudt_liujie  31K Jun 28 21:20 ch4_sto6g_fci_15876_ipt_3070766.out
-rw-rw-r-- 1 nudt_liujie nudt_liujie    0 Jun 28 21:21 ch4_sto6g_fci_15876_ipt_3070772.err
-rw-rw-r-- 1 nudt_liujie nudt_liujie  31K Jun 28 21:22 ch4_sto6g_fci_15876_ipt_3070772.log
-rw-rw-r-- 1 nudt_liujie nudt_liujie  31K Jun 28 21:22 ch4_sto6g_fci_15876_ipt_3070772.out
-rw-r--r-- 1 nudt_liujie nudt_liujie    0 Jun 28 22:25 ch4_sto6g_fci_15876_ipt_3070890.err
-rw-r--r-- 1 nudt_liujie nudt_liujie  45K Jun 28 22:26 ch4_sto6g_fci_15876_ipt_3070890.log
-rw-r--r-- 1 nudt_liujie nudt_liujie  45K Jun 28 22:26 ch4_sto6g_fci_15876_ipt_3070890.out
-rw-r--r-- 1 nudt_liujie nudt_liujie    0 Jun 28 22:27 ch4_sto6g_fci_15876_ipt_3070896.err
-rw-r--r-- 1 nudt_liujie nudt_liujie  45K Jun 28 22:27 ch4_sto6g_fci_15876_ipt_3070896.log
-rw-r--r-- 1 nudt_liujie nudt_liujie  45K Jun 28 22:27 ch4_sto6g_fci_15876_ipt_3070896.out
-rw-rw-r-- 1 nudt_liujie nudt_liujie    0 Jun 28 22:32 ch4_sto6g_fci_15876_ipt_3070911.err
-rw-rw-r-- 1 nudt_liujie nudt_liujie  32K Jun 28 22:34 ch4_sto6g_fci_15876_ipt_3070911.log
-rw-rw-r-- 1 nudt_liujie nudt_liujie  32K Jun 28 22:34 ch4_sto6g_fci_15876_ipt_3070911.out
-rw-r--r-- 1 nudt_liujie nudt_liujie    0 Jun 28 23:02 ch4_sto6g_fci_15876_ipt_3071015.err
-rw-r--r-- 1 nudt_liujie nudt_liujie  46K Jun 28 23:02 ch4_sto6g_fci_15876_ipt_3071015.log
-rw-r--r-- 1 nudt_liujie nudt_liujie  46K Jun 28 23:02 ch4_sto6g_fci_15876_ipt_3071015.out
-rw-rw-r-- 1 nudt_liujie nudt_liujie    0 Jun 28 23:15 ch4_sto6g_fci_15876_ipt_3071109.err
-rw-rw-r-- 1 nudt_liujie nudt_liujie  46K Jun 28 23:15 ch4_sto6g_fci_15876_ipt_3071109.log
-rw-rw-r-- 1 nudt_liujie nudt_liujie  46K Jun 28 23:15 ch4_sto6g_fci_15876_ipt_3071109.out
-rw-rw-r-- 1 nudt_liujie nudt_liujie    0 Jun 28 23:17 ch4_sto6g_fci_15876_ipt_3071116.err
-rw-rw-r-- 1 nudt_liujie nudt_liujie  20K Jun 28 23:18 ch4_sto6g_fci_15876_ipt_3071116.log
-rw-rw-r-- 1 nudt_liujie nudt_liujie  20K Jun 28 23:18 ch4_sto6g_fci_15876_ipt_3071116.out
-rw-r--r-- 1 nudt_liujie nudt_liujie    0 Jun 23 14:54 co_sto6g_fci_14400_ipt_3049214.err
-rw-r--r-- 1 nudt_liujie nudt_liujie 7.3K Jun 23 14:54 co_sto6g_fci_14400_ipt_3049214.log
-rw-r--r-- 1 nudt_liujie nudt_liujie 7.3K Jun 23 14:54 co_sto6g_fci_14400_ipt_3049214.out
-rw-r--r-- 1 nudt_liujie nudt_liujie    0 Jun 23 14:57 co_sto6g_fci_14400_ipt_3049231.err
-rw-r--r-- 1 nudt_liujie nudt_liujie 3.8K Jun 23 14:57 co_sto6g_fci_14400_ipt_3049231.log
-rw-r--r-- 1 nudt_liujie nudt_liujie 4.0K Jun 23 14:57 co_sto6g_fci_14400_ipt_3049231.out
-rw-r--r-- 1 nudt_liujie nudt_liujie    0 Jun 23 14:58 co_sto6g_fci_14400_ipt_3049239.err
-rw-r--r-- 1 nudt_liujie nudt_liujie  20K Jun 23 14:59 co_sto6g_fci_14400_ipt_3049239.log
-rw-r--r-- 1 nudt_liujie nudt_liujie  20K Jun 23 14:59 co_sto6g_fci_14400_ipt_3049239.out
-rw-r--r-- 1 nudt_liujie nudt_liujie    0 Jun 28 19:57 co_sto6g_fci_14400_ipt_3070463.err
-rw-r--r-- 1 nudt_liujie nudt_liujie  27K Jun 28 19:57 co_sto6g_fci_14400_ipt_3070463.log
-rw-r--r-- 1 nudt_liujie nudt_liujie  27K Jun 28 19:57 co_sto6g_fci_14400_ipt_3070463.out
-rw-r--r-- 1 nudt_liujie nudt_liujie    0 Jun 28 20:13 co_sto6g_fci_14400_ipt_3070524.err
-rw-r--r-- 1 nudt_liujie nudt_liujie  28K Jun 28 20:13 co_sto6g_fci_14400_ipt_3070524.log
-rw-r--r-- 1 nudt_liujie nudt_liujie  28K Jun 28 20:13 co_sto6g_fci_14400_ipt_3070524.out
drwxr-xr-x 2 nudt_liujie nudt_liujie 4.0K Jun 24 15:32 debug
-rw-r--r-- 1 nudt_liujie nudt_liujie    0 Jun 22 12:45 h20_fci_primme_vs_ipt_3044994.err
-rw-r--r-- 1 nudt_liujie nudt_liujie 7.8K Jun 22 12:45 h20_fci_primme_vs_ipt_3044994.log
-rw-r--r-- 1 nudt_liujie nudt_liujie 7.8K Jun 22 12:45 h20_fci_primme_vs_ipt_3044994.out
-rw-r--r-- 1 nudt_liujie nudt_liujie    0 Jun 23 13:14 h2o_631g_cas10e10o_fci_63504_primme_vs_ipt_3048878.err
-rw-r--r-- 1 nudt_liujie nudt_liujie  16K Jun 23 13:15 h2o_631g_cas10e10o_fci_63504_primme_vs_ipt_3048878.log
-rw-r--r-- 1 nudt_liujie nudt_liujie  16K Jun 23 13:15 h2o_631g_cas10e10o_fci_63504_primme_vs_ipt_3048878.out
-rw-r--r-- 1 nudt_liujie nudt_liujie    0 Jun 23 13:16 h2o_631g_cas10e10o_fci_63504_primme_vs_ipt_3048880.err
-rw-r--r-- 1 nudt_liujie nudt_liujie  16K Jun 23 13:16 h2o_631g_cas10e10o_fci_63504_primme_vs_ipt_3048880.log
-rw-r--r-- 1 nudt_liujie nudt_liujie  16K Jun 23 13:16 h2o_631g_cas10e10o_fci_63504_primme_vs_ipt_3048880.out
-rw-r--r-- 1 nudt_liujie nudt_liujie    0 Jun 22 23:11 h2o_631g_fc_fci_245025_primme_vs_ipt_3046899.err
-rw-r--r-- 1 nudt_liujie nudt_liujie  17K Jun 22 23:13 h2o_631g_fc_fci_245025_primme_vs_ipt_3046899.log
-rw-r--r-- 1 nudt_liujie nudt_liujie  17K Jun 22 23:13 h2o_631g_fc_fci_245025_primme_vs_ipt_3046899.out
-rw-r--r-- 1 nudt_liujie nudt_liujie    0 Jun 22 23:17 h2o_631g_fc_fci_245025_primme_vs_ipt_3046908.err
-rw-r--r-- 1 nudt_liujie nudt_liujie  18K Jun 22 23:18 h2o_631g_fc_fci_245025_primme_vs_ipt_3046908.log
-rw-r--r-- 1 nudt_liujie nudt_liujie  18K Jun 22 23:18 h2o_631g_fc_fci_245025_primme_vs_ipt_3046908.out
-rw-r--r-- 1 nudt_liujie nudt_liujie    0 Jun 22 23:21 h2o_631g_fc_fci_245025_primme_vs_ipt_3046918.err
-rw-r--r-- 1 nudt_liujie nudt_liujie  18K Jun 22 23:22 h2o_631g_fc_fci_245025_primme_vs_ipt_3046918.log
-rw-r--r-- 1 nudt_liujie nudt_liujie  18K Jun 22 23:22 h2o_631g_fc_fci_245025_primme_vs_ipt_3046918.out
-rw-r--r-- 1 nudt_liujie nudt_liujie    0 Jun 22 23:21 h2o_631g_fc_fci_245025_primme_vs_ipt_3046919.err
-rw-r--r-- 1 nudt_liujie nudt_liujie  18K Jun 22 23:22 h2o_631g_fc_fci_245025_primme_vs_ipt_3046919.log
-rw-r--r-- 1 nudt_liujie nudt_liujie  18K Jun 22 23:22 h2o_631g_fc_fci_245025_primme_vs_ipt_3046919.out
-rw-r--r-- 1 nudt_liujie nudt_liujie 6.7K Jun 22 23:10 h2o_631g_fc_fci_245025_primme_vs_ipt_manual.log
-rw-r--r-- 1 nudt_liujie nudt_liujie    0 Jun 22 14:57 h2o_fci_pyscf_441_primme_vs_ipt_3045534.err
-rw-r--r-- 1 nudt_liujie nudt_liujie 4.0K Jun 22 14:57 h2o_fci_pyscf_441_primme_vs_ipt_3045534.log
-rw-r--r-- 1 nudt_liujie nudt_liujie 4.0K Jun 22 14:57 h2o_fci_pyscf_441_primme_vs_ipt_3045534.out
-rw-r--r-- 1 nudt_liujie nudt_liujie    0 Jun 22 14:58 h2o_fci_pyscf_441_primme_vs_ipt_3045539.err
-rw-r--r-- 1 nudt_liujie nudt_liujie 9.7K Jun 22 14:58 h2o_fci_pyscf_441_primme_vs_ipt_3045539.log
-rw-r--r-- 1 nudt_liujie nudt_liujie 9.7K Jun 22 14:58 h2o_fci_pyscf_441_primme_vs_ipt_3045539.out
-rw-r--r-- 1 nudt_liujie nudt_liujie    0 Jun 22 17:32 h2o_fci_pyscf_441_primme_vs_ipt_3046000.err
-rw-r--r-- 1 nudt_liujie nudt_liujie  12K Jun 22 17:32 h2o_fci_pyscf_441_primme_vs_ipt_3046000.log
-rw-r--r-- 1 nudt_liujie nudt_liujie  12K Jun 22 17:32 h2o_fci_pyscf_441_primme_vs_ipt_3046000.out
-rw-r--r-- 1 nudt_liujie nudt_liujie    0 Jun 22 17:34 h2o_fci_pyscf_441_primme_vs_ipt_3046008.err
-rw-r--r-- 1 nudt_liujie nudt_liujie  11K Jun 22 17:34 h2o_fci_pyscf_441_primme_vs_ipt_3046008.log
-rw-r--r-- 1 nudt_liujie nudt_liujie  11K Jun 22 17:34 h2o_fci_pyscf_441_primme_vs_ipt_3046008.out
-rw-r--r-- 1 nudt_liujie nudt_liujie    0 Jun 22 19:37 h2o_fci_pyscf_441_primme_vs_ipt_3046277.err
-rw-r--r-- 1 nudt_liujie nudt_liujie  11K Jun 22 19:38 h2o_fci_pyscf_441_primme_vs_ipt_3046277.log
-rw-r--r-- 1 nudt_liujie nudt_liujie  11K Jun 22 19:38 h2o_fci_pyscf_441_primme_vs_ipt_3046277.out
-rw-r--r-- 1 nudt_liujie nudt_liujie    0 Jun 22 21:11 h2o_fci_pyscf_441_primme_vs_ipt_3046551.err
-rw-r--r-- 1 nudt_liujie nudt_liujie  12K Jun 22 21:11 h2o_fci_pyscf_441_primme_vs_ipt_3046551.log
-rw-r--r-- 1 nudt_liujie nudt_liujie  12K Jun 22 21:11 h2o_fci_pyscf_441_primme_vs_ipt_3046551.out
-rw-r--r-- 1 nudt_liujie nudt_liujie    0 Jun 24 14:50 h2o_fci_pyscf_441_primme_vs_ipt_3052571.err
-rw-r--r-- 1 nudt_liujie nudt_liujie  26K Jun 24 14:50 h2o_fci_pyscf_441_primme_vs_ipt_3052571.log
-rw-r--r-- 1 nudt_liujie nudt_liujie  26K Jun 24 14:50 h2o_fci_pyscf_441_primme_vs_ipt_3052571.out
-rw-r--r-- 1 nudt_liujie nudt_liujie    0 Jun 24 14:51 h2o_fci_pyscf_441_primme_vs_ipt_3052577.err
-rw-r--r-- 1 nudt_liujie nudt_liujie  26K Jun 24 14:51 h2o_fci_pyscf_441_primme_vs_ipt_3052577.log
-rw-r--r-- 1 nudt_liujie nudt_liujie  26K Jun 24 14:51 h2o_fci_pyscf_441_primme_vs_ipt_3052577.out
-rw-r--r-- 1 nudt_liujie nudt_liujie  21K Jun 24 15:42 h2o_fci_pyscf_441_primme_vs_ipt_manual.log
lrwxrwxrwx 1 nudt_liujie nudt_liujie   83 Jun 28 23:17 latest_ch4_sto6g_fci_15876_ipt.log -> /fs1/home/nudt_liujie/ftt/IPT_C_GPU/logs/sparse/ch4_sto6g_fci_15876_ipt_3071116.log
lrwxrwxrwx 1 nudt_liujie nudt_liujie   82 Jun 28 20:13 latest_co_sto6g_fci_14400_ipt.log -> /fs1/home/nudt_liujie/ftt/IPT_C_GPU/logs/sparse/co_sto6g_fci_14400_ipt_3070524.log
lrwxrwxrwx 1 nudt_liujie nudt_liujie   81 Jun 22 12:45 latest_h20_fci_primme_vs_ipt.log -> /fs1/home/nudt_liujie/ftt/IPT_C_GPU/logs/sparse/h20_fci_primme_vs_ipt_3044994.log
lrwxrwxrwx 1 nudt_liujie nudt_liujie  102 Jun 23 13:16 latest_h2o_631g_cas10e10o_fci_63504_primme_vs_ipt.log -> /fs1/home/nudt_liujie/ftt/IPT_C_GPU/logs/sparse/h2o_631g_cas10e10o_fci_63504_primme_vs_ipt_3048880.log
lrwxrwxrwx 1 nudt_liujie nudt_liujie   96 Jun 22 23:21 latest_h2o_631g_fc_fci_245025_primme_vs_ipt.log -> /fs1/home/nudt_liujie/ftt/IPT_C_GPU/logs/sparse/h2o_631g_fc_fci_245025_primme_vs_ipt_3046919.log
lrwxrwxrwx 1 nudt_liujie nudt_liujie   90 Jun 24 15:41 latest_h2o_fci_pyscf_441_primme_vs_ipt.log -> /fs1/home/nudt_liujie/ftt/IPT_C_GPU/logs/sparse/h2o_fci_pyscf_441_primme_vs_ipt_manual.log
lrwxrwxrwx 1 nudt_liujie nudt_liujie   82 Jun 28 20:13 latest_n2_sto6g_fci_14400_ipt.log -> /fs1/home/nudt_liujie/ftt/IPT_C_GPU/logs/sparse/n2_sto6g_fci_14400_ipt_3070523.log
lrwxrwxrwx 1 nudt_liujie nudt_liujie   82 Jun 28 17:41 latest_nh3_sto6g_fci_3136_ipt.log -> /fs1/home/nudt_liujie/ftt/IPT_C_GPU/logs/sparse/nh3_sto6g_fci_3136_ipt_3069863.log
lrwxrwxrwx 1 nudt_liujie nudt_liujie   80 Jun 22 10:56 latest_primme_vs_ipt_sparse.log -> /fs1/home/nudt_liujie/ftt/IPT_C_GPU/logs/sparse/primme_vs_ipt_sparse_3044611.log
lrwxrwxrwx 1 nudt_liujie nudt_liujie   72 Jun 22 21:11 latest_sparse_tests.log -> /fs1/home/nudt_liujie/ftt/IPT_C_GPU/logs/sparse/sparse_tests_3046550.log
-rw-r--r-- 1 nudt_liujie nudt_liujie    0 Jun 23 14:54 n2_sto6g_fci_14400_ipt_3049213.err
-rw-r--r-- 1 nudt_liujie nudt_liujie 7.3K Jun 23 14:54 n2_sto6g_fci_14400_ipt_3049213.log
-rw-r--r-- 1 nudt_liujie nudt_liujie 7.3K Jun 23 14:54 n2_sto6g_fci_14400_ipt_3049213.out
-rw-r--r-- 1 nudt_liujie nudt_liujie    0 Jun 23 14:57 n2_sto6g_fci_14400_ipt_3049230.err
-rw-r--r-- 1 nudt_liujie nudt_liujie  12K Jun 23 14:57 n2_sto6g_fci_14400_ipt_3049230.log
-rw-r--r-- 1 nudt_liujie nudt_liujie  12K Jun 23 14:57 n2_sto6g_fci_14400_ipt_3049230.out
-rw-r--r-- 1 nudt_liujie nudt_liujie    0 Jun 23 14:58 n2_sto6g_fci_14400_ipt_3049238.err
-rw-r--r-- 1 nudt_liujie nudt_liujie  20K Jun 23 14:59 n2_sto6g_fci_14400_ipt_3049238.log
-rw-r--r-- 1 nudt_liujie nudt_liujie  20K Jun 23 14:59 n2_sto6g_fci_14400_ipt_3049238.out
-rw-r--r-- 1 nudt_liujie nudt_liujie    0 Jun 28 19:57 n2_sto6g_fci_14400_ipt_3070462.err
-rw-r--r-- 1 nudt_liujie nudt_liujie  27K Jun 28 19:57 n2_sto6g_fci_14400_ipt_3070462.log
-rw-r--r-- 1 nudt_liujie nudt_liujie  27K Jun 28 19:57 n2_sto6g_fci_14400_ipt_3070462.out
-rw-r--r-- 1 nudt_liujie nudt_liujie    0 Jun 28 20:13 n2_sto6g_fci_14400_ipt_3070523.err
-rw-r--r-- 1 nudt_liujie nudt_liujie  29K Jun 28 20:14 n2_sto6g_fci_14400_ipt_3070523.log
-rw-r--r-- 1 nudt_liujie nudt_liujie  29K Jun 28 20:14 n2_sto6g_fci_14400_ipt_3070523.out
-rw-r--r-- 1 nudt_liujie nudt_liujie    0 Jun 23 14:54 nh3_sto6g_fci_3136_ipt_3049211.err
-rw-r--r-- 1 nudt_liujie nudt_liujie 7.3K Jun 23 14:54 nh3_sto6g_fci_3136_ipt_3049211.log
-rw-r--r-- 1 nudt_liujie nudt_liujie 7.3K Jun 23 14:54 nh3_sto6g_fci_3136_ipt_3049211.out
-rw-r--r-- 1 nudt_liujie nudt_liujie    0 Jun 23 14:57 nh3_sto6g_fci_3136_ipt_3049228.err
-rw-r--r-- 1 nudt_liujie nudt_liujie  12K Jun 23 14:57 nh3_sto6g_fci_3136_ipt_3049228.log
-rw-r--r-- 1 nudt_liujie nudt_liujie  12K Jun 23 14:57 nh3_sto6g_fci_3136_ipt_3049228.out
-rw-r--r-- 1 nudt_liujie nudt_liujie    0 Jun 23 14:58 nh3_sto6g_fci_3136_ipt_3049236.err
-rw-r--r-- 1 nudt_liujie nudt_liujie  20K Jun 23 14:59 nh3_sto6g_fci_3136_ipt_3049236.log
-rw-r--r-- 1 nudt_liujie nudt_liujie  20K Jun 23 14:59 nh3_sto6g_fci_3136_ipt_3049236.out
-rw-r--r-- 1 nudt_liujie nudt_liujie    0 Jun 23 16:10 nh3_sto6g_fci_3136_ipt_3049472.err
-rw-r--r-- 1 nudt_liujie nudt_liujie  20K Jun 23 16:11 nh3_sto6g_fci_3136_ipt_3049472.log
-rw-r--r-- 1 nudt_liujie nudt_liujie  20K Jun 23 16:11 nh3_sto6g_fci_3136_ipt_3049472.out
-rw-r--r-- 1 nudt_liujie nudt_liujie    0 Jun 23 16:41 nh3_sto6g_fci_3136_ipt_3049583.err
-rw-r--r-- 1 nudt_liujie nudt_liujie  22K Jun 23 16:42 nh3_sto6g_fci_3136_ipt_3049583.log
-rw-r--r-- 1 nudt_liujie nudt_liujie  22K Jun 23 16:42 nh3_sto6g_fci_3136_ipt_3049583.out
-rw-r--r-- 1 nudt_liujie nudt_liujie    0 Jun 23 16:43 nh3_sto6g_fci_3136_ipt_3049587.err
-rw-r--r-- 1 nudt_liujie nudt_liujie  23K Jun 23 16:43 nh3_sto6g_fci_3136_ipt_3049587.log
-rw-r--r-- 1 nudt_liujie nudt_liujie  23K Jun 23 16:43 nh3_sto6g_fci_3136_ipt_3049587.out
-rw-r--r-- 1 nudt_liujie nudt_liujie    0 Jun 23 16:45 nh3_sto6g_fci_3136_ipt_3049597.err
-rw-r--r-- 1 nudt_liujie nudt_liujie  24K Jun 23 16:45 nh3_sto6g_fci_3136_ipt_3049597.log
-rw-r--r-- 1 nudt_liujie nudt_liujie  24K Jun 23 16:45 nh3_sto6g_fci_3136_ipt_3049597.out
-rw-r--r-- 1 nudt_liujie nudt_liujie    0 Jun 24 14:04 nh3_sto6g_fci_3136_ipt_3052140.err
-rw-r--r-- 1 nudt_liujie nudt_liujie  24K Jun 24 14:05 nh3_sto6g_fci_3136_ipt_3052140.log
-rw-r--r-- 1 nudt_liujie nudt_liujie  24K Jun 24 14:05 nh3_sto6g_fci_3136_ipt_3052140.out
-rw-r--r-- 1 nudt_liujie nudt_liujie    0 Jun 27 21:16 nh3_sto6g_fci_3136_ipt_3066052.err
-rw-r--r-- 1 nudt_liujie nudt_liujie  24K Jun 27 21:17 nh3_sto6g_fci_3136_ipt_3066052.log
-rw-r--r-- 1 nudt_liujie nudt_liujie  24K Jun 27 21:17 nh3_sto6g_fci_3136_ipt_3066052.out
-rw-r--r-- 1 nudt_liujie nudt_liujie    0 Jun 27 21:17 nh3_sto6g_fci_3136_ipt_3066056.err
-rw-r--r-- 1 nudt_liujie nudt_liujie  25K Jun 27 21:17 nh3_sto6g_fci_3136_ipt_3066056.log
-rw-r--r-- 1 nudt_liujie nudt_liujie  25K Jun 27 21:17 nh3_sto6g_fci_3136_ipt_3066056.out
-rw-r--r-- 1 nudt_liujie nudt_liujie    0 Jun 27 21:19 nh3_sto6g_fci_3136_ipt_3066064.err
-rw-r--r-- 1 nudt_liujie nudt_liujie  25K Jun 27 21:19 nh3_sto6g_fci_3136_ipt_3066064.log
-rw-r--r-- 1 nudt_liujie nudt_liujie  25K Jun 27 21:19 nh3_sto6g_fci_3136_ipt_3066064.out
-rw-r--r-- 1 nudt_liujie nudt_liujie    0 Jun 27 21:20 nh3_sto6g_fci_3136_ipt_3066077.err
-rw-r--r-- 1 nudt_liujie nudt_liujie  25K Jun 27 21:20 nh3_sto6g_fci_3136_ipt_3066077.log
-rw-r--r-- 1 nudt_liujie nudt_liujie  25K Jun 27 21:20 nh3_sto6g_fci_3136_ipt_3066077.out
-rw-r--r-- 1 nudt_liujie nudt_liujie    0 Jun 27 22:09 nh3_sto6g_fci_3136_ipt_3066324.err
-rw-r--r-- 1 nudt_liujie nudt_liujie  30K Jun 27 22:09 nh3_sto6g_fci_3136_ipt_3066324.log
-rw-r--r-- 1 nudt_liujie nudt_liujie  30K Jun 27 22:09 nh3_sto6g_fci_3136_ipt_3066324.out
-rw-r--r-- 1 nudt_liujie nudt_liujie    0 Jun 27 22:12 nh3_sto6g_fci_3136_ipt_3066327.err
-rw-r--r-- 1 nudt_liujie nudt_liujie  30K Jun 27 22:13 nh3_sto6g_fci_3136_ipt_3066327.log
-rw-r--r-- 1 nudt_liujie nudt_liujie  30K Jun 27 22:13 nh3_sto6g_fci_3136_ipt_3066327.out
-rw-r--r-- 1 nudt_liujie nudt_liujie    0 Jun 27 22:13 nh3_sto6g_fci_3136_ipt_3066340.err
-rw-r--r-- 1 nudt_liujie nudt_liujie  30K Jun 27 22:14 nh3_sto6g_fci_3136_ipt_3066340.log
-rw-r--r-- 1 nudt_liujie nudt_liujie  30K Jun 27 22:14 nh3_sto6g_fci_3136_ipt_3066340.out
-rw-r--r-- 1 nudt_liujie nudt_liujie    0 Jun 27 22:15 nh3_sto6g_fci_3136_ipt_3066355.err
-rw-r--r-- 1 nudt_liujie nudt_liujie  31K Jun 27 22:16 nh3_sto6g_fci_3136_ipt_3066355.log
-rw-r--r-- 1 nudt_liujie nudt_liujie  31K Jun 27 22:16 nh3_sto6g_fci_3136_ipt_3066355.out
-rw-r--r-- 1 nudt_liujie nudt_liujie    0 Jun 28 12:44 nh3_sto6g_fci_3136_ipt_3068790.err
-rw-r--r-- 1 nudt_liujie nudt_liujie  31K Jun 28 12:46 nh3_sto6g_fci_3136_ipt_3068790.log
-rw-r--r-- 1 nudt_liujie nudt_liujie  31K Jun 28 12:46 nh3_sto6g_fci_3136_ipt_3068790.out
-rw-r--r-- 1 nudt_liujie nudt_liujie    0 Jun 28 12:48 nh3_sto6g_fci_3136_ipt_3068796.err
-rw-r--r-- 1 nudt_liujie nudt_liujie  33K Jun 28 12:48 nh3_sto6g_fci_3136_ipt_3068796.log
-rw-r--r-- 1 nudt_liujie nudt_liujie  33K Jun 28 12:48 nh3_sto6g_fci_3136_ipt_3068796.out
-rw-r--r-- 1 nudt_liujie nudt_liujie    0 Jun 28 12:50 nh3_sto6g_fci_3136_ipt_3068807.err
-rw-r--r-- 1 nudt_liujie nudt_liujie  32K Jun 28 12:50 nh3_sto6g_fci_3136_ipt_3068807.log
-rw-r--r-- 1 nudt_liujie nudt_liujie  32K Jun 28 12:50 nh3_sto6g_fci_3136_ipt_3068807.out
-rw-r--r-- 1 nudt_liujie nudt_liujie    0 Jun 28 12:51 nh3_sto6g_fci_3136_ipt_3068809.err
-rw-r--r-- 1 nudt_liujie nudt_liujie  32K Jun 28 12:52 nh3_sto6g_fci_3136_ipt_3068809.log
-rw-r--r-- 1 nudt_liujie nudt_liujie  32K Jun 28 12:52 nh3_sto6g_fci_3136_ipt_3068809.out
-rw-r--r-- 1 nudt_liujie nudt_liujie    0 Jun 28 12:53 nh3_sto6g_fci_3136_ipt_3068812.err
-rw-r--r-- 1 nudt_liujie nudt_liujie  32K Jun 28 12:53 nh3_sto6g_fci_3136_ipt_3068812.log
-rw-r--r-- 1 nudt_liujie nudt_liujie  32K Jun 28 12:53 nh3_sto6g_fci_3136_ipt_3068812.out
-rw-r--r-- 1 nudt_liujie nudt_liujie    0 Jun 28 12:59 nh3_sto6g_fci_3136_ipt_3068829.err
-rw-r--r-- 1 nudt_liujie nudt_liujie  32K Jun 28 13:00 nh3_sto6g_fci_3136_ipt_3068829.log
-rw-r--r-- 1 nudt_liujie nudt_liujie  32K Jun 28 13:00 nh3_sto6g_fci_3136_ipt_3068829.out
-rw-r--r-- 1 nudt_liujie nudt_liujie    0 Jun 28 13:17 nh3_sto6g_fci_3136_ipt_3068934.err
-rw-r--r-- 1 nudt_liujie nudt_liujie  32K Jun 28 13:17 nh3_sto6g_fci_3136_ipt_3068934.log
-rw-r--r-- 1 nudt_liujie nudt_liujie  32K Jun 28 13:17 nh3_sto6g_fci_3136_ipt_3068934.out
-rw-r--r-- 1 nudt_liujie nudt_liujie    0 Jun 28 13:19 nh3_sto6g_fci_3136_ipt_3068946.err
-rw-r--r-- 1 nudt_liujie nudt_liujie  29K Jun 28 13:20 nh3_sto6g_fci_3136_ipt_3068946.log
-rw-r--r-- 1 nudt_liujie nudt_liujie  29K Jun 28 13:20 nh3_sto6g_fci_3136_ipt_3068946.out
-rw-r--r-- 1 nudt_liujie nudt_liujie    0 Jun 28 13:22 nh3_sto6g_fci_3136_ipt_3068954.err
-rw-r--r-- 1 nudt_liujie nudt_liujie  28K Jun 28 13:22 nh3_sto6g_fci_3136_ipt_3068954.log
-rw-r--r-- 1 nudt_liujie nudt_liujie  28K Jun 28 13:22 nh3_sto6g_fci_3136_ipt_3068954.out
-rw-r--r-- 1 nudt_liujie nudt_liujie    0 Jun 28 13:24 nh3_sto6g_fci_3136_ipt_3068962.err
-rw-r--r-- 1 nudt_liujie nudt_liujie  29K Jun 28 13:24 nh3_sto6g_fci_3136_ipt_3068962.log
-rw-r--r-- 1 nudt_liujie nudt_liujie  29K Jun 28 13:24 nh3_sto6g_fci_3136_ipt_3068962.out
-rw-r--r-- 1 nudt_liujie nudt_liujie    0 Jun 28 17:41 nh3_sto6g_fci_3136_ipt_3069863.err
-rw-r--r-- 1 nudt_liujie nudt_liujie  53K Jun 28 17:42 nh3_sto6g_fci_3136_ipt_3069863.log
-rw-r--r-- 1 nudt_liujie nudt_liujie  53K Jun 28 17:42 nh3_sto6g_fci_3136_ipt_3069863.out
-rw-r--r-- 1 nudt_liujie nudt_liujie  22K Jun 27 21:13 nh3_sto6g_fci_3136_ipt_manual.log
-rw-r--r-- 1 nudt_liujie nudt_liujie    0 Jun 22 09:53 primme_vs_ipt_sparse_3043135.err
-rw-r--r-- 1 nudt_liujie nudt_liujie 3.0K Jun 22 09:53 primme_vs_ipt_sparse_3043135.log
-rw-r--r-- 1 nudt_liujie nudt_liujie 3.0K Jun 22 09:53 primme_vs_ipt_sparse_3043135.out
-rw-rw-r-- 1 nudt_liujie nudt_liujie    0 Jun 22 10:39 primme_vs_ipt_sparse_3044569.err
-rw-rw-r-- 1 nudt_liujie nudt_liujie  128 Jun 22 10:39 primme_vs_ipt_sparse_3044569.log
-rw-rw-r-- 1 nudt_liujie nudt_liujie  128 Jun 22 10:39 primme_vs_ipt_sparse_3044569.out
-rw-rw-r-- 1 nudt_liujie nudt_liujie    0 Jun 22 10:40 primme_vs_ipt_sparse_3044570.err
-rw-rw-r-- 1 nudt_liujie nudt_liujie  128 Jun 22 10:40 primme_vs_ipt_sparse_3044570.log
-rw-rw-r-- 1 nudt_liujie nudt_liujie  128 Jun 22 10:40 primme_vs_ipt_sparse_3044570.out
-rw-rw-r-- 1 nudt_liujie nudt_liujie    0 Jun 22 10:42 primme_vs_ipt_sparse_3044572.err
-rw-rw-r-- 1 nudt_liujie nudt_liujie  128 Jun 22 10:42 primme_vs_ipt_sparse_3044572.log
-rw-rw-r-- 1 nudt_liujie nudt_liujie  128 Jun 22 10:42 primme_vs_ipt_sparse_3044572.out
-rw-rw-r-- 1 nudt_liujie nudt_liujie    0 Jun 22 10:42 primme_vs_ipt_sparse_3044574.err
-rw-rw-r-- 1 nudt_liujie nudt_liujie  128 Jun 22 10:42 primme_vs_ipt_sparse_3044574.log
-rw-rw-r-- 1 nudt_liujie nudt_liujie  128 Jun 22 10:42 primme_vs_ipt_sparse_3044574.out
-rw-rw-r-- 1 nudt_liujie nudt_liujie    0 Jun 22 10:42 primme_vs_ipt_sparse_3044575.err
-rw-rw-r-- 1 nudt_liujie nudt_liujie  128 Jun 22 10:42 primme_vs_ipt_sparse_3044575.log
-rw-rw-r-- 1 nudt_liujie nudt_liujie  128 Jun 22 10:42 primme_vs_ipt_sparse_3044575.out
-rw-rw-r-- 1 nudt_liujie nudt_liujie    0 Jun 22 10:53 primme_vs_ipt_sparse_3044594.err
-rw-rw-r-- 1 nudt_liujie nudt_liujie  128 Jun 22 10:53 primme_vs_ipt_sparse_3044594.log
-rw-rw-r-- 1 nudt_liujie nudt_liujie  128 Jun 22 10:53 primme_vs_ipt_sparse_3044594.out
-rw-rw-r-- 1 nudt_liujie nudt_liujie    0 Jun 22 10:56 primme_vs_ipt_sparse_3044611.err
-rw-rw-r-- 1 nudt_liujie nudt_liujie    0 Jun 22 10:56 primme_vs_ipt_sparse_3044611.log
-rw-rw-r-- 1 nudt_liujie nudt_liujie  128 Jun 22 10:56 primme_vs_ipt_sparse_3044611.out
-rw-r--r-- 1 nudt_liujie nudt_liujie  103 Jun 22 21:14 q_gpu_test_3046563.err
-rw-r--r-- 1 nudt_liujie nudt_liujie    0 Jun 22 21:14 q_gpu_test_3046563.out
-rw-r--r-- 1 nudt_liujie nudt_liujie  102 Jun 22 21:15 q_gpu_test_3046565.err
-rw-r--r-- 1 nudt_liujie nudt_liujie    0 Jun 22 21:15 q_gpu_test_3046565.out
-rw-r--r-- 1 nudt_liujie nudt_liujie  141 Jun 22 21:16 q_gpu_test_3046570.err
-rw-r--r-- 1 nudt_liujie nudt_liujie    0 Jun 22 21:16 q_gpu_test_3046570.out
-rw-r--r-- 1 nudt_liujie nudt_liujie    0 Jun 22 21:17 q_gpu_test_3046575.err
-rw-r--r-- 1 nudt_liujie nudt_liujie  185 Jun 22 21:17 q_gpu_test_3046575.out
-rw-r--r-- 1 nudt_liujie nudt_liujie    0 Jun 21 14:27 sparse_tests_3041618.err
-rw-r--r-- 1 nudt_liujie nudt_liujie 3.7K Jun 21 14:27 sparse_tests_3041618.log
-rw-r--r-- 1 nudt_liujie nudt_liujie 3.7K Jun 21 14:27 sparse_tests_3041618.out
-rw-r--r-- 1 nudt_liujie nudt_liujie    0 Jun 21 14:28 sparse_tests_3041620.err
-rw-r--r-- 1 nudt_liujie nudt_liujie 3.3K Jun 21 14:29 sparse_tests_3041620.log
-rw-r--r-- 1 nudt_liujie nudt_liujie 3.3K Jun 21 14:29 sparse_tests_3041620.out
-rw-r--r-- 1 nudt_liujie nudt_liujie    0 Jun 21 14:29 sparse_tests_3041621.err
-rw-r--r-- 1 nudt_liujie nudt_liujie 4.2K Jun 21 14:29 sparse_tests_3041621.log
-rw-r--r-- 1 nudt_liujie nudt_liujie 4.2K Jun 21 14:29 sparse_tests_3041621.out
-rw-r--r-- 1 nudt_liujie nudt_liujie    0 Jun 22 17:35 sparse_tests_3046009.err
-rw-r--r-- 1 nudt_liujie nudt_liujie 9.0K Jun 22 17:35 sparse_tests_3046009.log
-rw-r--r-- 1 nudt_liujie nudt_liujie 9.0K Jun 22 17:35 sparse_tests_3046009.out
-rw-r--r-- 1 nudt_liujie nudt_liujie    0 Jun 22 19:36 sparse_tests_3046276.err
-rw-r--r-- 1 nudt_liujie nudt_liujie 9.3K Jun 22 19:36 sparse_tests_3046276.log
-rw-r--r-- 1 nudt_liujie nudt_liujie 9.3K Jun 22 19:36 sparse_tests_3046276.out
-rw-r--r-- 1 nudt_liujie nudt_liujie    0 Jun 22 21:11 sparse_tests_3046550.err
-rw-r--r-- 1 nudt_liujie nudt_liujie  11K Jun 22 21:11 sparse_tests_3046550.log
-rw-r--r-- 1 nudt_liujie nudt_liujie  11K Jun 22 21:11 sparse_tests_3046550.out
-rw-r--r-- 1 nudt_liujie nudt_liujie  977 Jun 22 21:07 sparse_tests_manual.log

/fs1/home/nudt_liujie/ftt/IPT_C_GPU/results/sparse/ch4_k30_ipt_iter500_abs:
total 1.0K
-rw-rw-r-- 1 nudt_liujie nudt_liujie 1.4K Jun 28 23:18 ch4_sto6g_fci_15876_ipt_summary.txt
-rw-rw-r-- 1 nudt_liujie nudt_liujie  545 Jun 28 23:18 ch4_sto6g_fci_15876_ipt_trials.csv
finished at: Sun Jun 28 23:18:04 CST 2026
