===== N2/STO-6G full FCI IPT sparse benchmark =====
Sun Jun 28 20:13:34 CST 2026
gn35
SLURM_JOB_ID=3070523
CUDA_VISIBLE_DEVICES=0
IPT_REPEATS=1
IPT_TOL=1e-12
IPT_MAXITER=1000
RUN_PRIMME=0
RUN_WARMUP=0
IPT_EST_NNZ_PER_COL=900
Currently Loaded Modulefiles:
 1) GCC/12.2.0   2) CUDA/12.2  
numpy 1.21.5 /fs1/software/hpcsystem/THL7/software/pyscf/2.0.1-py3.8/lib/python3.8/site-packages/numpy/__init__.py
scipy 1.7.3 /fs1/software/hpcsystem/THL7/software/pyscf/2.0.1-py3.8/lib/python3.8/site-packages/scipy/__init__.py
pyscf 2.0.1 /fs1/software/hpcsystem/THL7/software/pyscf/2.0.1-py3.8/lib/python3.8/site-packages/pyscf/__init__.py
nvcc: NVIDIA (R) Cuda compiler driver
Copyright (c) 2005-2023 NVIDIA Corporation
Built on Tue_Jun_13_19:16:58_PDT_2023
Cuda compilation tools, release 12.2, V12.2.91
Build cuda_12.2.r12.2/compiler.32965470_0
Sun Jun 28 20:13:46 2026       
+---------------------------------------------------------------------------------------+
| NVIDIA-SMI 535.104.12             Driver Version: 535.104.12   CUDA Version: 12.2     |
|-----------------------------------------+----------------------+----------------------+
| GPU  Name                 Persistence-M | Bus-Id        Disp.A | Volatile Uncorr. ECC |
| Fan  Temp   Perf          Pwr:Usage/Cap |         Memory-Usage | GPU-Util  Compute M. |
|                                         |                      |               MIG M. |
|=========================================+======================+======================|
|   0  NVIDIA A100 80GB PCIe          Off | 00000000:CA:00.0 Off |                    0 |
| N/A   37C    P0              65W / 300W |      4MiB / 81920MiB |     25%      Default |
|                                         |                      |             Disabled |
+-----------------------------------------+----------------------+----------------------+
                                                                                         
+---------------------------------------------------------------------------------------+
| Processes:                                                                            |
|  GPU   GI   CI        PID   Type   Process name                            GPU Memory |
|        ID   ID                                                             Usage      |
|=======================================================================================|
|  No running processes found                                                           |
+---------------------------------------------------------------------------------------+
===== build =====
+ nvcc -O3 -std=c++14 -lineinfo -arch=sm_80 -I/fs1/home/nudt_liujie/ftt/primme-3.2.3/include -I/fs1/software/python/3.8_miniconda_4.10.3/include/python3.8 /fs1/home/nudt_liujie/ftt/IPT_C_GPU/test/sparse/N2/benchmark_n2_sto6g_fci_14400_ipt.cu /fs1/home/nudt_liujie/ftt/primme-3.2.3/lib/libprimme.a -o /fs1/home/nudt_liujie/ftt/IPT_C_GPU/test/sparse/N2/benchmark_n2_sto6g_fci_14400_ipt_cuda -lcublas -lcusparse -lcusolver -lcudart -L/fs1/software/python/3.8_miniconda_4.10.3/lib -lpython3.8 -L/fs1/home/nudt_liujie/ftt/IPT_C_GPU/test/sparse/N2 -lopenblas -lpthread -ldl -lutil -lrt -Xlinker -rpath -Xlinker /fs1/software/gcc/12.2.0/lib64 -Xlinker -rpath -Xlinker /fs1/software/python/3.8_miniconda_4.10.3/lib -Xlinker -rpath -Xlinker /fs1/software/cp2k/8.1-gcc8.4-openmpi/lib -lgfortran /fs1/software/gcc/12.2.0/lib64/libstdc++.so -lm
+ set +x
===== run =====
Generating N2/STO-6G full FCI integrals with PySCF...
PYSCF_SITE_PACKAGES=/fs1/software/hpcsystem/THL7/software/pyscf/2.0.1-py3.8/lib/python3.8/site-packages
Generated CI strings: na=120 nb=120 n=14400
Link counts per string: one=28 two=840
CSC generation progress 5000/14400 columns nnz=3049999 elapsed=0.58 sec
CSC generation progress 10000/14400 columns nnz=6099999 elapsed=1.14 sec
CSC generation progress 14400/14400 columns nnz=8783999 elapsed=1.64 sec
N2/STO-6G full FCI FCI CSC benchmark: n=14400 nnz=8783999 repeats=1 tol=1.000e-12 run_primme=0
Matrix/integral generation time 0.600858 sec is excluded from PRIMME/IPT timings.
[IPT preparation] union target=0 row=71 gap=0.91403717769472337 gap_floor=1.0854179971345992e-10 coupling=0.18529889998390678 coupling_gap_ratio=0.20272578020430829 ratio_tol=0.20000000000000001 allowed_gap=0.92649449991953381
[IPT preparation] union target=0 row=72 gap=0.91403717769472337 gap_floor=1.0854179971345992e-10 coupling=0.18529889998390706 coupling_gap_ratio=0.20272578020430859 ratio_tol=0.20000000000000001 allowed_gap=0.92649449991953525
[IPT preparation] target_vs_all_candidates=72 unions=2 max_coupling_gap_ratio=0.20272578020430859 at target=0 row=72 gap=0.91403717769472337 coupling=0.18529889998390706
repeat 1 IPT internal timing: compute=6.057759e+00 api_total=6.057759e+00 preparation=0.000000e+00 transfer_setup=0.000000e+00 iteration=0.000000e+00 rayleigh=0.000000e+00 fixed_point=nan
repeat 1 IPT time=6.057759e+00 residual=nan eigenvalue=nan
wrote /fs1/home/nudt_liujie/ftt/IPT_C_GPU/results/sparse/block_ipt_ch4_n2_co_net_timing/n2_sto6g_fci_14400_ipt_trials.csv
wrote /fs1/home/nudt_liujie/ftt/IPT_C_GPU/results/sparse/block_ipt_ch4_n2_co_net_timing/n2_sto6g_fci_14400_ipt_summary.txt
===== output files =====
/fs1/home/nudt_liujie/ftt/IPT_C_GPU/logs/sparse:
total 2.8M
-rw-r--r-- 1 nudt_liujie nudt_liujie    0 Jun 23 14:54 ch4_sto6g_fci_15876_ipt_3049212.err
-rw-r--r-- 1 nudt_liujie nudt_liujie 7.3K Jun 23 14:54 ch4_sto6g_fci_15876_ipt_3049212.log
-rw-r--r-- 1 nudt_liujie nudt_liujie 7.3K Jun 23 14:54 ch4_sto6g_fci_15876_ipt_3049212.out
-rw-r--r-- 1 nudt_liujie nudt_liujie    0 Jun 23 14:57 ch4_sto6g_fci_15876_ipt_3049229.err
-rw-r--r-- 1 nudt_liujie nudt_liujie  12K Jun 23 14:57 ch4_sto6g_fci_15876_ipt_3049229.log
-rw-r--r-- 1 nudt_liujie nudt_liujie  12K Jun 23 14:57 ch4_sto6g_fci_15876_ipt_3049229.out
-rw-r--r-- 1 nudt_liujie nudt_liujie    0 Jun 23 14:58 ch4_sto6g_fci_15876_ipt_3049237.err
-rw-r--r-- 1 nudt_liujie nudt_liujie  20K Jun 23 14:59 ch4_sto6g_fci_15876_ipt_3049237.log
-rw-r--r-- 1 nudt_liujie nudt_liujie  20K Jun 23 14:59 ch4_sto6g_fci_15876_ipt_3049237.out
-rw-r--r-- 1 nudt_liujie nudt_liujie    0 Jun 28 19:57 ch4_sto6g_fci_15876_ipt_3070461.err
-rw-r--r-- 1 nudt_liujie nudt_liujie  27K Jun 28 19:57 ch4_sto6g_fci_15876_ipt_3070461.log
-rw-r--r-- 1 nudt_liujie nudt_liujie  27K Jun 28 19:57 ch4_sto6g_fci_15876_ipt_3070461.out
-rw-r--r-- 1 nudt_liujie nudt_liujie    0 Jun 28 20:00 ch4_sto6g_fci_15876_ipt_3070476.err
-rw-r--r-- 1 nudt_liujie nudt_liujie  28K Jun 28 20:01 ch4_sto6g_fci_15876_ipt_3070476.log
-rw-r--r-- 1 nudt_liujie nudt_liujie  28K Jun 28 20:01 ch4_sto6g_fci_15876_ipt_3070476.out
-rw-r--r-- 1 nudt_liujie nudt_liujie    0 Jun 28 20:13 ch4_sto6g_fci_15876_ipt_3070522.err
-rw-r--r-- 1 nudt_liujie nudt_liujie 4.4K Jun 28 20:14 ch4_sto6g_fci_15876_ipt_3070522.log
-rw-r--r-- 1 nudt_liujie nudt_liujie 4.4K Jun 28 20:14 ch4_sto6g_fci_15876_ipt_3070522.out
-rw-r--r-- 1 nudt_liujie nudt_liujie    0 Jun 28 20:13 ch4_sto6g_fci_15876_ipt_3070525.err
-rw-r--r-- 1 nudt_liujie nudt_liujie 5.1K Jun 28 20:14 ch4_sto6g_fci_15876_ipt_3070525.log
-rw-r--r-- 1 nudt_liujie nudt_liujie 5.1K Jun 28 20:14 ch4_sto6g_fci_15876_ipt_3070525.out
-rw-r--r-- 1 nudt_liujie nudt_liujie    0 Jun 23 14:54 co_sto6g_fci_14400_ipt_3049214.err
-rw-r--r-- 1 nudt_liujie nudt_liujie 7.3K Jun 23 14:54 co_sto6g_fci_14400_ipt_3049214.log
-rw-r--r-- 1 nudt_liujie nudt_liujie 7.3K Jun 23 14:54 co_sto6g_fci_14400_ipt_3049214.out
-rw-r--r-- 1 nudt_liujie nudt_liujie    0 Jun 23 14:57 co_sto6g_fci_14400_ipt_3049231.err
-rw-r--r-- 1 nudt_liujie nudt_liujie 3.8K Jun 23 14:57 co_sto6g_fci_14400_ipt_3049231.log
-rw-r--r-- 1 nudt_liujie nudt_liujie 4.0K Jun 23 14:57 co_sto6g_fci_14400_ipt_3049231.out
-rw-r--r-- 1 nudt_liujie nudt_liujie    0 Jun 23 14:58 co_sto6g_fci_14400_ipt_3049239.err
-rw-r--r-- 1 nudt_liujie nudt_liujie  20K Jun 23 14:59 co_sto6g_fci_14400_ipt_3049239.log
-rw-r--r-- 1 nudt_liujie nudt_liujie  20K Jun 23 14:59 co_sto6g_fci_14400_ipt_3049239.out
-rw-r--r-- 1 nudt_liujie nudt_liujie    0 Jun 28 19:57 co_sto6g_fci_14400_ipt_3070463.err
-rw-r--r-- 1 nudt_liujie nudt_liujie  27K Jun 28 19:57 co_sto6g_fci_14400_ipt_3070463.log
-rw-r--r-- 1 nudt_liujie nudt_liujie  27K Jun 28 19:57 co_sto6g_fci_14400_ipt_3070463.out
-rw-r--r-- 1 nudt_liujie nudt_liujie    0 Jun 28 20:13 co_sto6g_fci_14400_ipt_3070524.err
-rw-r--r-- 1 nudt_liujie nudt_liujie  28K Jun 28 20:13 co_sto6g_fci_14400_ipt_3070524.log
-rw-r--r-- 1 nudt_liujie nudt_liujie  28K Jun 28 20:13 co_sto6g_fci_14400_ipt_3070524.out
drwxr-xr-x 2 nudt_liujie nudt_liujie 4.0K Jun 24 15:32 debug
-rw-r--r-- 1 nudt_liujie nudt_liujie    0 Jun 22 12:45 h20_fci_primme_vs_ipt_3044994.err
-rw-r--r-- 1 nudt_liujie nudt_liujie 7.8K Jun 22 12:45 h20_fci_primme_vs_ipt_3044994.log
-rw-r--r-- 1 nudt_liujie nudt_liujie 7.8K Jun 22 12:45 h20_fci_primme_vs_ipt_3044994.out
-rw-r--r-- 1 nudt_liujie nudt_liujie    0 Jun 23 13:14 h2o_631g_cas10e10o_fci_63504_primme_vs_ipt_3048878.err
-rw-r--r-- 1 nudt_liujie nudt_liujie  16K Jun 23 13:15 h2o_631g_cas10e10o_fci_63504_primme_vs_ipt_3048878.log
-rw-r--r-- 1 nudt_liujie nudt_liujie  16K Jun 23 13:15 h2o_631g_cas10e10o_fci_63504_primme_vs_ipt_3048878.out
-rw-r--r-- 1 nudt_liujie nudt_liujie    0 Jun 23 13:16 h2o_631g_cas10e10o_fci_63504_primme_vs_ipt_3048880.err
-rw-r--r-- 1 nudt_liujie nudt_liujie  16K Jun 23 13:16 h2o_631g_cas10e10o_fci_63504_primme_vs_ipt_3048880.log
-rw-r--r-- 1 nudt_liujie nudt_liujie  16K Jun 23 13:16 h2o_631g_cas10e10o_fci_63504_primme_vs_ipt_3048880.out
-rw-r--r-- 1 nudt_liujie nudt_liujie    0 Jun 22 23:11 h2o_631g_fc_fci_245025_primme_vs_ipt_3046899.err
-rw-r--r-- 1 nudt_liujie nudt_liujie  17K Jun 22 23:13 h2o_631g_fc_fci_245025_primme_vs_ipt_3046899.log
-rw-r--r-- 1 nudt_liujie nudt_liujie  17K Jun 22 23:13 h2o_631g_fc_fci_245025_primme_vs_ipt_3046899.out
-rw-r--r-- 1 nudt_liujie nudt_liujie    0 Jun 22 23:17 h2o_631g_fc_fci_245025_primme_vs_ipt_3046908.err
-rw-r--r-- 1 nudt_liujie nudt_liujie  18K Jun 22 23:18 h2o_631g_fc_fci_245025_primme_vs_ipt_3046908.log
-rw-r--r-- 1 nudt_liujie nudt_liujie  18K Jun 22 23:18 h2o_631g_fc_fci_245025_primme_vs_ipt_3046908.out
-rw-r--r-- 1 nudt_liujie nudt_liujie    0 Jun 22 23:21 h2o_631g_fc_fci_245025_primme_vs_ipt_3046918.err
-rw-r--r-- 1 nudt_liujie nudt_liujie  18K Jun 22 23:22 h2o_631g_fc_fci_245025_primme_vs_ipt_3046918.log
-rw-r--r-- 1 nudt_liujie nudt_liujie  18K Jun 22 23:22 h2o_631g_fc_fci_245025_primme_vs_ipt_3046918.out
-rw-r--r-- 1 nudt_liujie nudt_liujie    0 Jun 22 23:21 h2o_631g_fc_fci_245025_primme_vs_ipt_3046919.err
-rw-r--r-- 1 nudt_liujie nudt_liujie  18K Jun 22 23:22 h2o_631g_fc_fci_245025_primme_vs_ipt_3046919.log
-rw-r--r-- 1 nudt_liujie nudt_liujie  18K Jun 22 23:22 h2o_631g_fc_fci_245025_primme_vs_ipt_3046919.out
-rw-r--r-- 1 nudt_liujie nudt_liujie 6.7K Jun 22 23:10 h2o_631g_fc_fci_245025_primme_vs_ipt_manual.log
-rw-r--r-- 1 nudt_liujie nudt_liujie    0 Jun 22 14:57 h2o_fci_pyscf_441_primme_vs_ipt_3045534.err
-rw-r--r-- 1 nudt_liujie nudt_liujie 4.0K Jun 22 14:57 h2o_fci_pyscf_441_primme_vs_ipt_3045534.log
-rw-r--r-- 1 nudt_liujie nudt_liujie 4.0K Jun 22 14:57 h2o_fci_pyscf_441_primme_vs_ipt_3045534.out
-rw-r--r-- 1 nudt_liujie nudt_liujie    0 Jun 22 14:58 h2o_fci_pyscf_441_primme_vs_ipt_3045539.err
-rw-r--r-- 1 nudt_liujie nudt_liujie 9.7K Jun 22 14:58 h2o_fci_pyscf_441_primme_vs_ipt_3045539.log
-rw-r--r-- 1 nudt_liujie nudt_liujie 9.7K Jun 22 14:58 h2o_fci_pyscf_441_primme_vs_ipt_3045539.out
-rw-r--r-- 1 nudt_liujie nudt_liujie    0 Jun 22 17:32 h2o_fci_pyscf_441_primme_vs_ipt_3046000.err
-rw-r--r-- 1 nudt_liujie nudt_liujie  12K Jun 22 17:32 h2o_fci_pyscf_441_primme_vs_ipt_3046000.log
-rw-r--r-- 1 nudt_liujie nudt_liujie  12K Jun 22 17:32 h2o_fci_pyscf_441_primme_vs_ipt_3046000.out
-rw-r--r-- 1 nudt_liujie nudt_liujie    0 Jun 22 17:34 h2o_fci_pyscf_441_primme_vs_ipt_3046008.err
-rw-r--r-- 1 nudt_liujie nudt_liujie  11K Jun 22 17:34 h2o_fci_pyscf_441_primme_vs_ipt_3046008.log
-rw-r--r-- 1 nudt_liujie nudt_liujie  11K Jun 22 17:34 h2o_fci_pyscf_441_primme_vs_ipt_3046008.out
-rw-r--r-- 1 nudt_liujie nudt_liujie    0 Jun 22 19:37 h2o_fci_pyscf_441_primme_vs_ipt_3046277.err
-rw-r--r-- 1 nudt_liujie nudt_liujie  11K Jun 22 19:38 h2o_fci_pyscf_441_primme_vs_ipt_3046277.log
-rw-r--r-- 1 nudt_liujie nudt_liujie  11K Jun 22 19:38 h2o_fci_pyscf_441_primme_vs_ipt_3046277.out
-rw-r--r-- 1 nudt_liujie nudt_liujie    0 Jun 22 21:11 h2o_fci_pyscf_441_primme_vs_ipt_3046551.err
-rw-r--r-- 1 nudt_liujie nudt_liujie  12K Jun 22 21:11 h2o_fci_pyscf_441_primme_vs_ipt_3046551.log
-rw-r--r-- 1 nudt_liujie nudt_liujie  12K Jun 22 21:11 h2o_fci_pyscf_441_primme_vs_ipt_3046551.out
-rw-r--r-- 1 nudt_liujie nudt_liujie    0 Jun 24 14:50 h2o_fci_pyscf_441_primme_vs_ipt_3052571.err
-rw-r--r-- 1 nudt_liujie nudt_liujie  26K Jun 24 14:50 h2o_fci_pyscf_441_primme_vs_ipt_3052571.log
-rw-r--r-- 1 nudt_liujie nudt_liujie  26K Jun 24 14:50 h2o_fci_pyscf_441_primme_vs_ipt_3052571.out
-rw-r--r-- 1 nudt_liujie nudt_liujie    0 Jun 24 14:51 h2o_fci_pyscf_441_primme_vs_ipt_3052577.err
-rw-r--r-- 1 nudt_liujie nudt_liujie  26K Jun 24 14:51 h2o_fci_pyscf_441_primme_vs_ipt_3052577.log
-rw-r--r-- 1 nudt_liujie nudt_liujie  26K Jun 24 14:51 h2o_fci_pyscf_441_primme_vs_ipt_3052577.out
-rw-r--r-- 1 nudt_liujie nudt_liujie  21K Jun 24 15:42 h2o_fci_pyscf_441_primme_vs_ipt_manual.log
lrwxrwxrwx 1 nudt_liujie nudt_liujie   83 Jun 28 20:13 latest_ch4_sto6g_fci_15876_ipt.log -> /fs1/home/nudt_liujie/ftt/IPT_C_GPU/logs/sparse/ch4_sto6g_fci_15876_ipt_3070525.log
lrwxrwxrwx 1 nudt_liujie nudt_liujie   82 Jun 28 20:13 latest_co_sto6g_fci_14400_ipt.log -> /fs1/home/nudt_liujie/ftt/IPT_C_GPU/logs/sparse/co_sto6g_fci_14400_ipt_3070524.log
lrwxrwxrwx 1 nudt_liujie nudt_liujie   81 Jun 22 12:45 latest_h20_fci_primme_vs_ipt.log -> /fs1/home/nudt_liujie/ftt/IPT_C_GPU/logs/sparse/h20_fci_primme_vs_ipt_3044994.log
lrwxrwxrwx 1 nudt_liujie nudt_liujie  102 Jun 23 13:16 latest_h2o_631g_cas10e10o_fci_63504_primme_vs_ipt.log -> /fs1/home/nudt_liujie/ftt/IPT_C_GPU/logs/sparse/h2o_631g_cas10e10o_fci_63504_primme_vs_ipt_3048880.log
lrwxrwxrwx 1 nudt_liujie nudt_liujie   96 Jun 22 23:21 latest_h2o_631g_fc_fci_245025_primme_vs_ipt.log -> /fs1/home/nudt_liujie/ftt/IPT_C_GPU/logs/sparse/h2o_631g_fc_fci_245025_primme_vs_ipt_3046919.log
lrwxrwxrwx 1 nudt_liujie nudt_liujie   90 Jun 24 15:41 latest_h2o_fci_pyscf_441_primme_vs_ipt.log -> /fs1/home/nudt_liujie/ftt/IPT_C_GPU/logs/sparse/h2o_fci_pyscf_441_primme_vs_ipt_manual.log
lrwxrwxrwx 1 nudt_liujie nudt_liujie   82 Jun 28 20:13 latest_n2_sto6g_fci_14400_ipt.log -> /fs1/home/nudt_liujie/ftt/IPT_C_GPU/logs/sparse/n2_sto6g_fci_14400_ipt_3070523.log
lrwxrwxrwx 1 nudt_liujie nudt_liujie   82 Jun 28 17:41 latest_nh3_sto6g_fci_3136_ipt.log -> /fs1/home/nudt_liujie/ftt/IPT_C_GPU/logs/sparse/nh3_sto6g_fci_3136_ipt_3069863.log
lrwxrwxrwx 1 nudt_liujie nudt_liujie   80 Jun 22 10:56 latest_primme_vs_ipt_sparse.log -> /fs1/home/nudt_liujie/ftt/IPT_C_GPU/logs/sparse/primme_vs_ipt_sparse_3044611.log
lrwxrwxrwx 1 nudt_liujie nudt_liujie   72 Jun 22 21:11 latest_sparse_tests.log -> /fs1/home/nudt_liujie/ftt/IPT_C_GPU/logs/sparse/sparse_tests_3046550.log
-rw-r--r-- 1 nudt_liujie nudt_liujie    0 Jun 23 14:54 n2_sto6g_fci_14400_ipt_3049213.err
-rw-r--r-- 1 nudt_liujie nudt_liujie 7.3K Jun 23 14:54 n2_sto6g_fci_14400_ipt_3049213.log
-rw-r--r-- 1 nudt_liujie nudt_liujie 7.3K Jun 23 14:54 n2_sto6g_fci_14400_ipt_3049213.out
-rw-r--r-- 1 nudt_liujie nudt_liujie    0 Jun 23 14:57 n2_sto6g_fci_14400_ipt_3049230.err
-rw-r--r-- 1 nudt_liujie nudt_liujie  12K Jun 23 14:57 n2_sto6g_fci_14400_ipt_3049230.log
-rw-r--r-- 1 nudt_liujie nudt_liujie  12K Jun 23 14:57 n2_sto6g_fci_14400_ipt_3049230.out
-rw-r--r-- 1 nudt_liujie nudt_liujie    0 Jun 23 14:58 n2_sto6g_fci_14400_ipt_3049238.err
-rw-r--r-- 1 nudt_liujie nudt_liujie  20K Jun 23 14:59 n2_sto6g_fci_14400_ipt_3049238.log
-rw-r--r-- 1 nudt_liujie nudt_liujie  20K Jun 23 14:59 n2_sto6g_fci_14400_ipt_3049238.out
-rw-r--r-- 1 nudt_liujie nudt_liujie    0 Jun 28 19:57 n2_sto6g_fci_14400_ipt_3070462.err
-rw-r--r-- 1 nudt_liujie nudt_liujie  27K Jun 28 19:57 n2_sto6g_fci_14400_ipt_3070462.log
-rw-r--r-- 1 nudt_liujie nudt_liujie  27K Jun 28 19:57 n2_sto6g_fci_14400_ipt_3070462.out
-rw-r--r-- 1 nudt_liujie nudt_liujie    0 Jun 28 20:13 n2_sto6g_fci_14400_ipt_3070523.err
-rw-r--r-- 1 nudt_liujie nudt_liujie 5.2K Jun 28 20:14 n2_sto6g_fci_14400_ipt_3070523.log
-rw-r--r-- 1 nudt_liujie nudt_liujie 5.2K Jun 28 20:14 n2_sto6g_fci_14400_ipt_3070523.out
-rw-r--r-- 1 nudt_liujie nudt_liujie    0 Jun 23 14:54 nh3_sto6g_fci_3136_ipt_3049211.err
-rw-r--r-- 1 nudt_liujie nudt_liujie 7.3K Jun 23 14:54 nh3_sto6g_fci_3136_ipt_3049211.log
-rw-r--r-- 1 nudt_liujie nudt_liujie 7.3K Jun 23 14:54 nh3_sto6g_fci_3136_ipt_3049211.out
-rw-r--r-- 1 nudt_liujie nudt_liujie    0 Jun 23 14:57 nh3_sto6g_fci_3136_ipt_3049228.err
-rw-r--r-- 1 nudt_liujie nudt_liujie  12K Jun 23 14:57 nh3_sto6g_fci_3136_ipt_3049228.log
-rw-r--r-- 1 nudt_liujie nudt_liujie  12K Jun 23 14:57 nh3_sto6g_fci_3136_ipt_3049228.out
-rw-r--r-- 1 nudt_liujie nudt_liujie    0 Jun 23 14:58 nh3_sto6g_fci_3136_ipt_3049236.err
-rw-r--r-- 1 nudt_liujie nudt_liujie  20K Jun 23 14:59 nh3_sto6g_fci_3136_ipt_3049236.log
-rw-r--r-- 1 nudt_liujie nudt_liujie  20K Jun 23 14:59 nh3_sto6g_fci_3136_ipt_3049236.out
-rw-r--r-- 1 nudt_liujie nudt_liujie    0 Jun 23 16:10 nh3_sto6g_fci_3136_ipt_3049472.err
-rw-r--r-- 1 nudt_liujie nudt_liujie  20K Jun 23 16:11 nh3_sto6g_fci_3136_ipt_3049472.log
-rw-r--r-- 1 nudt_liujie nudt_liujie  20K Jun 23 16:11 nh3_sto6g_fci_3136_ipt_3049472.out
-rw-r--r-- 1 nudt_liujie nudt_liujie    0 Jun 23 16:41 nh3_sto6g_fci_3136_ipt_3049583.err
-rw-r--r-- 1 nudt_liujie nudt_liujie  22K Jun 23 16:42 nh3_sto6g_fci_3136_ipt_3049583.log
-rw-r--r-- 1 nudt_liujie nudt_liujie  22K Jun 23 16:42 nh3_sto6g_fci_3136_ipt_3049583.out
-rw-r--r-- 1 nudt_liujie nudt_liujie    0 Jun 23 16:43 nh3_sto6g_fci_3136_ipt_3049587.err
-rw-r--r-- 1 nudt_liujie nudt_liujie  23K Jun 23 16:43 nh3_sto6g_fci_3136_ipt_3049587.log
-rw-r--r-- 1 nudt_liujie nudt_liujie  23K Jun 23 16:43 nh3_sto6g_fci_3136_ipt_3049587.out
-rw-r--r-- 1 nudt_liujie nudt_liujie    0 Jun 23 16:45 nh3_sto6g_fci_3136_ipt_3049597.err
-rw-r--r-- 1 nudt_liujie nudt_liujie  24K Jun 23 16:45 nh3_sto6g_fci_3136_ipt_3049597.log
-rw-r--r-- 1 nudt_liujie nudt_liujie  24K Jun 23 16:45 nh3_sto6g_fci_3136_ipt_3049597.out
-rw-r--r-- 1 nudt_liujie nudt_liujie    0 Jun 24 14:04 nh3_sto6g_fci_3136_ipt_3052140.err
-rw-r--r-- 1 nudt_liujie nudt_liujie  24K Jun 24 14:05 nh3_sto6g_fci_3136_ipt_3052140.log
-rw-r--r-- 1 nudt_liujie nudt_liujie  24K Jun 24 14:05 nh3_sto6g_fci_3136_ipt_3052140.out
-rw-r--r-- 1 nudt_liujie nudt_liujie    0 Jun 27 21:16 nh3_sto6g_fci_3136_ipt_3066052.err
-rw-r--r-- 1 nudt_liujie nudt_liujie  24K Jun 27 21:17 nh3_sto6g_fci_3136_ipt_3066052.log
-rw-r--r-- 1 nudt_liujie nudt_liujie  24K Jun 27 21:17 nh3_sto6g_fci_3136_ipt_3066052.out
-rw-r--r-- 1 nudt_liujie nudt_liujie    0 Jun 27 21:17 nh3_sto6g_fci_3136_ipt_3066056.err
-rw-r--r-- 1 nudt_liujie nudt_liujie  25K Jun 27 21:17 nh3_sto6g_fci_3136_ipt_3066056.log
-rw-r--r-- 1 nudt_liujie nudt_liujie  25K Jun 27 21:17 nh3_sto6g_fci_3136_ipt_3066056.out
-rw-r--r-- 1 nudt_liujie nudt_liujie    0 Jun 27 21:19 nh3_sto6g_fci_3136_ipt_3066064.err
-rw-r--r-- 1 nudt_liujie nudt_liujie  25K Jun 27 21:19 nh3_sto6g_fci_3136_ipt_3066064.log
-rw-r--r-- 1 nudt_liujie nudt_liujie  25K Jun 27 21:19 nh3_sto6g_fci_3136_ipt_3066064.out
-rw-r--r-- 1 nudt_liujie nudt_liujie    0 Jun 27 21:20 nh3_sto6g_fci_3136_ipt_3066077.err
-rw-r--r-- 1 nudt_liujie nudt_liujie  25K Jun 27 21:20 nh3_sto6g_fci_3136_ipt_3066077.log
-rw-r--r-- 1 nudt_liujie nudt_liujie  25K Jun 27 21:20 nh3_sto6g_fci_3136_ipt_3066077.out
-rw-r--r-- 1 nudt_liujie nudt_liujie    0 Jun 27 22:09 nh3_sto6g_fci_3136_ipt_3066324.err
-rw-r--r-- 1 nudt_liujie nudt_liujie  30K Jun 27 22:09 nh3_sto6g_fci_3136_ipt_3066324.log
-rw-r--r-- 1 nudt_liujie nudt_liujie  30K Jun 27 22:09 nh3_sto6g_fci_3136_ipt_3066324.out
-rw-r--r-- 1 nudt_liujie nudt_liujie    0 Jun 27 22:12 nh3_sto6g_fci_3136_ipt_3066327.err
-rw-r--r-- 1 nudt_liujie nudt_liujie  30K Jun 27 22:13 nh3_sto6g_fci_3136_ipt_3066327.log
-rw-r--r-- 1 nudt_liujie nudt_liujie  30K Jun 27 22:13 nh3_sto6g_fci_3136_ipt_3066327.out
-rw-r--r-- 1 nudt_liujie nudt_liujie    0 Jun 27 22:13 nh3_sto6g_fci_3136_ipt_3066340.err
-rw-r--r-- 1 nudt_liujie nudt_liujie  30K Jun 27 22:14 nh3_sto6g_fci_3136_ipt_3066340.log
-rw-r--r-- 1 nudt_liujie nudt_liujie  30K Jun 27 22:14 nh3_sto6g_fci_3136_ipt_3066340.out
-rw-r--r-- 1 nudt_liujie nudt_liujie    0 Jun 27 22:15 nh3_sto6g_fci_3136_ipt_3066355.err
-rw-r--r-- 1 nudt_liujie nudt_liujie  31K Jun 27 22:16 nh3_sto6g_fci_3136_ipt_3066355.log
-rw-r--r-- 1 nudt_liujie nudt_liujie  31K Jun 27 22:16 nh3_sto6g_fci_3136_ipt_3066355.out
-rw-r--r-- 1 nudt_liujie nudt_liujie    0 Jun 28 12:44 nh3_sto6g_fci_3136_ipt_3068790.err
-rw-r--r-- 1 nudt_liujie nudt_liujie  31K Jun 28 12:46 nh3_sto6g_fci_3136_ipt_3068790.log
-rw-r--r-- 1 nudt_liujie nudt_liujie  31K Jun 28 12:46 nh3_sto6g_fci_3136_ipt_3068790.out
-rw-r--r-- 1 nudt_liujie nudt_liujie    0 Jun 28 12:48 nh3_sto6g_fci_3136_ipt_3068796.err
-rw-r--r-- 1 nudt_liujie nudt_liujie  33K Jun 28 12:48 nh3_sto6g_fci_3136_ipt_3068796.log
-rw-r--r-- 1 nudt_liujie nudt_liujie  33K Jun 28 12:48 nh3_sto6g_fci_3136_ipt_3068796.out
-rw-r--r-- 1 nudt_liujie nudt_liujie    0 Jun 28 12:50 nh3_sto6g_fci_3136_ipt_3068807.err
-rw-r--r-- 1 nudt_liujie nudt_liujie  32K Jun 28 12:50 nh3_sto6g_fci_3136_ipt_3068807.log
-rw-r--r-- 1 nudt_liujie nudt_liujie  32K Jun 28 12:50 nh3_sto6g_fci_3136_ipt_3068807.out
-rw-r--r-- 1 nudt_liujie nudt_liujie    0 Jun 28 12:51 nh3_sto6g_fci_3136_ipt_3068809.err
-rw-r--r-- 1 nudt_liujie nudt_liujie  32K Jun 28 12:52 nh3_sto6g_fci_3136_ipt_3068809.log
-rw-r--r-- 1 nudt_liujie nudt_liujie  32K Jun 28 12:52 nh3_sto6g_fci_3136_ipt_3068809.out
-rw-r--r-- 1 nudt_liujie nudt_liujie    0 Jun 28 12:53 nh3_sto6g_fci_3136_ipt_3068812.err
-rw-r--r-- 1 nudt_liujie nudt_liujie  32K Jun 28 12:53 nh3_sto6g_fci_3136_ipt_3068812.log
-rw-r--r-- 1 nudt_liujie nudt_liujie  32K Jun 28 12:53 nh3_sto6g_fci_3136_ipt_3068812.out
-rw-r--r-- 1 nudt_liujie nudt_liujie    0 Jun 28 12:59 nh3_sto6g_fci_3136_ipt_3068829.err
-rw-r--r-- 1 nudt_liujie nudt_liujie  32K Jun 28 13:00 nh3_sto6g_fci_3136_ipt_3068829.log
-rw-r--r-- 1 nudt_liujie nudt_liujie  32K Jun 28 13:00 nh3_sto6g_fci_3136_ipt_3068829.out
-rw-r--r-- 1 nudt_liujie nudt_liujie    0 Jun 28 13:17 nh3_sto6g_fci_3136_ipt_3068934.err
-rw-r--r-- 1 nudt_liujie nudt_liujie  32K Jun 28 13:17 nh3_sto6g_fci_3136_ipt_3068934.log
-rw-r--r-- 1 nudt_liujie nudt_liujie  32K Jun 28 13:17 nh3_sto6g_fci_3136_ipt_3068934.out
-rw-r--r-- 1 nudt_liujie nudt_liujie    0 Jun 28 13:19 nh3_sto6g_fci_3136_ipt_3068946.err
-rw-r--r-- 1 nudt_liujie nudt_liujie  29K Jun 28 13:20 nh3_sto6g_fci_3136_ipt_3068946.log
-rw-r--r-- 1 nudt_liujie nudt_liujie  29K Jun 28 13:20 nh3_sto6g_fci_3136_ipt_3068946.out
-rw-r--r-- 1 nudt_liujie nudt_liujie    0 Jun 28 13:22 nh3_sto6g_fci_3136_ipt_3068954.err
-rw-r--r-- 1 nudt_liujie nudt_liujie  28K Jun 28 13:22 nh3_sto6g_fci_3136_ipt_3068954.log
-rw-r--r-- 1 nudt_liujie nudt_liujie  28K Jun 28 13:22 nh3_sto6g_fci_3136_ipt_3068954.out
-rw-r--r-- 1 nudt_liujie nudt_liujie    0 Jun 28 13:24 nh3_sto6g_fci_3136_ipt_3068962.err
-rw-r--r-- 1 nudt_liujie nudt_liujie  29K Jun 28 13:24 nh3_sto6g_fci_3136_ipt_3068962.log
-rw-r--r-- 1 nudt_liujie nudt_liujie  29K Jun 28 13:24 nh3_sto6g_fci_3136_ipt_3068962.out
-rw-r--r-- 1 nudt_liujie nudt_liujie    0 Jun 28 17:41 nh3_sto6g_fci_3136_ipt_3069863.err
-rw-r--r-- 1 nudt_liujie nudt_liujie  53K Jun 28 17:42 nh3_sto6g_fci_3136_ipt_3069863.log
-rw-r--r-- 1 nudt_liujie nudt_liujie  53K Jun 28 17:42 nh3_sto6g_fci_3136_ipt_3069863.out
-rw-r--r-- 1 nudt_liujie nudt_liujie  22K Jun 27 21:13 nh3_sto6g_fci_3136_ipt_manual.log
-rw-r--r-- 1 nudt_liujie nudt_liujie    0 Jun 22 09:53 primme_vs_ipt_sparse_3043135.err
-rw-r--r-- 1 nudt_liujie nudt_liujie 3.0K Jun 22 09:53 primme_vs_ipt_sparse_3043135.log
-rw-r--r-- 1 nudt_liujie nudt_liujie 3.0K Jun 22 09:53 primme_vs_ipt_sparse_3043135.out
-rw-rw-r-- 1 nudt_liujie nudt_liujie    0 Jun 22 10:39 primme_vs_ipt_sparse_3044569.err
-rw-rw-r-- 1 nudt_liujie nudt_liujie  128 Jun 22 10:39 primme_vs_ipt_sparse_3044569.log
-rw-rw-r-- 1 nudt_liujie nudt_liujie  128 Jun 22 10:39 primme_vs_ipt_sparse_3044569.out
-rw-rw-r-- 1 nudt_liujie nudt_liujie    0 Jun 22 10:40 primme_vs_ipt_sparse_3044570.err
-rw-rw-r-- 1 nudt_liujie nudt_liujie  128 Jun 22 10:40 primme_vs_ipt_sparse_3044570.log
-rw-rw-r-- 1 nudt_liujie nudt_liujie  128 Jun 22 10:40 primme_vs_ipt_sparse_3044570.out
-rw-rw-r-- 1 nudt_liujie nudt_liujie    0 Jun 22 10:42 primme_vs_ipt_sparse_3044572.err
-rw-rw-r-- 1 nudt_liujie nudt_liujie  128 Jun 22 10:42 primme_vs_ipt_sparse_3044572.log
-rw-rw-r-- 1 nudt_liujie nudt_liujie  128 Jun 22 10:42 primme_vs_ipt_sparse_3044572.out
-rw-rw-r-- 1 nudt_liujie nudt_liujie    0 Jun 22 10:42 primme_vs_ipt_sparse_3044574.err
-rw-rw-r-- 1 nudt_liujie nudt_liujie  128 Jun 22 10:42 primme_vs_ipt_sparse_3044574.log
-rw-rw-r-- 1 nudt_liujie nudt_liujie  128 Jun 22 10:42 primme_vs_ipt_sparse_3044574.out
-rw-rw-r-- 1 nudt_liujie nudt_liujie    0 Jun 22 10:42 primme_vs_ipt_sparse_3044575.err
-rw-rw-r-- 1 nudt_liujie nudt_liujie  128 Jun 22 10:42 primme_vs_ipt_sparse_3044575.log
-rw-rw-r-- 1 nudt_liujie nudt_liujie  128 Jun 22 10:42 primme_vs_ipt_sparse_3044575.out
-rw-rw-r-- 1 nudt_liujie nudt_liujie    0 Jun 22 10:53 primme_vs_ipt_sparse_3044594.err
-rw-rw-r-- 1 nudt_liujie nudt_liujie  128 Jun 22 10:53 primme_vs_ipt_sparse_3044594.log
-rw-rw-r-- 1 nudt_liujie nudt_liujie  128 Jun 22 10:53 primme_vs_ipt_sparse_3044594.out
-rw-rw-r-- 1 nudt_liujie nudt_liujie    0 Jun 22 10:56 primme_vs_ipt_sparse_3044611.err
-rw-rw-r-- 1 nudt_liujie nudt_liujie    0 Jun 22 10:56 primme_vs_ipt_sparse_3044611.log
-rw-rw-r-- 1 nudt_liujie nudt_liujie  128 Jun 22 10:56 primme_vs_ipt_sparse_3044611.out
-rw-r--r-- 1 nudt_liujie nudt_liujie  103 Jun 22 21:14 q_gpu_test_3046563.err
-rw-r--r-- 1 nudt_liujie nudt_liujie    0 Jun 22 21:14 q_gpu_test_3046563.out
-rw-r--r-- 1 nudt_liujie nudt_liujie  102 Jun 22 21:15 q_gpu_test_3046565.err
-rw-r--r-- 1 nudt_liujie nudt_liujie    0 Jun 22 21:15 q_gpu_test_3046565.out
-rw-r--r-- 1 nudt_liujie nudt_liujie  141 Jun 22 21:16 q_gpu_test_3046570.err
-rw-r--r-- 1 nudt_liujie nudt_liujie    0 Jun 22 21:16 q_gpu_test_3046570.out
-rw-r--r-- 1 nudt_liujie nudt_liujie    0 Jun 22 21:17 q_gpu_test_3046575.err
-rw-r--r-- 1 nudt_liujie nudt_liujie  185 Jun 22 21:17 q_gpu_test_3046575.out
-rw-r--r-- 1 nudt_liujie nudt_liujie    0 Jun 21 14:27 sparse_tests_3041618.err
-rw-r--r-- 1 nudt_liujie nudt_liujie 3.7K Jun 21 14:27 sparse_tests_3041618.log
-rw-r--r-- 1 nudt_liujie nudt_liujie 3.7K Jun 21 14:27 sparse_tests_3041618.out
-rw-r--r-- 1 nudt_liujie nudt_liujie    0 Jun 21 14:28 sparse_tests_3041620.err
-rw-r--r-- 1 nudt_liujie nudt_liujie 3.3K Jun 21 14:29 sparse_tests_3041620.log
-rw-r--r-- 1 nudt_liujie nudt_liujie 3.3K Jun 21 14:29 sparse_tests_3041620.out
-rw-r--r-- 1 nudt_liujie nudt_liujie    0 Jun 21 14:29 sparse_tests_3041621.err
-rw-r--r-- 1 nudt_liujie nudt_liujie 4.2K Jun 21 14:29 sparse_tests_3041621.log
-rw-r--r-- 1 nudt_liujie nudt_liujie 4.2K Jun 21 14:29 sparse_tests_3041621.out
-rw-r--r-- 1 nudt_liujie nudt_liujie    0 Jun 22 17:35 sparse_tests_3046009.err
-rw-r--r-- 1 nudt_liujie nudt_liujie 9.0K Jun 22 17:35 sparse_tests_3046009.log
-rw-r--r-- 1 nudt_liujie nudt_liujie 9.0K Jun 22 17:35 sparse_tests_3046009.out
-rw-r--r-- 1 nudt_liujie nudt_liujie    0 Jun 22 19:36 sparse_tests_3046276.err
-rw-r--r-- 1 nudt_liujie nudt_liujie 9.3K Jun 22 19:36 sparse_tests_3046276.log
-rw-r--r-- 1 nudt_liujie nudt_liujie 9.3K Jun 22 19:36 sparse_tests_3046276.out
-rw-r--r-- 1 nudt_liujie nudt_liujie    0 Jun 22 21:11 sparse_tests_3046550.err
-rw-r--r-- 1 nudt_liujie nudt_liujie  11K Jun 22 21:11 sparse_tests_3046550.log
-rw-r--r-- 1 nudt_liujie nudt_liujie  11K Jun 22 21:11 sparse_tests_3046550.out
-rw-r--r-- 1 nudt_liujie nudt_liujie  977 Jun 22 21:07 sparse_tests_manual.log

/fs1/home/nudt_liujie/ftt/IPT_C_GPU/results/sparse/block_ipt_ch4_n2_co_net_timing:
total 9.0K
-rw-r--r-- 1 nudt_liujie nudt_liujie   0 Jun 28 20:13 ch4_sto6g_fci_15876_ipt_summary.txt
-rw-r--r-- 1 nudt_liujie nudt_liujie   0 Jun 28 20:13 ch4_sto6g_fci_15876_ipt_trials.csv
-rw-r--r-- 1 nudt_liujie nudt_liujie 967 Jun 28 20:13 co_sto6g_fci_14400_ipt_summary.txt
-rw-r--r-- 1 nudt_liujie nudt_liujie 214 Jun 28 20:13 co_sto6g_fci_14400_ipt_trials.csv
-rw-r--r-- 1 nudt_liujie nudt_liujie 930 Jun 28 20:14 n2_sto6g_fci_14400_ipt_summary.txt
-rw-r--r-- 1 nudt_liujie nudt_liujie 192 Jun 28 20:14 n2_sto6g_fci_14400_ipt_trials.csv
finished at: Sun Jun 28 20:14:04 CST 2026
