===== NH3/STO-6G full FCI IPT sparse benchmark =====
Sun Jun 28 12:51:42 CST 2026
gn61
SLURM_JOB_ID=3068809
CUDA_VISIBLE_DEVICES=0
IPT_REPEATS=1
IPT_TOL=1e-12
IPT_MAXITER=1000
IPT_K=10
IPT_DEBUG_PREPARATION=1
IPT_DEGENERACY_THRESHOLD=0
IPT_BLOCK_CLUSTER=1
IPT_BLOCK_CLUSTER_MAXITER=100
IPT_BLOCK_CLUSTER_TOL=1e-12
IPT_BLOCK_CLUSTER_DAMPING=1
RUN_PRIMME=0
RUN_WARMUP=0
IPT_EST_NNZ_PER_COL=600
Currently Loaded Modulefiles:
 1) GCC/12.2.0   2) CUDA/12.2  
numpy 1.21.5 /fs1/software/hpcsystem/THL7/software/pyscf/2.0.1-py3.8/lib/python3.8/site-packages/numpy/__init__.py
scipy 1.7.3 /fs1/software/hpcsystem/THL7/software/pyscf/2.0.1-py3.8/lib/python3.8/site-packages/scipy/__init__.py
pyscf 2.0.1 /fs1/software/hpcsystem/THL7/software/pyscf/2.0.1-py3.8/lib/python3.8/site-packages/pyscf/__init__.py
nvcc: NVIDIA (R) Cuda compiler driver
Copyright (c) 2005-2023 NVIDIA Corporation
Built on Tue_Jun_13_19:16:58_PDT_2023
Cuda compilation tools, release 12.2, V12.2.91
Build cuda_12.2.r12.2/compiler.32965470_0
Sun Jun 28 12:51:44 2026       
+---------------------------------------------------------------------------------------+
| NVIDIA-SMI 535.104.12             Driver Version: 535.104.12   CUDA Version: 12.2     |
|-----------------------------------------+----------------------+----------------------+
| GPU  Name                 Persistence-M | Bus-Id        Disp.A | Volatile Uncorr. ECC |
| Fan  Temp   Perf          Pwr:Usage/Cap |         Memory-Usage | GPU-Util  Compute M. |
|                                         |                      |               MIG M. |
|=========================================+======================+======================|
|   0  Tesla V100-SXM2-32GB           Off | 00000000:1B:00.0 Off |                  Off |
| N/A   31C    P0              53W / 300W |      0MiB / 32768MiB |      1%      Default |
|                                         |                      |                  N/A |
+-----------------------------------------+----------------------+----------------------+
                                                                                         
+---------------------------------------------------------------------------------------+
| Processes:                                                                            |
|  GPU   GI   CI        PID   Type   Process name                            GPU Memory |
|        ID   ID                                                             Usage      |
|=======================================================================================|
|  No running processes found                                                           |
+---------------------------------------------------------------------------------------+
===== build =====
+ nvcc -O3 -std=c++14 -lineinfo -gencode arch=compute_70,code=sm_70 -gencode arch=compute_80,code=sm_80 -I/fs1/home/nudt_liujie/ftt/primme-3.2.3/include -I/fs1/software/python/3.8_miniconda_4.10.3/include/python3.8 /fs1/home/nudt_liujie/ftt/IPT_C_GPU/test/sparse/NH3/benchmark_nh3_sto6g_fci_3136_ipt.cu /fs1/home/nudt_liujie/ftt/primme-3.2.3/lib/libprimme.a -o /fs1/home/nudt_liujie/ftt/IPT_C_GPU/test/sparse/NH3/benchmark_nh3_sto6g_fci_3136_ipt_cuda -lcublas -lcusparse -lcusolver -lcudart -L/fs1/software/python/3.8_miniconda_4.10.3/lib -lpython3.8 -L/fs1/home/nudt_liujie/ftt/IPT_C_GPU/test/sparse/NH3 -lopenblas -lpthread -ldl -lutil -lrt -Xlinker -rpath -Xlinker /fs1/software/gcc/12.2.0/lib64 -Xlinker -rpath -Xlinker /fs1/software/python/3.8_miniconda_4.10.3/lib -Xlinker -rpath -Xlinker /fs1/software/cp2k/8.1-gcc8.4-openmpi/lib -lgfortran /fs1/software/gcc/12.2.0/lib64/libstdc++.so -lm
/fs1/home/nudt_liujie/ftt/IPT_C_GPU/test/sparse/NH3/benchmark_nh3_sto6g_fci_3136_ipt.cu(898): warning #177-D: function "primme_matvec" was declared but never referenced
  static void primme_matvec(void *x, int64_t *ldx, void *y, int64_t *ldy,
              ^

Remark: The warnings can be suppressed with "-diag-suppress <warning-number>"

/fs1/home/nudt_liujie/ftt/IPT_C_GPU/test/sparse/NH3/benchmark_nh3_sto6g_fci_3136_ipt.cu(898): warning #177-D: function "primme_matvec" was declared but never referenced
  static void primme_matvec(void *x, int64_t *ldx, void *y, int64_t *ldy,
              ^

Remark: The warnings can be suppressed with "-diag-suppress <warning-number>"

+ set +x
===== run =====
Generating NH3/STO-6G full FCI integrals with PySCF...
PYSCF_SITE_PACKAGES=/fs1/software/hpcsystem/THL7/software/pyscf/2.0.1-py3.8/lib/python3.8/site-packages
Generated CI strings: na=56 nb=56 n=3136
Link counts per string: one=20 two=400
CSC generation progress 3136/3136 columns nnz=990976 elapsed=0.16 sec
NH3/STO-6G full FCI CSC benchmark: n=3136 nnz=990976 k=10 repeats=1 tol=1.000e-12 run_primme=0
Matrix/integral generation time 0.551271 sec is excluded from PRIMME/IPT timings.
[NH3 benchmark] sorted diagonal first 10 entries (requested k=10 threshold=0)
[NH3 benchmark] rank=0 original_index=0 diagonal=-55.988398491054781 gap_to_next=0.52916495219153603
[NH3 benchmark] rank=1 original_index=2 diagonal=-55.459233538863245 gap_to_next=2.8421709430404007e-14
[NH3 benchmark] rank=2 original_index=1 diagonal=-55.459233538863216 gap_to_next=0.027820160888545331
[NH3 benchmark] rank=3 original_index=4 diagonal=-55.431413377974671 gap_to_next=1.4210854715202004e-14
[NH3 benchmark] rank=4 original_index=3 diagonal=-55.431413377974657 gap_to_next=7.5366914344954239e-06
[NH3 benchmark] rank=5 original_index=6 diagonal=-55.431405841283222 gap_to_next=7.1054273576010019e-15
[NH3 benchmark] rank=6 original_index=5 diagonal=-55.431405841283215 gap_to_next=0.1978013369632734
[NH3 benchmark] rank=7 original_index=7 diagonal=-55.233604504319942 gap_to_next=7.1054273576010019e-15
[NH3 benchmark] rank=8 original_index=8 diagonal=-55.233604504319935 gap_to_next=1.0978110623227622e-05
[NH3 benchmark] rank=9 original_index=10 diagonal=-55.233593526209312
[IPT preparation] union target=1 row=2 gap=2.8421709430404007e-14 gap_floor=1.2431921823331478e-11 coupling=0.035126100516652353 coupling_gap_ratio=2825476303.3282447 ratio_tol=0.14999999999999999 allowed_gap=0.23417400344434902
[IPT preparation] union target=2 row=1 gap=2.8421709430404007e-14 gap_floor=1.2431921823331478e-11 coupling=0.035126100516652353 coupling_gap_ratio=2825476303.3282447 ratio_tol=0.14999999999999999 allowed_gap=0.23417400344434902
[IPT preparation] union target=3 row=4 gap=1.4210854715202004e-14 gap_floor=1.2431921823331478e-11 coupling=0.041024652168614222 coupling_gap_ratio=3299944509.9165311 ratio_tol=0.14999999999999999 allowed_gap=0.27349768112409484
[IPT preparation] union target=4 row=3 gap=1.4210854715202004e-14 gap_floor=1.2431921823331478e-11 coupling=0.041024652168614222 coupling_gap_ratio=3299944509.9165311 ratio_tol=0.14999999999999999 allowed_gap=0.27349768112409484
[IPT preparation] union target=5 row=6 gap=7.1054273576010019e-15 gap_floor=1.2431921823331478e-11 coupling=0.041023816238376101 coupling_gap_ratio=3299877269.28793 ratio_tol=0.14999999999999999 allowed_gap=0.27349210825584069
[IPT preparation] union target=6 row=5 gap=7.1054273576010019e-15 gap_floor=1.2431921823331478e-11 coupling=0.041023816238376101 coupling_gap_ratio=3299877269.28793 ratio_tol=0.14999999999999999 allowed_gap=0.27349210825584069
[IPT preparation] union target=7 row=8 gap=7.1054273576010019e-15 gap_floor=1.2431921823331478e-11 coupling=0.054766680148316066 coupling_gap_ratio=4405326941.9321213 ratio_tol=0.14999999999999999 allowed_gap=0.36511120098877381
[IPT preparation] union target=7 row=11 gap=0.079552086364849117 gap_floor=1.2431921823331478e-11 coupling=0.026623787748879794 coupling_gap_ratio=0.33467114396944064 ratio_tol=0.14999999999999999 allowed_gap=0.17749191832586531
[IPT preparation] union target=7 row=12 gap=0.079552086364863328 gap_floor=1.2431921823331478e-11 coupling=0.019760273214017257 coupling_gap_ratio=0.2483941542826085 ratio_tol=0.14999999999999999 allowed_gap=0.13173515476011505
[IPT preparation] union target=7 row=13 gap=0.079569998442252654 gap_floor=1.2431921823331478e-11 coupling=0.019758527101344445 coupling_gap_ratio=0.24831629368051392 ratio_tol=0.14999999999999999 allowed_gap=0.13172351400896298
[IPT preparation] union target=7 row=14 gap=0.079569998442302392 gap_floor=1.2431921823331478e-11 coupling=0.026614769348671498 coupling_gap_ratio=0.33448246662930797 ratio_tol=0.14999999999999999 allowed_gap=0.17743179565781
[IPT preparation] union target=8 row=7 gap=7.1054273576010019e-15 gap_floor=1.2431921823331478e-11 coupling=0.054766680148316066 coupling_gap_ratio=4405326941.9321213 ratio_tol=0.14999999999999999 allowed_gap=0.36511120098877381
[IPT preparation] union target=8 row=11 gap=0.079552086364842012 gap_floor=1.2431921823331478e-11 coupling=0.019760273214017257 coupling_gap_ratio=0.24839415428267506 ratio_tol=0.14999999999999999 allowed_gap=0.13173515476011505
[IPT preparation] union target=8 row=12 gap=0.079552086364856223 gap_floor=1.2431921823331478e-11 coupling=0.026623787748879777 coupling_gap_ratio=0.3346711439694105 ratio_tol=0.14999999999999999 allowed_gap=0.17749191832586519
[IPT preparation] union target=8 row=13 gap=0.079569998442245549 gap_floor=1.2431921823331478e-11 coupling=0.026614769348671505 coupling_gap_ratio=0.334482466629547 ratio_tol=0.14999999999999999 allowed_gap=0.17743179565781003
[IPT preparation] union target=8 row=14 gap=0.079569998442295287 gap_floor=1.2431921823331478e-11 coupling=0.019758527101344736 coupling_gap_ratio=0.24831629368038452 ratio_tol=0.14999999999999999 allowed_gap=0.13172351400896493
[IPT preparation] union target=9 row=10 gap=4.2632564145606011e-14 gap_floor=1.2431921823331478e-11 coupling=0.054747408540360122 coupling_gap_ratio=4403776770.6689968 ratio_tol=0.14999999999999999 allowed_gap=0.3649827236024008
[IPT preparation] union target=9 row=15 gap=0.1063260365797305 gap_floor=1.2431921823331478e-11 coupling=0.026601917458247904 coupling_gap_ratio=0.25019194088270164 ratio_tol=0.14999999999999999 allowed_gap=0.17734611638831937
[IPT preparation] union target=9 row=16 gap=0.10632603657978024 gap_floor=1.2431921823331478e-11 coupling=0.019762321974427375 coupling_gap_ratio=0.18586531211100862 ratio_tol=0.14999999999999999 allowed_gap=0.13174881316284917
[IPT preparation] union target=9 row=17 gap=0.10632672731237136 gap_floor=1.2431921823331478e-11 coupling=0.019754328913091611 coupling_gap_ratio=0.1857889301441252 ratio_tol=0.14999999999999999 allowed_gap=0.13169552608727741
[IPT preparation] union target=9 row=18 gap=0.10632672731238557 gap_floor=1.2431921823331478e-11 coupling=0.02662973204980542 coupling_gap_ratio=0.25045191103802017 ratio_tol=0.14999999999999999 allowed_gap=0.1775315469987028
[IPT preparation] target_vs_all_candidates=789 unions=21 max_coupling_gap_ratio=4405326941.9321213 at target=7 row=8 gap=7.1054273576010019e-15 coupling=0.054766680148316066
IPT block-cluster: clusters=2 basis_cols=19 maxiter=100 tol=1.000e-12 damping=1.000e+00
IPT block-cluster: block[0]=0:0 size=1
IPT block-cluster: block[1]=1:18 size=18
repeat 1 IPT_GPU_BLOCK k=10 solve=1.202914e-01 preparation=3.555276e-01 setup=9.827934e+00 iteration=8.862327e-02 rr=3.166814e-02 api_total=1.030782e+01 max_residual=3.690e-10 first_eigenvalue=-56.0545168703607
wrote /fs1/home/nudt_liujie/ftt/IPT_C_GPU/results/sparse/nh3_sto6g_fci_3136_ipt_trials.csv
wrote /fs1/home/nudt_liujie/ftt/IPT_C_GPU/results/sparse/nh3_sto6g_fci_3136_ipt_summary.txt
===== output files =====
/fs1/home/nudt_liujie/ftt/IPT_C_GPU/logs/sparse:
total 2.0M
-rw-r--r-- 1 nudt_liujie nudt_liujie    0 Jun 23 14:54 ch4_sto6g_fci_15876_ipt_3049212.err
-rw-r--r-- 1 nudt_liujie nudt_liujie 7.3K Jun 23 14:54 ch4_sto6g_fci_15876_ipt_3049212.log
-rw-r--r-- 1 nudt_liujie nudt_liujie 7.3K Jun 23 14:54 ch4_sto6g_fci_15876_ipt_3049212.out
-rw-r--r-- 1 nudt_liujie nudt_liujie    0 Jun 23 14:57 ch4_sto6g_fci_15876_ipt_3049229.err
-rw-r--r-- 1 nudt_liujie nudt_liujie  12K Jun 23 14:57 ch4_sto6g_fci_15876_ipt_3049229.log
-rw-r--r-- 1 nudt_liujie nudt_liujie  12K Jun 23 14:57 ch4_sto6g_fci_15876_ipt_3049229.out
-rw-r--r-- 1 nudt_liujie nudt_liujie    0 Jun 23 14:58 ch4_sto6g_fci_15876_ipt_3049237.err
-rw-r--r-- 1 nudt_liujie nudt_liujie  20K Jun 23 14:59 ch4_sto6g_fci_15876_ipt_3049237.log
-rw-r--r-- 1 nudt_liujie nudt_liujie  20K Jun 23 14:59 ch4_sto6g_fci_15876_ipt_3049237.out
-rw-r--r-- 1 nudt_liujie nudt_liujie    0 Jun 23 14:54 co_sto6g_fci_14400_ipt_3049214.err
-rw-r--r-- 1 nudt_liujie nudt_liujie 7.3K Jun 23 14:54 co_sto6g_fci_14400_ipt_3049214.log
-rw-r--r-- 1 nudt_liujie nudt_liujie 7.3K Jun 23 14:54 co_sto6g_fci_14400_ipt_3049214.out
-rw-r--r-- 1 nudt_liujie nudt_liujie    0 Jun 23 14:57 co_sto6g_fci_14400_ipt_3049231.err
-rw-r--r-- 1 nudt_liujie nudt_liujie 3.8K Jun 23 14:57 co_sto6g_fci_14400_ipt_3049231.log
-rw-r--r-- 1 nudt_liujie nudt_liujie 4.0K Jun 23 14:57 co_sto6g_fci_14400_ipt_3049231.out
-rw-r--r-- 1 nudt_liujie nudt_liujie    0 Jun 23 14:58 co_sto6g_fci_14400_ipt_3049239.err
-rw-r--r-- 1 nudt_liujie nudt_liujie  20K Jun 23 14:59 co_sto6g_fci_14400_ipt_3049239.log
-rw-r--r-- 1 nudt_liujie nudt_liujie  20K Jun 23 14:59 co_sto6g_fci_14400_ipt_3049239.out
drwxr-xr-x 2 nudt_liujie nudt_liujie 4.0K Jun 24 15:32 debug
-rw-r--r-- 1 nudt_liujie nudt_liujie    0 Jun 22 12:45 h20_fci_primme_vs_ipt_3044994.err
-rw-r--r-- 1 nudt_liujie nudt_liujie 7.8K Jun 22 12:45 h20_fci_primme_vs_ipt_3044994.log
-rw-r--r-- 1 nudt_liujie nudt_liujie 7.8K Jun 22 12:45 h20_fci_primme_vs_ipt_3044994.out
-rw-r--r-- 1 nudt_liujie nudt_liujie    0 Jun 23 13:14 h2o_631g_cas10e10o_fci_63504_primme_vs_ipt_3048878.err
-rw-r--r-- 1 nudt_liujie nudt_liujie  16K Jun 23 13:15 h2o_631g_cas10e10o_fci_63504_primme_vs_ipt_3048878.log
-rw-r--r-- 1 nudt_liujie nudt_liujie  16K Jun 23 13:15 h2o_631g_cas10e10o_fci_63504_primme_vs_ipt_3048878.out
-rw-r--r-- 1 nudt_liujie nudt_liujie    0 Jun 23 13:16 h2o_631g_cas10e10o_fci_63504_primme_vs_ipt_3048880.err
-rw-r--r-- 1 nudt_liujie nudt_liujie  16K Jun 23 13:16 h2o_631g_cas10e10o_fci_63504_primme_vs_ipt_3048880.log
-rw-r--r-- 1 nudt_liujie nudt_liujie  16K Jun 23 13:16 h2o_631g_cas10e10o_fci_63504_primme_vs_ipt_3048880.out
-rw-r--r-- 1 nudt_liujie nudt_liujie    0 Jun 22 23:11 h2o_631g_fc_fci_245025_primme_vs_ipt_3046899.err
-rw-r--r-- 1 nudt_liujie nudt_liujie  17K Jun 22 23:13 h2o_631g_fc_fci_245025_primme_vs_ipt_3046899.log
-rw-r--r-- 1 nudt_liujie nudt_liujie  17K Jun 22 23:13 h2o_631g_fc_fci_245025_primme_vs_ipt_3046899.out
-rw-r--r-- 1 nudt_liujie nudt_liujie    0 Jun 22 23:17 h2o_631g_fc_fci_245025_primme_vs_ipt_3046908.err
-rw-r--r-- 1 nudt_liujie nudt_liujie  18K Jun 22 23:18 h2o_631g_fc_fci_245025_primme_vs_ipt_3046908.log
-rw-r--r-- 1 nudt_liujie nudt_liujie  18K Jun 22 23:18 h2o_631g_fc_fci_245025_primme_vs_ipt_3046908.out
-rw-r--r-- 1 nudt_liujie nudt_liujie    0 Jun 22 23:21 h2o_631g_fc_fci_245025_primme_vs_ipt_3046918.err
-rw-r--r-- 1 nudt_liujie nudt_liujie  18K Jun 22 23:22 h2o_631g_fc_fci_245025_primme_vs_ipt_3046918.log
-rw-r--r-- 1 nudt_liujie nudt_liujie  18K Jun 22 23:22 h2o_631g_fc_fci_245025_primme_vs_ipt_3046918.out
-rw-r--r-- 1 nudt_liujie nudt_liujie    0 Jun 22 23:21 h2o_631g_fc_fci_245025_primme_vs_ipt_3046919.err
-rw-r--r-- 1 nudt_liujie nudt_liujie  18K Jun 22 23:22 h2o_631g_fc_fci_245025_primme_vs_ipt_3046919.log
-rw-r--r-- 1 nudt_liujie nudt_liujie  18K Jun 22 23:22 h2o_631g_fc_fci_245025_primme_vs_ipt_3046919.out
-rw-r--r-- 1 nudt_liujie nudt_liujie 6.7K Jun 22 23:10 h2o_631g_fc_fci_245025_primme_vs_ipt_manual.log
-rw-r--r-- 1 nudt_liujie nudt_liujie    0 Jun 22 14:57 h2o_fci_pyscf_441_primme_vs_ipt_3045534.err
-rw-r--r-- 1 nudt_liujie nudt_liujie 4.0K Jun 22 14:57 h2o_fci_pyscf_441_primme_vs_ipt_3045534.log
-rw-r--r-- 1 nudt_liujie nudt_liujie 4.0K Jun 22 14:57 h2o_fci_pyscf_441_primme_vs_ipt_3045534.out
-rw-r--r-- 1 nudt_liujie nudt_liujie    0 Jun 22 14:58 h2o_fci_pyscf_441_primme_vs_ipt_3045539.err
-rw-r--r-- 1 nudt_liujie nudt_liujie 9.7K Jun 22 14:58 h2o_fci_pyscf_441_primme_vs_ipt_3045539.log
-rw-r--r-- 1 nudt_liujie nudt_liujie 9.7K Jun 22 14:58 h2o_fci_pyscf_441_primme_vs_ipt_3045539.out
-rw-r--r-- 1 nudt_liujie nudt_liujie    0 Jun 22 17:32 h2o_fci_pyscf_441_primme_vs_ipt_3046000.err
-rw-r--r-- 1 nudt_liujie nudt_liujie  12K Jun 22 17:32 h2o_fci_pyscf_441_primme_vs_ipt_3046000.log
-rw-r--r-- 1 nudt_liujie nudt_liujie  12K Jun 22 17:32 h2o_fci_pyscf_441_primme_vs_ipt_3046000.out
-rw-r--r-- 1 nudt_liujie nudt_liujie    0 Jun 22 17:34 h2o_fci_pyscf_441_primme_vs_ipt_3046008.err
-rw-r--r-- 1 nudt_liujie nudt_liujie  11K Jun 22 17:34 h2o_fci_pyscf_441_primme_vs_ipt_3046008.log
-rw-r--r-- 1 nudt_liujie nudt_liujie  11K Jun 22 17:34 h2o_fci_pyscf_441_primme_vs_ipt_3046008.out
-rw-r--r-- 1 nudt_liujie nudt_liujie    0 Jun 22 19:37 h2o_fci_pyscf_441_primme_vs_ipt_3046277.err
-rw-r--r-- 1 nudt_liujie nudt_liujie  11K Jun 22 19:38 h2o_fci_pyscf_441_primme_vs_ipt_3046277.log
-rw-r--r-- 1 nudt_liujie nudt_liujie  11K Jun 22 19:38 h2o_fci_pyscf_441_primme_vs_ipt_3046277.out
-rw-r--r-- 1 nudt_liujie nudt_liujie    0 Jun 22 21:11 h2o_fci_pyscf_441_primme_vs_ipt_3046551.err
-rw-r--r-- 1 nudt_liujie nudt_liujie  12K Jun 22 21:11 h2o_fci_pyscf_441_primme_vs_ipt_3046551.log
-rw-r--r-- 1 nudt_liujie nudt_liujie  12K Jun 22 21:11 h2o_fci_pyscf_441_primme_vs_ipt_3046551.out
-rw-r--r-- 1 nudt_liujie nudt_liujie    0 Jun 24 14:50 h2o_fci_pyscf_441_primme_vs_ipt_3052571.err
-rw-r--r-- 1 nudt_liujie nudt_liujie  26K Jun 24 14:50 h2o_fci_pyscf_441_primme_vs_ipt_3052571.log
-rw-r--r-- 1 nudt_liujie nudt_liujie  26K Jun 24 14:50 h2o_fci_pyscf_441_primme_vs_ipt_3052571.out
-rw-r--r-- 1 nudt_liujie nudt_liujie    0 Jun 24 14:51 h2o_fci_pyscf_441_primme_vs_ipt_3052577.err
-rw-r--r-- 1 nudt_liujie nudt_liujie  26K Jun 24 14:51 h2o_fci_pyscf_441_primme_vs_ipt_3052577.log
-rw-r--r-- 1 nudt_liujie nudt_liujie  26K Jun 24 14:51 h2o_fci_pyscf_441_primme_vs_ipt_3052577.out
-rw-r--r-- 1 nudt_liujie nudt_liujie  21K Jun 24 15:42 h2o_fci_pyscf_441_primme_vs_ipt_manual.log
lrwxrwxrwx 1 nudt_liujie nudt_liujie   83 Jun 23 14:58 latest_ch4_sto6g_fci_15876_ipt.log -> /fs1/home/nudt_liujie/ftt/IPT_C_GPU/logs/sparse/ch4_sto6g_fci_15876_ipt_3049237.log
lrwxrwxrwx 1 nudt_liujie nudt_liujie   82 Jun 23 14:58 latest_co_sto6g_fci_14400_ipt.log -> /fs1/home/nudt_liujie/ftt/IPT_C_GPU/logs/sparse/co_sto6g_fci_14400_ipt_3049239.log
lrwxrwxrwx 1 nudt_liujie nudt_liujie   81 Jun 22 12:45 latest_h20_fci_primme_vs_ipt.log -> /fs1/home/nudt_liujie/ftt/IPT_C_GPU/logs/sparse/h20_fci_primme_vs_ipt_3044994.log
lrwxrwxrwx 1 nudt_liujie nudt_liujie  102 Jun 23 13:16 latest_h2o_631g_cas10e10o_fci_63504_primme_vs_ipt.log -> /fs1/home/nudt_liujie/ftt/IPT_C_GPU/logs/sparse/h2o_631g_cas10e10o_fci_63504_primme_vs_ipt_3048880.log
lrwxrwxrwx 1 nudt_liujie nudt_liujie   96 Jun 22 23:21 latest_h2o_631g_fc_fci_245025_primme_vs_ipt.log -> /fs1/home/nudt_liujie/ftt/IPT_C_GPU/logs/sparse/h2o_631g_fc_fci_245025_primme_vs_ipt_3046919.log
lrwxrwxrwx 1 nudt_liujie nudt_liujie   90 Jun 24 15:41 latest_h2o_fci_pyscf_441_primme_vs_ipt.log -> /fs1/home/nudt_liujie/ftt/IPT_C_GPU/logs/sparse/h2o_fci_pyscf_441_primme_vs_ipt_manual.log
lrwxrwxrwx 1 nudt_liujie nudt_liujie   82 Jun 23 14:58 latest_n2_sto6g_fci_14400_ipt.log -> /fs1/home/nudt_liujie/ftt/IPT_C_GPU/logs/sparse/n2_sto6g_fci_14400_ipt_3049238.log
lrwxrwxrwx 1 nudt_liujie nudt_liujie   82 Jun 28 12:51 latest_nh3_sto6g_fci_3136_ipt.log -> /fs1/home/nudt_liujie/ftt/IPT_C_GPU/logs/sparse/nh3_sto6g_fci_3136_ipt_3068809.log
lrwxrwxrwx 1 nudt_liujie nudt_liujie   80 Jun 22 10:56 latest_primme_vs_ipt_sparse.log -> /fs1/home/nudt_liujie/ftt/IPT_C_GPU/logs/sparse/primme_vs_ipt_sparse_3044611.log
lrwxrwxrwx 1 nudt_liujie nudt_liujie   72 Jun 22 21:11 latest_sparse_tests.log -> /fs1/home/nudt_liujie/ftt/IPT_C_GPU/logs/sparse/sparse_tests_3046550.log
-rw-r--r-- 1 nudt_liujie nudt_liujie    0 Jun 23 14:54 n2_sto6g_fci_14400_ipt_3049213.err
-rw-r--r-- 1 nudt_liujie nudt_liujie 7.3K Jun 23 14:54 n2_sto6g_fci_14400_ipt_3049213.log
-rw-r--r-- 1 nudt_liujie nudt_liujie 7.3K Jun 23 14:54 n2_sto6g_fci_14400_ipt_3049213.out
-rw-r--r-- 1 nudt_liujie nudt_liujie    0 Jun 23 14:57 n2_sto6g_fci_14400_ipt_3049230.err
-rw-r--r-- 1 nudt_liujie nudt_liujie  12K Jun 23 14:57 n2_sto6g_fci_14400_ipt_3049230.log
-rw-r--r-- 1 nudt_liujie nudt_liujie  12K Jun 23 14:57 n2_sto6g_fci_14400_ipt_3049230.out
-rw-r--r-- 1 nudt_liujie nudt_liujie    0 Jun 23 14:58 n2_sto6g_fci_14400_ipt_3049238.err
-rw-r--r-- 1 nudt_liujie nudt_liujie  20K Jun 23 14:59 n2_sto6g_fci_14400_ipt_3049238.log
-rw-r--r-- 1 nudt_liujie nudt_liujie  20K Jun 23 14:59 n2_sto6g_fci_14400_ipt_3049238.out
-rw-r--r-- 1 nudt_liujie nudt_liujie    0 Jun 23 14:54 nh3_sto6g_fci_3136_ipt_3049211.err
-rw-r--r-- 1 nudt_liujie nudt_liujie 7.3K Jun 23 14:54 nh3_sto6g_fci_3136_ipt_3049211.log
-rw-r--r-- 1 nudt_liujie nudt_liujie 7.3K Jun 23 14:54 nh3_sto6g_fci_3136_ipt_3049211.out
-rw-r--r-- 1 nudt_liujie nudt_liujie    0 Jun 23 14:57 nh3_sto6g_fci_3136_ipt_3049228.err
-rw-r--r-- 1 nudt_liujie nudt_liujie  12K Jun 23 14:57 nh3_sto6g_fci_3136_ipt_3049228.log
-rw-r--r-- 1 nudt_liujie nudt_liujie  12K Jun 23 14:57 nh3_sto6g_fci_3136_ipt_3049228.out
-rw-r--r-- 1 nudt_liujie nudt_liujie    0 Jun 23 14:58 nh3_sto6g_fci_3136_ipt_3049236.err
-rw-r--r-- 1 nudt_liujie nudt_liujie  20K Jun 23 14:59 nh3_sto6g_fci_3136_ipt_3049236.log
-rw-r--r-- 1 nudt_liujie nudt_liujie  20K Jun 23 14:59 nh3_sto6g_fci_3136_ipt_3049236.out
-rw-r--r-- 1 nudt_liujie nudt_liujie    0 Jun 23 16:10 nh3_sto6g_fci_3136_ipt_3049472.err
-rw-r--r-- 1 nudt_liujie nudt_liujie  20K Jun 23 16:11 nh3_sto6g_fci_3136_ipt_3049472.log
-rw-r--r-- 1 nudt_liujie nudt_liujie  20K Jun 23 16:11 nh3_sto6g_fci_3136_ipt_3049472.out
-rw-r--r-- 1 nudt_liujie nudt_liujie    0 Jun 23 16:41 nh3_sto6g_fci_3136_ipt_3049583.err
-rw-r--r-- 1 nudt_liujie nudt_liujie  22K Jun 23 16:42 nh3_sto6g_fci_3136_ipt_3049583.log
-rw-r--r-- 1 nudt_liujie nudt_liujie  22K Jun 23 16:42 nh3_sto6g_fci_3136_ipt_3049583.out
-rw-r--r-- 1 nudt_liujie nudt_liujie    0 Jun 23 16:43 nh3_sto6g_fci_3136_ipt_3049587.err
-rw-r--r-- 1 nudt_liujie nudt_liujie  23K Jun 23 16:43 nh3_sto6g_fci_3136_ipt_3049587.log
-rw-r--r-- 1 nudt_liujie nudt_liujie  23K Jun 23 16:43 nh3_sto6g_fci_3136_ipt_3049587.out
-rw-r--r-- 1 nudt_liujie nudt_liujie    0 Jun 23 16:45 nh3_sto6g_fci_3136_ipt_3049597.err
-rw-r--r-- 1 nudt_liujie nudt_liujie  24K Jun 23 16:45 nh3_sto6g_fci_3136_ipt_3049597.log
-rw-r--r-- 1 nudt_liujie nudt_liujie  24K Jun 23 16:45 nh3_sto6g_fci_3136_ipt_3049597.out
-rw-r--r-- 1 nudt_liujie nudt_liujie    0 Jun 24 14:04 nh3_sto6g_fci_3136_ipt_3052140.err
-rw-r--r-- 1 nudt_liujie nudt_liujie  24K Jun 24 14:05 nh3_sto6g_fci_3136_ipt_3052140.log
-rw-r--r-- 1 nudt_liujie nudt_liujie  24K Jun 24 14:05 nh3_sto6g_fci_3136_ipt_3052140.out
-rw-r--r-- 1 nudt_liujie nudt_liujie    0 Jun 27 21:16 nh3_sto6g_fci_3136_ipt_3066052.err
-rw-r--r-- 1 nudt_liujie nudt_liujie  24K Jun 27 21:17 nh3_sto6g_fci_3136_ipt_3066052.log
-rw-r--r-- 1 nudt_liujie nudt_liujie  24K Jun 27 21:17 nh3_sto6g_fci_3136_ipt_3066052.out
-rw-r--r-- 1 nudt_liujie nudt_liujie    0 Jun 27 21:17 nh3_sto6g_fci_3136_ipt_3066056.err
-rw-r--r-- 1 nudt_liujie nudt_liujie  25K Jun 27 21:17 nh3_sto6g_fci_3136_ipt_3066056.log
-rw-r--r-- 1 nudt_liujie nudt_liujie  25K Jun 27 21:17 nh3_sto6g_fci_3136_ipt_3066056.out
-rw-r--r-- 1 nudt_liujie nudt_liujie    0 Jun 27 21:19 nh3_sto6g_fci_3136_ipt_3066064.err
-rw-r--r-- 1 nudt_liujie nudt_liujie  25K Jun 27 21:19 nh3_sto6g_fci_3136_ipt_3066064.log
-rw-r--r-- 1 nudt_liujie nudt_liujie  25K Jun 27 21:19 nh3_sto6g_fci_3136_ipt_3066064.out
-rw-r--r-- 1 nudt_liujie nudt_liujie    0 Jun 27 21:20 nh3_sto6g_fci_3136_ipt_3066077.err
-rw-r--r-- 1 nudt_liujie nudt_liujie  25K Jun 27 21:20 nh3_sto6g_fci_3136_ipt_3066077.log
-rw-r--r-- 1 nudt_liujie nudt_liujie  25K Jun 27 21:20 nh3_sto6g_fci_3136_ipt_3066077.out
-rw-r--r-- 1 nudt_liujie nudt_liujie    0 Jun 27 22:09 nh3_sto6g_fci_3136_ipt_3066324.err
-rw-r--r-- 1 nudt_liujie nudt_liujie  30K Jun 27 22:09 nh3_sto6g_fci_3136_ipt_3066324.log
-rw-r--r-- 1 nudt_liujie nudt_liujie  30K Jun 27 22:09 nh3_sto6g_fci_3136_ipt_3066324.out
-rw-r--r-- 1 nudt_liujie nudt_liujie    0 Jun 27 22:12 nh3_sto6g_fci_3136_ipt_3066327.err
-rw-r--r-- 1 nudt_liujie nudt_liujie  30K Jun 27 22:13 nh3_sto6g_fci_3136_ipt_3066327.log
-rw-r--r-- 1 nudt_liujie nudt_liujie  30K Jun 27 22:13 nh3_sto6g_fci_3136_ipt_3066327.out
-rw-r--r-- 1 nudt_liujie nudt_liujie    0 Jun 27 22:13 nh3_sto6g_fci_3136_ipt_3066340.err
-rw-r--r-- 1 nudt_liujie nudt_liujie  30K Jun 27 22:14 nh3_sto6g_fci_3136_ipt_3066340.log
-rw-r--r-- 1 nudt_liujie nudt_liujie  30K Jun 27 22:14 nh3_sto6g_fci_3136_ipt_3066340.out
-rw-r--r-- 1 nudt_liujie nudt_liujie    0 Jun 27 22:15 nh3_sto6g_fci_3136_ipt_3066355.err
-rw-r--r-- 1 nudt_liujie nudt_liujie  31K Jun 27 22:16 nh3_sto6g_fci_3136_ipt_3066355.log
-rw-r--r-- 1 nudt_liujie nudt_liujie  31K Jun 27 22:16 nh3_sto6g_fci_3136_ipt_3066355.out
-rw-r--r-- 1 nudt_liujie nudt_liujie    0 Jun 28 12:44 nh3_sto6g_fci_3136_ipt_3068790.err
-rw-r--r-- 1 nudt_liujie nudt_liujie  31K Jun 28 12:46 nh3_sto6g_fci_3136_ipt_3068790.log
-rw-r--r-- 1 nudt_liujie nudt_liujie  31K Jun 28 12:46 nh3_sto6g_fci_3136_ipt_3068790.out
-rw-r--r-- 1 nudt_liujie nudt_liujie    0 Jun 28 12:48 nh3_sto6g_fci_3136_ipt_3068796.err
-rw-r--r-- 1 nudt_liujie nudt_liujie  33K Jun 28 12:48 nh3_sto6g_fci_3136_ipt_3068796.log
-rw-r--r-- 1 nudt_liujie nudt_liujie  33K Jun 28 12:48 nh3_sto6g_fci_3136_ipt_3068796.out
-rw-r--r-- 1 nudt_liujie nudt_liujie    0 Jun 28 12:50 nh3_sto6g_fci_3136_ipt_3068807.err
-rw-r--r-- 1 nudt_liujie nudt_liujie  32K Jun 28 12:50 nh3_sto6g_fci_3136_ipt_3068807.log
-rw-r--r-- 1 nudt_liujie nudt_liujie  32K Jun 28 12:50 nh3_sto6g_fci_3136_ipt_3068807.out
-rw-r--r-- 1 nudt_liujie nudt_liujie    0 Jun 28 12:51 nh3_sto6g_fci_3136_ipt_3068809.err
-rw-r--r-- 1 nudt_liujie nudt_liujie  12K Jun 28 12:52 nh3_sto6g_fci_3136_ipt_3068809.log
-rw-r--r-- 1 nudt_liujie nudt_liujie  12K Jun 28 12:52 nh3_sto6g_fci_3136_ipt_3068809.out
-rw-r--r-- 1 nudt_liujie nudt_liujie  22K Jun 27 21:13 nh3_sto6g_fci_3136_ipt_manual.log
-rw-r--r-- 1 nudt_liujie nudt_liujie    0 Jun 22 09:53 primme_vs_ipt_sparse_3043135.err
-rw-r--r-- 1 nudt_liujie nudt_liujie 3.0K Jun 22 09:53 primme_vs_ipt_sparse_3043135.log
-rw-r--r-- 1 nudt_liujie nudt_liujie 3.0K Jun 22 09:53 primme_vs_ipt_sparse_3043135.out
-rw-rw-r-- 1 nudt_liujie nudt_liujie    0 Jun 22 10:39 primme_vs_ipt_sparse_3044569.err
-rw-rw-r-- 1 nudt_liujie nudt_liujie  128 Jun 22 10:39 primme_vs_ipt_sparse_3044569.log
-rw-rw-r-- 1 nudt_liujie nudt_liujie  128 Jun 22 10:39 primme_vs_ipt_sparse_3044569.out
-rw-rw-r-- 1 nudt_liujie nudt_liujie    0 Jun 22 10:40 primme_vs_ipt_sparse_3044570.err
-rw-rw-r-- 1 nudt_liujie nudt_liujie  128 Jun 22 10:40 primme_vs_ipt_sparse_3044570.log
-rw-rw-r-- 1 nudt_liujie nudt_liujie  128 Jun 22 10:40 primme_vs_ipt_sparse_3044570.out
-rw-rw-r-- 1 nudt_liujie nudt_liujie    0 Jun 22 10:42 primme_vs_ipt_sparse_3044572.err
-rw-rw-r-- 1 nudt_liujie nudt_liujie  128 Jun 22 10:42 primme_vs_ipt_sparse_3044572.log
-rw-rw-r-- 1 nudt_liujie nudt_liujie  128 Jun 22 10:42 primme_vs_ipt_sparse_3044572.out
-rw-rw-r-- 1 nudt_liujie nudt_liujie    0 Jun 22 10:42 primme_vs_ipt_sparse_3044574.err
-rw-rw-r-- 1 nudt_liujie nudt_liujie  128 Jun 22 10:42 primme_vs_ipt_sparse_3044574.log
-rw-rw-r-- 1 nudt_liujie nudt_liujie  128 Jun 22 10:42 primme_vs_ipt_sparse_3044574.out
-rw-rw-r-- 1 nudt_liujie nudt_liujie    0 Jun 22 10:42 primme_vs_ipt_sparse_3044575.err
-rw-rw-r-- 1 nudt_liujie nudt_liujie  128 Jun 22 10:42 primme_vs_ipt_sparse_3044575.log
-rw-rw-r-- 1 nudt_liujie nudt_liujie  128 Jun 22 10:42 primme_vs_ipt_sparse_3044575.out
-rw-rw-r-- 1 nudt_liujie nudt_liujie    0 Jun 22 10:53 primme_vs_ipt_sparse_3044594.err
-rw-rw-r-- 1 nudt_liujie nudt_liujie  128 Jun 22 10:53 primme_vs_ipt_sparse_3044594.log
-rw-rw-r-- 1 nudt_liujie nudt_liujie  128 Jun 22 10:53 primme_vs_ipt_sparse_3044594.out
-rw-rw-r-- 1 nudt_liujie nudt_liujie    0 Jun 22 10:56 primme_vs_ipt_sparse_3044611.err
-rw-rw-r-- 1 nudt_liujie nudt_liujie    0 Jun 22 10:56 primme_vs_ipt_sparse_3044611.log
-rw-rw-r-- 1 nudt_liujie nudt_liujie  128 Jun 22 10:56 primme_vs_ipt_sparse_3044611.out
-rw-r--r-- 1 nudt_liujie nudt_liujie  103 Jun 22 21:14 q_gpu_test_3046563.err
-rw-r--r-- 1 nudt_liujie nudt_liujie    0 Jun 22 21:14 q_gpu_test_3046563.out
-rw-r--r-- 1 nudt_liujie nudt_liujie  102 Jun 22 21:15 q_gpu_test_3046565.err
-rw-r--r-- 1 nudt_liujie nudt_liujie    0 Jun 22 21:15 q_gpu_test_3046565.out
-rw-r--r-- 1 nudt_liujie nudt_liujie  141 Jun 22 21:16 q_gpu_test_3046570.err
-rw-r--r-- 1 nudt_liujie nudt_liujie    0 Jun 22 21:16 q_gpu_test_3046570.out
-rw-r--r-- 1 nudt_liujie nudt_liujie    0 Jun 22 21:17 q_gpu_test_3046575.err
-rw-r--r-- 1 nudt_liujie nudt_liujie  185 Jun 22 21:17 q_gpu_test_3046575.out
-rw-r--r-- 1 nudt_liujie nudt_liujie    0 Jun 21 14:27 sparse_tests_3041618.err
-rw-r--r-- 1 nudt_liujie nudt_liujie 3.7K Jun 21 14:27 sparse_tests_3041618.log
-rw-r--r-- 1 nudt_liujie nudt_liujie 3.7K Jun 21 14:27 sparse_tests_3041618.out
-rw-r--r-- 1 nudt_liujie nudt_liujie    0 Jun 21 14:28 sparse_tests_3041620.err
-rw-r--r-- 1 nudt_liujie nudt_liujie 3.3K Jun 21 14:29 sparse_tests_3041620.log
-rw-r--r-- 1 nudt_liujie nudt_liujie 3.3K Jun 21 14:29 sparse_tests_3041620.out
-rw-r--r-- 1 nudt_liujie nudt_liujie    0 Jun 21 14:29 sparse_tests_3041621.err
-rw-r--r-- 1 nudt_liujie nudt_liujie 4.2K Jun 21 14:29 sparse_tests_3041621.log
-rw-r--r-- 1 nudt_liujie nudt_liujie 4.2K Jun 21 14:29 sparse_tests_3041621.out
-rw-r--r-- 1 nudt_liujie nudt_liujie    0 Jun 22 17:35 sparse_tests_3046009.err
-rw-r--r-- 1 nudt_liujie nudt_liujie 9.0K Jun 22 17:35 sparse_tests_3046009.log
-rw-r--r-- 1 nudt_liujie nudt_liujie 9.0K Jun 22 17:35 sparse_tests_3046009.out
-rw-r--r-- 1 nudt_liujie nudt_liujie    0 Jun 22 19:36 sparse_tests_3046276.err
-rw-r--r-- 1 nudt_liujie nudt_liujie 9.3K Jun 22 19:36 sparse_tests_3046276.log
-rw-r--r-- 1 nudt_liujie nudt_liujie 9.3K Jun 22 19:36 sparse_tests_3046276.out
-rw-r--r-- 1 nudt_liujie nudt_liujie    0 Jun 22 21:11 sparse_tests_3046550.err
-rw-r--r-- 1 nudt_liujie nudt_liujie  11K Jun 22 21:11 sparse_tests_3046550.log
-rw-r--r-- 1 nudt_liujie nudt_liujie  11K Jun 22 21:11 sparse_tests_3046550.out
-rw-r--r-- 1 nudt_liujie nudt_liujie  977 Jun 22 21:07 sparse_tests_manual.log

/fs1/home/nudt_liujie/ftt/IPT_C_GPU/results/sparse:
total 73K
-rw-r--r-- 1 nudt_liujie nudt_liujie  717 Jun 23 14:59 ch4_sto6g_fci_15876_ipt_summary.txt
-rw-r--r-- 1 nudt_liujie nudt_liujie  212 Jun 23 14:59 ch4_sto6g_fci_15876_ipt_trials.csv
-rw-r--r-- 1 nudt_liujie nudt_liujie  680 Jun 23 14:59 co_sto6g_fci_14400_ipt_summary.txt
-rw-r--r-- 1 nudt_liujie nudt_liujie  192 Jun 23 14:59 co_sto6g_fci_14400_ipt_trials.csv
drwxr-xr-x 2 nudt_liujie nudt_liujie 4.0K Jun 24 11:27 debug
-rw-r--r-- 1 nudt_liujie nudt_liujie  784 Jun 22 12:45 h20_fci_primme_vs_ipt_summary.txt
-rw-r--r-- 1 nudt_liujie nudt_liujie 1.3K Jun 22 12:45 h20_fci_primme_vs_ipt_trials.csv
-rw-r--r-- 1 nudt_liujie nudt_liujie  838 Jun 23 13:16 h2o_631g_cas10e10o_fci_63504_primme_vs_ipt_summary.txt
-rw-r--r-- 1 nudt_liujie nudt_liujie  199 Jun 23 13:16 h2o_631g_cas10e10o_fci_63504_primme_vs_ipt_trials.csv
-rw-r--r-- 1 nudt_liujie nudt_liujie  846 Jun 22 23:22 h2o_631g_fc_fci_245025_primme_vs_ipt_summary.txt
-rw-r--r-- 1 nudt_liujie nudt_liujie  192 Jun 22 23:22 h2o_631g_fc_fci_245025_primme_vs_ipt_trials.csv
-rw-r--r-- 1 nudt_liujie nudt_liujie 1.1K Jun 24 15:42 h2o_fci_pyscf_441_primme_vs_ipt_summary.txt
-rw-r--r-- 1 nudt_liujie nudt_liujie  351 Jun 24 15:42 h2o_fci_pyscf_441_primme_vs_ipt_trials.csv
-rw-r--r-- 1 nudt_liujie nudt_liujie 1.1K Jun 24 15:37 h2o_sto6g_block_cluster_debug.csv
-rw-r--r-- 1 nudt_liujie nudt_liujie  679 Jun 23 14:59 n2_sto6g_fci_14400_ipt_summary.txt
-rw-r--r-- 1 nudt_liujie nudt_liujie  190 Jun 23 14:59 n2_sto6g_fci_14400_ipt_trials.csv
-rw-r--r-- 1 nudt_liujie nudt_liujie  962 Jun 28 12:52 nh3_sto6g_fci_3136_ipt_summary.txt
-rw-r--r-- 1 nudt_liujie nudt_liujie  451 Jun 28 12:52 nh3_sto6g_fci_3136_ipt_trials.csv
-rw-r--r-- 1 nudt_liujie nudt_liujie  322 Jun 22 21:11 sparse_runtests_summary.csv
-rw-r--r-- 1 nudt_liujie nudt_liujie  277 Jun 22 21:11 sparse_runtests_summary.txt
finished at: Sun Jun 28 12:52:05 CST 2026
