===== NH3/STO-6G full FCI IPT sparse benchmark =====
Sat Jun 27 22:13:53 CST 2026
gn61
SLURM_JOB_ID=3066340
CUDA_VISIBLE_DEVICES=0
IPT_REPEATS=1
IPT_TOL=1e-12
IPT_MAXITER=1000
IPT_K=10
IPT_DEBUG_PREPARATION=1
IPT_DEGENERACY_THRESHOLD=0
IPT_BLOCK_CLUSTER=1
IPT_BLOCK_CLUSTER_MAXITER=100
IPT_BLOCK_CLUSTER_TOL=1e-12
IPT_BLOCK_CLUSTER_DAMPING=1
RUN_PRIMME=0
RUN_WARMUP=0
IPT_EST_NNZ_PER_COL=600
Currently Loaded Modulefiles:
 1) GCC/12.2.0   2) CUDA/12.2  
numpy 1.21.5 /fs1/software/hpcsystem/THL7/software/pyscf/2.0.1-py3.8/lib/python3.8/site-packages/numpy/__init__.py
scipy 1.7.3 /fs1/software/hpcsystem/THL7/software/pyscf/2.0.1-py3.8/lib/python3.8/site-packages/scipy/__init__.py
pyscf 2.0.1 /fs1/software/hpcsystem/THL7/software/pyscf/2.0.1-py3.8/lib/python3.8/site-packages/pyscf/__init__.py
nvcc: NVIDIA (R) Cuda compiler driver
Copyright (c) 2005-2023 NVIDIA Corporation
Built on Tue_Jun_13_19:16:58_PDT_2023
Cuda compilation tools, release 12.2, V12.2.91
Build cuda_12.2.r12.2/compiler.32965470_0
Sat Jun 27 22:13:55 2026       
+---------------------------------------------------------------------------------------+
| NVIDIA-SMI 535.104.12             Driver Version: 535.104.12   CUDA Version: 12.2     |
|-----------------------------------------+----------------------+----------------------+
| GPU  Name                 Persistence-M | Bus-Id        Disp.A | Volatile Uncorr. ECC |
| Fan  Temp   Perf          Pwr:Usage/Cap |         Memory-Usage | GPU-Util  Compute M. |
|                                         |                      |               MIG M. |
|=========================================+======================+======================|
|   0  Tesla V100-SXM2-32GB           Off | 00000000:1B:00.0 Off |                  Off |
| N/A   31C    P0              53W / 300W |      0MiB / 32768MiB |      1%      Default |
|                                         |                      |                  N/A |
+-----------------------------------------+----------------------+----------------------+
                                                                                         
+---------------------------------------------------------------------------------------+
| Processes:                                                                            |
|  GPU   GI   CI        PID   Type   Process name                            GPU Memory |
|        ID   ID                                                             Usage      |
|=======================================================================================|
|  No running processes found                                                           |
+---------------------------------------------------------------------------------------+
===== build =====
+ nvcc -O3 -std=c++14 -lineinfo -gencode arch=compute_70,code=sm_70 -gencode arch=compute_80,code=sm_80 -I/fs1/home/nudt_liujie/ftt/primme-3.2.3/include -I/fs1/software/python/3.8_miniconda_4.10.3/include/python3.8 /fs1/home/nudt_liujie/ftt/IPT_C_GPU/test/sparse/NH3/benchmark_nh3_sto6g_fci_3136_ipt.cu /fs1/home/nudt_liujie/ftt/primme-3.2.3/lib/libprimme.a -o /fs1/home/nudt_liujie/ftt/IPT_C_GPU/test/sparse/NH3/benchmark_nh3_sto6g_fci_3136_ipt_cuda -lcublas -lcusparse -lcusolver -lcudart -L/fs1/software/python/3.8_miniconda_4.10.3/lib -lpython3.8 -L/fs1/home/nudt_liujie/ftt/IPT_C_GPU/test/sparse/NH3 -lopenblas -lpthread -ldl -lutil -lrt -Xlinker -rpath -Xlinker /fs1/software/gcc/12.2.0/lib64 -Xlinker -rpath -Xlinker /fs1/software/python/3.8_miniconda_4.10.3/lib -Xlinker -rpath -Xlinker /fs1/software/cp2k/8.1-gcc8.4-openmpi/lib -lgfortran /fs1/software/gcc/12.2.0/lib64/libstdc++.so -lm
/fs1/home/nudt_liujie/ftt/IPT_C_GPU/test/sparse/NH3/benchmark_nh3_sto6g_fci_3136_ipt.cu(898): warning #177-D: function "primme_matvec" was declared but never referenced
  static void primme_matvec(void *x, int64_t *ldx, void *y, int64_t *ldy,
              ^

Remark: The warnings can be suppressed with "-diag-suppress <warning-number>"

/fs1/home/nudt_liujie/ftt/IPT_C_GPU/test/sparse/NH3/benchmark_nh3_sto6g_fci_3136_ipt.cu(898): warning #177-D: function "primme_matvec" was declared but never referenced
  static void primme_matvec(void *x, int64_t *ldx, void *y, int64_t *ldy,
              ^

Remark: The warnings can be suppressed with "-diag-suppress <warning-number>"

+ set +x
===== run =====
Generating NH3/STO-6G full FCI integrals with PySCF...
PYSCF_SITE_PACKAGES=/fs1/software/hpcsystem/THL7/software/pyscf/2.0.1-py3.8/lib/python3.8/site-packages
Generated CI strings: na=56 nb=56 n=3136
Link counts per string: one=20 two=400
CSC generation progress 3136/3136 columns nnz=990976 elapsed=0.17 sec
NH3/STO-6G full FCI CSC benchmark: n=3136 nnz=990976 k=10 repeats=1 tol=1.000e-12 run_primme=0
Matrix/integral generation time 0.556921 sec is excluded from PRIMME/IPT timings.
[NH3 benchmark] sorted diagonal first 10 entries (requested k=10 threshold=0)
[NH3 benchmark] rank=0 original_index=0 diagonal=-55.988398491054781 gap_to_next=0.52916495219155024
[NH3 benchmark] rank=1 original_index=1 diagonal=-55.459233538863231 gap_to_next=0
[NH3 benchmark] rank=2 original_index=2 diagonal=-55.459233538863231 gap_to_next=0.027820160888559542
[NH3 benchmark] rank=3 original_index=4 diagonal=-55.431413377974671 gap_to_next=7.1054273576010019e-15
[NH3 benchmark] rank=4 original_index=3 diagonal=-55.431413377974664 gap_to_next=7.5366914344954239e-06
[NH3 benchmark] rank=5 original_index=5 diagonal=-55.43140584128323 gap_to_next=2.1316282072803006e-14
[NH3 benchmark] rank=6 original_index=6 diagonal=-55.431405841283208 gap_to_next=0.1978013369632734
[NH3 benchmark] rank=7 original_index=8 diagonal=-55.233604504319935 gap_to_next=7.1054273576010019e-15
[NH3 benchmark] rank=8 original_index=7 diagonal=-55.233604504319928 gap_to_next=1.0978110658754758e-05
[NH3 benchmark] rank=9 original_index=9 diagonal=-55.233593526209269
[IPT preparation] union target=1 row=2 gap=0 gap_floor=5.5459233538863228e-11 coupling=0.035126100516651798 coupling_gap_ratio=633367940.29144084 ratio_tol=0.20000000000000001 allowed_gap=0.17563050258325899
[IPT preparation] union target=2 row=1 gap=0 gap_floor=5.5459233538863228e-11 coupling=0.035126100516651798 coupling_gap_ratio=633367940.29144084 ratio_tol=0.20000000000000001 allowed_gap=0.17563050258325899
[IPT preparation] union target=3 row=4 gap=7.1054273576010019e-15 gap_floor=5.5431413377974673e-11 coupling=0.041024652168615096 coupling_gap_ratio=740097530.77874768 ratio_tol=0.20000000000000001 allowed_gap=0.20512326084307547
[IPT preparation] union target=4 row=3 gap=7.1054273576010019e-15 gap_floor=5.5431413377974673e-11 coupling=0.041024652168615096 coupling_gap_ratio=740097530.77874768 ratio_tol=0.20000000000000001 allowed_gap=0.20512326084307547
[IPT preparation] union target=5 row=6 gap=2.1316282072803006e-14 gap_floor=5.5431405841283227e-11 coupling=0.041023816238376955 coupling_gap_ratio=740082550.96110082 ratio_tol=0.20000000000000001 allowed_gap=0.20511908119188477
[IPT preparation] union target=6 row=5 gap=2.1316282072803006e-14 gap_floor=5.5431405841283227e-11 coupling=0.041023816238376955 coupling_gap_ratio=740082550.96110082 ratio_tol=0.20000000000000001 allowed_gap=0.20511908119188477
[IPT preparation] union target=7 row=8 gap=7.1054273576010019e-15 gap_floor=5.5233604504319934e-11 coupling=0.054766680148315608 coupling_gap_ratio=991546371.81124389 ratio_tol=0.20000000000000001 allowed_gap=0.27383340074157803
[IPT preparation] union target=7 row=11 gap=0.079552086364842012 gap_floor=5.5233604504319934e-11 coupling=0.019760273214017035 coupling_gap_ratio=0.24839415428267225 ratio_tol=0.20000000000000001 allowed_gap=0.098801366070085175
[IPT preparation] union target=7 row=12 gap=0.079552086364863328 gap_floor=5.5233604504319934e-11 coupling=0.026623787748879621 coupling_gap_ratio=0.33467114396937869 ratio_tol=0.20000000000000001 allowed_gap=0.13311893874439809
[IPT preparation] union target=7 row=13 gap=0.079569998442231338 gap_floor=5.5233604504319934e-11 coupling=0.019758527101346089 coupling_gap_ratio=0.2483162936806011 ratio_tol=0.20000000000000001 allowed_gap=0.098792635506730439
[IPT preparation] union target=7 row=14 gap=0.079569998442259759 gap_floor=5.5233604504319934e-11 coupling=0.026614769348672018 coupling_gap_ratio=0.33448246662949371 ratio_tol=0.20000000000000001 allowed_gap=0.13307384674336009
[IPT preparation] union target=8 row=7 gap=7.1054273576010019e-15 gap_floor=5.5233604504319934e-11 coupling=0.054766680148315608 coupling_gap_ratio=991546371.81124389 ratio_tol=0.20000000000000001 allowed_gap=0.27383340074157803
[IPT preparation] union target=8 row=11 gap=0.079552086364834906 gap_floor=5.5233604504319928e-11 coupling=0.026623787748879607 coupling_gap_ratio=0.33467114396949804 ratio_tol=0.20000000000000001 allowed_gap=0.13311893874439804
[IPT preparation] union target=8 row=12 gap=0.079552086364856223 gap_floor=5.5233604504319928e-11 coupling=0.019760273214017035 coupling_gap_ratio=0.2483941542826279 ratio_tol=0.20000000000000001 allowed_gap=0.098801366070085175
[IPT preparation] union target=8 row=13 gap=0.079569998442224232 gap_floor=5.5233604504319928e-11 coupling=0.026614769348672022 coupling_gap_ratio=0.33448246662964309 ratio_tol=0.20000000000000001 allowed_gap=0.13307384674336009
[IPT preparation] union target=8 row=14 gap=0.079569998442252654 gap_floor=5.5233604504319928e-11 coupling=0.019758527101346075 coupling_gap_ratio=0.2483162936805344 ratio_tol=0.20000000000000001 allowed_gap=0.09879263550673037
[IPT preparation] union target=9 row=10 gap=7.1054273576010019e-15 gap_floor=5.5233593526209266e-11 coupling=0.054747408540360913 coupling_gap_ratio=991197657.89604747 ratio_tol=0.20000000000000001 allowed_gap=0.27373704270180454
[IPT preparation] union target=9 row=16 gap=0.1063260365797305 gap_floor=5.5233593526209266e-11 coupling=0.026601917458249125 coupling_gap_ratio=0.25019194088271313 ratio_tol=0.20000000000000001 allowed_gap=0.13300958729124562
[IPT preparation] union target=9 row=18 gap=0.10632672731232873 gap_floor=5.5233593526209266e-11 coupling=0.026629732049804847 coupling_gap_ratio=0.25045191103814868 ratio_tol=0.20000000000000001 allowed_gap=0.13314866024902422
[IPT preparation] target_vs_all_candidates=342 unions=19 max_coupling_gap_ratio=991546371.81124389 at target=7 row=8 gap=7.1054273576010019e-15 coupling=0.054766680148315608
IPT block-cluster: clusters=5 basis_cols=19 maxiter=100 tol=1.000e-12 damping=1.000e+00
IPT block-cluster: block[0]=0:0 size=1
IPT block-cluster: block[1]=1:2 size=2
IPT block-cluster: block[2]=3:4 size=2
IPT block-cluster: block[3]=5:6 size=2
IPT block-cluster: block[4]=7:18 size=12
repeat 1 IPT_GPU_BLOCK k=10 solve=1.622237e-01 preparation=3.558603e-01 setup=2.941399e+00 iteration=1.306970e-01 rr=3.152669e-02 api_total=3.463548e+00 max_residual=8.876e-01 first_eigenvalue=-488.940016025177
wrote /fs1/home/nudt_liujie/ftt/IPT_C_GPU/results/sparse/nh3_sto6g_fci_3136_ipt_trials.csv
wrote /fs1/home/nudt_liujie/ftt/IPT_C_GPU/results/sparse/nh3_sto6g_fci_3136_ipt_summary.txt
===== output files =====
/fs1/home/nudt_liujie/ftt/IPT_C_GPU/logs/sparse:
total 1.7M
-rw-r--r-- 1 nudt_liujie nudt_liujie    0 Jun 23 14:54 ch4_sto6g_fci_15876_ipt_3049212.err
-rw-r--r-- 1 nudt_liujie nudt_liujie 7.3K Jun 23 14:54 ch4_sto6g_fci_15876_ipt_3049212.log
-rw-r--r-- 1 nudt_liujie nudt_liujie 7.3K Jun 23 14:54 ch4_sto6g_fci_15876_ipt_3049212.out
-rw-r--r-- 1 nudt_liujie nudt_liujie    0 Jun 23 14:57 ch4_sto6g_fci_15876_ipt_3049229.err
-rw-r--r-- 1 nudt_liujie nudt_liujie  12K Jun 23 14:57 ch4_sto6g_fci_15876_ipt_3049229.log
-rw-r--r-- 1 nudt_liujie nudt_liujie  12K Jun 23 14:57 ch4_sto6g_fci_15876_ipt_3049229.out
-rw-r--r-- 1 nudt_liujie nudt_liujie    0 Jun 23 14:58 ch4_sto6g_fci_15876_ipt_3049237.err
-rw-r--r-- 1 nudt_liujie nudt_liujie  20K Jun 23 14:59 ch4_sto6g_fci_15876_ipt_3049237.log
-rw-r--r-- 1 nudt_liujie nudt_liujie  20K Jun 23 14:59 ch4_sto6g_fci_15876_ipt_3049237.out
-rw-r--r-- 1 nudt_liujie nudt_liujie    0 Jun 23 14:54 co_sto6g_fci_14400_ipt_3049214.err
-rw-r--r-- 1 nudt_liujie nudt_liujie 7.3K Jun 23 14:54 co_sto6g_fci_14400_ipt_3049214.log
-rw-r--r-- 1 nudt_liujie nudt_liujie 7.3K Jun 23 14:54 co_sto6g_fci_14400_ipt_3049214.out
-rw-r--r-- 1 nudt_liujie nudt_liujie    0 Jun 23 14:57 co_sto6g_fci_14400_ipt_3049231.err
-rw-r--r-- 1 nudt_liujie nudt_liujie 3.8K Jun 23 14:57 co_sto6g_fci_14400_ipt_3049231.log
-rw-r--r-- 1 nudt_liujie nudt_liujie 4.0K Jun 23 14:57 co_sto6g_fci_14400_ipt_3049231.out
-rw-r--r-- 1 nudt_liujie nudt_liujie    0 Jun 23 14:58 co_sto6g_fci_14400_ipt_3049239.err
-rw-r--r-- 1 nudt_liujie nudt_liujie  20K Jun 23 14:59 co_sto6g_fci_14400_ipt_3049239.log
-rw-r--r-- 1 nudt_liujie nudt_liujie  20K Jun 23 14:59 co_sto6g_fci_14400_ipt_3049239.out
drwxr-xr-x 2 nudt_liujie nudt_liujie 4.0K Jun 24 15:32 debug
-rw-r--r-- 1 nudt_liujie nudt_liujie    0 Jun 22 12:45 h20_fci_primme_vs_ipt_3044994.err
-rw-r--r-- 1 nudt_liujie nudt_liujie 7.8K Jun 22 12:45 h20_fci_primme_vs_ipt_3044994.log
-rw-r--r-- 1 nudt_liujie nudt_liujie 7.8K Jun 22 12:45 h20_fci_primme_vs_ipt_3044994.out
-rw-r--r-- 1 nudt_liujie nudt_liujie    0 Jun 23 13:14 h2o_631g_cas10e10o_fci_63504_primme_vs_ipt_3048878.err
-rw-r--r-- 1 nudt_liujie nudt_liujie  16K Jun 23 13:15 h2o_631g_cas10e10o_fci_63504_primme_vs_ipt_3048878.log
-rw-r--r-- 1 nudt_liujie nudt_liujie  16K Jun 23 13:15 h2o_631g_cas10e10o_fci_63504_primme_vs_ipt_3048878.out
-rw-r--r-- 1 nudt_liujie nudt_liujie    0 Jun 23 13:16 h2o_631g_cas10e10o_fci_63504_primme_vs_ipt_3048880.err
-rw-r--r-- 1 nudt_liujie nudt_liujie  16K Jun 23 13:16 h2o_631g_cas10e10o_fci_63504_primme_vs_ipt_3048880.log
-rw-r--r-- 1 nudt_liujie nudt_liujie  16K Jun 23 13:16 h2o_631g_cas10e10o_fci_63504_primme_vs_ipt_3048880.out
-rw-r--r-- 1 nudt_liujie nudt_liujie    0 Jun 22 23:11 h2o_631g_fc_fci_245025_primme_vs_ipt_3046899.err
-rw-r--r-- 1 nudt_liujie nudt_liujie  17K Jun 22 23:13 h2o_631g_fc_fci_245025_primme_vs_ipt_3046899.log
-rw-r--r-- 1 nudt_liujie nudt_liujie  17K Jun 22 23:13 h2o_631g_fc_fci_245025_primme_vs_ipt_3046899.out
-rw-r--r-- 1 nudt_liujie nudt_liujie    0 Jun 22 23:17 h2o_631g_fc_fci_245025_primme_vs_ipt_3046908.err
-rw-r--r-- 1 nudt_liujie nudt_liujie  18K Jun 22 23:18 h2o_631g_fc_fci_245025_primme_vs_ipt_3046908.log
-rw-r--r-- 1 nudt_liujie nudt_liujie  18K Jun 22 23:18 h2o_631g_fc_fci_245025_primme_vs_ipt_3046908.out
-rw-r--r-- 1 nudt_liujie nudt_liujie    0 Jun 22 23:21 h2o_631g_fc_fci_245025_primme_vs_ipt_3046918.err
-rw-r--r-- 1 nudt_liujie nudt_liujie  18K Jun 22 23:22 h2o_631g_fc_fci_245025_primme_vs_ipt_3046918.log
-rw-r--r-- 1 nudt_liujie nudt_liujie  18K Jun 22 23:22 h2o_631g_fc_fci_245025_primme_vs_ipt_3046918.out
-rw-r--r-- 1 nudt_liujie nudt_liujie    0 Jun 22 23:21 h2o_631g_fc_fci_245025_primme_vs_ipt_3046919.err
-rw-r--r-- 1 nudt_liujie nudt_liujie  18K Jun 22 23:22 h2o_631g_fc_fci_245025_primme_vs_ipt_3046919.log
-rw-r--r-- 1 nudt_liujie nudt_liujie  18K Jun 22 23:22 h2o_631g_fc_fci_245025_primme_vs_ipt_3046919.out
-rw-r--r-- 1 nudt_liujie nudt_liujie 6.7K Jun 22 23:10 h2o_631g_fc_fci_245025_primme_vs_ipt_manual.log
-rw-r--r-- 1 nudt_liujie nudt_liujie    0 Jun 22 14:57 h2o_fci_pyscf_441_primme_vs_ipt_3045534.err
-rw-r--r-- 1 nudt_liujie nudt_liujie 4.0K Jun 22 14:57 h2o_fci_pyscf_441_primme_vs_ipt_3045534.log
-rw-r--r-- 1 nudt_liujie nudt_liujie 4.0K Jun 22 14:57 h2o_fci_pyscf_441_primme_vs_ipt_3045534.out
-rw-r--r-- 1 nudt_liujie nudt_liujie    0 Jun 22 14:58 h2o_fci_pyscf_441_primme_vs_ipt_3045539.err
-rw-r--r-- 1 nudt_liujie nudt_liujie 9.7K Jun 22 14:58 h2o_fci_pyscf_441_primme_vs_ipt_3045539.log
-rw-r--r-- 1 nudt_liujie nudt_liujie 9.7K Jun 22 14:58 h2o_fci_pyscf_441_primme_vs_ipt_3045539.out
-rw-r--r-- 1 nudt_liujie nudt_liujie    0 Jun 22 17:32 h2o_fci_pyscf_441_primme_vs_ipt_3046000.err
-rw-r--r-- 1 nudt_liujie nudt_liujie  12K Jun 22 17:32 h2o_fci_pyscf_441_primme_vs_ipt_3046000.log
-rw-r--r-- 1 nudt_liujie nudt_liujie  12K Jun 22 17:32 h2o_fci_pyscf_441_primme_vs_ipt_3046000.out
-rw-r--r-- 1 nudt_liujie nudt_liujie    0 Jun 22 17:34 h2o_fci_pyscf_441_primme_vs_ipt_3046008.err
-rw-r--r-- 1 nudt_liujie nudt_liujie  11K Jun 22 17:34 h2o_fci_pyscf_441_primme_vs_ipt_3046008.log
-rw-r--r-- 1 nudt_liujie nudt_liujie  11K Jun 22 17:34 h2o_fci_pyscf_441_primme_vs_ipt_3046008.out
-rw-r--r-- 1 nudt_liujie nudt_liujie    0 Jun 22 19:37 h2o_fci_pyscf_441_primme_vs_ipt_3046277.err
-rw-r--r-- 1 nudt_liujie nudt_liujie  11K Jun 22 19:38 h2o_fci_pyscf_441_primme_vs_ipt_3046277.log
-rw-r--r-- 1 nudt_liujie nudt_liujie  11K Jun 22 19:38 h2o_fci_pyscf_441_primme_vs_ipt_3046277.out
-rw-r--r-- 1 nudt_liujie nudt_liujie    0 Jun 22 21:11 h2o_fci_pyscf_441_primme_vs_ipt_3046551.err
-rw-r--r-- 1 nudt_liujie nudt_liujie  12K Jun 22 21:11 h2o_fci_pyscf_441_primme_vs_ipt_3046551.log
-rw-r--r-- 1 nudt_liujie nudt_liujie  12K Jun 22 21:11 h2o_fci_pyscf_441_primme_vs_ipt_3046551.out
-rw-r--r-- 1 nudt_liujie nudt_liujie    0 Jun 24 14:50 h2o_fci_pyscf_441_primme_vs_ipt_3052571.err
-rw-r--r-- 1 nudt_liujie nudt_liujie  26K Jun 24 14:50 h2o_fci_pyscf_441_primme_vs_ipt_3052571.log
-rw-r--r-- 1 nudt_liujie nudt_liujie  26K Jun 24 14:50 h2o_fci_pyscf_441_primme_vs_ipt_3052571.out
-rw-r--r-- 1 nudt_liujie nudt_liujie    0 Jun 24 14:51 h2o_fci_pyscf_441_primme_vs_ipt_3052577.err
-rw-r--r-- 1 nudt_liujie nudt_liujie  26K Jun 24 14:51 h2o_fci_pyscf_441_primme_vs_ipt_3052577.log
-rw-r--r-- 1 nudt_liujie nudt_liujie  26K Jun 24 14:51 h2o_fci_pyscf_441_primme_vs_ipt_3052577.out
-rw-r--r-- 1 nudt_liujie nudt_liujie  21K Jun 24 15:42 h2o_fci_pyscf_441_primme_vs_ipt_manual.log
lrwxrwxrwx 1 nudt_liujie nudt_liujie   83 Jun 23 14:58 latest_ch4_sto6g_fci_15876_ipt.log -> /fs1/home/nudt_liujie/ftt/IPT_C_GPU/logs/sparse/ch4_sto6g_fci_15876_ipt_3049237.log
lrwxrwxrwx 1 nudt_liujie nudt_liujie   82 Jun 23 14:58 latest_co_sto6g_fci_14400_ipt.log -> /fs1/home/nudt_liujie/ftt/IPT_C_GPU/logs/sparse/co_sto6g_fci_14400_ipt_3049239.log
lrwxrwxrwx 1 nudt_liujie nudt_liujie   81 Jun 22 12:45 latest_h20_fci_primme_vs_ipt.log -> /fs1/home/nudt_liujie/ftt/IPT_C_GPU/logs/sparse/h20_fci_primme_vs_ipt_3044994.log
lrwxrwxrwx 1 nudt_liujie nudt_liujie  102 Jun 23 13:16 latest_h2o_631g_cas10e10o_fci_63504_primme_vs_ipt.log -> /fs1/home/nudt_liujie/ftt/IPT_C_GPU/logs/sparse/h2o_631g_cas10e10o_fci_63504_primme_vs_ipt_3048880.log
lrwxrwxrwx 1 nudt_liujie nudt_liujie   96 Jun 22 23:21 latest_h2o_631g_fc_fci_245025_primme_vs_ipt.log -> /fs1/home/nudt_liujie/ftt/IPT_C_GPU/logs/sparse/h2o_631g_fc_fci_245025_primme_vs_ipt_3046919.log
lrwxrwxrwx 1 nudt_liujie nudt_liujie   90 Jun 24 15:41 latest_h2o_fci_pyscf_441_primme_vs_ipt.log -> /fs1/home/nudt_liujie/ftt/IPT_C_GPU/logs/sparse/h2o_fci_pyscf_441_primme_vs_ipt_manual.log
lrwxrwxrwx 1 nudt_liujie nudt_liujie   82 Jun 23 14:58 latest_n2_sto6g_fci_14400_ipt.log -> /fs1/home/nudt_liujie/ftt/IPT_C_GPU/logs/sparse/n2_sto6g_fci_14400_ipt_3049238.log
lrwxrwxrwx 1 nudt_liujie nudt_liujie   82 Jun 27 22:13 latest_nh3_sto6g_fci_3136_ipt.log -> /fs1/home/nudt_liujie/ftt/IPT_C_GPU/logs/sparse/nh3_sto6g_fci_3136_ipt_3066340.log
lrwxrwxrwx 1 nudt_liujie nudt_liujie   80 Jun 22 10:56 latest_primme_vs_ipt_sparse.log -> /fs1/home/nudt_liujie/ftt/IPT_C_GPU/logs/sparse/primme_vs_ipt_sparse_3044611.log
lrwxrwxrwx 1 nudt_liujie nudt_liujie   72 Jun 22 21:11 latest_sparse_tests.log -> /fs1/home/nudt_liujie/ftt/IPT_C_GPU/logs/sparse/sparse_tests_3046550.log
-rw-r--r-- 1 nudt_liujie nudt_liujie    0 Jun 23 14:54 n2_sto6g_fci_14400_ipt_3049213.err
-rw-r--r-- 1 nudt_liujie nudt_liujie 7.3K Jun 23 14:54 n2_sto6g_fci_14400_ipt_3049213.log
-rw-r--r-- 1 nudt_liujie nudt_liujie 7.3K Jun 23 14:54 n2_sto6g_fci_14400_ipt_3049213.out
-rw-r--r-- 1 nudt_liujie nudt_liujie    0 Jun 23 14:57 n2_sto6g_fci_14400_ipt_3049230.err
-rw-r--r-- 1 nudt_liujie nudt_liujie  12K Jun 23 14:57 n2_sto6g_fci_14400_ipt_3049230.log
-rw-r--r-- 1 nudt_liujie nudt_liujie  12K Jun 23 14:57 n2_sto6g_fci_14400_ipt_3049230.out
-rw-r--r-- 1 nudt_liujie nudt_liujie    0 Jun 23 14:58 n2_sto6g_fci_14400_ipt_3049238.err
-rw-r--r-- 1 nudt_liujie nudt_liujie  20K Jun 23 14:59 n2_sto6g_fci_14400_ipt_3049238.log
-rw-r--r-- 1 nudt_liujie nudt_liujie  20K Jun 23 14:59 n2_sto6g_fci_14400_ipt_3049238.out
-rw-r--r-- 1 nudt_liujie nudt_liujie    0 Jun 23 14:54 nh3_sto6g_fci_3136_ipt_3049211.err
-rw-r--r-- 1 nudt_liujie nudt_liujie 7.3K Jun 23 14:54 nh3_sto6g_fci_3136_ipt_3049211.log
-rw-r--r-- 1 nudt_liujie nudt_liujie 7.3K Jun 23 14:54 nh3_sto6g_fci_3136_ipt_3049211.out
-rw-r--r-- 1 nudt_liujie nudt_liujie    0 Jun 23 14:57 nh3_sto6g_fci_3136_ipt_3049228.err
-rw-r--r-- 1 nudt_liujie nudt_liujie  12K Jun 23 14:57 nh3_sto6g_fci_3136_ipt_3049228.log
-rw-r--r-- 1 nudt_liujie nudt_liujie  12K Jun 23 14:57 nh3_sto6g_fci_3136_ipt_3049228.out
-rw-r--r-- 1 nudt_liujie nudt_liujie    0 Jun 23 14:58 nh3_sto6g_fci_3136_ipt_3049236.err
-rw-r--r-- 1 nudt_liujie nudt_liujie  20K Jun 23 14:59 nh3_sto6g_fci_3136_ipt_3049236.log
-rw-r--r-- 1 nudt_liujie nudt_liujie  20K Jun 23 14:59 nh3_sto6g_fci_3136_ipt_3049236.out
-rw-r--r-- 1 nudt_liujie nudt_liujie    0 Jun 23 16:10 nh3_sto6g_fci_3136_ipt_3049472.err
-rw-r--r-- 1 nudt_liujie nudt_liujie  20K Jun 23 16:11 nh3_sto6g_fci_3136_ipt_3049472.log
-rw-r--r-- 1 nudt_liujie nudt_liujie  20K Jun 23 16:11 nh3_sto6g_fci_3136_ipt_3049472.out
-rw-r--r-- 1 nudt_liujie nudt_liujie    0 Jun 23 16:41 nh3_sto6g_fci_3136_ipt_3049583.err
-rw-r--r-- 1 nudt_liujie nudt_liujie  22K Jun 23 16:42 nh3_sto6g_fci_3136_ipt_3049583.log
-rw-r--r-- 1 nudt_liujie nudt_liujie  22K Jun 23 16:42 nh3_sto6g_fci_3136_ipt_3049583.out
-rw-r--r-- 1 nudt_liujie nudt_liujie    0 Jun 23 16:43 nh3_sto6g_fci_3136_ipt_3049587.err
-rw-r--r-- 1 nudt_liujie nudt_liujie  23K Jun 23 16:43 nh3_sto6g_fci_3136_ipt_3049587.log
-rw-r--r-- 1 nudt_liujie nudt_liujie  23K Jun 23 16:43 nh3_sto6g_fci_3136_ipt_3049587.out
-rw-r--r-- 1 nudt_liujie nudt_liujie    0 Jun 23 16:45 nh3_sto6g_fci_3136_ipt_3049597.err
-rw-r--r-- 1 nudt_liujie nudt_liujie  24K Jun 23 16:45 nh3_sto6g_fci_3136_ipt_3049597.log
-rw-r--r-- 1 nudt_liujie nudt_liujie  24K Jun 23 16:45 nh3_sto6g_fci_3136_ipt_3049597.out
-rw-r--r-- 1 nudt_liujie nudt_liujie    0 Jun 24 14:04 nh3_sto6g_fci_3136_ipt_3052140.err
-rw-r--r-- 1 nudt_liujie nudt_liujie  24K Jun 24 14:05 nh3_sto6g_fci_3136_ipt_3052140.log
-rw-r--r-- 1 nudt_liujie nudt_liujie  24K Jun 24 14:05 nh3_sto6g_fci_3136_ipt_3052140.out
-rw-r--r-- 1 nudt_liujie nudt_liujie    0 Jun 27 21:16 nh3_sto6g_fci_3136_ipt_3066052.err
-rw-r--r-- 1 nudt_liujie nudt_liujie  24K Jun 27 21:17 nh3_sto6g_fci_3136_ipt_3066052.log
-rw-r--r-- 1 nudt_liujie nudt_liujie  24K Jun 27 21:17 nh3_sto6g_fci_3136_ipt_3066052.out
-rw-r--r-- 1 nudt_liujie nudt_liujie    0 Jun 27 21:17 nh3_sto6g_fci_3136_ipt_3066056.err
-rw-r--r-- 1 nudt_liujie nudt_liujie  25K Jun 27 21:17 nh3_sto6g_fci_3136_ipt_3066056.log
-rw-r--r-- 1 nudt_liujie nudt_liujie  25K Jun 27 21:17 nh3_sto6g_fci_3136_ipt_3066056.out
-rw-r--r-- 1 nudt_liujie nudt_liujie    0 Jun 27 21:19 nh3_sto6g_fci_3136_ipt_3066064.err
-rw-r--r-- 1 nudt_liujie nudt_liujie  25K Jun 27 21:19 nh3_sto6g_fci_3136_ipt_3066064.log
-rw-r--r-- 1 nudt_liujie nudt_liujie  25K Jun 27 21:19 nh3_sto6g_fci_3136_ipt_3066064.out
-rw-r--r-- 1 nudt_liujie nudt_liujie    0 Jun 27 21:20 nh3_sto6g_fci_3136_ipt_3066077.err
-rw-r--r-- 1 nudt_liujie nudt_liujie  25K Jun 27 21:20 nh3_sto6g_fci_3136_ipt_3066077.log
-rw-r--r-- 1 nudt_liujie nudt_liujie  25K Jun 27 21:20 nh3_sto6g_fci_3136_ipt_3066077.out
-rw-r--r-- 1 nudt_liujie nudt_liujie    0 Jun 27 22:09 nh3_sto6g_fci_3136_ipt_3066324.err
-rw-r--r-- 1 nudt_liujie nudt_liujie  30K Jun 27 22:09 nh3_sto6g_fci_3136_ipt_3066324.log
-rw-r--r-- 1 nudt_liujie nudt_liujie  30K Jun 27 22:09 nh3_sto6g_fci_3136_ipt_3066324.out
-rw-r--r-- 1 nudt_liujie nudt_liujie    0 Jun 27 22:12 nh3_sto6g_fci_3136_ipt_3066327.err
-rw-r--r-- 1 nudt_liujie nudt_liujie  30K Jun 27 22:13 nh3_sto6g_fci_3136_ipt_3066327.log
-rw-r--r-- 1 nudt_liujie nudt_liujie  30K Jun 27 22:13 nh3_sto6g_fci_3136_ipt_3066327.out
-rw-r--r-- 1 nudt_liujie nudt_liujie    0 Jun 27 22:13 nh3_sto6g_fci_3136_ipt_3066340.err
-rw-r--r-- 1 nudt_liujie nudt_liujie  11K Jun 27 22:14 nh3_sto6g_fci_3136_ipt_3066340.log
-rw-r--r-- 1 nudt_liujie nudt_liujie  11K Jun 27 22:14 nh3_sto6g_fci_3136_ipt_3066340.out
-rw-r--r-- 1 nudt_liujie nudt_liujie  22K Jun 27 21:13 nh3_sto6g_fci_3136_ipt_manual.log
-rw-r--r-- 1 nudt_liujie nudt_liujie    0 Jun 22 09:53 primme_vs_ipt_sparse_3043135.err
-rw-r--r-- 1 nudt_liujie nudt_liujie 3.0K Jun 22 09:53 primme_vs_ipt_sparse_3043135.log
-rw-r--r-- 1 nudt_liujie nudt_liujie 3.0K Jun 22 09:53 primme_vs_ipt_sparse_3043135.out
-rw-rw-r-- 1 nudt_liujie nudt_liujie    0 Jun 22 10:39 primme_vs_ipt_sparse_3044569.err
-rw-rw-r-- 1 nudt_liujie nudt_liujie  128 Jun 22 10:39 primme_vs_ipt_sparse_3044569.log
-rw-rw-r-- 1 nudt_liujie nudt_liujie  128 Jun 22 10:39 primme_vs_ipt_sparse_3044569.out
-rw-rw-r-- 1 nudt_liujie nudt_liujie    0 Jun 22 10:40 primme_vs_ipt_sparse_3044570.err
-rw-rw-r-- 1 nudt_liujie nudt_liujie  128 Jun 22 10:40 primme_vs_ipt_sparse_3044570.log
-rw-rw-r-- 1 nudt_liujie nudt_liujie  128 Jun 22 10:40 primme_vs_ipt_sparse_3044570.out
-rw-rw-r-- 1 nudt_liujie nudt_liujie    0 Jun 22 10:42 primme_vs_ipt_sparse_3044572.err
-rw-rw-r-- 1 nudt_liujie nudt_liujie  128 Jun 22 10:42 primme_vs_ipt_sparse_3044572.log
-rw-rw-r-- 1 nudt_liujie nudt_liujie  128 Jun 22 10:42 primme_vs_ipt_sparse_3044572.out
-rw-rw-r-- 1 nudt_liujie nudt_liujie    0 Jun 22 10:42 primme_vs_ipt_sparse_3044574.err
-rw-rw-r-- 1 nudt_liujie nudt_liujie  128 Jun 22 10:42 primme_vs_ipt_sparse_3044574.log
-rw-rw-r-- 1 nudt_liujie nudt_liujie  128 Jun 22 10:42 primme_vs_ipt_sparse_3044574.out
-rw-rw-r-- 1 nudt_liujie nudt_liujie    0 Jun 22 10:42 primme_vs_ipt_sparse_3044575.err
-rw-rw-r-- 1 nudt_liujie nudt_liujie  128 Jun 22 10:42 primme_vs_ipt_sparse_3044575.log
-rw-rw-r-- 1 nudt_liujie nudt_liujie  128 Jun 22 10:42 primme_vs_ipt_sparse_3044575.out
-rw-rw-r-- 1 nudt_liujie nudt_liujie    0 Jun 22 10:53 primme_vs_ipt_sparse_3044594.err
-rw-rw-r-- 1 nudt_liujie nudt_liujie  128 Jun 22 10:53 primme_vs_ipt_sparse_3044594.log
-rw-rw-r-- 1 nudt_liujie nudt_liujie  128 Jun 22 10:53 primme_vs_ipt_sparse_3044594.out
-rw-rw-r-- 1 nudt_liujie nudt_liujie    0 Jun 22 10:56 primme_vs_ipt_sparse_3044611.err
-rw-rw-r-- 1 nudt_liujie nudt_liujie    0 Jun 22 10:56 primme_vs_ipt_sparse_3044611.log
-rw-rw-r-- 1 nudt_liujie nudt_liujie  128 Jun 22 10:56 primme_vs_ipt_sparse_3044611.out
-rw-r--r-- 1 nudt_liujie nudt_liujie  103 Jun 22 21:14 q_gpu_test_3046563.err
-rw-r--r-- 1 nudt_liujie nudt_liujie    0 Jun 22 21:14 q_gpu_test_3046563.out
-rw-r--r-- 1 nudt_liujie nudt_liujie  102 Jun 22 21:15 q_gpu_test_3046565.err
-rw-r--r-- 1 nudt_liujie nudt_liujie    0 Jun 22 21:15 q_gpu_test_3046565.out
-rw-r--r-- 1 nudt_liujie nudt_liujie  141 Jun 22 21:16 q_gpu_test_3046570.err
-rw-r--r-- 1 nudt_liujie nudt_liujie    0 Jun 22 21:16 q_gpu_test_3046570.out
-rw-r--r-- 1 nudt_liujie nudt_liujie    0 Jun 22 21:17 q_gpu_test_3046575.err
-rw-r--r-- 1 nudt_liujie nudt_liujie  185 Jun 22 21:17 q_gpu_test_3046575.out
-rw-r--r-- 1 nudt_liujie nudt_liujie    0 Jun 21 14:27 sparse_tests_3041618.err
-rw-r--r-- 1 nudt_liujie nudt_liujie 3.7K Jun 21 14:27 sparse_tests_3041618.log
-rw-r--r-- 1 nudt_liujie nudt_liujie 3.7K Jun 21 14:27 sparse_tests_3041618.out
-rw-r--r-- 1 nudt_liujie nudt_liujie    0 Jun 21 14:28 sparse_tests_3041620.err
-rw-r--r-- 1 nudt_liujie nudt_liujie 3.3K Jun 21 14:29 sparse_tests_3041620.log
-rw-r--r-- 1 nudt_liujie nudt_liujie 3.3K Jun 21 14:29 sparse_tests_3041620.out
-rw-r--r-- 1 nudt_liujie nudt_liujie    0 Jun 21 14:29 sparse_tests_3041621.err
-rw-r--r-- 1 nudt_liujie nudt_liujie 4.2K Jun 21 14:29 sparse_tests_3041621.log
-rw-r--r-- 1 nudt_liujie nudt_liujie 4.2K Jun 21 14:29 sparse_tests_3041621.out
-rw-r--r-- 1 nudt_liujie nudt_liujie    0 Jun 22 17:35 sparse_tests_3046009.err
-rw-r--r-- 1 nudt_liujie nudt_liujie 9.0K Jun 22 17:35 sparse_tests_3046009.log
-rw-r--r-- 1 nudt_liujie nudt_liujie 9.0K Jun 22 17:35 sparse_tests_3046009.out
-rw-r--r-- 1 nudt_liujie nudt_liujie    0 Jun 22 19:36 sparse_tests_3046276.err
-rw-r--r-- 1 nudt_liujie nudt_liujie 9.3K Jun 22 19:36 sparse_tests_3046276.log
-rw-r--r-- 1 nudt_liujie nudt_liujie 9.3K Jun 22 19:36 sparse_tests_3046276.out
-rw-r--r-- 1 nudt_liujie nudt_liujie    0 Jun 22 21:11 sparse_tests_3046550.err
-rw-r--r-- 1 nudt_liujie nudt_liujie  11K Jun 22 21:11 sparse_tests_3046550.log
-rw-r--r-- 1 nudt_liujie nudt_liujie  11K Jun 22 21:11 sparse_tests_3046550.out
-rw-r--r-- 1 nudt_liujie nudt_liujie  977 Jun 22 21:07 sparse_tests_manual.log

/fs1/home/nudt_liujie/ftt/IPT_C_GPU/results/sparse:
total 73K
-rw-r--r-- 1 nudt_liujie nudt_liujie  717 Jun 23 14:59 ch4_sto6g_fci_15876_ipt_summary.txt
-rw-r--r-- 1 nudt_liujie nudt_liujie  212 Jun 23 14:59 ch4_sto6g_fci_15876_ipt_trials.csv
-rw-r--r-- 1 nudt_liujie nudt_liujie  680 Jun 23 14:59 co_sto6g_fci_14400_ipt_summary.txt
-rw-r--r-- 1 nudt_liujie nudt_liujie  192 Jun 23 14:59 co_sto6g_fci_14400_ipt_trials.csv
drwxr-xr-x 2 nudt_liujie nudt_liujie 4.0K Jun 24 11:27 debug
-rw-r--r-- 1 nudt_liujie nudt_liujie  784 Jun 22 12:45 h20_fci_primme_vs_ipt_summary.txt
-rw-r--r-- 1 nudt_liujie nudt_liujie 1.3K Jun 22 12:45 h20_fci_primme_vs_ipt_trials.csv
-rw-r--r-- 1 nudt_liujie nudt_liujie  838 Jun 23 13:16 h2o_631g_cas10e10o_fci_63504_primme_vs_ipt_summary.txt
-rw-r--r-- 1 nudt_liujie nudt_liujie  199 Jun 23 13:16 h2o_631g_cas10e10o_fci_63504_primme_vs_ipt_trials.csv
-rw-r--r-- 1 nudt_liujie nudt_liujie  846 Jun 22 23:22 h2o_631g_fc_fci_245025_primme_vs_ipt_summary.txt
-rw-r--r-- 1 nudt_liujie nudt_liujie  192 Jun 22 23:22 h2o_631g_fc_fci_245025_primme_vs_ipt_trials.csv
-rw-r--r-- 1 nudt_liujie nudt_liujie 1.1K Jun 24 15:42 h2o_fci_pyscf_441_primme_vs_ipt_summary.txt
-rw-r--r-- 1 nudt_liujie nudt_liujie  351 Jun 24 15:42 h2o_fci_pyscf_441_primme_vs_ipt_trials.csv
-rw-r--r-- 1 nudt_liujie nudt_liujie 1.1K Jun 24 15:37 h2o_sto6g_block_cluster_debug.csv
-rw-r--r-- 1 nudt_liujie nudt_liujie  679 Jun 23 14:59 n2_sto6g_fci_14400_ipt_summary.txt
-rw-r--r-- 1 nudt_liujie nudt_liujie  190 Jun 23 14:59 n2_sto6g_fci_14400_ipt_trials.csv
-rw-r--r-- 1 nudt_liujie nudt_liujie  951 Jun 27 22:14 nh3_sto6g_fci_3136_ipt_summary.txt
-rw-r--r-- 1 nudt_liujie nudt_liujie  440 Jun 27 22:14 nh3_sto6g_fci_3136_ipt_trials.csv
-rw-r--r-- 1 nudt_liujie nudt_liujie  322 Jun 22 21:11 sparse_runtests_summary.csv
-rw-r--r-- 1 nudt_liujie nudt_liujie  277 Jun 22 21:11 sparse_runtests_summary.txt
finished at: Sat Jun 27 22:14:09 CST 2026
