===== near-degeneracy preparation debug =====
Wed Jun 24 11:21:20 CST 2026
th-hpc4-ln0
IPT_DEBUG_PREPARATION=1
IPT_REL_GAP_TOL=1e-12
IPT_DEGENERACY_ALPHA=5.0
IPT_MAX_LIFT_ROUNDS=3
IPT_MAX_LIFT_BLOCK_SIZE=64
[IPT preparation] n=4 k=1 abs_threshold=0 eps_multiplier=1000 rel_gap_tol=9.9999999999999998e-13 alpha=5 eta=0.10000000000000001 max_block_size=64 max_lift_rounds=3 sorted_changed=0 hermitian=1
[IPT preparation] round=1 target_vs_all_blocks=1
[IPT preparation] diag[0]=0 gap_to_next_index=1e-13
[IPT preparation] diag[1]=1e-13 gap_to_next_index=1.9999999999999001
[IPT preparation] diag[2]=2 gap_to_next_index=1
[IPT preparation] diag[3]=3
[IPT preparation] block[0]=0:1 size=2 diag_first=0 diag_last=1e-13 max_adjacent_index_gap=1e-13
[IPT preparation] round=1 lift succeeded total_rotations=1 bad_gaps=0 min_abs_gap=0.002
[IPT preparation] post_lift_diag[0]=-0.00099999999995000009
PASS A_k1_detects_0_1: detected rotation start=0 size=2 total_rotations=1
[IPT preparation] n=12 k=10 abs_threshold=0 eps_multiplier=1000 rel_gap_tol=9.9999999999999998e-13 alpha=5 eta=0.10000000000000001 max_block_size=64 max_lift_rounds=3 sorted_changed=0 hermitian=1
[IPT preparation] round=1 target_vs_all_blocks=1
[IPT preparation] diag[0]=0 gap_to_next_index=1
[IPT preparation] diag[1]=1 gap_to_next_index=1
[IPT preparation] diag[2]=2 gap_to_next_index=1
[IPT preparation] diag[3]=3 gap_to_next_index=1
[IPT preparation] diag[4]=4 gap_to_next_index=1
[IPT preparation] diag[5]=5 gap_to_next_index=1
[IPT preparation] diag[6]=6 gap_to_next_index=1
[IPT preparation] diag[7]=7 gap_to_next_index=1
[IPT preparation] diag[8]=8 gap_to_next_index=1
[IPT preparation] diag[9]=9
[IPT preparation] block[0]=9:10 size=2 diag_first=9 diag_last=9.0000000000000995 max_adjacent_index_gap=9.9475983006414026e-14
[IPT preparation] round=1 lift succeeded total_rotations=1 bad_gaps=0 min_abs_gap=0.0019999999999988916
[IPT preparation] post_lift_diag[0]=0 gap_to_next=1
[IPT preparation] post_lift_diag[1]=1 gap_to_next=1
[IPT preparation] post_lift_diag[2]=2 gap_to_next=1
[IPT preparation] post_lift_diag[3]=3 gap_to_next=1
[IPT preparation] post_lift_diag[4]=4 gap_to_next=1
[IPT preparation] post_lift_diag[5]=5 gap_to_next=1
[IPT preparation] post_lift_diag[6]=6 gap_to_next=1
[IPT preparation] post_lift_diag[7]=7 gap_to_next=1
[IPT preparation] post_lift_diag[8]=8 gap_to_next=0.99900000000004852
[IPT preparation] post_lift_diag[9]=8.9990000000000485
PASS B_k10_detects_9_10: detected rotation start=9 size=2 total_rotations=1
[IPT preparation] n=5 k=1 abs_threshold=0 eps_multiplier=1000 rel_gap_tol=9.9999999999999998e-13 alpha=5 eta=0.10000000000000001 max_block_size=64 max_lift_rounds=3 sorted_changed=0 hermitian=1
[IPT preparation] round=1 target_vs_all_blocks=1
[IPT preparation] diag[0]=0 gap_to_next_index=1e-13
[IPT preparation] diag[1]=1e-13 gap_to_next_index=1e-13
[IPT preparation] diag[2]=2.0000000000000001e-13 gap_to_next_index=2.9999999999998002
[IPT preparation] diag[3]=3 gap_to_next_index=1
[IPT preparation] diag[4]=4
[IPT preparation] block[0]=0:2 size=3 diag_first=0 diag_last=2.0000000000000001e-13 max_adjacent_index_gap=1e-13
[IPT preparation] round=1 lift succeeded total_rotations=1 bad_gaps=0 min_abs_gap=0.001414213562373095
[IPT preparation] post_lift_diag[0]=-0.0014142135622730949
PASS C_chain_merges_0_1_2: detected rotation start=0 size=3 total_rotations=1
finished at: Wed Jun 24 11:21:22 CST 2026
